[ 2017-08-15T17:09:19+08:00 ] 127.0.0.1 /thinkphp/Admin/menber/login
ERR: 无法加载控制器:Menber

[ 2017-08-15T17:12:20+08:00 ] 127.0.0.1 /thinkphp/Admin/menber/__PULIC__/Home/static/h-ui/css/H-ui.min.css
ERR: 非法操作:__PULIC__

[ 2017-08-15T17:12:20+08:00 ] 127.0.0.1 /thinkphp/Admin/menber/__PULIC__/Home/lib/Hui-iconfont/1.0.8/iconfont.css
ERR: 非法操作:__PULIC__

[ 2017-08-15T17:12:20+08:00 ] 127.0.0.1 /thinkphp/Admin/menber/__PULIC__/Home/static/h-ui.admin/css/style.css
ERR: 非法操作:__PULIC__

[ 2017-08-15T17:12:20+08:00 ] 127.0.0.1 /thinkphp/Admin/menber/__PULIC__/Home/static/h-ui.admin/css/H-ui.login.css
ERR: 非法操作:__PULIC__

[ 2017-08-15T17:12:20+08:00 ] 127.0.0.1 /thinkphp/Admin/menber/lib/jquery/1.9.1/jquery.min.js
ERR: 非法操作:lib

[ 2017-08-15T17:12:20+08:00 ] 127.0.0.1 /thinkphp/Admin/menber/static/h-ui/js/H-ui.min.js
ERR: 非法操作:static

[ 2017-08-15T17:12:44+08:00 ] 127.0.0.1 /thinkphp/Admin/menber/lib/jquery/1.9.1/jquery.min.js
ERR: 非法操作:lib

[ 2017-08-15T17:12:44+08:00 ] 127.0.0.1 /thinkphp/Admin/menber/static/h-ui/js/H-ui.min.js
ERR: 非法操作:static

[ 2017-08-15T17:16:09+08:00 ] 127.0.0.1 /thinkphp/Admin/menber/lib/jquery/1.9.1/jquery.min.js
ERR: 非法操作:lib

[ 2017-08-15T17:16:09+08:00 ] 127.0.0.1 /thinkphp/Admin/menber/static/h-ui/js/H-ui.min.js
ERR: 非法操作:static

[ 2017-08-15T17:16:11+08:00 ] 127.0.0.1 /thinkphp/Admin/menber/index.html
ERR: 非法操作:index

[ 2017-08-15T17:17:20+08:00 ] 127.0.0.1 /thinkphp/Admin/menber/lib/jquery/1.9.1/jquery.min.js
ERR: 非法操作:lib

[ 2017-08-15T17:17:20+08:00 ] 127.0.0.1 /thinkphp/Admin/menber/static/h-ui/js/H-ui.min.js
ERR: 非法操作:static

[ 2017-08-15T17:17:22+08:00 ] 127.0.0.1 /thinkphp/Admin/Menber/lib/jquery/1.9.1/jquery.min.js
ERR: 非法操作:lib

[ 2017-08-15T17:17:22+08:00 ] 127.0.0.1 /thinkphp/Admin/Menber/static/h-ui/js/H-ui.min.js
ERR: 非法操作:static

[ 2017-08-15T17:17:24+08:00 ] 127.0.0.1 /thinkphp/Admin/Menber/static/h-ui/js/H-ui.min.js
ERR: 非法操作:static

[ 2017-08-15T17:17:24+08:00 ] 127.0.0.1 /thinkphp/Admin/Menber/lib/jquery/1.9.1/jquery.min.js
ERR: 非法操作:lib

[ 2017-08-15T17:17:37+08:00 ] 127.0.0.1 /thinkphp/Admin/Menber/lib/jquery/1.9.1/jquery.min.js
ERR: 非法操作:lib

[ 2017-08-15T17:17:37+08:00 ] 127.0.0.1 /thinkphp/Admin/Menber/static/h-ui/js/H-ui.min.js
ERR: 非法操作:static

[ 2017-08-15T17:17:57+08:00 ] 127.0.0.1 /thinkphp/Admin/Menber/static/h-ui/js/H-ui.min.js
ERR: 非法操作:static

[ 2017-08-15T17:17:57+08:00 ] 127.0.0.1 /thinkphp/Admin/Menber/lib/jquery/1.9.1/jquery.min.js
ERR: 非法操作:lib

[ 2017-08-15T17:18:01+08:00 ] 127.0.0.1 /thinkphp/Admin/Menber/static/h-ui/js/H-ui.min.js
ERR: 非法操作:static

[ 2017-08-15T17:18:01+08:00 ] 127.0.0.1 /thinkphp/Admin/Menber/lib/jquery/1.9.1/jquery.min.js
ERR: 非法操作:lib

[ 2017-08-15T17:18:11+08:00 ] 127.0.0.1 /thinkphp/Admin/Menber/lib/jquery/1.9.1/jquery.min.js
ERR: 非法操作:lib

[ 2017-08-15T17:18:11+08:00 ] 127.0.0.1 /thinkphp/Admin/Menber/static/h-ui/js/H-ui.min.js
ERR: 非法操作:static

[ 2017-08-15T17:21:09+08:00 ] 127.0.0.1 /thinkphp/Admin/Menber/static/h-ui/js/H-ui.min.js
ERR: 非法操作:static

[ 2017-08-15T17:21:09+08:00 ] 127.0.0.1 /thinkphp/Admin/Menber/lib/jquery/1.9.1/jquery.min.js
ERR: 非法操作:lib

[ 2017-08-15T17:21:20+08:00 ] 127.0.0.1 /thinkphp/Admin/Menber/login.html
ERR: 1054:Unknown column 'admin' in 'where clause'
 [ SQL语句 ] : SELECT * FROM `cc_member` WHERE ( username=admin ) LIMIT 1  

[ 2017-08-15T17:23:46+08:00 ] 127.0.0.1 /thinkphp/Admin/Menber/lib/jquery/1.9.1/jquery.min.js
ERR: 非法操作:lib

[ 2017-08-15T17:23:46+08:00 ] 127.0.0.1 /thinkphp/Admin/Menber/static/h-ui/js/H-ui.min.js
ERR: 非法操作:static

[ 2017-08-15T17:25:30+08:00 ] 127.0.0.1 /thinkphp/Admin/Menber/lib/jquery/1.9.1/jquery.min.js
ERR: 非法操作:lib

[ 2017-08-15T17:25:30+08:00 ] 127.0.0.1 /thinkphp/Admin/Menber/static/h-ui/js/H-ui.min.js
ERR: 非法操作:static

[ 2017-08-15T17:25:40+08:00 ] 127.0.0.1 /thinkphp/Admin/Menber/lib/jquery/1.9.1/jquery.min.js
ERR: 非法操作:lib

[ 2017-08-15T17:25:40+08:00 ] 127.0.0.1 /thinkphp/Admin/Menber/static/h-ui/js/H-ui.min.js
ERR: 非法操作:static

[ 2017-08-15T17:25:41+08:00 ] 127.0.0.1 /thinkphp/Admin/Menber/lib/jquery/1.9.1/jquery.min.js
ERR: 非法操作:lib

[ 2017-08-15T17:25:41+08:00 ] 127.0.0.1 /thinkphp/Admin/Menber/static/h-ui/js/H-ui.min.js
ERR: 非法操作:static

[ 2017-08-15T17:25:53+08:00 ] 127.0.0.1 /thinkphp/Admin/Menber/static/h-ui/js/H-ui.min.js
ERR: 非法操作:static

[ 2017-08-15T17:25:53+08:00 ] 127.0.0.1 /thinkphp/Admin/Menber/lib/jquery/1.9.1/jquery.min.js
ERR: 非法操作:lib

[ 2017-08-15T17:26:03+08:00 ] 127.0.0.1 /thinkphp/Admin/Menber/lib/jquery/1.9.1/jquery.min.js
ERR: 非法操作:lib

[ 2017-08-15T17:26:03+08:00 ] 127.0.0.1 /thinkphp/Admin/Menber/static/h-ui/js/H-ui.min.js
ERR: 非法操作:static

[ 2017-08-15T17:28:17+08:00 ] 127.0.0.1 /thinkphp/Admin/Menber/static/h-ui/js/H-ui.min.js
ERR: 非法操作:static

[ 2017-08-15T17:28:17+08:00 ] 127.0.0.1 /thinkphp/Admin/Menber/lib/jquery/1.9.1/jquery.min.js
ERR: 非法操作:lib

[ 2017-08-15T17:28:27+08:00 ] 127.0.0.1 /thinkphp/Admin/Menber/lib/jquery/1.9.1/jquery.min.js
ERR: 非法操作:lib

[ 2017-08-15T17:28:27+08:00 ] 127.0.0.1 /thinkphp/Admin/Menber/static/h-ui/js/H-ui.min.js
ERR: 非法操作:static

[ 2017-08-15T17:31:18+08:00 ] 127.0.0.1 /thinkphp/Admin/Menber/lib/jquery/1.9.1/jquery.min.js
ERR: 非法操作:lib

[ 2017-08-15T17:31:18+08:00 ] 127.0.0.1 /thinkphp/Admin/Menber/lib/layer/2.4/layer.js
ERR: 非法操作:lib

[ 2017-08-15T17:31:18+08:00 ] 127.0.0.1 /thinkphp/Admin/Menber/static/h-ui/js/H-ui.min.js
ERR: 非法操作:static

[ 2017-08-15T17:31:18+08:00 ] 127.0.0.1 /thinkphp/Admin/Menber/static/h-ui.admin/js/H-ui.admin.js
ERR: 非法操作:static

[ 2017-08-15T17:31:18+08:00 ] 127.0.0.1 /thinkphp/Admin/Menber/welcome.html
ERR: 非法操作:welcome

[ 2017-08-15T17:31:18+08:00 ] 127.0.0.1 /thinkphp/Admin/Menber/lib/jquery.contextmenu/jquery.contextmenu.r2.js
ERR: 非法操作:lib

[ 2017-08-15T17:31:44+08:00 ] 127.0.0.1 /thinkphp/Admin/Menber/lib/layer/2.4/layer.js
ERR: 非法操作:lib

[ 2017-08-15T17:31:44+08:00 ] 127.0.0.1 /thinkphp/Admin/Menber/welcome.html
ERR: 非法操作:welcome

[ 2017-08-15T17:31:44+08:00 ] 127.0.0.1 /thinkphp/Admin/Menber/lib/jquery/1.9.1/jquery.min.js
ERR: 非法操作:lib

[ 2017-08-15T17:31:44+08:00 ] 127.0.0.1 /thinkphp/Admin/Menber/static/h-ui/js/H-ui.min.js
ERR: 非法操作:static

[ 2017-08-15T17:31:44+08:00 ] 127.0.0.1 /thinkphp/Admin/Menber/lib/jquery.contextmenu/jquery.contextmenu.r2.js
ERR: 非法操作:lib

[ 2017-08-15T17:31:44+08:00 ] 127.0.0.1 /thinkphp/Admin/Menber/static/h-ui.admin/js/H-ui.admin.js
ERR: 非法操作:static

[ 2017-08-15T17:32:04+08:00 ] 127.0.0.1 /thinkphp/Admin/Menber/static/h-ui/js/H-ui.min.js
ERR: 非法操作:static

[ 2017-08-15T17:32:04+08:00 ] 127.0.0.1 /thinkphp/Admin/Menber/lib/jquery.contextmenu/jquery.contextmenu.r2.js
ERR: 非法操作:lib

[ 2017-08-15T17:32:04+08:00 ] 127.0.0.1 /thinkphp/Admin/Menber/static/h-ui.admin/js/H-ui.admin.js
ERR: 非法操作:static

[ 2017-08-15T17:32:04+08:00 ] 127.0.0.1 /thinkphp/Admin/Menber/lib/layer/2.4/layer.js
ERR: 非法操作:lib

[ 2017-08-15T17:32:04+08:00 ] 127.0.0.1 /thinkphp/Admin/Menber/lib/jquery/1.9.1/jquery.min.js
ERR: 非法操作:lib

[ 2017-08-15T18:35:25+08:00 ] 127.0.0.1 /thinkphp/Admin/menber/static/h-ui/js/H-ui.min.js
ERR: 非法操作:static

[ 2017-08-15T18:35:25+08:00 ] 127.0.0.1 /thinkphp/Admin/menber/lib/jquery/1.9.1/jquery.min.js
ERR: 非法操作:lib

[ 2017-08-15T18:41:01+08:00 ] 127.0.0.1 /thinkphp/Admin/menber/lib/jquery/1.9.1/jquery.min.js
ERR: 非法操作:lib

[ 2017-08-15T18:41:01+08:00 ] 127.0.0.1 /thinkphp/Admin/menber/static/h-ui/js/H-ui.min.js
ERR: 非法操作:static

[ 2017-08-15T18:42:43+08:00 ] 127.0.0.1 /thinkphp/Admin/menber/static/h-ui/js/H-ui.min.js
ERR: 非法操作:static

[ 2017-08-15T18:42:43+08:00 ] 127.0.0.1 /thinkphp/Admin/menber/lib/jquery/1.9.1/jquery.min.js
ERR: 非法操作:lib

[ 2017-08-15T18:42:46+08:00 ] 127.0.0.1 /thinkphp/Admin/Menber/static/h-ui/js/H-ui.min.js
ERR: 非法操作:static

[ 2017-08-15T18:42:46+08:00 ] 127.0.0.1 /thinkphp/Admin/Menber/lib/jquery/1.9.1/jquery.min.js
ERR: 非法操作:lib

[ 2017-08-15T18:42:49+08:00 ] 127.0.0.1 /thinkphp/Admin/Menber/lib/jquery/1.9.1/jquery.min.js
ERR: 非法操作:lib

[ 2017-08-15T18:42:49+08:00 ] 127.0.0.1 /thinkphp/Admin/Menber/static/h-ui/js/H-ui.min.js
ERR: 非法操作:static

[ 2017-08-15T18:44:45+08:00 ] 127.0.0.1 /thinkphp/Admin/Menber/lib/jquery/1.9.1/jquery.min.js
ERR: 非法操作:lib

[ 2017-08-15T18:44:45+08:00 ] 127.0.0.1 /thinkphp/Admin/Menber/static/h-ui/js/H-ui.min.js
ERR: 非法操作:static

[ 2017-08-15T18:45:52+08:00 ] 127.0.0.1 /thinkphp/Admin/Menber/lib/jquery/1.9.1/jquery.min.js
ERR: 非法操作:lib

[ 2017-08-15T18:45:52+08:00 ] 127.0.0.1 /thinkphp/Admin/Menber/static/h-ui/js/H-ui.min.js
ERR: 非法操作:static

[ 2017-08-15T18:47:10+08:00 ] 127.0.0.1 /thinkphp/Admin/Menber/lib/jquery/1.9.1/jquery.min.js
ERR: 非法操作:lib

[ 2017-08-15T18:47:10+08:00 ] 127.0.0.1 /thinkphp/Admin/Menber/static/h-ui/js/H-ui.min.js
ERR: 非法操作:static

[ 2017-08-15T18:47:17+08:00 ] 127.0.0.1 /thinkphp/Admin/Menber/lib/jquery/1.9.1/jquery.min.js
ERR: 非法操作:lib

[ 2017-08-15T18:47:17+08:00 ] 127.0.0.1 /thinkphp/Admin/Menber/static/h-ui/js/H-ui.min.js
ERR: 非法操作:static

[ 2017-08-15T18:47:37+08:00 ] 127.0.0.1 /thinkphp/Admin/Menber/lib/jquery/1.9.1/jquery.min.js
ERR: 非法操作:lib

[ 2017-08-15T18:47:37+08:00 ] 127.0.0.1 /thinkphp/Admin/Menber/static/h-ui/js/H-ui.min.js
ERR: 非法操作:static

[ 2017-08-15T18:47:51+08:00 ] 127.0.0.1 /thinkphp/Admin/Menber/lib/jquery/1.9.1/jquery.min.js
ERR: 非法操作:lib

[ 2017-08-15T18:47:51+08:00 ] 127.0.0.1 /thinkphp/Admin/Menber/static/h-ui/js/H-ui.min.js
ERR: 非法操作:static

[ 2017-08-15T18:51:06+08:00 ] 127.0.0.1 /thinkphp/Admin/Menber/static/h-ui/js/H-ui.min.js
ERR: 非法操作:static

[ 2017-08-15T18:51:06+08:00 ] 127.0.0.1 /thinkphp/Admin/Menber/lib/jquery/1.9.1/jquery.min.js
ERR: 非法操作:lib

[ 2017-08-15T18:52:50+08:00 ] 127.0.0.1 /thinkphp/Admin/Menber/lib/jquery/1.9.1/jquery.min.js
ERR: 非法操作:lib

[ 2017-08-15T18:52:50+08:00 ] 127.0.0.1 /thinkphp/Admin/Menber/static/h-ui/js/H-ui.min.js
ERR: 非法操作:static

[ 2017-08-15T18:53:49+08:00 ] 127.0.0.1 /thinkphp/Admin/Menber/lib/jquery/1.9.1/jquery.min.js
ERR: 非法操作:lib

[ 2017-08-15T18:53:49+08:00 ] 127.0.0.1 /thinkphp/Admin/Menber/static/h-ui/js/H-ui.min.js
ERR: 非法操作:static

[ 2017-08-15T18:54:24+08:00 ] 127.0.0.1 /thinkphp/Admin/Menber/static/h-ui/js/H-ui.min.js
ERR: 非法操作:static

[ 2017-08-15T18:54:24+08:00 ] 127.0.0.1 /thinkphp/Admin/Menber/lib/jquery/1.9.1/jquery.min.js
ERR: 非法操作:lib

[ 2017-08-15T18:54:49+08:00 ] 127.0.0.1 /thinkphp/Admin/Menber/lib/jquery/1.9.1/jquery.min.js
ERR: 非法操作:lib

[ 2017-08-15T18:54:49+08:00 ] 127.0.0.1 /thinkphp/Admin/Menber/static/h-ui/js/H-ui.min.js
ERR: 非法操作:static

[ 2017-08-15T18:56:19+08:00 ] 127.0.0.1 /thinkphp/Admin/Menber/static/h-ui/js/H-ui.min.js
ERR: 非法操作:static

[ 2017-08-15T18:56:19+08:00 ] 127.0.0.1 /thinkphp/Admin/Menber/lib/jquery/1.9.1/jquery.min.js
ERR: 非法操作:lib

[ 2017-08-15T19:27:27+08:00 ] 127.0.0.1 /thinkphp/Admin/Menber/test.html
INFO: [ app_begin ] --START--
INFO: Run Behavior\ReadHtmlCacheBehavior [ RunTime:0.000479s ]
INFO: [ app_begin ] --END-- [ RunTime:0.000900s ]
INFO: [ app_end ] --START--
INFO: Run Behavior\ShowPageTraceBehavior [ RunTime:0.000618s ]
INFO: [ app_end ] --END-- [ RunTime:0.000676s ]

[ 2017-08-15T19:28:42+08:00 ] 127.0.0.1 /thinkphp/Admin/Menber/test.html
INFO: [ app_begin ] --START--
INFO: Run Behavior\ReadHtmlCacheBehavior [ RunTime:0.000615s ]
INFO: [ app_begin ] --END-- [ RunTime:0.001037s ]
INFO: [ app_end ] --START--
INFO: Run Behavior\ShowPageTraceBehavior [ RunTime:0.000594s ]
INFO: [ app_end ] --END-- [ RunTime:0.000638s ]

[ 2017-08-15T19:28:42+08:00 ] 127.0.0.1 /thinkphp/Admin/Menber/test.html
INFO: [ app_begin ] --START--
INFO: Run Behavior\ReadHtmlCacheBehavior [ RunTime:0.000493s ]
INFO: [ app_begin ] --END-- [ RunTime:0.000870s ]
INFO: [ app_end ] --START--
INFO: Run Behavior\ShowPageTraceBehavior [ RunTime:0.000520s ]
INFO: [ app_end ] --END-- [ RunTime:0.000565s ]

[ 2017-08-15T19:28:42+08:00 ] 127.0.0.1 /thinkphp/Admin/Menber/test.html
INFO: [ app_begin ] --START--
INFO: Run Behavior\ReadHtmlCacheBehavior [ RunTime:0.000560s ]
INFO: [ app_begin ] --END-- [ RunTime:0.001000s ]
INFO: [ app_end ] --START--
INFO: Run Behavior\ShowPageTraceBehavior [ RunTime:0.000598s ]
INFO: [ app_end ] --END-- [ RunTime:0.000664s ]

[ 2017-08-15T19:29:34+08:00 ] 127.0.0.1 /thinkphp/Admin/Menber/gain.html
INFO: [ app_begin ] --START--
INFO: Run Behavior\ReadHtmlCacheBehavior [ RunTime:0.000565s ]
INFO: [ app_begin ] --END-- [ RunTime:0.000925s ]
INFO: [ app_end ] --START--
INFO: Run Behavior\ShowPageTraceBehavior [ RunTime:0.000686s ]
INFO: [ app_end ] --END-- [ RunTime:0.000741s ]

[ 2017-08-15T19:29:34+08:00 ] 127.0.0.1 /thinkphp/Admin/Menber/gain.html
INFO: [ app_begin ] --START--
INFO: Run Behavior\ReadHtmlCacheBehavior [ RunTime:0.000501s ]
INFO: [ app_begin ] --END-- [ RunTime:0.000981s ]
INFO: [ app_end ] --START--
INFO: Run Behavior\ShowPageTraceBehavior [ RunTime:0.000499s ]
INFO: [ app_end ] --END-- [ RunTime:0.000543s ]

[ 2017-08-15T19:31:18+08:00 ] 127.0.0.1 /thinkphp/Admin/Menber/gain.html
INFO: [ app_begin ] --START--
INFO: Run Behavior\ReadHtmlCacheBehavior [ RunTime:0.000603s ]
INFO: [ app_begin ] --END-- [ RunTime:0.001088s ]
INFO: [ app_end ] --START--
INFO: Run Behavior\ShowPageTraceBehavior [ RunTime:0.000551s ]
INFO: [ app_end ] --END-- [ RunTime:0.000596s ]

[ 2017-08-15T19:31:18+08:00 ] 127.0.0.1 /thinkphp/Admin/Menber/gain.html
INFO: [ app_begin ] --START--
INFO: Run Behavior\ReadHtmlCacheBehavior [ RunTime:0.000492s ]
INFO: [ app_begin ] --END-- [ RunTime:0.000891s ]
INFO: [ app_end ] --START--
INFO: Run Behavior\ShowPageTraceBehavior [ RunTime:0.000508s ]
INFO: [ app_end ] --END-- [ RunTime:0.000543s ]

[ 2017-08-15T19:31:18+08:00 ] 127.0.0.1 /thinkphp/Admin/Menber/gain.html
INFO: [ app_begin ] --START--
INFO: Run Behavior\ReadHtmlCacheBehavior [ RunTime:0.000617s ]
INFO: [ app_begin ] --END-- [ RunTime:0.001083s ]
INFO: [ app_end ] --START--
INFO: Run Behavior\ShowPageTraceBehavior [ RunTime:0.000472s ]
INFO: [ app_end ] --END-- [ RunTime:0.000513s ]

[ 2017-08-15T19:31:19+08:00 ] 127.0.0.1 /thinkphp/Admin/Menber/gain.html
INFO: [ app_begin ] --START--
INFO: Run Behavior\ReadHtmlCacheBehavior [ RunTime:0.000514s ]
INFO: [ app_begin ] --END-- [ RunTime:0.000933s ]
INFO: [ app_end ] --START--
INFO: Run Behavior\ShowPageTraceBehavior [ RunTime:0.000483s ]
INFO: [ app_end ] --END-- [ RunTime:0.000520s ]

[ 2017-08-15T19:31:19+08:00 ] 127.0.0.1 /thinkphp/Admin/Menber/gain.html
INFO: [ app_begin ] --START--
INFO: Run Behavior\ReadHtmlCacheBehavior [ RunTime:0.000485s ]
INFO: [ app_begin ] --END-- [ RunTime:0.000898s ]
INFO: [ app_end ] --START--
INFO: Run Behavior\ShowPageTraceBehavior [ RunTime:0.000520s ]
INFO: [ app_end ] --END-- [ RunTime:0.000555s ]

[ 2017-08-15T19:31:19+08:00 ] 127.0.0.1 /thinkphp/Admin/Menber/gain.html
INFO: [ app_begin ] --START--
INFO: Run Behavior\ReadHtmlCacheBehavior [ RunTime:0.000451s ]
INFO: [ app_begin ] --END-- [ RunTime:0.000849s ]
INFO: [ app_end ] --START--
INFO: Run Behavior\ShowPageTraceBehavior [ RunTime:0.000414s ]
INFO: [ app_end ] --END-- [ RunTime:0.000456s ]

[ 2017-08-15T19:31:19+08:00 ] 127.0.0.1 /thinkphp/Admin/Menber/gain.html
INFO: [ app_begin ] --START--
INFO: Run Behavior\ReadHtmlCacheBehavior [ RunTime:0.000534s ]
INFO: [ app_begin ] --END-- [ RunTime:0.000933s ]
INFO: [ app_end ] --START--
INFO: Run Behavior\ShowPageTraceBehavior [ RunTime:0.000493s ]
INFO: [ app_end ] --END-- [ RunTime:0.000529s ]

[ 2017-08-15T19:31:19+08:00 ] 127.0.0.1 /thinkphp/Admin/Menber/gain.html
INFO: [ app_begin ] --START--
INFO: Run Behavior\ReadHtmlCacheBehavior [ RunTime:0.000470s ]
INFO: [ app_begin ] --END-- [ RunTime:0.000875s ]
INFO: [ app_end ] --START--
INFO: Run Behavior\ShowPageTraceBehavior [ RunTime:0.000574s ]
INFO: [ app_end ] --END-- [ RunTime:0.000624s ]

[ 2017-08-15T19:31:19+08:00 ] 127.0.0.1 /thinkphp/Admin/Menber/gain.html
INFO: [ app_begin ] --START--
INFO: Run Behavior\ReadHtmlCacheBehavior [ RunTime:0.000516s ]
INFO: [ app_begin ] --END-- [ RunTime:0.000906s ]
INFO: [ app_end ] --START--
INFO: Run Behavior\ShowPageTraceBehavior [ RunTime:0.000500s ]
INFO: [ app_end ] --END-- [ RunTime:0.000537s ]

[ 2017-08-15T19:31:20+08:00 ] 127.0.0.1 /thinkphp/Admin/Menber/gain.html
INFO: [ app_begin ] --START--
INFO: Run Behavior\ReadHtmlCacheBehavior [ RunTime:0.000434s ]
INFO: [ app_begin ] --END-- [ RunTime:0.000828s ]
INFO: [ app_end ] --START--
INFO: Run Behavior\ShowPageTraceBehavior [ RunTime:0.000474s ]
INFO: [ app_end ] --END-- [ RunTime:0.000509s ]

[ 2017-08-15T19:31:20+08:00 ] 127.0.0.1 /thinkphp/Admin/Menber/gain.html
INFO: [ app_begin ] --START--
INFO: Run Behavior\ReadHtmlCacheBehavior [ RunTime:0.000575s ]
INFO: [ app_begin ] --END-- [ RunTime:0.001063s ]
INFO: [ app_end ] --START--
INFO: Run Behavior\ShowPageTraceBehavior [ RunTime:0.000500s ]
INFO: [ app_end ] --END-- [ RunTime:0.000535s ]

[ 2017-08-15T19:31:20+08:00 ] 127.0.0.1 /thinkphp/Admin/Menber/gain.html
INFO: [ app_begin ] --START--
INFO: Run Behavior\ReadHtmlCacheBehavior [ RunTime:0.000550s ]
INFO: [ app_begin ] --END-- [ RunTime:0.000941s ]
INFO: [ app_end ] --START--
INFO: Run Behavior\ShowPageTraceBehavior [ RunTime:0.000491s ]
INFO: [ app_end ] --END-- [ RunTime:0.000527s ]

[ 2017-08-15T19:31:20+08:00 ] 127.0.0.1 /thinkphp/Admin/Menber/gain.html
INFO: [ app_begin ] --START--
INFO: Run Behavior\ReadHtmlCacheBehavior [ RunTime:0.000466s ]
INFO: [ app_begin ] --END-- [ RunTime:0.000874s ]
INFO: [ app_end ] --START--
INFO: Run Behavior\ShowPageTraceBehavior [ RunTime:0.000516s ]
INFO: [ app_end ] --END-- [ RunTime:0.000557s ]

[ 2017-08-15T19:31:20+08:00 ] 127.0.0.1 /thinkphp/Admin/Menber/gain.html
INFO: [ app_begin ] --START--
INFO: Run Behavior\ReadHtmlCacheBehavior [ RunTime:0.000500s ]
INFO: [ app_begin ] --END-- [ RunTime:0.000906s ]
INFO: [ app_end ] --START--
INFO: Run Behavior\ShowPageTraceBehavior [ RunTime:0.000481s ]
INFO: [ app_end ] --END-- [ RunTime:0.000531s ]

[ 2017-08-15T19:31:21+08:00 ] 127.0.0.1 /thinkphp/Admin/Menber/gain.html
INFO: [ app_begin ] --START--
INFO: Run Behavior\ReadHtmlCacheBehavior [ RunTime:0.000497s ]
INFO: [ app_begin ] --END-- [ RunTime:0.000901s ]
INFO: [ app_end ] --START--
INFO: Run Behavior\ShowPageTraceBehavior [ RunTime:0.000479s ]
INFO: [ app_end ] --END-- [ RunTime:0.000513s ]

[ 2017-08-15T19:31:21+08:00 ] 127.0.0.1 /thinkphp/Admin/Menber/gain.html
INFO: [ app_begin ] --START--
INFO: Run Behavior\ReadHtmlCacheBehavior [ RunTime:0.000672s ]
INFO: [ app_begin ] --END-- [ RunTime:0.001154s ]
INFO: [ app_end ] --START--
INFO: Run Behavior\ShowPageTraceBehavior [ RunTime:0.000502s ]
INFO: [ app_end ] --END-- [ RunTime:0.000538s ]

[ 2017-08-15T19:31:21+08:00 ] 127.0.0.1 /thinkphp/Admin/Menber/gain.html
INFO: [ app_begin ] --START--
INFO: Run Behavior\ReadHtmlCacheBehavior [ RunTime:0.000690s ]
INFO: [ app_begin ] --END-- [ RunTime:0.001150s ]
INFO: [ app_end ] --START--
INFO: Run Behavior\ShowPageTraceBehavior [ RunTime:0.000537s ]
INFO: [ app_end ] --END-- [ RunTime:0.000592s ]

[ 2017-08-15T19:31:21+08:00 ] 127.0.0.1 /thinkphp/Admin/Menber/gain.html
INFO: [ app_begin ] --START--
INFO: Run Behavior\ReadHtmlCacheBehavior [ RunTime:0.000560s ]
INFO: [ app_begin ] --END-- [ RunTime:0.000984s ]
INFO: [ app_end ] --START--
INFO: Run Behavior\ShowPageTraceBehavior [ RunTime:0.000558s ]
INFO: [ app_end ] --END-- [ RunTime:0.000603s ]

[ 2017-08-15T19:31:21+08:00 ] 127.0.0.1 /thinkphp/Admin/Menber/gain.html
INFO: [ app_begin ] --START--
INFO: Run Behavior\ReadHtmlCacheBehavior [ RunTime:0.000502s ]
INFO: [ app_begin ] --END-- [ RunTime:0.000927s ]
INFO: [ app_end ] --START--
INFO: Run Behavior\ShowPageTraceBehavior [ RunTime:0.000478s ]
INFO: [ app_end ] --END-- [ RunTime:0.000512s ]

[ 2017-08-15T19:31:21+08:00 ] 127.0.0.1 /thinkphp/Admin/Menber/gain.html
INFO: [ app_begin ] --START--
INFO: Run Behavior\ReadHtmlCacheBehavior [ RunTime:0.000481s ]
INFO: [ app_begin ] --END-- [ RunTime:0.000847s ]
INFO: [ app_end ] --START--
INFO: Run Behavior\ShowPageTraceBehavior [ RunTime:0.000499s ]
INFO: [ app_end ] --END-- [ RunTime:0.000533s ]

[ 2017-08-15T19:31:22+08:00 ] 127.0.0.1 /thinkphp/Admin/Menber/gain.html
INFO: [ app_begin ] --START--
INFO: Run Behavior\ReadHtmlCacheBehavior [ RunTime:0.000479s ]
INFO: [ app_begin ] --END-- [ RunTime:0.000915s ]
INFO: [ app_end ] --START--
INFO: Run Behavior\ShowPageTraceBehavior [ RunTime:0.000461s ]
INFO: [ app_end ] --END-- [ RunTime:0.000497s ]

[ 2017-08-15T19:31:22+08:00 ] 127.0.0.1 /thinkphp/Admin/Menber/gain.html
INFO: [ app_begin ] --START--
INFO: Run Behavior\ReadHtmlCacheBehavior [ RunTime:0.000498s ]
INFO: [ app_begin ] --END-- [ RunTime:0.000906s ]
INFO: [ app_end ] --START--
INFO: Run Behavior\ShowPageTraceBehavior [ RunTime:0.000531s ]
INFO: [ app_end ] --END-- [ RunTime:0.000571s ]

[ 2017-08-15T19:31:22+08:00 ] 127.0.0.1 /thinkphp/Admin/Menber/gain.html
INFO: [ app_begin ] --START--
INFO: Run Behavior\ReadHtmlCacheBehavior [ RunTime:0.000479s ]
INFO: [ app_begin ] --END-- [ RunTime:0.000893s ]
INFO: [ app_end ] --START--
INFO: Run Behavior\ShowPageTraceBehavior [ RunTime:0.000503s ]
INFO: [ app_end ] --END-- [ RunTime:0.000540s ]

[ 2017-08-15T19:31:29+08:00 ] 127.0.0.1 /thinkphp/Admin/Menber/gain.html
INFO: [ app_begin ] --START--
INFO: Run Behavior\ReadHtmlCacheBehavior [ RunTime:0.000499s ]
INFO: [ app_begin ] --END-- [ RunTime:0.000889s ]
INFO: [ app_end ] --START--
INFO: Run Behavior\ShowPageTraceBehavior [ RunTime:0.000496s ]
INFO: [ app_end ] --END-- [ RunTime:0.000531s ]

[ 2017-08-15T19:31:29+08:00 ] 127.0.0.1 /thinkphp/Admin/Menber/gain.html
INFO: [ app_begin ] --START--
INFO: Run Behavior\ReadHtmlCacheBehavior [ RunTime:0.000498s ]
INFO: [ app_begin ] --END-- [ RunTime:0.000858s ]
INFO: [ app_end ] --START--
INFO: Run Behavior\ShowPageTraceBehavior [ RunTime:0.000509s ]
INFO: [ app_end ] --END-- [ RunTime:0.000545s ]

[ 2017-08-15T19:31:29+08:00 ] 127.0.0.1 /thinkphp/Admin/Menber/gain.html
INFO: [ app_begin ] --START--
INFO: Run Behavior\ReadHtmlCacheBehavior [ RunTime:0.000408s ]
INFO: [ app_begin ] --END-- [ RunTime:0.000830s ]
INFO: [ app_end ] --START--
INFO: Run Behavior\ShowPageTraceBehavior [ RunTime:0.000614s ]
INFO: [ app_end ] --END-- [ RunTime:0.000660s ]

[ 2017-08-15T19:31:29+08:00 ] 127.0.0.1 /thinkphp/Admin/Menber/gain.html
INFO: [ app_begin ] --START--
INFO: Run Behavior\ReadHtmlCacheBehavior [ RunTime:0.000476s ]
INFO: [ app_begin ] --END-- [ RunTime:0.000889s ]
INFO: [ app_end ] --START--
INFO: Run Behavior\ShowPageTraceBehavior [ RunTime:0.000662s ]
INFO: [ app_end ] --END-- [ RunTime:0.000718s ]

[ 2017-08-15T19:31:30+08:00 ] 127.0.0.1 /thinkphp/Admin/Menber/gain.html
INFO: [ app_begin ] --START--
INFO: Run Behavior\ReadHtmlCacheBehavior [ RunTime:0.000481s ]
INFO: [ app_begin ] --END-- [ RunTime:0.000890s ]
INFO: [ app_end ] --START--
INFO: Run Behavior\ShowPageTraceBehavior [ RunTime:0.000525s ]
INFO: [ app_end ] --END-- [ RunTime:0.000566s ]

[ 2017-08-15T19:31:30+08:00 ] 127.0.0.1 /thinkphp/Admin/Menber/gain.html
INFO: [ app_begin ] --START--
INFO: Run Behavior\ReadHtmlCacheBehavior [ RunTime:0.000493s ]
INFO: [ app_begin ] --END-- [ RunTime:0.000910s ]
INFO: [ app_end ] --START--
INFO: Run Behavior\ShowPageTraceBehavior [ RunTime:0.000508s ]
INFO: [ app_end ] --END-- [ RunTime:0.000554s ]

[ 2017-08-15T19:31:30+08:00 ] 127.0.0.1 /thinkphp/Admin/Menber/gain.html
INFO: [ app_begin ] --START--
INFO: Run Behavior\ReadHtmlCacheBehavior [ RunTime:0.000518s ]
INFO: [ app_begin ] --END-- [ RunTime:0.000876s ]
INFO: [ app_end ] --START--
INFO: Run Behavior\ShowPageTraceBehavior [ RunTime:0.000515s ]
INFO: [ app_end ] --END-- [ RunTime:0.000549s ]

[ 2017-08-15T19:31:30+08:00 ] 127.0.0.1 /thinkphp/Admin/Menber/gain.html
INFO: [ app_begin ] --START--
INFO: Run Behavior\ReadHtmlCacheBehavior [ RunTime:0.000503s ]
INFO: [ app_begin ] --END-- [ RunTime:0.000908s ]
INFO: [ app_end ] --START--
INFO: Run Behavior\ShowPageTraceBehavior [ RunTime:0.000578s ]
INFO: [ app_end ] --END-- [ RunTime:0.000627s ]

[ 2017-08-15T19:31:30+08:00 ] 127.0.0.1 /thinkphp/Admin/Menber/gain.html
INFO: [ app_begin ] --START--
INFO: Run Behavior\ReadHtmlCacheBehavior [ RunTime:0.000477s ]
INFO: [ app_begin ] --END-- [ RunTime:0.000884s ]
INFO: [ app_end ] --START--
INFO: Run Behavior\ShowPageTraceBehavior [ RunTime:0.000578s ]
INFO: [ app_end ] --END-- [ RunTime:0.000632s ]

[ 2017-08-15T19:31:30+08:00 ] 127.0.0.1 /thinkphp/Admin/Menber/gain.html
INFO: [ app_begin ] --START--
INFO: Run Behavior\ReadHtmlCacheBehavior [ RunTime:0.000503s ]
INFO: [ app_begin ] --END-- [ RunTime:0.000914s ]
INFO: [ app_end ] --START--
INFO: Run Behavior\ShowPageTraceBehavior [ RunTime:0.000508s ]
INFO: [ app_end ] --END-- [ RunTime:0.000542s ]

[ 2017-08-15T19:31:31+08:00 ] 127.0.0.1 /thinkphp/Admin/Menber/gain.html
INFO: [ app_begin ] --START--
INFO: Run Behavior\ReadHtmlCacheBehavior [ RunTime:0.000502s ]
INFO: [ app_begin ] --END-- [ RunTime:0.000881s ]
INFO: [ app_end ] --START--
INFO: Run Behavior\ShowPageTraceBehavior [ RunTime:0.000555s ]
INFO: [ app_end ] --END-- [ RunTime:0.000598s ]

[ 2017-08-15T19:31:31+08:00 ] 127.0.0.1 /thinkphp/Admin/Menber/gain.html
INFO: [ app_begin ] --START--
INFO: Run Behavior\ReadHtmlCacheBehavior [ RunTime:0.000432s ]
INFO: [ app_begin ] --END-- [ RunTime:0.000821s ]
INFO: [ app_end ] --START--
INFO: Run Behavior\ShowPageTraceBehavior [ RunTime:0.000496s ]
INFO: [ app_end ] --END-- [ RunTime:0.000530s ]

[ 2017-08-15T19:31:31+08:00 ] 127.0.0.1 /thinkphp/Admin/Menber/gain.html
INFO: [ app_begin ] --START--
INFO: Run Behavior\ReadHtmlCacheBehavior [ RunTime:0.000550s ]
INFO: [ app_begin ] --END-- [ RunTime:0.000975s ]
INFO: [ app_end ] --START--
INFO: Run Behavior\ShowPageTraceBehavior [ RunTime:0.000545s ]
INFO: [ app_end ] --END-- [ RunTime:0.000582s ]

[ 2017-08-15T19:31:31+08:00 ] 127.0.0.1 /thinkphp/Admin/Menber/gain.html
INFO: [ app_begin ] --START--
INFO: Run Behavior\ReadHtmlCacheBehavior [ RunTime:0.000509s ]
INFO: [ app_begin ] --END-- [ RunTime:0.000931s ]
INFO: [ app_end ] --START--
INFO: Run Behavior\ShowPageTraceBehavior [ RunTime:0.000532s ]
INFO: [ app_end ] --END-- [ RunTime:0.000569s ]

[ 2017-08-15T19:31:31+08:00 ] 127.0.0.1 /thinkphp/Admin/Menber/gain.html
INFO: [ app_begin ] --START--
INFO: Run Behavior\ReadHtmlCacheBehavior [ RunTime:0.000489s ]
INFO: [ app_begin ] --END-- [ RunTime:0.000877s ]
INFO: [ app_end ] --START--
INFO: Run Behavior\ShowPageTraceBehavior [ RunTime:0.000493s ]
INFO: [ app_end ] --END-- [ RunTime:0.000530s ]

[ 2017-08-15T19:31:31+08:00 ] 127.0.0.1 /thinkphp/Admin/Menber/gain.html
INFO: [ app_begin ] --START--
INFO: Run Behavior\ReadHtmlCacheBehavior [ RunTime:0.000495s ]
INFO: [ app_begin ] --END-- [ RunTime:0.000915s ]
INFO: [ app_end ] --START--
INFO: Run Behavior\ShowPageTraceBehavior [ RunTime:0.000624s ]
INFO: [ app_end ] --END-- [ RunTime:0.000678s ]

[ 2017-08-15T19:31:31+08:00 ] 127.0.0.1 /thinkphp/Admin/Menber/gain.html
INFO: [ app_begin ] --START--
INFO: Run Behavior\ReadHtmlCacheBehavior [ RunTime:0.000439s ]
INFO: [ app_begin ] --END-- [ RunTime:0.000774s ]
INFO: [ app_end ] --START--
INFO: Run Behavior\ShowPageTraceBehavior [ RunTime:0.000642s ]
INFO: [ app_end ] --END-- [ RunTime:0.000683s ]

[ 2017-08-15T19:31:32+08:00 ] 127.0.0.1 /thinkphp/Admin/Menber/gain.html
INFO: [ app_begin ] --START--
INFO: Run Behavior\ReadHtmlCacheBehavior [ RunTime:0.000520s ]
INFO: [ app_begin ] --END-- [ RunTime:0.000862s ]
INFO: [ app_end ] --START--
INFO: Run Behavior\ShowPageTraceBehavior [ RunTime:0.000536s ]
INFO: [ app_end ] --END-- [ RunTime:0.000577s ]

[ 2017-08-15T19:31:32+08:00 ] 127.0.0.1 /thinkphp/Admin/Menber/gain.html
INFO: [ app_begin ] --START--
INFO: Run Behavior\ReadHtmlCacheBehavior [ RunTime:0.000524s ]
INFO: [ app_begin ] --END-- [ RunTime:0.000970s ]
INFO: [ app_end ] --START--
INFO: Run Behavior\ShowPageTraceBehavior [ RunTime:0.000497s ]
INFO: [ app_end ] --END-- [ RunTime:0.000532s ]

[ 2017-08-15T19:31:32+08:00 ] 127.0.0.1 /thinkphp/Admin/Menber/gain.html
INFO: [ app_begin ] --START--
INFO: Run Behavior\ReadHtmlCacheBehavior [ RunTime:0.000463s ]
INFO: [ app_begin ] --END-- [ RunTime:0.000867s ]
INFO: [ app_end ] --START--
INFO: Run Behavior\ShowPageTraceBehavior [ RunTime:0.000520s ]
INFO: [ app_end ] --END-- [ RunTime:0.000555s ]

[ 2017-08-15T21:45:00+08:00 ] 127.0.0.1 /thinkphp/Admin/Menber/gain.html
INFO: [ app_begin ] --START--
INFO: Run Behavior\ReadHtmlCacheBehavior [ RunTime:0.000665s ]
INFO: [ app_begin ] --END-- [ RunTime:0.001213s ]
INFO: [ app_end ] --START--
INFO: Run Behavior\ShowPageTraceBehavior [ RunTime:0.000646s ]
INFO: [ app_end ] --END-- [ RunTime:0.000701s ]

[ 2017-08-15T21:45:01+08:00 ] 127.0.0.1 /thinkphp/Admin/Menber/gain.html
INFO: [ app_begin ] --START--
INFO: Run Behavior\ReadHtmlCacheBehavior [ RunTime:0.000731s ]
INFO: [ app_begin ] --END-- [ RunTime:0.001293s ]
INFO: [ app_end ] --START--
INFO: Run Behavior\ShowPageTraceBehavior [ RunTime:0.000726s ]
INFO: [ app_end ] --END-- [ RunTime:0.000782s ]

[ 2017-08-15T21:45:01+08:00 ] 127.0.0.1 /thinkphp/Admin/Menber/gain.html
INFO: [ app_begin ] --START--
INFO: Run Behavior\ReadHtmlCacheBehavior [ RunTime:0.000726s ]
INFO: [ app_begin ] --END-- [ RunTime:0.001304s ]
INFO: [ app_end ] --START--
INFO: Run Behavior\ShowPageTraceBehavior [ RunTime:0.000731s ]
INFO: [ app_end ] --END-- [ RunTime:0.000788s ]

[ 2017-08-15T21:45:01+08:00 ] 127.0.0.1 /thinkphp/Admin/Menber/gain.html
INFO: [ app_begin ] --START--
INFO: Run Behavior\ReadHtmlCacheBehavior [ RunTime:0.000723s ]
INFO: [ app_begin ] --END-- [ RunTime:0.001303s ]
INFO: [ app_end ] --START--
INFO: Run Behavior\ShowPageTraceBehavior [ RunTime:0.000742s ]
INFO: [ app_end ] --END-- [ RunTime:0.000798s ]

[ 2017-08-15T21:48:30+08:00 ] 127.0.0.1 /thinkphp/Admin/Menber/gain.html
INFO: [ app_begin ] --START--
INFO: Run Behavior\ReadHtmlCacheBehavior [ RunTime:0.000644s ]
INFO: [ app_begin ] --END-- [ RunTime:0.001175s ]
INFO: [ app_end ] --START--
INFO: Run Behavior\ShowPageTraceBehavior [ RunTime:0.000658s ]
INFO: [ app_end ] --END-- [ RunTime:0.000715s ]

[ 2017-08-15T21:48:30+08:00 ] 127.0.0.1 /thinkphp/Admin/Menber/gain.html
INFO: [ app_begin ] --START--
INFO: Run Behavior\ReadHtmlCacheBehavior [ RunTime:0.000740s ]
INFO: [ app_begin ] --END-- [ RunTime:0.001312s ]
INFO: [ app_end ] --START--
INFO: Run Behavior\ShowPageTraceBehavior [ RunTime:0.000721s ]
INFO: [ app_end ] --END-- [ RunTime:0.000778s ]

[ 2017-08-15T21:48:31+08:00 ] 127.0.0.1 /thinkphp/Admin/Menber/gain.html
INFO: [ app_begin ] --START--
INFO: Run Behavior\ReadHtmlCacheBehavior [ RunTime:0.000641s ]
INFO: [ app_begin ] --END-- [ RunTime:0.001219s ]
INFO: [ app_end ] --START--
INFO: Run Behavior\ShowPageTraceBehavior [ RunTime:0.000724s ]
INFO: [ app_end ] --END-- [ RunTime:0.000780s ]

[ 2017-08-15T21:48:31+08:00 ] 127.0.0.1 /thinkphp/Admin/Menber/gain.html
INFO: [ app_begin ] --START--
INFO: Run Behavior\ReadHtmlCacheBehavior [ RunTime:0.000691s ]
INFO: [ app_begin ] --END-- [ RunTime:0.001276s ]
INFO: [ app_end ] --START--
INFO: Run Behavior\ShowPageTraceBehavior [ RunTime:0.000736s ]
INFO: [ app_end ] --END-- [ RunTime:0.000792s ]

[ 2017-08-15T21:48:31+08:00 ] 127.0.0.1 /thinkphp/Admin/Menber/gain.html
INFO: [ app_begin ] --START--
INFO: Run Behavior\ReadHtmlCacheBehavior [ RunTime:0.000719s ]
INFO: [ app_begin ] --END-- [ RunTime:0.001301s ]
INFO: [ app_end ] --START--
INFO: Run Behavior\ShowPageTraceBehavior [ RunTime:0.000728s ]
INFO: [ app_end ] --END-- [ RunTime:0.000785s ]

[ 2017-08-15T21:48:31+08:00 ] 127.0.0.1 /thinkphp/Admin/Menber/gain.html
INFO: [ app_begin ] --START--
INFO: Run Behavior\ReadHtmlCacheBehavior [ RunTime:0.000724s ]
INFO: [ app_begin ] --END-- [ RunTime:0.001306s ]
INFO: [ app_end ] --START--
INFO: Run Behavior\ShowPageTraceBehavior [ RunTime:0.000720s ]
INFO: [ app_end ] --END-- [ RunTime:0.000779s ]

[ 2017-08-15T21:49:46+08:00 ] 127.0.0.1 /thinkphp/Admin/Menber/gain.html
INFO: [ app_begin ] --START--
INFO: Run Behavior\ReadHtmlCacheBehavior [ RunTime:0.000719s ]
INFO: [ app_begin ] --END-- [ RunTime:0.001312s ]
INFO: [ app_end ] --START--
INFO: Run Behavior\ShowPageTraceBehavior [ RunTime:0.000746s ]
INFO: [ app_end ] --END-- [ RunTime:0.000802s ]

[ 2017-08-15T21:49:47+08:00 ] 127.0.0.1 /thinkphp/Admin/Menber/gain.html
INFO: [ app_begin ] --START--
INFO: Run Behavior\ReadHtmlCacheBehavior [ RunTime:0.000725s ]
INFO: [ app_begin ] --END-- [ RunTime:0.001304s ]
INFO: [ app_end ] --START--
INFO: Run Behavior\ShowPageTraceBehavior [ RunTime:0.000728s ]
INFO: [ app_end ] --END-- [ RunTime:0.000784s ]

[ 2017-08-15T21:49:47+08:00 ] 127.0.0.1 /thinkphp/Admin/Menber/gain.html
INFO: [ app_begin ] --START--
INFO: Run Behavior\ReadHtmlCacheBehavior [ RunTime:0.000720s ]
INFO: [ app_begin ] --END-- [ RunTime:0.001311s ]
INFO: [ app_end ] --START--
INFO: Run Behavior\ShowPageTraceBehavior [ RunTime:0.000726s ]
INFO: [ app_end ] --END-- [ RunTime:0.000782s ]

[ 2017-08-15T21:49:47+08:00 ] 127.0.0.1 /thinkphp/Admin/Menber/gain.html
INFO: [ app_begin ] --START--
INFO: Run Behavior\ReadHtmlCacheBehavior [ RunTime:0.000717s ]
INFO: [ app_begin ] --END-- [ RunTime:0.001305s ]
INFO: [ app_end ] --START--
INFO: Run Behavior\ShowPageTraceBehavior [ RunTime:0.000717s ]
INFO: [ app_end ] --END-- [ RunTime:0.000776s ]

[ 2017-08-15T21:49:47+08:00 ] 127.0.0.1 /thinkphp/Admin/Menber/gain.html
INFO: [ app_begin ] --START--
INFO: Run Behavior\ReadHtmlCacheBehavior [ RunTime:0.000896s ]
INFO: [ app_begin ] --END-- [ RunTime:0.001490s ]
INFO: [ app_end ] --START--
INFO: Run Behavior\ShowPageTraceBehavior [ RunTime:0.000688s ]
INFO: [ app_end ] --END-- [ RunTime:0.000747s ]

[ 2017-08-15T21:49:47+08:00 ] 127.0.0.1 /thinkphp/Admin/Menber/gain.html
INFO: [ app_begin ] --START--
INFO: Run Behavior\ReadHtmlCacheBehavior [ RunTime:0.000714s ]
INFO: [ app_begin ] --END-- [ RunTime:0.001295s ]
INFO: [ app_end ] --START--
INFO: Run Behavior\ShowPageTraceBehavior [ RunTime:0.000896s ]
INFO: [ app_end ] --END-- [ RunTime:0.000960s ]

[ 2017-08-15T21:55:08+08:00 ] 127.0.0.1 /thinkphp/Admin/Menber/gain.html
INFO: [ app_begin ] --START--
INFO: Run Behavior\ReadHtmlCacheBehavior [ RunTime:0.000720s ]
INFO: [ app_begin ] --END-- [ RunTime:0.001297s ]
INFO: [ app_end ] --START--
INFO: Run Behavior\ShowPageTraceBehavior [ RunTime:0.000758s ]
INFO: [ app_end ] --END-- [ RunTime:0.000825s ]

[ 2017-08-15T21:55:20+08:00 ] 127.0.0.1 /thinkphp/Admin/Menber/login.html
INFO: [ app_begin ] --START--
INFO: Run Behavior\ReadHtmlCacheBehavior [ RunTime:0.000718s ]
INFO: [ app_begin ] --END-- [ RunTime:0.001304s ]
INFO: [ view_parse ] --START--
INFO: [ template_filter ] --START--
INFO: Run Behavior\ContentReplaceBehavior [ RunTime:0.000059s ]
INFO: [ template_filter ] --END-- [ RunTime:0.000113s ]
NOTIC: [8] Use of undefined constant Menber - assumed 'Menber' E:\4.08\thinkphp\Application\Runtime\Cache\Admin\33597faa1d0fc2d8d49e57423357e12b.php 第 32 行.
NOTIC: [8] Use of undefined constant gain - assumed 'gain' E:\4.08\thinkphp\Application\Runtime\Cache\Admin\33597faa1d0fc2d8d49e57423357e12b.php 第 32 行.
NOTIC: [2] Division by zero E:\4.08\thinkphp\Application\Runtime\Cache\Admin\33597faa1d0fc2d8d49e57423357e12b.php 第 32 行.
INFO: Run Behavior\ParseTemplateBehavior [ RunTime:0.007246s ]
INFO: [ view_parse ] --END-- [ RunTime:0.007307s ]
INFO: [ view_filter ] --START--
INFO: Run Behavior\WriteHtmlCacheBehavior [ RunTime:0.000458s ]
INFO: [ view_filter ] --END-- [ RunTime:0.000503s ]
INFO: [ app_end ] --START--
INFO: Run Behavior\ShowPageTraceBehavior [ RunTime:0.000715s ]
INFO: [ app_end ] --END-- [ RunTime:0.000765s ]

[ 2017-08-15T21:55:20+08:00 ] 127.0.0.1 /thinkphp/Admin/menber/%3C!DOCTYPE%20HTML%3E%3Chtml%3E%3Chead%3E%3Cmeta%20charset=%22utf-8%22%3E%3Cmeta%20name=%22renderer%22%20content=%22webkit%7Cie-comp%7Cie-stand%22%3E%3Cmeta%20http-equiv=%22X-UA-Compatible%22%20content=%22IE=edge,chrome=1%22%3E%3Cmeta%20name=%22viewport%22%20content=%22width=device-width,initial-scale=1,minimum-scale=1.0,maximum-scale=1.0,user-scalable=no%22%20/%3E%3Cmeta%20http-equiv=%22Cache-Control%22%20content=%22no-siteapp%22%20/%3E%3C!--[if%20lt%20IE%209]%3E%3Cscript%20type=%22text/javascript%22%20src=%22lib/html5shiv.js%22%3E%3C/script%3E%3Cscript%20type=%22text/javascript%22%20src=%22lib/respond.min.js%22%3E%3C/script%3E%3C![endif]--%3E%3Clink%20href=%22/thinkphp/Public/Home/static/h-ui/css/H-ui.min.css%22%20rel=%22stylesheet%22%20type=%22text/css%22%20/%3E%3Clink%20href=%22/thinkphp/Public/Home/static/h-ui.admin/css/H-ui.login.css%22%20rel=%22stylesheet%22%20type=%22text/css%22%20/%3E%3Clink%20href=%22/thinkphp/Public/Home/static/h-ui.admin/css/style.css%22%20rel=%22stylesheet%22%20type=%22text/css%22%20/%3E%3Clink%20href=%22/thinkphp/Public/Home/lib/Hui-iconfont/1.0.8/iconfont.css%22%20rel=%22stylesheet%22%20type=%22text/css%22%20/%3E%3C!--[if%20IE%206]%3E%3Cscript%20type=%22text/javascript%22%20src=%22lib/DD_belatedPNG_0.0.8a-min.js%22%20%3E%3C/script%3E%3Cscript%3EDD_belatedPNG.fix('*');%3C/script%3E%3C![endif]--%3E%3Ctitle%3E%E5%90%8E%E5%8F%B0%E7%99%BB%E5%BD%95%20-%20H-ui.admin%20v3.1%3C/title%3E%3Cmeta%20name=%22keywords%22%20content=%22H-ui.admin%20v3.1,H-ui%E7%BD%91%E7%AB%99%E5%90%8E%E5%8F%B0%E6%A8%A1%E7%89%88,%E5%90%8E%E5%8F%B0%E6%A8%A1%E7%89%88%E4%B8%8B%E8%BD%BD,%E5%90%8E%E5%8F%B0%E7%AE%A1%E7%90%86%E7%B3%BB%E7%BB%9F%E6%A8%A1%E7%89%88,HTML%E5%90%8E%E5%8F%B0%E6%A8%A1%E7%89%88%E4%B8%8B%E8%BD%BD%22%3E%3Cmeta%20name=%22description%22%20content=%22H-ui.admin%20v3.1%EF%BC%8C%E6%98%AF%E4%B8%80%E6%AC%BE%E7%94%B1%E5%9B%BD%E4%BA%BA%E5%BC%80%E5%8F%91%E7%9A%84%E8%BD%BB%E9%87%8F%E7%BA%A7%E6%89%81%E5%B9%B3%E5%8C%96%E7%BD%91%E7%AB%99%E5%90%8E%E5%8F%B0%E6%A8%A1%E6%9D%BF%EF%BC%8C%E5%AE%8C%E5%85%A8%E5%85%8D%E8%B4%B9%E5%BC%80%E6%BA%90%E7%9A%84%E7%BD%91%E7%AB%99%E5%90%8E%E5%8F%B0%E7%AE%A1%E7%90%86%E7%B3%BB%E7%BB%9F%E6%A8%A1%E7%89%88%EF%BC%8C%E9%80%82%E5%90%88%E4%B8%AD%E5%B0%8F%E5%9E%8BCMS%E5%90%8E%E5%8F%B0%E7%B3%BB%E7%BB%9F%E3%80%82%22%3E%3C/head%3E%3Cbody%3E%3Cinput%20type=%22hidden%22%20id=%22TenantId%22%20name=%22TenantId%22%20value=%22%22%20/%3E%3Cdiv%20class=%22header%22%3E%3C/div%3E%3Cdiv%20class=%22loginWraper%22%3E%20%20%3Cdiv%20id=%22loginform%22%20class=%22loginBox%22%3E%20%20%20%20%3Cform%20class=%22form%20form-horizontal%22%20action=%22/thinkphp/Admin/menber/login.html%22%20method=%22post%22%3E%20%20%20%20%20%20%3Cdiv%20class=%22row%20cl%22%3E%20%20%20%20%20%20%20%20%3Cinput%20type=%22hidden%22%20id=%22url%22%20value=%22/thinkphp/Admin/Menber/login.html%22%3E%20%20%20%20%20%20%20%20%3Clabel%20class=%22form-label%20col-xs-3%22%3E%3Ci%20class=%22Hui-iconfont%22%3E&
ERR: 非法操作:

[ 2017-08-15T21:55:30+08:00 ] 127.0.0.1 /thinkphp/Admin/Menber/gain.html
INFO: [ app_begin ] --START--
INFO: Run Behavior\ReadHtmlCacheBehavior [ RunTime:0.000725s ]
INFO: [ app_begin ] --END-- [ RunTime:0.001321s ]
INFO: [ app_end ] --START--
INFO: Run Behavior\ShowPageTraceBehavior [ RunTime:0.000726s ]
INFO: [ app_end ] --END-- [ RunTime:0.000792s ]

[ 2017-08-15T21:55:31+08:00 ] 127.0.0.1 /thinkphp/Admin/Menber/gain.html
INFO: [ app_begin ] --START--
INFO: Run Behavior\ReadHtmlCacheBehavior [ RunTime:0.000688s ]
INFO: [ app_begin ] --END-- [ RunTime:0.001268s ]
INFO: [ app_end ] --START--
INFO: Run Behavior\ShowPageTraceBehavior [ RunTime:0.000740s ]
INFO: [ app_end ] --END-- [ RunTime:0.000798s ]

[ 2017-08-15T22:05:38+08:00 ] 127.0.0.1 /thinkphp/Admin/Menber/gain.html
INFO: [ app_begin ] --START--
INFO: Run Behavior\ReadHtmlCacheBehavior [ RunTime:0.000722s ]
INFO: [ app_begin ] --END-- [ RunTime:0.001307s ]
INFO: [ app_end ] --START--
INFO: Run Behavior\ShowPageTraceBehavior [ RunTime:0.000732s ]
INFO: [ app_end ] --END-- [ RunTime:0.000791s ]

[ 2017-08-15T22:05:38+08:00 ] 127.0.0.1 /thinkphp/Admin/Menber/gain.html
INFO: [ app_begin ] --START--
INFO: Run Behavior\ReadHtmlCacheBehavior [ RunTime:0.000723s ]
INFO: [ app_begin ] --END-- [ RunTime:0.001289s ]
INFO: [ app_end ] --START--
INFO: Run Behavior\ShowPageTraceBehavior [ RunTime:0.000726s ]
INFO: [ app_end ] --END-- [ RunTime:0.000782s ]

[ 2017-08-15T22:05:39+08:00 ] 127.0.0.1 /thinkphp/Admin/Menber/gain.html
INFO: [ app_begin ] --START--
INFO: Run Behavior\ReadHtmlCacheBehavior [ RunTime:0.000737s ]
INFO: [ app_begin ] --END-- [ RunTime:0.001319s ]
INFO: [ app_end ] --START--
INFO: Run Behavior\ShowPageTraceBehavior [ RunTime:0.000752s ]
INFO: [ app_end ] --END-- [ RunTime:0.000810s ]

[ 2017-08-15T22:05:39+08:00 ] 127.0.0.1 /thinkphp/Admin/Menber/gain.html
INFO: [ app_begin ] --START--
INFO: Run Behavior\ReadHtmlCacheBehavior [ RunTime:0.000747s ]
INFO: [ app_begin ] --END-- [ RunTime:0.001325s ]
INFO: [ app_end ] --START--
INFO: Run Behavior\ShowPageTraceBehavior [ RunTime:0.000726s ]
INFO: [ app_end ] --END-- [ RunTime:0.000783s ]

[ 2017-08-15T22:05:39+08:00 ] 127.0.0.1 /thinkphp/Admin/Menber/gain.html
INFO: [ app_begin ] --START--
INFO: Run Behavior\ReadHtmlCacheBehavior [ RunTime:0.000723s ]
INFO: [ app_begin ] --END-- [ RunTime:0.001299s ]
INFO: [ app_end ] --START--
INFO: Run Behavior\ShowPageTraceBehavior [ RunTime:0.000726s ]
INFO: [ app_end ] --END-- [ RunTime:0.000784s ]

[ 2017-08-15T22:05:39+08:00 ] 127.0.0.1 /thinkphp/Admin/Menber/gain.html
INFO: [ app_begin ] --START--
INFO: Run Behavior\ReadHtmlCacheBehavior [ RunTime:0.000730s ]
INFO: [ app_begin ] --END-- [ RunTime:0.001319s ]
INFO: [ app_end ] --START--
INFO: Run Behavior\ShowPageTraceBehavior [ RunTime:0.000738s ]
INFO: [ app_end ] --END-- [ RunTime:0.000795s ]

[ 2017-08-15T22:05:40+08:00 ] 127.0.0.1 /thinkphp/Admin/Menber/gain.html
INFO: [ app_begin ] --START--
INFO: Run Behavior\ReadHtmlCacheBehavior [ RunTime:0.000719s ]
INFO: [ app_begin ] --END-- [ RunTime:0.001309s ]
INFO: [ app_end ] --START--
INFO: Run Behavior\ShowPageTraceBehavior [ RunTime:0.000720s ]
INFO: [ app_end ] --END-- [ RunTime:0.000780s ]

[ 2017-08-15T22:05:40+08:00 ] 127.0.0.1 /thinkphp/Admin/Menber/gain.html
INFO: [ app_begin ] --START--
INFO: Run Behavior\ReadHtmlCacheBehavior [ RunTime:0.000722s ]
INFO: [ app_begin ] --END-- [ RunTime:0.001328s ]
INFO: [ app_end ] --START--
INFO: Run Behavior\ShowPageTraceBehavior [ RunTime:0.000722s ]
INFO: [ app_end ] --END-- [ RunTime:0.000785s ]

[ 2017-08-15T22:05:40+08:00 ] 127.0.0.1 /thinkphp/Admin/Menber/gain.html
INFO: [ app_begin ] --START--
INFO: Run Behavior\ReadHtmlCacheBehavior [ RunTime:0.000644s ]
INFO: [ app_begin ] --END-- [ RunTime:0.001224s ]
INFO: [ app_end ] --START--
INFO: Run Behavior\ShowPageTraceBehavior [ RunTime:0.000729s ]
INFO: [ app_end ] --END-- [ RunTime:0.000787s ]

[ 2017-08-15T22:05:40+08:00 ] 127.0.0.1 /thinkphp/Admin/Menber/gain.html
INFO: [ app_begin ] --START--
INFO: Run Behavior\ReadHtmlCacheBehavior [ RunTime:0.000716s ]
INFO: [ app_begin ] --END-- [ RunTime:0.001301s ]
INFO: [ app_end ] --START--
INFO: Run Behavior\ShowPageTraceBehavior [ RunTime:0.000723s ]
INFO: [ app_end ] --END-- [ RunTime:0.000779s ]

[ 2017-08-15T22:05:41+08:00 ] 127.0.0.1 /thinkphp/Admin/Menber/gain.html
INFO: [ app_begin ] --START--
INFO: Run Behavior\ReadHtmlCacheBehavior [ RunTime:0.000732s ]
INFO: [ app_begin ] --END-- [ RunTime:0.001288s ]
INFO: [ app_end ] --START--
INFO: Run Behavior\ShowPageTraceBehavior [ RunTime:0.000722s ]
INFO: [ app_end ] --END-- [ RunTime:0.000778s ]

[ 2017-08-15T22:05:41+08:00 ] 127.0.0.1 /thinkphp/Admin/Menber/gain.html
INFO: [ app_begin ] --START--
INFO: Run Behavior\ReadHtmlCacheBehavior [ RunTime:0.000701s ]
INFO: [ app_begin ] --END-- [ RunTime:0.001289s ]
INFO: [ app_end ] --START--
INFO: Run Behavior\ShowPageTraceBehavior [ RunTime:0.000956s ]
INFO: [ app_end ] --END-- [ RunTime:0.001034s ]

[ 2017-08-15T22:05:41+08:00 ] 127.0.0.1 /thinkphp/Admin/Menber/gain.html
INFO: [ app_begin ] --START--
INFO: Run Behavior\ReadHtmlCacheBehavior [ RunTime:0.000718s ]
INFO: [ app_begin ] --END-- [ RunTime:0.001318s ]
INFO: [ app_end ] --START--
INFO: Run Behavior\ShowPageTraceBehavior [ RunTime:0.000718s ]
INFO: [ app_end ] --END-- [ RunTime:0.000775s ]

[ 2017-08-15T22:05:41+08:00 ] 127.0.0.1 /thinkphp/Admin/Menber/gain.html
INFO: [ app_begin ] --START--
INFO: Run Behavior\ReadHtmlCacheBehavior [ RunTime:0.000721s ]
INFO: [ app_begin ] --END-- [ RunTime:0.001302s ]
INFO: [ app_end ] --START--
INFO: Run Behavior\ShowPageTraceBehavior [ RunTime:0.000732s ]
INFO: [ app_end ] --END-- [ RunTime:0.000790s ]

[ 2017-08-15T22:05:41+08:00 ] 127.0.0.1 /thinkphp/Admin/Menber/gain.html
INFO: [ app_begin ] --START--
INFO: Run Behavior\ReadHtmlCacheBehavior [ RunTime:0.000746s ]
INFO: [ app_begin ] --END-- [ RunTime:0.001331s ]
INFO: [ app_end ] --START--
INFO: Run Behavior\ShowPageTraceBehavior [ RunTime:0.000735s ]
INFO: [ app_end ] --END-- [ RunTime:0.000793s ]

