[ 2017-09-08T09:06:11+08:00 ] 127.0.0.1 /thinkphp/Home/Cart/ajaxCart/cart_id/8/quantity/2
INFO: [ app_begin ] --START--
INFO: Run Behavior\ReadHtmlCacheBehavior [ RunTime:0.000605s ]
INFO: Run Behavior\CheckLangBehavior [ RunTime:0.000797s ]
INFO: [ app_begin ] --END-- [ RunTime:0.001863s ]
SQL: SHOW COLUMNS FROM `cc_cart` [ RunTime:0.0043s ]
SQL: UPDATE `cc_cart` SET `quantity`='2' WHERE ( product_id=8 ) [ RunTime:0.0853s ]

[ 2017-09-08T09:06:14+08:00 ] 127.0.0.1 /thinkphp/Home/Cart/ajaxCart/cart_id/10/quantity/1
INFO: [ app_begin ] --START--
INFO: Run Behavior\ReadHtmlCacheBehavior [ RunTime:0.000477s ]
INFO: Run Behavior\CheckLangBehavior [ RunTime:0.000760s ]
INFO: [ app_begin ] --END-- [ RunTime:0.001658s ]
SQL: SHOW COLUMNS FROM `cc_cart` [ RunTime:0.0038s ]
SQL: UPDATE `cc_cart` SET `quantity`='1' WHERE ( product_id=10 ) [ RunTime:0.0663s ]

[ 2017-09-08T09:06:19+08:00 ] 127.0.0.1 /thinkphp/Home/Cart/ajaxCart/cart_id/5/quantity/2
INFO: [ app_begin ] --START--
INFO: Run Behavior\ReadHtmlCacheBehavior [ RunTime:0.000500s ]
INFO: Run Behavior\CheckLangBehavior [ RunTime:0.000701s ]
INFO: [ app_begin ] --END-- [ RunTime:0.001650s ]
SQL: SHOW COLUMNS FROM `cc_cart` [ RunTime:0.0038s ]
SQL: UPDATE `cc_cart` SET `quantity`='2' WHERE ( product_id=5 ) [ RunTime:0.0529s ]

[ 2017-09-08T09:06:46+08:00 ] 127.0.0.1 /thinkphp/Home/Cart/ajaxCart/cart_id/undefined/quantity/1
INFO: [ app_begin ] --START--
INFO: Run Behavior\ReadHtmlCacheBehavior [ RunTime:0.000474s ]
INFO: Run Behavior\CheckLangBehavior [ RunTime:0.000767s ]
INFO: [ app_begin ] --END-- [ RunTime:0.001651s ]
SQL: SHOW COLUMNS FROM `cc_cart` [ RunTime:0.0043s ]
ERR: 1054:Unknown column 'undefined' in 'where clause'
 [ SQL语句 ] : UPDATE `cc_cart` SET `quantity`='1' WHERE ( product_id=undefined )
ERR: 1054:Unknown column 'undefined' in 'where clause'
 [ SQL语句 ] : UPDATE `cc_cart` SET `quantity`='1' WHERE ( product_id=undefined )

[ 2017-09-08T09:06:48+08:00 ] 127.0.0.1 /thinkphp/Home/Cart/ajaxCart/cart_id/undefined/quantity/1
INFO: [ app_begin ] --START--
INFO: Run Behavior\ReadHtmlCacheBehavior [ RunTime:0.000465s ]
INFO: Run Behavior\CheckLangBehavior [ RunTime:0.000721s ]
INFO: [ app_begin ] --END-- [ RunTime:0.001629s ]
SQL: SHOW COLUMNS FROM `cc_cart` [ RunTime:0.0043s ]
ERR: 1054:Unknown column 'undefined' in 'where clause'
 [ SQL语句 ] : UPDATE `cc_cart` SET `quantity`='1' WHERE ( product_id=undefined )
ERR: 1054:Unknown column 'undefined' in 'where clause'
 [ SQL语句 ] : UPDATE `cc_cart` SET `quantity`='1' WHERE ( product_id=undefined )

[ 2017-09-08T09:06:49+08:00 ] 127.0.0.1 /thinkphp/Home/Cart/ajaxCart/cart_id/undefined/quantity/1
INFO: [ app_begin ] --START--
INFO: Run Behavior\ReadHtmlCacheBehavior [ RunTime:0.000568s ]
INFO: Run Behavior\CheckLangBehavior [ RunTime:0.000792s ]
INFO: [ app_begin ] --END-- [ RunTime:0.001854s ]
SQL: SHOW COLUMNS FROM `cc_cart` [ RunTime:0.0043s ]
ERR: 1054:Unknown column 'undefined' in 'where clause'
 [ SQL语句 ] : UPDATE `cc_cart` SET `quantity`='1' WHERE ( product_id=undefined )
ERR: 1054:Unknown column 'undefined' in 'where clause'
 [ SQL语句 ] : UPDATE `cc_cart` SET `quantity`='1' WHERE ( product_id=undefined )

[ 2017-09-08T09:06:50+08:00 ] 127.0.0.1 /thinkphp/Home/Cart/ajaxCart/cart_id/undefined/quantity/1
INFO: [ app_begin ] --START--
INFO: Run Behavior\ReadHtmlCacheBehavior [ RunTime:0.000413s ]
INFO: Run Behavior\CheckLangBehavior [ RunTime:0.000606s ]
INFO: [ app_begin ] --END-- [ RunTime:0.001359s ]
SQL: SHOW COLUMNS FROM `cc_cart` [ RunTime:0.0191s ]
ERR: 1054:Unknown column 'undefined' in 'where clause'
 [ SQL语句 ] : UPDATE `cc_cart` SET `quantity`='1' WHERE ( product_id=undefined )
ERR: 1054:Unknown column 'undefined' in 'where clause'
 [ SQL语句 ] : UPDATE `cc_cart` SET `quantity`='1' WHERE ( product_id=undefined )

[ 2017-09-08T09:06:51+08:00 ] 127.0.0.1 /thinkphp/Home/Cart/ajaxCart/cart_id/undefined/quantity/1
INFO: [ app_begin ] --START--
INFO: Run Behavior\ReadHtmlCacheBehavior [ RunTime:0.000491s ]
INFO: Run Behavior\CheckLangBehavior [ RunTime:0.000788s ]
INFO: [ app_begin ] --END-- [ RunTime:0.001644s ]
SQL: SHOW COLUMNS FROM `cc_cart` [ RunTime:0.0043s ]
ERR: 1054:Unknown column 'undefined' in 'where clause'
 [ SQL语句 ] : UPDATE `cc_cart` SET `quantity`='1' WHERE ( product_id=undefined )
ERR: 1054:Unknown column 'undefined' in 'where clause'
 [ SQL语句 ] : UPDATE `cc_cart` SET `quantity`='1' WHERE ( product_id=undefined )

[ 2017-09-08T09:10:17+08:00 ] 127.0.0.1 /thinkphp/Home/Cart/ajaxCart/cart_id/undefined/quantity/1
INFO: [ app_begin ] --START--
INFO: Run Behavior\ReadHtmlCacheBehavior [ RunTime:0.000548s ]
INFO: Run Behavior\CheckLangBehavior [ RunTime:0.000800s ]
INFO: [ app_begin ] --END-- [ RunTime:0.001758s ]
SQL: SHOW COLUMNS FROM `cc_cart` [ RunTime:0.0043s ]
ERR: 1054:Unknown column 'undefined' in 'where clause'
 [ SQL语句 ] : UPDATE `cc_cart` SET `quantity`='1' WHERE ( product_id=undefined )
ERR: 1054:Unknown column 'undefined' in 'where clause'
 [ SQL语句 ] : UPDATE `cc_cart` SET `quantity`='1' WHERE ( product_id=undefined )

[ 2017-09-08T09:10:18+08:00 ] 127.0.0.1 /thinkphp/Home/Cart/ajaxCart/cart_id/undefined/quantity/1
INFO: [ app_begin ] --START--
INFO: Run Behavior\ReadHtmlCacheBehavior [ RunTime:0.000476s ]
INFO: Run Behavior\CheckLangBehavior [ RunTime:0.000765s ]
INFO: [ app_begin ] --END-- [ RunTime:0.001677s ]
SQL: SHOW COLUMNS FROM `cc_cart` [ RunTime:0.0043s ]
ERR: 1054:Unknown column 'undefined' in 'where clause'
 [ SQL语句 ] : UPDATE `cc_cart` SET `quantity`='1' WHERE ( product_id=undefined )
ERR: 1054:Unknown column 'undefined' in 'where clause'
 [ SQL语句 ] : UPDATE `cc_cart` SET `quantity`='1' WHERE ( product_id=undefined )

[ 2017-09-08T09:10:19+08:00 ] 127.0.0.1 /thinkphp/Home/Cart/ajaxCart/cart_id/undefined/quantity/1
INFO: [ app_begin ] --START--
INFO: Run Behavior\ReadHtmlCacheBehavior [ RunTime:0.000475s ]
INFO: Run Behavior\CheckLangBehavior [ RunTime:0.000751s ]
INFO: [ app_begin ] --END-- [ RunTime:0.001656s ]
SQL: SHOW COLUMNS FROM `cc_cart` [ RunTime:0.0043s ]
ERR: 1054:Unknown column 'undefined' in 'where clause'
 [ SQL语句 ] : UPDATE `cc_cart` SET `quantity`='1' WHERE ( product_id=undefined )
ERR: 1054:Unknown column 'undefined' in 'where clause'
 [ SQL语句 ] : UPDATE `cc_cart` SET `quantity`='1' WHERE ( product_id=undefined )

[ 2017-09-08T10:20:20+08:00 ] 127.0.0.1 /thinkphp/Home/Cart/addressajax/add_id/undefined
INFO: [ app_begin ] --START--
INFO: Run Behavior\ReadHtmlCacheBehavior [ RunTime:0.000410s ]
INFO: Run Behavior\CheckLangBehavior [ RunTime:0.000634s ]
INFO: [ app_begin ] --END-- [ RunTime:0.001419s ]
NOTIC: [2048] Declaration of Home\Controller\CartController::success() should be compatible with Think\Controller::success($message = '', $jumpUrl = '', $ajax = false) E:\4.08\thinkphp\Application\Home\Controller\CartController.class.php 第 4 行.
ERR: 非法操作:addressajax

[ 2017-09-08T10:21:59+08:00 ] 127.0.0.1 /thinkphp/Home/Cart/addressajax/add_id/undefined
INFO: [ app_begin ] --START--
INFO: Run Behavior\ReadHtmlCacheBehavior [ RunTime:0.000558s ]
INFO: Run Behavior\CheckLangBehavior [ RunTime:0.000795s ]
INFO: [ app_begin ] --END-- [ RunTime:0.001826s ]
NOTIC: [2048] Declaration of Home\Controller\CartController::success() should be compatible with Think\Controller::success($message = '', $jumpUrl = '', $ajax = false) E:\4.08\thinkphp\Application\Home\Controller\CartController.class.php 第 4 行.
ERR: 非法操作:addressajax

[ 2017-09-08T10:23:39+08:00 ] 127.0.0.1 /thinkphp/Home/Cart/addressajax/add_id/4
INFO: [ app_begin ] --START--
INFO: Run Behavior\ReadHtmlCacheBehavior [ RunTime:0.000481s ]
INFO: Run Behavior\CheckLangBehavior [ RunTime:0.000700s ]
INFO: [ app_begin ] --END-- [ RunTime:0.001623s ]
NOTIC: [2048] Declaration of Home\Controller\CartController::success() should be compatible with Think\Controller::success($message = '', $jumpUrl = '', $ajax = false) E:\4.08\thinkphp\Application\Home\Controller\CartController.class.php 第 4 行.
ERR: 非法操作:addressajax

[ 2017-09-08T10:24:30+08:00 ] 127.0.0.1 /thinkphp/Home/Person/addressajax/add_id/4
INFO: [ app_begin ] --START--
INFO: Run Behavior\ReadHtmlCacheBehavior [ RunTime:0.000489s ]
INFO: Run Behavior\CheckLangBehavior [ RunTime:0.000750s ]
INFO: [ app_begin ] --END-- [ RunTime:0.001685s ]
SQL: SHOW COLUMNS FROM `cc_address` [ RunTime:0.0039s ]
SQL: UPDATE `cc_address` SET `default`='1' WHERE ( add_id=4 ) [ RunTime:0.0660s ]
SQL: UPDATE `cc_address` SET `default`='0' WHERE ( add_id!=4 ) [ RunTime:0.0296s ]
INFO: [ app_end ] --START--
INFO: Run Behavior\ShowPageTraceBehavior [ RunTime:0.000593s ]
INFO: [ app_end ] --END-- [ RunTime:0.000629s ]

[ 2017-09-08T10:24:35+08:00 ] 127.0.0.1 /thinkphp/Home/Person/addressajax/add_id/2
INFO: [ app_begin ] --START--
INFO: Run Behavior\ReadHtmlCacheBehavior [ RunTime:0.000470s ]
INFO: Run Behavior\CheckLangBehavior [ RunTime:0.000707s ]
INFO: [ app_begin ] --END-- [ RunTime:0.001645s ]
SQL: SHOW COLUMNS FROM `cc_address` [ RunTime:0.0044s ]
SQL: UPDATE `cc_address` SET `default`='1' WHERE ( add_id=2 ) [ RunTime:0.0943s ]
SQL: UPDATE `cc_address` SET `default`='0' WHERE ( add_id!=2 ) [ RunTime:0.0298s ]
INFO: [ app_end ] --START--
INFO: Run Behavior\ShowPageTraceBehavior [ RunTime:0.000573s ]
INFO: [ app_end ] --END-- [ RunTime:0.000609s ]

[ 2017-09-08T10:28:22+08:00 ] 127.0.0.1 /thinkphp/Home/Cart/addressajax/add_id/4
INFO: [ app_begin ] --START--
INFO: Run Behavior\ReadHtmlCacheBehavior [ RunTime:0.000537s ]
INFO: Run Behavior\CheckLangBehavior [ RunTime:0.000865s ]
INFO: [ app_begin ] --END-- [ RunTime:0.001844s ]
NOTIC: [2048] Declaration of Home\Controller\CartController::success() should be compatible with Think\Controller::success($message = '', $jumpUrl = '', $ajax = false) E:\4.08\thinkphp\Application\Home\Controller\CartController.class.php 第 4 行.
ERR: 非法操作:addressajax

[ 2017-09-08T10:28:35+08:00 ] 127.0.0.1 /thinkphp/Home/Cart/addressajax/add_id/4
ERR: 非法操作:addressajax

[ 2017-09-08T10:29:23+08:00 ] 127.0.0.1 /thinkphp/Home/cart/pay/product_id/person/addressajax/add_id/4
INFO: [ app_begin ] --START--
INFO: Run Behavior\ReadHtmlCacheBehavior [ RunTime:0.000468s ]
INFO: Run Behavior\CheckLangBehavior [ RunTime:0.000917s ]
INFO: [ app_begin ] --END-- [ RunTime:0.001777s ]
NOTIC: [2048] Declaration of Home\Controller\CartController::success() should be compatible with Think\Controller::success($message = '', $jumpUrl = '', $ajax = false) E:\4.08\thinkphp\Application\Home\Controller\CartController.class.php 第 4 行.
SQL: SHOW COLUMNS FROM `cc_cart` [ RunTime:0.0044s ]
SQL: SELECT c.*,p.product_name,p.image FROM cc_cart c left join cc_product p on p.product_id = c.product_id  WHERE c.product_id = 'person' AND `user_id` = '27' LIMIT 1   [ RunTime:0.0004s ]
SQL: SHOW COLUMNS FROM `cc_address` [ RunTime:0.0038s ]
SQL: SELECT * FROM cc_address c WHERE ( user_id=27 )  [ RunTime:0.0004s ]
INFO: [ view_parse ] --START--
INFO: [ template_filter ] --START--
INFO: Run Behavior\ContentReplaceBehavior [ RunTime:0.000110s ]
INFO: [ template_filter ] --END-- [ RunTime:0.000147s ]
INFO: Run Behavior\ParseTemplateBehavior [ RunTime:0.012106s ]
INFO: [ view_parse ] --END-- [ RunTime:0.012143s ]
INFO: [ view_filter ] --START--
INFO: Run Behavior\WriteHtmlCacheBehavior [ RunTime:0.000386s ]
INFO: [ view_filter ] --END-- [ RunTime:0.000414s ]
INFO: [ app_end ] --START--
INFO: Run Behavior\ShowPageTraceBehavior [ RunTime:0.000610s ]
INFO: [ app_end ] --END-- [ RunTime:0.000668s ]

[ 2017-09-08T10:30:18+08:00 ] 127.0.0.1 /thinkphp/Home/Cart/addressajax/add_id/4
INFO: [ app_begin ] --START--
INFO: Run Behavior\ReadHtmlCacheBehavior [ RunTime:0.000552s ]
INFO: Run Behavior\CheckLangBehavior [ RunTime:0.000871s ]
INFO: [ app_begin ] --END-- [ RunTime:0.001907s ]
NOTIC: [2048] Declaration of Home\Controller\CartController::success() should be compatible with Think\Controller::success($message = '', $jumpUrl = '', $ajax = false) E:\4.08\thinkphp\Application\Home\Controller\CartController.class.php 第 4 行.
SQL: SHOW COLUMNS FROM `cc_address` [ RunTime:0.0048s ]
SQL: UPDATE `cc_address` SET `default`='1' WHERE ( add_id=4 ) [ RunTime:0.0942s ]
SQL: UPDATE `cc_address` SET `default`='0' WHERE ( add_id!=4 ) [ RunTime:0.0300s ]
INFO: [ app_end ] --START--
INFO: Run Behavior\ShowPageTraceBehavior [ RunTime:0.000655s ]
INFO: [ app_end ] --END-- [ RunTime:0.000693s ]

[ 2017-09-08T10:30:37+08:00 ] 127.0.0.1 /thinkphp/Home/Cart/addressajax/add_id/6
INFO: [ app_begin ] --START--
INFO: Run Behavior\ReadHtmlCacheBehavior [ RunTime:0.000532s ]
INFO: Run Behavior\CheckLangBehavior [ RunTime:0.000824s ]
INFO: [ app_begin ] --END-- [ RunTime:0.001808s ]
NOTIC: [2048] Declaration of Home\Controller\CartController::success() should be compatible with Think\Controller::success($message = '', $jumpUrl = '', $ajax = false) E:\4.08\thinkphp\Application\Home\Controller\CartController.class.php 第 4 行.
SQL: SHOW COLUMNS FROM `cc_address` [ RunTime:0.0044s ]
SQL: UPDATE `cc_address` SET `default`='1' WHERE ( add_id=6 ) [ RunTime:0.0883s ]
SQL: UPDATE `cc_address` SET `default`='0' WHERE ( add_id!=6 ) [ RunTime:0.0288s ]
INFO: [ app_end ] --START--
INFO: Run Behavior\ShowPageTraceBehavior [ RunTime:0.000635s ]
INFO: [ app_end ] --END-- [ RunTime:0.000672s ]

[ 2017-09-08T10:59:49+08:00 ] 127.0.0.1 /thinkphp/Home/Cart/addressajax/add_id/4
INFO: [ app_begin ] --START--
INFO: Run Behavior\ReadHtmlCacheBehavior [ RunTime:0.000493s ]
INFO: Run Behavior\CheckLangBehavior [ RunTime:0.000750s ]
INFO: [ app_begin ] --END-- [ RunTime:0.001658s ]
NOTIC: [2048] Declaration of Home\Controller\CartController::success() should be compatible with Think\Controller::success($message = '', $jumpUrl = '', $ajax = false) E:\4.08\thinkphp\Application\Home\Controller\CartController.class.php 第 4 行.
SQL: SHOW COLUMNS FROM `cc_address` [ RunTime:0.0045s ]
SQL: UPDATE `cc_address` SET `default`='1' WHERE ( add_id=4 ) [ RunTime:0.0985s ]
SQL: UPDATE `cc_address` SET `default`='0' WHERE ( add_id!=4 ) [ RunTime:0.0284s ]
INFO: [ app_end ] --START--
INFO: Run Behavior\ShowPageTraceBehavior [ RunTime:0.000582s ]
INFO: [ app_end ] --END-- [ RunTime:0.000619s ]

[ 2017-09-08T11:12:47+08:00 ] 127.0.0.1 /thinkphp/Home/Cart/addressajax/add_id/6
INFO: [ app_begin ] --START--
INFO: Run Behavior\ReadHtmlCacheBehavior [ RunTime:0.000480s ]
INFO: Run Behavior\CheckLangBehavior [ RunTime:0.000760s ]
INFO: [ app_begin ] --END-- [ RunTime:0.001665s ]
NOTIC: [2048] Declaration of Home\Controller\CartController::success() should be compatible with Think\Controller::success($message = '', $jumpUrl = '', $ajax = false) E:\4.08\thinkphp\Application\Home\Controller\CartController.class.php 第 4 行.
SQL: SHOW COLUMNS FROM `cc_address` [ RunTime:0.0044s ]
SQL: UPDATE `cc_address` SET `default`='1' WHERE ( add_id=6 ) [ RunTime:0.0855s ]
SQL: UPDATE `cc_address` SET `default`='0' WHERE ( add_id!=6 ) [ RunTime:0.0324s ]
SQL: SELECT * FROM `cc_address` WHERE `default` = 1  [ RunTime:0.0003s ]

[ 2017-09-08T11:18:39+08:00 ] 127.0.0.1 /thinkphp/Home/Cart/addressajax/add_id/4
INFO: [ app_begin ] --START--
INFO: Run Behavior\ReadHtmlCacheBehavior [ RunTime:0.000583s ]
INFO: Run Behavior\CheckLangBehavior [ RunTime:0.000852s ]
INFO: [ app_begin ] --END-- [ RunTime:0.001905s ]
NOTIC: [2048] Declaration of Home\Controller\CartController::success() should be compatible with Think\Controller::success($message = '', $jumpUrl = '', $ajax = false) E:\4.08\thinkphp\Application\Home\Controller\CartController.class.php 第 4 行.
SQL: SHOW COLUMNS FROM `cc_address` [ RunTime:0.0041s ]
SQL: UPDATE `cc_address` SET `default`='1' WHERE ( add_id=4 ) [ RunTime:0.0887s ]
SQL: UPDATE `cc_address` SET `default`='0' WHERE ( add_id!=4 ) [ RunTime:0.0284s ]
SQL: SELECT * FROM `cc_address` WHERE `default` = 1  [ RunTime:0.0004s ]

[ 2017-09-08T11:19:17+08:00 ] 127.0.0.1 /thinkphp/Home/Cart/addressajax/add_id/2
INFO: [ app_begin ] --START--
INFO: Run Behavior\ReadHtmlCacheBehavior [ RunTime:0.000557s ]
INFO: Run Behavior\CheckLangBehavior [ RunTime:0.000820s ]
INFO: [ app_begin ] --END-- [ RunTime:0.001845s ]
NOTIC: [2048] Declaration of Home\Controller\CartController::success() should be compatible with Think\Controller::success($message = '', $jumpUrl = '', $ajax = false) E:\4.08\thinkphp\Application\Home\Controller\CartController.class.php 第 4 行.
SQL: SHOW COLUMNS FROM `cc_address` [ RunTime:0.0058s ]
SQL: UPDATE `cc_address` SET `default`='1' WHERE ( add_id=2 ) [ RunTime:0.0877s ]
SQL: UPDATE `cc_address` SET `default`='0' WHERE ( add_id!=2 ) [ RunTime:0.0297s ]
SQL: SELECT * FROM `cc_address` WHERE `default` = 1  [ RunTime:0.0004s ]

