[ 2017-09-05T08:33:09+08:00 ] 127.0.0.1 /thinkphp/Home/person/index.html
ERR: 非法操作:index

[ 2017-09-05T08:37:05+08:00 ] 127.0.0.1 /thinkphp/Home/AmazeUI-2.4.2/assets/css/admin.css
ERR: 无法加载控制器:AmazeUI-2.4.2

[ 2017-09-05T08:37:05+08:00 ] 127.0.0.1 /thinkphp/Home/AmazeUI-2.4.2/assets/css/amazeui.css
ERR: 无法加载控制器:AmazeUI-2.4.2

[ 2017-09-05T08:37:05+08:00 ] 127.0.0.1 /thinkphp/Home/css/personal.css
ERR: 无法加载控制器:Css

[ 2017-09-05T08:37:05+08:00 ] 127.0.0.1 /thinkphp/Home/css/systyle.css
ERR: 无法加载控制器:Css

[ 2017-09-05T08:39:18+08:00 ] 127.0.0.1 /thinkphp/Home/person/_PUBLIC__/Home/css/personal.css
ERR: 非法操作:_PUBLIC__

[ 2017-09-05T08:39:18+08:00 ] 127.0.0.1 /thinkphp/Home/person/_PUBLIC__/AmazeUI-2.4.2/assets/css/amazeui.css
ERR: 非法操作:_PUBLIC__

[ 2017-09-05T08:39:18+08:00 ] 127.0.0.1 /thinkphp/Home/person/_PUBLIC__/Home/css/systyle.css
ERR: 非法操作:_PUBLIC__

[ 2017-09-05T08:42:38+08:00 ] 127.0.0.1 /thinkphp/Home/person/safety.html
ERR: 非法操作:safety

[ 2017-09-05T08:47:06+08:00 ] 127.0.0.1 /thinkphp/Home/Cart/ajaxCart/cart_id/5/quantity/2
INFO: [ app_begin ] --START--
INFO: Run Behavior\ReadHtmlCacheBehavior [ RunTime:0.000502s ]
INFO: Run Behavior\CheckLangBehavior [ RunTime:0.000766s ]
INFO: [ app_begin ] --END-- [ RunTime:0.001718s ]
SQL: SHOW COLUMNS FROM `cc_cart` [ RunTime:0.0043s ]
SQL: UPDATE `cc_cart` SET `quantity`='2' WHERE ( product_id=5 ) [ RunTime:0.1000s ]

[ 2017-09-05T08:47:07+08:00 ] 127.0.0.1 /thinkphp/Home/Cart/ajaxCart/cart_id/5/quantity/3
INFO: [ app_begin ] --START--
INFO: Run Behavior\ReadHtmlCacheBehavior [ RunTime:0.000576s ]
INFO: Run Behavior\CheckLangBehavior [ RunTime:0.000823s ]
INFO: [ app_begin ] --END-- [ RunTime:0.001878s ]
SQL: SHOW COLUMNS FROM `cc_cart` [ RunTime:0.0040s ]
SQL: UPDATE `cc_cart` SET `quantity`='3' WHERE ( product_id=5 ) [ RunTime:0.1018s ]

[ 2017-09-05T08:47:08+08:00 ] 127.0.0.1 /thinkphp/Home/Cart/ajaxCart/cart_id/5/quantity/4
INFO: [ app_begin ] --START--
INFO: Run Behavior\ReadHtmlCacheBehavior [ RunTime:0.000571s ]
INFO: Run Behavior\CheckLangBehavior [ RunTime:0.000906s ]
INFO: [ app_begin ] --END-- [ RunTime:0.001987s ]
SQL: SHOW COLUMNS FROM `cc_cart` [ RunTime:0.0040s ]
SQL: UPDATE `cc_cart` SET `quantity`='4' WHERE ( product_id=5 ) [ RunTime:0.0841s ]

[ 2017-09-05T08:47:18+08:00 ] 127.0.0.1 /thinkphp/Home/Cart/ajaxDel/cart_id/true
INFO: [ app_begin ] --START--
INFO: Run Behavior\ReadHtmlCacheBehavior [ RunTime:0.000592s ]
INFO: Run Behavior\CheckLangBehavior [ RunTime:0.000910s ]
INFO: [ app_begin ] --END-- [ RunTime:0.001977s ]
SQL: SHOW COLUMNS FROM `cc_cart` [ RunTime:0.0042s ]
SQL: DELETE FROM `cc_cart` WHERE ( product_id=true ) [ RunTime:0.0975s ]

[ 2017-09-05T08:47:19+08:00 ] 127.0.0.1 /thinkphp/Home/Cart/ajaxDel/cart_id/true
INFO: [ app_begin ] --START--
INFO: Run Behavior\ReadHtmlCacheBehavior [ RunTime:0.000623s ]
INFO: Run Behavior\CheckLangBehavior [ RunTime:0.000911s ]
INFO: [ app_begin ] --END-- [ RunTime:0.002031s ]
SQL: SHOW COLUMNS FROM `cc_cart` [ RunTime:0.0896s ]
SQL: DELETE FROM `cc_cart` WHERE ( product_id=true ) [ RunTime:0.0002s ]

[ 2017-09-05T08:47:21+08:00 ] 127.0.0.1 /thinkphp/Home/Cart/ajaxDel/cart_id/5
INFO: [ app_begin ] --START--
INFO: Run Behavior\ReadHtmlCacheBehavior [ RunTime:0.000624s ]
INFO: Run Behavior\CheckLangBehavior [ RunTime:0.001237s ]
INFO: [ app_begin ] --END-- [ RunTime:0.002422s ]
SQL: SHOW COLUMNS FROM `cc_cart` [ RunTime:0.0040s ]
SQL: DELETE FROM `cc_cart` WHERE ( product_id=5 ) [ RunTime:0.1022s ]

[ 2017-09-05T08:50:00+08:00 ] 127.0.0.1 /thinkphp/Home/Cart/ajaxCart/cart_id/5/quantity/2
INFO: [ app_begin ] --START--
INFO: Run Behavior\ReadHtmlCacheBehavior [ RunTime:0.000552s ]
INFO: Run Behavior\CheckLangBehavior [ RunTime:0.000860s ]
INFO: [ app_begin ] --END-- [ RunTime:0.001839s ]
SQL: SHOW COLUMNS FROM `cc_cart` [ RunTime:0.0042s ]
SQL: UPDATE `cc_cart` SET `quantity`='2' WHERE ( product_id=5 ) [ RunTime:0.1001s ]

[ 2017-09-05T08:50:01+08:00 ] 127.0.0.1 /thinkphp/Home/Cart/ajaxCart/cart_id/5/quantity/3
INFO: [ app_begin ] --START--
INFO: Run Behavior\ReadHtmlCacheBehavior [ RunTime:0.000641s ]
INFO: Run Behavior\CheckLangBehavior [ RunTime:0.000789s ]
INFO: [ app_begin ] --END-- [ RunTime:0.001946s ]
SQL: SHOW COLUMNS FROM `cc_cart` [ RunTime:0.0911s ]
SQL: UPDATE `cc_cart` SET `quantity`='3' WHERE ( product_id=5 ) [ RunTime:0.0917s ]

[ 2017-09-05T08:50:02+08:00 ] 127.0.0.1 /thinkphp/Home/Cart/ajaxCart/cart_id/5/quantity/4
INFO: [ app_begin ] --START--
INFO: Run Behavior\ReadHtmlCacheBehavior [ RunTime:0.000422s ]
INFO: Run Behavior\CheckLangBehavior [ RunTime:0.000747s ]
INFO: [ app_begin ] --END-- [ RunTime:0.001608s ]
SQL: SHOW COLUMNS FROM `cc_cart` [ RunTime:0.0040s ]
SQL: UPDATE `cc_cart` SET `quantity`='4' WHERE ( product_id=5 ) [ RunTime:0.0950s ]

[ 2017-09-05T09:00:05+08:00 ] 127.0.0.1 /thinkphp/Home/css/addstyle.css
ERR: 无法加载控制器:Css

[ 2017-09-05T09:00:05+08:00 ] 127.0.0.1 /thinkphp/Home/AmazeUI-2.4.2/assets/css/amazeui.css
ERR: 无法加载控制器:AmazeUI-2.4.2

[ 2017-09-05T09:00:05+08:00 ] 127.0.0.1 /thinkphp/Home/css/personal.css
ERR: 无法加载控制器:Css

[ 2017-09-05T09:00:05+08:00 ] 127.0.0.1 /thinkphp/Home/AmazeUI-2.4.2/assets/js/amazeui.js
ERR: 无法加载控制器:AmazeUI-2.4.2

[ 2017-09-05T09:00:05+08:00 ] 127.0.0.1 /thinkphp/Home/AmazeUI-2.4.2/assets/css/admin.css
ERR: 无法加载控制器:AmazeUI-2.4.2

[ 2017-09-05T09:00:05+08:00 ] 127.0.0.1 /thinkphp/Home/AmazeUI-2.4.2/assets/js/jquery.min.js
ERR: 无法加载控制器:AmazeUI-2.4.2

[ 2017-09-05T09:33:07+08:00 ] 127.0.0.1 /thinkphp/Home/person/address.html
ERR: Think\Controller:where方法不存在！

[ 2017-09-05T09:33:10+08:00 ] 127.0.0.1 /thinkphp/Home/person/address.html
ERR: Think\Controller:where方法不存在！

[ 2017-09-05T09:33:23+08:00 ] 127.0.0.1 /thinkphp/Home/person/address.html
ERR: Think\Controller:where方法不存在！

[ 2017-09-05T15:19:28+08:00 ] 127.0.0.1 /thinkphp/Home/cart/10,5
ERR: 非法操作:10,5

[ 2017-09-05T15:20:05+08:00 ] 127.0.0.1 /thinkphp/Home/cart/10,5
ERR: 非法操作:10,5

[ 2017-09-05T16:29:29+08:00 ] 127.0.0.1 /thinkphp/Home/person/person/address/add_id/4
INFO: [ app_begin ] --START--
INFO: Run Behavior\ReadHtmlCacheBehavior [ RunTime:0.000471s ]
INFO: Run Behavior\CheckLangBehavior [ RunTime:0.000762s ]
INFO: [ app_begin ] --END-- [ RunTime:0.001641s ]
ERR: 非法操作:person

[ 2017-09-05T16:29:40+08:00 ] 127.0.0.1 /thinkphp/Home/person/person/address/add_id/4
INFO: [ app_begin ] --START--
INFO: Run Behavior\ReadHtmlCacheBehavior [ RunTime:0.000466s ]
INFO: Run Behavior\CheckLangBehavior [ RunTime:0.000762s ]
INFO: [ app_begin ] --END-- [ RunTime:0.001652s ]
ERR: 非法操作:person

[ 2017-09-05T16:30:31+08:00 ] 127.0.0.1 /thinkphp/Home/Person/address/add_id/4
INFO: [ app_begin ] --START--
INFO: Run Behavior\ReadHtmlCacheBehavior [ RunTime:0.000540s ]
INFO: Run Behavior\CheckLangBehavior [ RunTime:0.000756s ]
INFO: [ app_begin ] --END-- [ RunTime:0.002408s ]
SQL: SHOW COLUMNS FROM `cc_address` [ RunTime:0.0040s ]
SQL: SELECT * FROM cc_address c WHERE ( user_id=27 )  [ RunTime:0.0004s ]
INFO: [ view_parse ] --START--
INFO: [ template_filter ] --START--
INFO: Run Behavior\ContentReplaceBehavior [ RunTime:0.000074s ]
INFO: [ template_filter ] --END-- [ RunTime:0.000111s ]
INFO: Run Behavior\ParseTemplateBehavior [ RunTime:0.008941s ]
INFO: [ view_parse ] --END-- [ RunTime:0.008987s ]
INFO: [ view_filter ] --START--
INFO: Run Behavior\WriteHtmlCacheBehavior [ RunTime:0.000330s ]
INFO: [ view_filter ] --END-- [ RunTime:0.000356s ]
INFO: [ app_end ] --START--
INFO: Run Behavior\ShowPageTraceBehavior [ RunTime:0.000541s ]
INFO: [ app_end ] --END-- [ RunTime:0.000584s ]

[ 2017-09-05T16:30:32+08:00 ] 127.0.0.1 /thinkphp/Home/Person/address/add_id/4
INFO: [ app_begin ] --START--
INFO: Run Behavior\ReadHtmlCacheBehavior [ RunTime:0.000474s ]
INFO: Run Behavior\CheckLangBehavior [ RunTime:0.000714s ]
INFO: [ app_begin ] --END-- [ RunTime:0.001579s ]
SQL: SHOW COLUMNS FROM `cc_address` [ RunTime:0.0061s ]
SQL: SELECT * FROM cc_address c WHERE ( user_id=27 )  [ RunTime:0.0003s ]
INFO: [ view_parse ] --START--
INFO: [ template_filter ] --START--
INFO: Run Behavior\ContentReplaceBehavior [ RunTime:0.000078s ]
INFO: [ template_filter ] --END-- [ RunTime:0.000119s ]
INFO: Run Behavior\ParseTemplateBehavior [ RunTime:0.008874s ]
INFO: [ view_parse ] --END-- [ RunTime:0.008921s ]
INFO: [ view_filter ] --START--
INFO: Run Behavior\WriteHtmlCacheBehavior [ RunTime:0.000302s ]
INFO: [ view_filter ] --END-- [ RunTime:0.000335s ]
INFO: [ app_end ] --START--
INFO: Run Behavior\ShowPageTraceBehavior [ RunTime:0.000587s ]
INFO: [ app_end ] --END-- [ RunTime:0.000642s ]

[ 2017-09-05T16:31:00+08:00 ] 127.0.0.1 /thinkphp/Home/Person/address/add_id/4
INFO: [ app_begin ] --START--
INFO: Run Behavior\ReadHtmlCacheBehavior [ RunTime:0.000502s ]
INFO: Run Behavior\CheckLangBehavior [ RunTime:0.000709s ]
INFO: [ app_begin ] --END-- [ RunTime:0.001633s ]
SQL: SHOW COLUMNS FROM `cc_address` [ RunTime:0.0043s ]
SQL: SELECT * FROM cc_address c WHERE ( user_id=27 )  [ RunTime:0.0004s ]
INFO: [ view_parse ] --START--
INFO: [ template_filter ] --START--
INFO: Run Behavior\ContentReplaceBehavior [ RunTime:0.000077s ]
INFO: [ template_filter ] --END-- [ RunTime:0.000116s ]
INFO: Run Behavior\ParseTemplateBehavior [ RunTime:0.010762s ]
INFO: [ view_parse ] --END-- [ RunTime:0.010803s ]
INFO: [ view_filter ] --START--
INFO: Run Behavior\WriteHtmlCacheBehavior [ RunTime:0.000329s ]
INFO: [ view_filter ] --END-- [ RunTime:0.000369s ]
INFO: [ app_end ] --START--
INFO: Run Behavior\ShowPageTraceBehavior [ RunTime:0.000437s ]
INFO: [ app_end ] --END-- [ RunTime:0.000483s ]

[ 2017-09-05T16:31:02+08:00 ] 127.0.0.1 /thinkphp/Home/Person/address/add_id/6
INFO: [ app_begin ] --START--
INFO: Run Behavior\ReadHtmlCacheBehavior [ RunTime:0.000476s ]
INFO: Run Behavior\CheckLangBehavior [ RunTime:0.000678s ]
INFO: [ app_begin ] --END-- [ RunTime:0.001545s ]
SQL: SHOW COLUMNS FROM `cc_address` [ RunTime:0.0925s ]
SQL: SELECT * FROM cc_address c WHERE ( user_id=27 )  [ RunTime:0.0004s ]
INFO: [ view_parse ] --START--
INFO: [ template_filter ] --START--
INFO: Run Behavior\ContentReplaceBehavior [ RunTime:0.000076s ]
INFO: [ template_filter ] --END-- [ RunTime:0.000115s ]
INFO: Run Behavior\ParseTemplateBehavior [ RunTime:0.009144s ]
INFO: [ view_parse ] --END-- [ RunTime:0.009184s ]
INFO: [ view_filter ] --START--
INFO: Run Behavior\WriteHtmlCacheBehavior [ RunTime:0.000329s ]
INFO: [ view_filter ] --END-- [ RunTime:0.000356s ]
INFO: [ app_end ] --START--
INFO: Run Behavior\ShowPageTraceBehavior [ RunTime:0.000553s ]
INFO: [ app_end ] --END-- [ RunTime:0.000600s ]

[ 2017-09-05T16:32:27+08:00 ] 127.0.0.1 /thinkphp/Home/Person/address/add_id/4
INFO: [ app_begin ] --START--
INFO: Run Behavior\ReadHtmlCacheBehavior [ RunTime:0.000583s ]
INFO: Run Behavior\CheckLangBehavior [ RunTime:0.000692s ]
INFO: [ app_begin ] --END-- [ RunTime:0.001704s ]
SQL: SHOW COLUMNS FROM `cc_address` [ RunTime:0.0047s ]
SQL: SELECT * FROM cc_address c WHERE ( user_id=27 )  [ RunTime:0.0004s ]
INFO: [ view_parse ] --START--
INFO: [ template_filter ] --START--
INFO: Run Behavior\ContentReplaceBehavior [ RunTime:0.000077s ]
INFO: [ template_filter ] --END-- [ RunTime:0.000116s ]
INFO: Run Behavior\ParseTemplateBehavior [ RunTime:0.009145s ]
INFO: [ view_parse ] --END-- [ RunTime:0.009185s ]
INFO: [ view_filter ] --START--
INFO: Run Behavior\WriteHtmlCacheBehavior [ RunTime:0.000325s ]
INFO: [ view_filter ] --END-- [ RunTime:0.000352s ]
INFO: [ app_end ] --START--
INFO: Run Behavior\ShowPageTraceBehavior [ RunTime:0.000533s ]
INFO: [ app_end ] --END-- [ RunTime:0.000585s ]

[ 2017-09-05T16:32:37+08:00 ] 127.0.0.1 /thinkphp/Home/Person/address/add_id/4
INFO: [ app_begin ] --START--
INFO: Run Behavior\ReadHtmlCacheBehavior [ RunTime:0.000543s ]
INFO: Run Behavior\CheckLangBehavior [ RunTime:0.000748s ]
INFO: [ app_begin ] --END-- [ RunTime:0.001709s ]
SQL: SHOW COLUMNS FROM `cc_address` [ RunTime:0.0042s ]
SQL: SELECT * FROM cc_address c WHERE ( user_id=27 )  [ RunTime:0.0004s ]
INFO: [ view_parse ] --START--
INFO: [ template_filter ] --START--
INFO: Run Behavior\ContentReplaceBehavior [ RunTime:0.000076s ]
INFO: [ template_filter ] --END-- [ RunTime:0.000111s ]
INFO: Run Behavior\ParseTemplateBehavior [ RunTime:0.008907s ]
INFO: [ view_parse ] --END-- [ RunTime:0.008952s ]
INFO: [ view_filter ] --START--
INFO: Run Behavior\WriteHtmlCacheBehavior [ RunTime:0.000316s ]
INFO: [ view_filter ] --END-- [ RunTime:0.000343s ]
INFO: [ app_end ] --START--
INFO: Run Behavior\ShowPageTraceBehavior [ RunTime:0.000501s ]
INFO: [ app_end ] --END-- [ RunTime:0.000542s ]

[ 2017-09-05T16:32:38+08:00 ] 127.0.0.1 /thinkphp/Home/Person/address/add_id/4
INFO: [ app_begin ] --START--
INFO: Run Behavior\ReadHtmlCacheBehavior [ RunTime:0.000455s ]
INFO: Run Behavior\CheckLangBehavior [ RunTime:0.000720s ]
INFO: [ app_begin ] --END-- [ RunTime:0.001588s ]
SQL: SHOW COLUMNS FROM `cc_address` [ RunTime:0.0045s ]
SQL: SELECT * FROM cc_address c WHERE ( user_id=27 )  [ RunTime:0.0004s ]
INFO: [ view_parse ] --START--
INFO: [ template_filter ] --START--
INFO: Run Behavior\ContentReplaceBehavior [ RunTime:0.000075s ]
INFO: [ template_filter ] --END-- [ RunTime:0.000110s ]
INFO: Run Behavior\ParseTemplateBehavior [ RunTime:0.008764s ]
INFO: [ view_parse ] --END-- [ RunTime:0.008815s ]
INFO: [ view_filter ] --START--
INFO: Run Behavior\WriteHtmlCacheBehavior [ RunTime:0.000323s ]
INFO: [ view_filter ] --END-- [ RunTime:0.000351s ]
INFO: [ app_end ] --START--
INFO: Run Behavior\ShowPageTraceBehavior [ RunTime:0.000563s ]
INFO: [ app_end ] --END-- [ RunTime:0.000616s ]

[ 2017-09-05T16:32:39+08:00 ] 127.0.0.1 /thinkphp/Home/Person/address/add_id/4
INFO: [ app_begin ] --START--
INFO: Run Behavior\ReadHtmlCacheBehavior [ RunTime:0.000646s ]
INFO: Run Behavior\CheckLangBehavior [ RunTime:0.001050s ]
INFO: [ app_begin ] --END-- [ RunTime:0.002470s ]
SQL: SHOW COLUMNS FROM `cc_address` [ RunTime:0.0041s ]
SQL: SELECT * FROM cc_address c WHERE ( user_id=27 )  [ RunTime:0.0004s ]
INFO: [ view_parse ] --START--
INFO: [ template_filter ] --START--
INFO: Run Behavior\ContentReplaceBehavior [ RunTime:0.000090s ]
INFO: [ template_filter ] --END-- [ RunTime:0.000143s ]
INFO: Run Behavior\ParseTemplateBehavior [ RunTime:0.009389s ]
INFO: [ view_parse ] --END-- [ RunTime:0.009430s ]
INFO: [ view_filter ] --START--
INFO: Run Behavior\WriteHtmlCacheBehavior [ RunTime:0.000312s ]
INFO: [ view_filter ] --END-- [ RunTime:0.000338s ]
INFO: [ app_end ] --START--
INFO: Run Behavior\ShowPageTraceBehavior [ RunTime:0.000577s ]
INFO: [ app_end ] --END-- [ RunTime:0.000637s ]

[ 2017-09-05T16:32:41+08:00 ] 127.0.0.1 /thinkphp/Home/Person/address/add_id/4
INFO: [ app_begin ] --START--
INFO: Run Behavior\ReadHtmlCacheBehavior [ RunTime:0.000445s ]
INFO: Run Behavior\CheckLangBehavior [ RunTime:0.000688s ]
INFO: [ app_begin ] --END-- [ RunTime:0.001533s ]
SQL: SHOW COLUMNS FROM `cc_address` [ RunTime:0.0042s ]
SQL: SELECT * FROM cc_address c WHERE ( user_id=27 )  [ RunTime:0.0004s ]
INFO: [ view_parse ] --START--
INFO: [ template_filter ] --START--
INFO: Run Behavior\ContentReplaceBehavior [ RunTime:0.000077s ]
INFO: [ template_filter ] --END-- [ RunTime:0.000114s ]
INFO: Run Behavior\ParseTemplateBehavior [ RunTime:0.009195s ]
INFO: [ view_parse ] --END-- [ RunTime:0.009237s ]
INFO: [ view_filter ] --START--
INFO: Run Behavior\WriteHtmlCacheBehavior [ RunTime:0.000333s ]
INFO: [ view_filter ] --END-- [ RunTime:0.000360s ]
INFO: [ app_end ] --START--
INFO: Run Behavior\ShowPageTraceBehavior [ RunTime:0.000604s ]
INFO: [ app_end ] --END-- [ RunTime:0.000659s ]

[ 2017-09-05T16:33:22+08:00 ] 127.0.0.1 /thinkphp/Home/Person/address/add_id/4
INFO: [ app_begin ] --START--
INFO: Run Behavior\ReadHtmlCacheBehavior [ RunTime:0.000697s ]
INFO: Run Behavior\CheckLangBehavior [ RunTime:0.001610s ]
INFO: [ app_begin ] --END-- [ RunTime:0.003183s ]
SQL: SHOW COLUMNS FROM `cc_address` [ RunTime:0.0045s ]
SQL: SELECT * FROM cc_address c WHERE ( user_id=27 )  [ RunTime:0.0004s ]
INFO: [ view_parse ] --START--
INFO: [ template_filter ] --START--
INFO: Run Behavior\ContentReplaceBehavior [ RunTime:0.000078s ]
INFO: [ template_filter ] --END-- [ RunTime:0.000114s ]
INFO: Run Behavior\ParseTemplateBehavior [ RunTime:0.008897s ]
INFO: [ view_parse ] --END-- [ RunTime:0.008938s ]
INFO: [ view_filter ] --START--
INFO: Run Behavior\WriteHtmlCacheBehavior [ RunTime:0.000287s ]
INFO: [ view_filter ] --END-- [ RunTime:0.000312s ]
INFO: [ app_end ] --START--
INFO: Run Behavior\ShowPageTraceBehavior [ RunTime:0.000479s ]
INFO: [ app_end ] --END-- [ RunTime:0.000533s ]

[ 2017-09-05T16:34:51+08:00 ] 127.0.0.1 /thinkphp/Home/Person/address/add_id/4
INFO: [ app_begin ] --START--
INFO: Run Behavior\ReadHtmlCacheBehavior [ RunTime:0.000513s ]
INFO: Run Behavior\CheckLangBehavior [ RunTime:0.000775s ]
INFO: [ app_begin ] --END-- [ RunTime:0.001741s ]
SQL: SHOW COLUMNS FROM `cc_address` [ RunTime:0.0043s ]
SQL: SELECT * FROM cc_address c WHERE ( user_id=27 )  [ RunTime:0.0004s ]
INFO: [ view_parse ] --START--
INFO: [ template_filter ] --START--
INFO: Run Behavior\ContentReplaceBehavior [ RunTime:0.000076s ]
INFO: [ template_filter ] --END-- [ RunTime:0.000113s ]
INFO: Run Behavior\ParseTemplateBehavior [ RunTime:0.009149s ]
INFO: [ view_parse ] --END-- [ RunTime:0.009192s ]
INFO: [ view_filter ] --START--
INFO: Run Behavior\WriteHtmlCacheBehavior [ RunTime:0.000312s ]
INFO: [ view_filter ] --END-- [ RunTime:0.000339s ]
INFO: [ app_end ] --START--
INFO: Run Behavior\ShowPageTraceBehavior [ RunTime:0.000491s ]
INFO: [ app_end ] --END-- [ RunTime:0.000542s ]

[ 2017-09-05T16:35:43+08:00 ] 127.0.0.1 /thinkphp/Home/Person/address/add_id/4
INFO: [ app_begin ] --START--
INFO: Run Behavior\ReadHtmlCacheBehavior [ RunTime:0.000495s ]
INFO: Run Behavior\CheckLangBehavior [ RunTime:0.000717s ]
INFO: [ app_begin ] --END-- [ RunTime:0.001660s ]
SQL: SHOW COLUMNS FROM `cc_address` [ RunTime:0.0044s ]
SQL: SELECT * FROM cc_address c WHERE ( user_id=27 )  [ RunTime:0.0004s ]
INFO: [ view_parse ] --START--
INFO: [ template_filter ] --START--
INFO: Run Behavior\ContentReplaceBehavior [ RunTime:0.000077s ]
INFO: [ template_filter ] --END-- [ RunTime:0.000114s ]
INFO: Run Behavior\ParseTemplateBehavior [ RunTime:0.009224s ]
INFO: [ view_parse ] --END-- [ RunTime:0.009269s ]
INFO: [ view_filter ] --START--
INFO: Run Behavior\WriteHtmlCacheBehavior [ RunTime:0.000325s ]
INFO: [ view_filter ] --END-- [ RunTime:0.000352s ]
INFO: [ app_end ] --START--
INFO: Run Behavior\ShowPageTraceBehavior [ RunTime:0.000470s ]
INFO: [ app_end ] --END-- [ RunTime:0.000518s ]

[ 2017-09-05T16:35:45+08:00 ] 127.0.0.1 /thinkphp/Home/Person/address/add_id/4
INFO: [ app_begin ] --START--
INFO: Run Behavior\ReadHtmlCacheBehavior [ RunTime:0.000592s ]
INFO: Run Behavior\CheckLangBehavior [ RunTime:0.001536s ]
INFO: [ app_begin ] --END-- [ RunTime:0.002739s ]
SQL: SHOW COLUMNS FROM `cc_address` [ RunTime:0.0044s ]
SQL: SELECT * FROM cc_address c WHERE ( user_id=27 )  [ RunTime:0.0003s ]
INFO: [ view_parse ] --START--
INFO: [ template_filter ] --START--
INFO: Run Behavior\ContentReplaceBehavior [ RunTime:0.000077s ]
INFO: [ template_filter ] --END-- [ RunTime:0.000114s ]
INFO: Run Behavior\ParseTemplateBehavior [ RunTime:0.009218s ]
INFO: [ view_parse ] --END-- [ RunTime:0.009265s ]
INFO: [ view_filter ] --START--
INFO: Run Behavior\WriteHtmlCacheBehavior [ RunTime:0.000331s ]
INFO: [ view_filter ] --END-- [ RunTime:0.000358s ]
INFO: [ app_end ] --START--
INFO: Run Behavior\ShowPageTraceBehavior [ RunTime:0.000495s ]
INFO: [ app_end ] --END-- [ RunTime:0.000543s ]

[ 2017-09-05T16:36:49+08:00 ] 127.0.0.1 /thinkphp/Home/Person/address/add/4
INFO: [ app_begin ] --START--
INFO: Run Behavior\ReadHtmlCacheBehavior [ RunTime:0.000481s ]
INFO: Run Behavior\CheckLangBehavior [ RunTime:0.000712s ]
INFO: [ app_begin ] --END-- [ RunTime:0.001567s ]
SQL: SHOW COLUMNS FROM `cc_address` [ RunTime:0.0047s ]
SQL: SELECT * FROM cc_address c WHERE ( user_id=27 )  [ RunTime:0.0004s ]
INFO: [ view_parse ] --START--
INFO: [ template_filter ] --START--
INFO: Run Behavior\ContentReplaceBehavior [ RunTime:0.000107s ]
INFO: [ template_filter ] --END-- [ RunTime:0.000157s ]
INFO: Run Behavior\ParseTemplateBehavior [ RunTime:0.010345s ]
INFO: [ view_parse ] --END-- [ RunTime:0.010395s ]
INFO: [ view_filter ] --START--
INFO: Run Behavior\WriteHtmlCacheBehavior [ RunTime:0.000405s ]
INFO: [ view_filter ] --END-- [ RunTime:0.000433s ]
INFO: [ app_end ] --START--
INFO: Run Behavior\ShowPageTraceBehavior [ RunTime:0.000600s ]
INFO: [ app_end ] --END-- [ RunTime:0.000649s ]

[ 2017-09-05T16:36:59+08:00 ] 127.0.0.1 /thinkphp/Home/Person/address/add/4
INFO: [ app_begin ] --START--
INFO: Run Behavior\ReadHtmlCacheBehavior [ RunTime:0.000536s ]
INFO: Run Behavior\CheckLangBehavior [ RunTime:0.000765s ]
INFO: [ app_begin ] --END-- [ RunTime:0.001765s ]
SQL: SHOW COLUMNS FROM `cc_address` [ RunTime:0.0045s ]
SQL: SELECT * FROM cc_address c WHERE ( user_id=27 )  [ RunTime:0.0004s ]
INFO: [ view_parse ] --START--
INFO: [ template_filter ] --START--
INFO: Run Behavior\ContentReplaceBehavior [ RunTime:0.000075s ]
INFO: [ template_filter ] --END-- [ RunTime:0.000109s ]
INFO: Run Behavior\ParseTemplateBehavior [ RunTime:0.008893s ]
INFO: [ view_parse ] --END-- [ RunTime:0.008935s ]
INFO: [ view_filter ] --START--
INFO: Run Behavior\WriteHtmlCacheBehavior [ RunTime:0.000349s ]
INFO: [ view_filter ] --END-- [ RunTime:0.000376s ]
INFO: [ app_end ] --START--
INFO: Run Behavior\ShowPageTraceBehavior [ RunTime:0.000564s ]
INFO: [ app_end ] --END-- [ RunTime:0.000612s ]

[ 2017-09-05T16:37:25+08:00 ] 127.0.0.1 /thinkphp/Home/Person/address/add/4
INFO: [ app_begin ] --START--
INFO: Run Behavior\ReadHtmlCacheBehavior [ RunTime:0.000449s ]
INFO: Run Behavior\CheckLangBehavior [ RunTime:0.000758s ]
INFO: [ app_begin ] --END-- [ RunTime:0.001612s ]
SQL: SHOW COLUMNS FROM `cc_address` [ RunTime:0.0044s ]
SQL: SELECT * FROM cc_address c WHERE ( user_id=27 )  [ RunTime:0.0004s ]
INFO: [ view_parse ] --START--
INFO: [ template_filter ] --START--
INFO: Run Behavior\ContentReplaceBehavior [ RunTime:0.000076s ]
INFO: [ template_filter ] --END-- [ RunTime:0.000113s ]
INFO: Run Behavior\ParseTemplateBehavior [ RunTime:0.009193s ]
INFO: [ view_parse ] --END-- [ RunTime:0.009236s ]
INFO: [ view_filter ] --START--
INFO: Run Behavior\WriteHtmlCacheBehavior [ RunTime:0.000325s ]
INFO: [ view_filter ] --END-- [ RunTime:0.000351s ]
INFO: [ app_end ] --START--
INFO: Run Behavior\ShowPageTraceBehavior [ RunTime:0.000503s ]
INFO: [ app_end ] --END-- [ RunTime:0.000552s ]

[ 2017-09-05T16:39:42+08:00 ] 127.0.0.1 /thinkphp/Home/Person/address/add/4
INFO: [ app_begin ] --START--
INFO: Run Behavior\ReadHtmlCacheBehavior [ RunTime:0.000571s ]
INFO: Run Behavior\CheckLangBehavior [ RunTime:0.000810s ]
INFO: [ app_begin ] --END-- [ RunTime:0.001858s ]
SQL: SHOW COLUMNS FROM `cc_address` [ RunTime:0.0044s ]
SQL: SELECT * FROM cc_address c WHERE ( user_id=27 )  [ RunTime:0.0004s ]
INFO: [ view_parse ] --START--
INFO: [ template_filter ] --START--
INFO: Run Behavior\ContentReplaceBehavior [ RunTime:0.000075s ]
INFO: [ template_filter ] --END-- [ RunTime:0.000111s ]
INFO: Run Behavior\ParseTemplateBehavior [ RunTime:0.009155s ]
INFO: [ view_parse ] --END-- [ RunTime:0.009198s ]
INFO: [ view_filter ] --START--
INFO: Run Behavior\WriteHtmlCacheBehavior [ RunTime:0.000384s ]
INFO: [ view_filter ] --END-- [ RunTime:0.000410s ]
INFO: [ app_end ] --START--
INFO: Run Behavior\ShowPageTraceBehavior [ RunTime:0.000679s ]
INFO: [ app_end ] --END-- [ RunTime:0.000725s ]

[ 2017-09-05T16:39:46+08:00 ] 127.0.0.1 /thinkphp/Home/Person/address/add/7
INFO: [ app_begin ] --START--
INFO: Run Behavior\ReadHtmlCacheBehavior [ RunTime:0.000445s ]
INFO: Run Behavior\CheckLangBehavior [ RunTime:0.000719s ]
INFO: [ app_begin ] --END-- [ RunTime:0.001561s ]
SQL: SHOW COLUMNS FROM `cc_address` [ RunTime:0.0044s ]
SQL: SELECT * FROM cc_address c WHERE ( user_id=27 )  [ RunTime:0.0004s ]
INFO: [ view_parse ] --START--
INFO: [ template_filter ] --START--
INFO: Run Behavior\ContentReplaceBehavior [ RunTime:0.000075s ]
INFO: [ template_filter ] --END-- [ RunTime:0.000114s ]
INFO: Run Behavior\ParseTemplateBehavior [ RunTime:0.009284s ]
INFO: [ view_parse ] --END-- [ RunTime:0.009324s ]
INFO: [ view_filter ] --START--
INFO: Run Behavior\WriteHtmlCacheBehavior [ RunTime:0.000336s ]
INFO: [ view_filter ] --END-- [ RunTime:0.000367s ]
INFO: [ app_end ] --START--
INFO: Run Behavior\ShowPageTraceBehavior [ RunTime:0.000621s ]
INFO: [ app_end ] --END-- [ RunTime:0.000695s ]

[ 2017-09-05T16:39:48+08:00 ] 127.0.0.1 /thinkphp/Home/Person/address/add/6
INFO: [ app_begin ] --START--
INFO: Run Behavior\ReadHtmlCacheBehavior [ RunTime:0.000566s ]
INFO: Run Behavior\CheckLangBehavior [ RunTime:0.000746s ]
INFO: [ app_begin ] --END-- [ RunTime:0.002249s ]
SQL: SHOW COLUMNS FROM `cc_address` [ RunTime:0.0042s ]
SQL: SELECT * FROM cc_address c WHERE ( user_id=27 )  [ RunTime:0.0003s ]
INFO: [ view_parse ] --START--
INFO: [ template_filter ] --START--
INFO: Run Behavior\ContentReplaceBehavior [ RunTime:0.000075s ]
INFO: [ template_filter ] --END-- [ RunTime:0.000110s ]
INFO: Run Behavior\ParseTemplateBehavior [ RunTime:0.009070s ]
INFO: [ view_parse ] --END-- [ RunTime:0.009115s ]
INFO: [ view_filter ] --START--
INFO: Run Behavior\WriteHtmlCacheBehavior [ RunTime:0.000328s ]
INFO: [ view_filter ] --END-- [ RunTime:0.000365s ]
INFO: [ app_end ] --START--
INFO: Run Behavior\ShowPageTraceBehavior [ RunTime:0.000622s ]
INFO: [ app_end ] --END-- [ RunTime:0.000684s ]

[ 2017-09-05T16:42:49+08:00 ] 127.0.0.1 /thinkphp/Home/person/address.html
ERR: 1064:You have an error in your SQL syntax; check the manual that corresponds to your MySQL server version for the right syntax to use near ')' at line 1
 [ SQL语句 ] : UPDATE `cc_address` SET `default`='1' WHERE ( add_id= )

[ 2017-09-05T16:44:58+08:00 ] 127.0.0.1 /thinkphp/Home/person/address.html
ERR: 参数错误或者未定义:add_id

[ 2017-09-05T16:47:03+08:00 ] 127.0.0.1 /thinkphp/Home/Person/addressajax/add_id/6
INFO: [ app_begin ] --START--
INFO: Run Behavior\ReadHtmlCacheBehavior [ RunTime:0.000402s ]
INFO: Run Behavior\CheckLangBehavior [ RunTime:0.000692s ]
INFO: [ app_begin ] --END-- [ RunTime:0.001486s ]
SQL: SHOW COLUMNS FROM `cc_address` [ RunTime:0.0047s ]
SQL: UPDATE `cc_address` SET `default`='1' WHERE ( add_id=6 ) [ RunTime:0.1065s ]
INFO: [ app_end ] --START--
INFO: Run Behavior\ShowPageTraceBehavior [ RunTime:0.000570s ]
INFO: [ app_end ] --END-- [ RunTime:0.000603s ]

[ 2017-09-05T16:49:10+08:00 ] 127.0.0.1 /thinkphp/Home/Person/addressajax/add_id/7
INFO: [ app_begin ] --START--
INFO: Run Behavior\ReadHtmlCacheBehavior [ RunTime:0.000474s ]
INFO: Run Behavior\CheckLangBehavior [ RunTime:0.000721s ]
INFO: [ app_begin ] --END-- [ RunTime:0.001589s ]
SQL: SHOW COLUMNS FROM `cc_address` [ RunTime:0.0040s ]
SQL: UPDATE `cc_address` SET `default`='1' WHERE ( add_id=7 ) [ RunTime:0.0854s ]
SQL: UPDATE `cc_address` SET `default`='0' WHERE ( add_id!=7 ) [ RunTime:0.0320s ]
INFO: [ app_end ] --START--
INFO: Run Behavior\ShowPageTraceBehavior [ RunTime:0.000639s ]
INFO: [ app_end ] --END-- [ RunTime:0.000692s ]

[ 2017-09-05T16:49:43+08:00 ] 127.0.0.1 /thinkphp/Home/Person/addressajax/add_id/2
INFO: [ app_begin ] --START--
INFO: Run Behavior\ReadHtmlCacheBehavior [ RunTime:0.000580s ]
INFO: Run Behavior\CheckLangBehavior [ RunTime:0.000781s ]
INFO: [ app_begin ] --END-- [ RunTime:0.001805s ]
SQL: SHOW COLUMNS FROM `cc_address` [ RunTime:0.0045s ]
SQL: UPDATE `cc_address` SET `default`='1' WHERE ( add_id=2 ) [ RunTime:0.1042s ]
SQL: UPDATE `cc_address` SET `default`='0' WHERE ( add_id!=2 ) [ RunTime:0.0305s ]
INFO: [ app_end ] --START--
INFO: Run Behavior\ShowPageTraceBehavior [ RunTime:0.000576s ]
INFO: [ app_end ] --END-- [ RunTime:0.000611s ]

[ 2017-09-05T17:30:22+08:00 ] 127.0.0.1 /thinkphp/Home/cart/pay/product_id/8,10.html
ERR: 1052:Column 'product_id' in where clause is ambiguous
 [ SQL语句 ] : SELECT c.*,p.product_name FROM cc_cart c left join cc_product p on p.product_id = c.product_id  WHERE ( product_id=8 ) 

[ 2017-09-05T17:30:54+08:00 ] 127.0.0.1 /thinkphp/Home/cart/pay/product_id/8,10.html
ERR: 1052:Column 'product_id' in where clause is ambiguous
 [ SQL语句 ] : SELECT c.*,p.product_name FROM cc_cart c left join cc_product p on p.product_id = c.product_id  WHERE ( product_id=8 ) 

[ 2017-09-05T17:34:03+08:00 ] 127.0.0.1 /thinkphp/Home/cart/pay/product_id/10,5.html
ERR: 1052:Column 'product_id' in where clause is ambiguous
 [ SQL语句 ] : SELECT c.*,p.product_name FROM cc_cart c left join cc_product p on p.product_id = c.product_id  WHERE `product_id` = '10' AND `user_id` = '27' 

[ 2017-09-05T17:49:58+08:00 ] 127.0.0.1 /thinkphp/Home/Cart/ajaxCart/cart_id/undefined/quantity/2
INFO: [ app_begin ] --START--
INFO: Run Behavior\ReadHtmlCacheBehavior [ RunTime:0.000461s ]
INFO: Run Behavior\CheckLangBehavior [ RunTime:0.000719s ]
INFO: [ app_begin ] --END-- [ RunTime:0.001612s ]
SQL: SHOW COLUMNS FROM `cc_cart` [ RunTime:0.0041s ]
ERR: 1054:Unknown column 'undefined' in 'where clause'
 [ SQL语句 ] : UPDATE `cc_cart` SET `quantity`='2' WHERE ( product_id=undefined )
ERR: 1054:Unknown column 'undefined' in 'where clause'
 [ SQL语句 ] : UPDATE `cc_cart` SET `quantity`='2' WHERE ( product_id=undefined )

[ 2017-09-05T17:55:04+08:00 ] 127.0.0.1 /thinkphp/Home/Cart/ajaxCart/cart_id/undefined/quantity/1
INFO: [ app_begin ] --START--
INFO: Run Behavior\ReadHtmlCacheBehavior [ RunTime:0.000423s ]
INFO: Run Behavior\CheckLangBehavior [ RunTime:0.000723s ]
INFO: [ app_begin ] --END-- [ RunTime:0.001594s ]
SQL: SHOW COLUMNS FROM `cc_cart` [ RunTime:0.0042s ]
ERR: 1054:Unknown column 'undefined' in 'where clause'
 [ SQL语句 ] : UPDATE `cc_cart` SET `quantity`='1' WHERE ( product_id=undefined )
ERR: 1054:Unknown column 'undefined' in 'where clause'
 [ SQL语句 ] : UPDATE `cc_cart` SET `quantity`='1' WHERE ( product_id=undefined )

[ 2017-09-05T17:55:05+08:00 ] 127.0.0.1 /thinkphp/Home/Cart/ajaxCart/cart_id/undefined/quantity/1
INFO: [ app_begin ] --START--
INFO: Run Behavior\ReadHtmlCacheBehavior [ RunTime:0.000459s ]
INFO: Run Behavior\CheckLangBehavior [ RunTime:0.000717s ]
INFO: [ app_begin ] --END-- [ RunTime:0.001599s ]
SQL: SHOW COLUMNS FROM `cc_cart` [ RunTime:0.0217s ]
ERR: 1054:Unknown column 'undefined' in 'where clause'
 [ SQL语句 ] : UPDATE `cc_cart` SET `quantity`='1' WHERE ( product_id=undefined )
ERR: 1054:Unknown column 'undefined' in 'where clause'
 [ SQL语句 ] : UPDATE `cc_cart` SET `quantity`='1' WHERE ( product_id=undefined )

[ 2017-09-05T17:55:06+08:00 ] 127.0.0.1 /thinkphp/Home/Cart/ajaxCart/cart_id/undefined/quantity/1
INFO: [ app_begin ] --START--
INFO: Run Behavior\ReadHtmlCacheBehavior [ RunTime:0.000444s ]
INFO: Run Behavior\CheckLangBehavior [ RunTime:0.000613s ]
INFO: [ app_begin ] --END-- [ RunTime:0.001472s ]
SQL: SHOW COLUMNS FROM `cc_cart` [ RunTime:0.0045s ]
ERR: 1054:Unknown column 'undefined' in 'where clause'
 [ SQL语句 ] : UPDATE `cc_cart` SET `quantity`='1' WHERE ( product_id=undefined )
ERR: 1054:Unknown column 'undefined' in 'where clause'
 [ SQL语句 ] : UPDATE `cc_cart` SET `quantity`='1' WHERE ( product_id=undefined )

[ 2017-09-05T17:55:07+08:00 ] 127.0.0.1 /thinkphp/Home/Cart/ajaxCart/cart_id/undefined/quantity/1
INFO: [ app_begin ] --START--
INFO: Run Behavior\ReadHtmlCacheBehavior [ RunTime:0.000486s ]
INFO: Run Behavior\CheckLangBehavior [ RunTime:0.000728s ]
INFO: [ app_begin ] --END-- [ RunTime:0.001601s ]
SQL: SHOW COLUMNS FROM `cc_cart` [ RunTime:0.0042s ]
ERR: 1054:Unknown column 'undefined' in 'where clause'
 [ SQL语句 ] : UPDATE `cc_cart` SET `quantity`='1' WHERE ( product_id=undefined )
ERR: 1054:Unknown column 'undefined' in 'where clause'
 [ SQL语句 ] : UPDATE `cc_cart` SET `quantity`='1' WHERE ( product_id=undefined )

[ 2017-09-05T17:55:08+08:00 ] 127.0.0.1 /thinkphp/Home/Cart/ajaxCart/cart_id/undefined/quantity/1
INFO: [ app_begin ] --START--
INFO: Run Behavior\ReadHtmlCacheBehavior [ RunTime:0.000490s ]
INFO: Run Behavior\CheckLangBehavior [ RunTime:0.000725s ]
INFO: [ app_begin ] --END-- [ RunTime:0.001627s ]
SQL: SHOW COLUMNS FROM `cc_cart` [ RunTime:0.0044s ]
ERR: 1054:Unknown column 'undefined' in 'where clause'
 [ SQL语句 ] : UPDATE `cc_cart` SET `quantity`='1' WHERE ( product_id=undefined )
ERR: 1054:Unknown column 'undefined' in 'where clause'
 [ SQL语句 ] : UPDATE `cc_cart` SET `quantity`='1' WHERE ( product_id=undefined )

[ 2017-09-05T17:55:09+08:00 ] 127.0.0.1 /thinkphp/Home/Cart/ajaxCart/cart_id/undefined/quantity/1
INFO: [ app_begin ] --START--
INFO: Run Behavior\ReadHtmlCacheBehavior [ RunTime:0.000559s ]
INFO: Run Behavior\CheckLangBehavior [ RunTime:0.000809s ]
INFO: [ app_begin ] --END-- [ RunTime:0.001824s ]
SQL: SHOW COLUMNS FROM `cc_cart` [ RunTime:0.0044s ]
ERR: 1054:Unknown column 'undefined' in 'where clause'
 [ SQL语句 ] : UPDATE `cc_cart` SET `quantity`='1' WHERE ( product_id=undefined )
ERR: 1054:Unknown column 'undefined' in 'where clause'
 [ SQL语句 ] : UPDATE `cc_cart` SET `quantity`='1' WHERE ( product_id=undefined )

[ 2017-09-05T17:55:10+08:00 ] 127.0.0.1 /thinkphp/Home/Cart/ajaxCart/cart_id/undefined/quantity/1
INFO: [ app_begin ] --START--
INFO: Run Behavior\ReadHtmlCacheBehavior [ RunTime:0.000618s ]
INFO: Run Behavior\CheckLangBehavior [ RunTime:0.000810s ]
INFO: [ app_begin ] --END-- [ RunTime:0.001910s ]
SQL: SHOW COLUMNS FROM `cc_cart` [ RunTime:0.0041s ]
ERR: 1054:Unknown column 'undefined' in 'where clause'
 [ SQL语句 ] : UPDATE `cc_cart` SET `quantity`='1' WHERE ( product_id=undefined )
ERR: 1054:Unknown column 'undefined' in 'where clause'
 [ SQL语句 ] : UPDATE `cc_cart` SET `quantity`='1' WHERE ( product_id=undefined )

[ 2017-09-05T17:55:11+08:00 ] 127.0.0.1 /thinkphp/Home/Cart/ajaxCart/cart_id/undefined/quantity/1
INFO: [ app_begin ] --START--
INFO: Run Behavior\ReadHtmlCacheBehavior [ RunTime:0.000692s ]
INFO: Run Behavior\CheckLangBehavior [ RunTime:0.001010s ]
INFO: [ app_begin ] --END-- [ RunTime:0.002220s ]
SQL: SHOW COLUMNS FROM `cc_cart` [ RunTime:0.0044s ]
ERR: 1054:Unknown column 'undefined' in 'where clause'
 [ SQL语句 ] : UPDATE `cc_cart` SET `quantity`='1' WHERE ( product_id=undefined )
ERR: 1054:Unknown column 'undefined' in 'where clause'
 [ SQL语句 ] : UPDATE `cc_cart` SET `quantity`='1' WHERE ( product_id=undefined )

[ 2017-09-05T17:55:12+08:00 ] 127.0.0.1 /thinkphp/Home/Cart/ajaxCart/cart_id/undefined/quantity/1
INFO: [ app_begin ] --START--
INFO: Run Behavior\ReadHtmlCacheBehavior [ RunTime:0.000686s ]
INFO: Run Behavior\CheckLangBehavior [ RunTime:0.001034s ]
INFO: [ app_begin ] --END-- [ RunTime:0.002228s ]
SQL: SHOW COLUMNS FROM `cc_cart` [ RunTime:0.0043s ]
ERR: 1054:Unknown column 'undefined' in 'where clause'
 [ SQL语句 ] : UPDATE `cc_cart` SET `quantity`='1' WHERE ( product_id=undefined )
ERR: 1054:Unknown column 'undefined' in 'where clause'
 [ SQL语句 ] : UPDATE `cc_cart` SET `quantity`='1' WHERE ( product_id=undefined )

[ 2017-09-05T17:55:13+08:00 ] 127.0.0.1 /thinkphp/Home/Cart/ajaxCart/cart_id/undefined/quantity/1
INFO: [ app_begin ] --START--
INFO: Run Behavior\ReadHtmlCacheBehavior [ RunTime:0.000411s ]
INFO: Run Behavior\CheckLangBehavior [ RunTime:0.000615s ]
INFO: [ app_begin ] --END-- [ RunTime:0.001357s ]
SQL: SHOW COLUMNS FROM `cc_cart` [ RunTime:0.0043s ]
ERR: 1054:Unknown column 'undefined' in 'where clause'
 [ SQL语句 ] : UPDATE `cc_cart` SET `quantity`='1' WHERE ( product_id=undefined )
ERR: 1054:Unknown column 'undefined' in 'where clause'
 [ SQL语句 ] : UPDATE `cc_cart` SET `quantity`='1' WHERE ( product_id=undefined )

[ 2017-09-05T17:55:15+08:00 ] 127.0.0.1 /thinkphp/Home/Cart/ajaxCart/cart_id/undefined/quantity/1
INFO: [ app_begin ] --START--
INFO: Run Behavior\ReadHtmlCacheBehavior [ RunTime:0.000500s ]
INFO: Run Behavior\CheckLangBehavior [ RunTime:0.000664s ]
INFO: [ app_begin ] --END-- [ RunTime:0.001507s ]
SQL: SHOW COLUMNS FROM `cc_cart` [ RunTime:0.0044s ]
ERR: 1054:Unknown column 'undefined' in 'where clause'
 [ SQL语句 ] : UPDATE `cc_cart` SET `quantity`='1' WHERE ( product_id=undefined )
ERR: 1054:Unknown column 'undefined' in 'where clause'
 [ SQL语句 ] : UPDATE `cc_cart` SET `quantity`='1' WHERE ( product_id=undefined )

[ 2017-09-05T17:55:16+08:00 ] 127.0.0.1 /thinkphp/Home/Cart/ajaxCart/cart_id/undefined/quantity/1
INFO: [ app_begin ] --START--
INFO: Run Behavior\ReadHtmlCacheBehavior [ RunTime:0.000545s ]
INFO: Run Behavior\CheckLangBehavior [ RunTime:0.000628s ]
INFO: [ app_begin ] --END-- [ RunTime:0.001520s ]
SQL: SHOW COLUMNS FROM `cc_cart` [ RunTime:0.0045s ]
ERR: 1054:Unknown column 'undefined' in 'where clause'
 [ SQL语句 ] : UPDATE `cc_cart` SET `quantity`='1' WHERE ( product_id=undefined )
ERR: 1054:Unknown column 'undefined' in 'where clause'
 [ SQL语句 ] : UPDATE `cc_cart` SET `quantity`='1' WHERE ( product_id=undefined )

