[ 2017-08-15T10:23:33+08:00 ] 127.0.0.1 /thinkphp/Home/js/jquery.js
ERR: 无法加载控制器:Js

[ 2017-08-15T10:36:06+08:00 ] 127.0.0.1 /thinkphp/Home/Product/ajaxComment/pingjia/1
INFO: [ app_begin ] --START--
INFO: Run Behavior\ReadHtmlCacheBehavior [ RunTime:0.000707s ]
INFO: [ app_begin ] --END-- [ RunTime:0.001442s ]
ERR: 非法操作:ajaxComment

[ 2017-08-15T10:36:28+08:00 ] 127.0.0.1 /thinkphp/Home/Product/ajaxComment/pingjia/1
INFO: [ app_begin ] --START--
INFO: Run Behavior\ReadHtmlCacheBehavior [ RunTime:0.000580s ]
INFO: [ app_begin ] --END-- [ RunTime:0.000998s ]
ERR: 非法操作:ajaxComment

[ 2017-08-15T10:36:30+08:00 ] 127.0.0.1 /thinkphp/Home/Product/ajaxComment/pingjia/3
INFO: [ app_begin ] --START--
INFO: Run Behavior\ReadHtmlCacheBehavior [ RunTime:0.000493s ]
INFO: [ app_begin ] --END-- [ RunTime:0.000910s ]
ERR: 非法操作:ajaxComment

[ 2017-08-15T10:53:45+08:00 ] 127.0.0.1 /thinkphp/Home/Product/ajaxComment/pingjia/1
INFO: [ app_begin ] --START--
INFO: Run Behavior\ReadHtmlCacheBehavior [ RunTime:0.000528s ]
INFO: [ app_begin ] --END-- [ RunTime:0.000937s ]
SQL: SHOW COLUMNS FROM `cc_product_comment` [ RunTime:0.0048s ]
SQL: SELECT * FROM `cc_product_comment` WHERE ( degree=1 )  [ RunTime:0.0004s ]
INFO: [ app_end ] --START--
INFO: Run Behavior\ShowPageTraceBehavior [ RunTime:0.000645s ]
INFO: [ app_end ] --END-- [ RunTime:0.000703s ]

[ 2017-08-15T10:54:38+08:00 ] 127.0.0.1 /thinkphp/Home/Product/ajaxComment/pingjia/1
INFO: [ app_begin ] --START--
INFO: Run Behavior\ReadHtmlCacheBehavior [ RunTime:0.001155s ]
INFO: [ app_begin ] --END-- [ RunTime:0.002125s ]
SQL: SHOW COLUMNS FROM `cc_product_comment` [ RunTime:0.0047s ]
SQL: SELECT * FROM `cc_product_comment` WHERE ( degree=1 )  [ RunTime:0.0003s ]
INFO: [ app_end ] --START--
INFO: Run Behavior\ShowPageTraceBehavior [ RunTime:0.000723s ]
INFO: [ app_end ] --END-- [ RunTime:0.000763s ]

[ 2017-08-15T10:55:46+08:00 ] 127.0.0.1 /thinkphp/Home/Product/ajaxComment/pingjia/1
INFO: [ app_begin ] --START--
INFO: Run Behavior\ReadHtmlCacheBehavior [ RunTime:0.000566s ]
INFO: [ app_begin ] --END-- [ RunTime:0.001049s ]
SQL: SHOW COLUMNS FROM `cc_product_comment` [ RunTime:0.0047s ]
SQL: SELECT * FROM `cc_product_comment` WHERE ( degree=1 )  [ RunTime:0.0004s ]
INFO: [ app_end ] --START--
INFO: Run Behavior\ShowPageTraceBehavior [ RunTime:0.000727s ]
INFO: [ app_end ] --END-- [ RunTime:0.000767s ]

[ 2017-08-15T10:55:49+08:00 ] 127.0.0.1 /thinkphp/Home/Product/ajaxComment/pingjia/3
INFO: [ app_begin ] --START--
INFO: Run Behavior\ReadHtmlCacheBehavior [ RunTime:0.000816s ]
INFO: [ app_begin ] --END-- [ RunTime:0.001541s ]
SQL: SHOW COLUMNS FROM `cc_product_comment` [ RunTime:0.0046s ]
SQL: SELECT * FROM `cc_product_comment` WHERE ( degree=3 )  [ RunTime:0.0003s ]
INFO: [ app_end ] --START--
INFO: Run Behavior\ShowPageTraceBehavior [ RunTime:0.000571s ]
INFO: [ app_end ] --END-- [ RunTime:0.000606s ]

[ 2017-08-15T10:56:47+08:00 ] 127.0.0.1 /thinkphp/Home/Product/ajaxComment/pingjia/1
INFO: [ app_begin ] --START--
INFO: Run Behavior\ReadHtmlCacheBehavior [ RunTime:0.000543s ]
INFO: [ app_begin ] --END-- [ RunTime:0.000972s ]
SQL: SHOW COLUMNS FROM `cc_product_comment` [ RunTime:0.0047s ]
SQL: SELECT * FROM `cc_product_comment` WHERE ( degree=1 )  [ RunTime:0.0003s ]
INFO: [ app_end ] --START--
INFO: Run Behavior\ShowPageTraceBehavior [ RunTime:0.000644s ]
INFO: [ app_end ] --END-- [ RunTime:0.000679s ]

[ 2017-08-15T10:57:56+08:00 ] 127.0.0.1 /thinkphp/Home/Product/ajaxComment/pingjia/1
INFO: [ app_begin ] --START--
INFO: Run Behavior\ReadHtmlCacheBehavior [ RunTime:0.000589s ]
INFO: [ app_begin ] --END-- [ RunTime:0.001007s ]
SQL: SHOW COLUMNS FROM `cc_product_comment` [ RunTime:0.0047s ]
SQL: SELECT * FROM `cc_product_comment` WHERE ( degree=1 )  [ RunTime:0.0003s ]
INFO: [ app_end ] --START--
INFO: Run Behavior\ShowPageTraceBehavior [ RunTime:0.000725s ]
INFO: [ app_end ] --END-- [ RunTime:0.000764s ]

[ 2017-08-15T10:57:58+08:00 ] 127.0.0.1 /thinkphp/Home/Product/ajaxComment/pingjia/1
INFO: [ app_begin ] --START--
INFO: Run Behavior\ReadHtmlCacheBehavior [ RunTime:0.000513s ]
INFO: [ app_begin ] --END-- [ RunTime:0.000917s ]
SQL: SHOW COLUMNS FROM `cc_product_comment` [ RunTime:0.0203s ]
SQL: SELECT * FROM `cc_product_comment` WHERE ( degree=1 )  [ RunTime:0.0004s ]
INFO: [ app_end ] --START--
INFO: Run Behavior\ShowPageTraceBehavior [ RunTime:0.000598s ]
INFO: [ app_end ] --END-- [ RunTime:0.000642s ]

[ 2017-08-15T10:57:59+08:00 ] 127.0.0.1 /thinkphp/Home/Product/ajaxComment/pingjia/3
INFO: [ app_begin ] --START--
INFO: Run Behavior\ReadHtmlCacheBehavior [ RunTime:0.000541s ]
INFO: [ app_begin ] --END-- [ RunTime:0.000967s ]
SQL: SHOW COLUMNS FROM `cc_product_comment` [ RunTime:0.0051s ]
SQL: SELECT * FROM `cc_product_comment` WHERE ( degree=3 )  [ RunTime:0.0003s ]
INFO: [ app_end ] --START--
INFO: Run Behavior\ShowPageTraceBehavior [ RunTime:0.000680s ]
INFO: [ app_end ] --END-- [ RunTime:0.000716s ]

[ 2017-08-15T10:58:00+08:00 ] 127.0.0.1 /thinkphp/Home/Product/ajaxComment/pingjia/1
INFO: [ app_begin ] --START--
INFO: Run Behavior\ReadHtmlCacheBehavior [ RunTime:0.000487s ]
INFO: [ app_begin ] --END-- [ RunTime:0.000907s ]
SQL: SHOW COLUMNS FROM `cc_product_comment` [ RunTime:0.0050s ]
SQL: SELECT * FROM `cc_product_comment` WHERE ( degree=1 )  [ RunTime:0.0003s ]
INFO: [ app_end ] --START--
INFO: Run Behavior\ShowPageTraceBehavior [ RunTime:0.000643s ]
INFO: [ app_end ] --END-- [ RunTime:0.000686s ]

[ 2017-08-15T10:58:01+08:00 ] 127.0.0.1 /thinkphp/Home/Product/ajaxComment/pingjia/3
INFO: [ app_begin ] --START--
INFO: Run Behavior\ReadHtmlCacheBehavior [ RunTime:0.000519s ]
INFO: [ app_begin ] --END-- [ RunTime:0.000906s ]
SQL: SHOW COLUMNS FROM `cc_product_comment` [ RunTime:0.0050s ]
SQL: SELECT * FROM `cc_product_comment` WHERE ( degree=3 )  [ RunTime:0.0003s ]
INFO: [ app_end ] --START--
INFO: Run Behavior\ShowPageTraceBehavior [ RunTime:0.000619s ]
INFO: [ app_end ] --END-- [ RunTime:0.000653s ]

[ 2017-08-15T10:58:55+08:00 ] 127.0.0.1 /thinkphp/Home/Product/ajaxComment/pingjia/2
INFO: [ app_begin ] --START--
INFO: Run Behavior\ReadHtmlCacheBehavior [ RunTime:0.000639s ]
INFO: [ app_begin ] --END-- [ RunTime:0.001059s ]
SQL: SHOW COLUMNS FROM `cc_product_comment` [ RunTime:0.0042s ]
SQL: SELECT * FROM `cc_product_comment` WHERE ( degree=2 )  [ RunTime:0.0004s ]
INFO: [ app_end ] --START--
INFO: Run Behavior\ShowPageTraceBehavior [ RunTime:0.000603s ]
INFO: [ app_end ] --END-- [ RunTime:0.000637s ]

[ 2017-08-15T10:58:56+08:00 ] 127.0.0.1 /thinkphp/Home/Product/ajaxComment/pingjia/3
INFO: [ app_begin ] --START--
INFO: Run Behavior\ReadHtmlCacheBehavior [ RunTime:0.000487s ]
INFO: [ app_begin ] --END-- [ RunTime:0.000933s ]
SQL: SHOW COLUMNS FROM `cc_product_comment` [ RunTime:0.0042s ]
SQL: SELECT * FROM `cc_product_comment` WHERE ( degree=3 )  [ RunTime:0.0003s ]
INFO: [ app_end ] --START--
INFO: Run Behavior\ShowPageTraceBehavior [ RunTime:0.000659s ]
INFO: [ app_end ] --END-- [ RunTime:0.000702s ]

[ 2017-08-15T10:58:58+08:00 ] 127.0.0.1 /thinkphp/Home/Product/ajaxComment/pingjia/3
INFO: [ app_begin ] --START--
INFO: Run Behavior\ReadHtmlCacheBehavior [ RunTime:0.000510s ]
INFO: [ app_begin ] --END-- [ RunTime:0.000933s ]
SQL: SHOW COLUMNS FROM `cc_product_comment` [ RunTime:0.0040s ]
SQL: SELECT * FROM `cc_product_comment` WHERE ( degree=3 )  [ RunTime:0.0003s ]
INFO: [ app_end ] --START--
INFO: Run Behavior\ShowPageTraceBehavior [ RunTime:0.000640s ]
INFO: [ app_end ] --END-- [ RunTime:0.000682s ]

[ 2017-08-15T10:58:59+08:00 ] 127.0.0.1 /thinkphp/Home/Product/ajaxComment/pingjia/3
INFO: [ app_begin ] --START--
INFO: Run Behavior\ReadHtmlCacheBehavior [ RunTime:0.000558s ]
INFO: [ app_begin ] --END-- [ RunTime:0.000976s ]
SQL: SHOW COLUMNS FROM `cc_product_comment` [ RunTime:0.0048s ]
SQL: SELECT * FROM `cc_product_comment` WHERE ( degree=3 )  [ RunTime:0.0003s ]
INFO: [ app_end ] --START--
INFO: Run Behavior\ShowPageTraceBehavior [ RunTime:0.000633s ]
INFO: [ app_end ] --END-- [ RunTime:0.000687s ]

[ 2017-08-15T10:59:00+08:00 ] 127.0.0.1 /thinkphp/Home/Product/ajaxComment/pingjia/3
INFO: [ app_begin ] --START--
INFO: Run Behavior\ReadHtmlCacheBehavior [ RunTime:0.000487s ]
INFO: [ app_begin ] --END-- [ RunTime:0.000832s ]
SQL: SHOW COLUMNS FROM `cc_product_comment` [ RunTime:0.0047s ]
SQL: SELECT * FROM `cc_product_comment` WHERE ( degree=3 )  [ RunTime:0.0003s ]
INFO: [ app_end ] --START--
INFO: Run Behavior\ShowPageTraceBehavior [ RunTime:0.000729s ]
INFO: [ app_end ] --END-- [ RunTime:0.000771s ]

[ 2017-08-15T10:59:37+08:00 ] 127.0.0.1 /thinkphp/Home/Product/ajaxComment/pingjia/1
INFO: [ app_begin ] --START--
INFO: Run Behavior\ReadHtmlCacheBehavior [ RunTime:0.000962s ]
INFO: [ app_begin ] --END-- [ RunTime:0.001375s ]
SQL: SHOW COLUMNS FROM `cc_product_comment` [ RunTime:0.0042s ]
SQL: SELECT * FROM `cc_product_comment` WHERE ( degree=1 )  [ RunTime:0.0003s ]
INFO: [ app_end ] --START--
INFO: Run Behavior\ShowPageTraceBehavior [ RunTime:0.000666s ]
INFO: [ app_end ] --END-- [ RunTime:0.000702s ]

[ 2017-08-15T10:59:39+08:00 ] 127.0.0.1 /thinkphp/Home/Product/ajaxComment/pingjia/1
INFO: [ app_begin ] --START--
INFO: Run Behavior\ReadHtmlCacheBehavior [ RunTime:0.000551s ]
INFO: [ app_begin ] --END-- [ RunTime:0.000930s ]
SQL: SHOW COLUMNS FROM `cc_product_comment` [ RunTime:0.0042s ]
SQL: SELECT * FROM `cc_product_comment` WHERE ( degree=1 )  [ RunTime:0.0004s ]
INFO: [ app_end ] --START--
INFO: Run Behavior\ShowPageTraceBehavior [ RunTime:0.000634s ]
INFO: [ app_end ] --END-- [ RunTime:0.000674s ]

[ 2017-08-15T10:59:41+08:00 ] 127.0.0.1 /thinkphp/Home/Product/ajaxComment/pingjia/1
INFO: [ app_begin ] --START--
INFO: Run Behavior\ReadHtmlCacheBehavior [ RunTime:0.000472s ]
INFO: [ app_begin ] --END-- [ RunTime:0.000886s ]
SQL: SHOW COLUMNS FROM `cc_product_comment` [ RunTime:0.0043s ]
SQL: SELECT * FROM `cc_product_comment` WHERE ( degree=1 )  [ RunTime:0.0003s ]
INFO: [ app_end ] --START--
INFO: Run Behavior\ShowPageTraceBehavior [ RunTime:0.000583s ]
INFO: [ app_end ] --END-- [ RunTime:0.000619s ]

[ 2017-08-15T10:59:42+08:00 ] 127.0.0.1 /thinkphp/Home/Product/ajaxComment/pingjia/1
INFO: [ app_begin ] --START--
INFO: Run Behavior\ReadHtmlCacheBehavior [ RunTime:0.000419s ]
INFO: [ app_begin ] --END-- [ RunTime:0.000781s ]
SQL: SHOW COLUMNS FROM `cc_product_comment` [ RunTime:0.0046s ]
SQL: SELECT * FROM `cc_product_comment` WHERE ( degree=1 )  [ RunTime:0.0004s ]
INFO: [ app_end ] --START--
INFO: Run Behavior\ShowPageTraceBehavior [ RunTime:0.000589s ]
INFO: [ app_end ] --END-- [ RunTime:0.000633s ]

[ 2017-08-15T11:00:21+08:00 ] 127.0.0.1 /thinkphp/Home/Product/ajaxComment/pingjia/1
INFO: [ app_begin ] --START--
INFO: Run Behavior\ReadHtmlCacheBehavior [ RunTime:0.000486s ]
INFO: [ app_begin ] --END-- [ RunTime:0.000897s ]
SQL: SHOW COLUMNS FROM `cc_product_comment` [ RunTime:0.0046s ]
SQL: SELECT * FROM `cc_product_comment` WHERE ( degree=1 )  [ RunTime:0.0003s ]
INFO: [ app_end ] --START--
INFO: Run Behavior\ShowPageTraceBehavior [ RunTime:0.000614s ]
INFO: [ app_end ] --END-- [ RunTime:0.000653s ]

[ 2017-08-15T11:00:23+08:00 ] 127.0.0.1 /thinkphp/Home/Product/ajaxComment/pingjia/1
INFO: [ app_begin ] --START--
INFO: Run Behavior\ReadHtmlCacheBehavior [ RunTime:0.000513s ]
INFO: [ app_begin ] --END-- [ RunTime:0.000935s ]
SQL: SHOW COLUMNS FROM `cc_product_comment` [ RunTime:0.0041s ]
SQL: SELECT * FROM `cc_product_comment` WHERE ( degree=1 )  [ RunTime:0.0003s ]
INFO: [ app_end ] --START--
INFO: Run Behavior\ShowPageTraceBehavior [ RunTime:0.000574s ]
INFO: [ app_end ] --END-- [ RunTime:0.000609s ]

[ 2017-08-15T11:01:26+08:00 ] 127.0.0.1 /thinkphp/Home/Product/ajaxComment/pingjia/1
INFO: [ app_begin ] --START--
INFO: Run Behavior\ReadHtmlCacheBehavior [ RunTime:0.000514s ]
INFO: [ app_begin ] --END-- [ RunTime:0.000932s ]
SQL: SHOW COLUMNS FROM `cc_product_comment` [ RunTime:0.0047s ]
SQL: SELECT * FROM `cc_product_comment` WHERE ( degree=1 )  [ RunTime:0.0004s ]
INFO: [ app_end ] --START--
INFO: Run Behavior\ShowPageTraceBehavior [ RunTime:0.000567s ]
INFO: [ app_end ] --END-- [ RunTime:0.000602s ]

[ 2017-08-15T11:02:18+08:00 ] 127.0.0.1 /thinkphp/Home/Product/ajaxComment/pingjia/1
INFO: [ app_begin ] --START--
INFO: Run Behavior\ReadHtmlCacheBehavior [ RunTime:0.000404s ]
INFO: [ app_begin ] --END-- [ RunTime:0.000740s ]
SQL: SHOW COLUMNS FROM `cc_product_comment` [ RunTime:0.0047s ]
SQL: SELECT * FROM `cc_product_comment` WHERE ( degree=1 )  [ RunTime:0.0003s ]
INFO: [ app_end ] --START--
INFO: Run Behavior\ShowPageTraceBehavior [ RunTime:0.000633s ]
INFO: [ app_end ] --END-- [ RunTime:0.000672s ]

[ 2017-08-15T11:02:23+08:00 ] 127.0.0.1 /thinkphp/Home/Product/ajaxComment/pingjia/3
INFO: [ app_begin ] --START--
INFO: Run Behavior\ReadHtmlCacheBehavior [ RunTime:0.000983s ]
INFO: [ app_begin ] --END-- [ RunTime:0.001897s ]
SQL: SHOW COLUMNS FROM `cc_product_comment` [ RunTime:0.0047s ]
SQL: SELECT * FROM `cc_product_comment` WHERE ( degree=3 )  [ RunTime:0.0003s ]
INFO: [ app_end ] --START--
INFO: Run Behavior\ShowPageTraceBehavior [ RunTime:0.000639s ]
INFO: [ app_end ] --END-- [ RunTime:0.000679s ]

[ 2017-08-15T11:02:25+08:00 ] 127.0.0.1 /thinkphp/Home/Product/ajaxComment/pingjia/3
INFO: [ app_begin ] --START--
INFO: Run Behavior\ReadHtmlCacheBehavior [ RunTime:0.000470s ]
INFO: [ app_begin ] --END-- [ RunTime:0.000878s ]
SQL: SHOW COLUMNS FROM `cc_product_comment` [ RunTime:0.0039s ]
SQL: SELECT * FROM `cc_product_comment` WHERE ( degree=3 )  [ RunTime:0.0004s ]
INFO: [ app_end ] --START--
INFO: Run Behavior\ShowPageTraceBehavior [ RunTime:0.000596s ]
INFO: [ app_end ] --END-- [ RunTime:0.000631s ]

[ 2017-08-15T11:03:12+08:00 ] 127.0.0.1 /thinkphp/Home/Product/ajaxComment/pingjia/1
INFO: [ app_begin ] --START--
INFO: Run Behavior\ReadHtmlCacheBehavior [ RunTime:0.000439s ]
INFO: [ app_begin ] --END-- [ RunTime:0.000853s ]
SQL: SHOW COLUMNS FROM `cc_product_comment` [ RunTime:0.0048s ]
SQL: SELECT * FROM `cc_product_comment` WHERE ( degree=1 )  [ RunTime:0.0004s ]

[ 2017-08-15T11:07:01+08:00 ] 127.0.0.1 /thinkphp/Home/Product/ajaxComment/pingjia/1
INFO: [ app_begin ] --START--
INFO: Run Behavior\ReadHtmlCacheBehavior [ RunTime:0.000519s ]
INFO: [ app_begin ] --END-- [ RunTime:0.000907s ]
SQL: SHOW COLUMNS FROM `cc_product_comment` [ RunTime:0.0049s ]
SQL: SELECT * FROM `cc_product_comment` WHERE ( degree=1 )  [ RunTime:0.0003s ]

[ 2017-08-15T11:07:58+08:00 ] 127.0.0.1 /thinkphp/Home/Product/ajaxComment/pingjia/1
INFO: [ app_begin ] --START--
INFO: Run Behavior\ReadHtmlCacheBehavior [ RunTime:0.000458s ]
INFO: [ app_begin ] --END-- [ RunTime:0.000882s ]
SQL: SHOW COLUMNS FROM `cc_product_comment` [ RunTime:0.0047s ]
SQL: SELECT * FROM `cc_product_comment` WHERE ( degree=1 )  [ RunTime:0.0003s ]

[ 2017-08-15T11:08:30+08:00 ] 127.0.0.1 /thinkphp/Home/Product/ajaxComment/pingjia/1
INFO: [ app_begin ] --START--
INFO: Run Behavior\ReadHtmlCacheBehavior [ RunTime:0.000642s ]
INFO: [ app_begin ] --END-- [ RunTime:0.001137s ]
SQL: SHOW COLUMNS FROM `cc_product_comment` [ RunTime:0.0042s ]
SQL: SELECT * FROM `cc_product_comment` WHERE ( degree=1 )  [ RunTime:0.0003s ]

[ 2017-08-15T11:08:43+08:00 ] 127.0.0.1 /thinkphp/Home/Product/ajaxComment/pingjia/3
INFO: [ app_begin ] --START--
INFO: Run Behavior\ReadHtmlCacheBehavior [ RunTime:0.000479s ]
INFO: [ app_begin ] --END-- [ RunTime:0.000883s ]
SQL: SHOW COLUMNS FROM `cc_product_comment` [ RunTime:0.0043s ]
SQL: SELECT * FROM `cc_product_comment` WHERE ( degree=3 )  [ RunTime:0.0004s ]

[ 2017-08-15T11:08:52+08:00 ] 127.0.0.1 /thinkphp/Home/Product/ajaxComment/pingjia/1
INFO: [ app_begin ] --START--
INFO: Run Behavior\ReadHtmlCacheBehavior [ RunTime:0.000493s ]
INFO: [ app_begin ] --END-- [ RunTime:0.000927s ]
SQL: SHOW COLUMNS FROM `cc_product_comment` [ RunTime:0.0047s ]
SQL: SELECT * FROM `cc_product_comment` WHERE ( degree=1 )  [ RunTime:0.0003s ]

[ 2017-08-15T11:14:48+08:00 ] 127.0.0.1 /thinkphp/Home/Product/ajaxComment/pingjia/1
INFO: [ app_begin ] --START--
INFO: Run Behavior\ReadHtmlCacheBehavior [ RunTime:0.000610s ]
INFO: [ app_begin ] --END-- [ RunTime:0.001045s ]
SQL: SHOW COLUMNS FROM `cc_product_comment` [ RunTime:0.0046s ]
SQL: SELECT * FROM `cc_product_comment` WHERE ( degree=1 )  [ RunTime:0.0003s ]

[ 2017-08-15T11:15:07+08:00 ] 127.0.0.1 /thinkphp/Home/Product/ajaxComment/pingjia/3
INFO: [ app_begin ] --START--
INFO: Run Behavior\ReadHtmlCacheBehavior [ RunTime:0.000405s ]
INFO: [ app_begin ] --END-- [ RunTime:0.000733s ]
SQL: SHOW COLUMNS FROM `cc_product_comment` [ RunTime:0.0044s ]
SQL: SELECT * FROM `cc_product_comment` WHERE ( degree=3 )  [ RunTime:0.0004s ]

[ 2017-08-15T11:15:11+08:00 ] 127.0.0.1 /thinkphp/Home/Product/ajaxComment/pingjia/0
INFO: [ app_begin ] --START--
INFO: Run Behavior\ReadHtmlCacheBehavior [ RunTime:0.000774s ]
INFO: [ app_begin ] --END-- [ RunTime:0.001443s ]
SQL: SHOW COLUMNS FROM `cc_product_comment` [ RunTime:0.0068s ]
SQL: SELECT * FROM `cc_product_comment` WHERE ( degree=0 )  [ RunTime:0.0004s ]

[ 2017-08-15T11:15:15+08:00 ] 127.0.0.1 /thinkphp/Home/Product/ajaxComment/pingjia/3
INFO: [ app_begin ] --START--
INFO: Run Behavior\ReadHtmlCacheBehavior [ RunTime:0.000398s ]
INFO: [ app_begin ] --END-- [ RunTime:0.000737s ]
SQL: SHOW COLUMNS FROM `cc_product_comment` [ RunTime:0.0044s ]
SQL: SELECT * FROM `cc_product_comment` WHERE ( degree=3 )  [ RunTime:0.0004s ]

[ 2017-08-15T11:15:17+08:00 ] 127.0.0.1 /thinkphp/Home/Product/ajaxComment/pingjia/1
INFO: [ app_begin ] --START--
INFO: Run Behavior\ReadHtmlCacheBehavior [ RunTime:0.000560s ]
INFO: [ app_begin ] --END-- [ RunTime:0.001941s ]
SQL: SHOW COLUMNS FROM `cc_product_comment` [ RunTime:0.0049s ]
SQL: SELECT * FROM `cc_product_comment` WHERE ( degree=1 )  [ RunTime:0.0003s ]

[ 2017-08-15T11:15:20+08:00 ] 127.0.0.1 /thinkphp/Home/Product/ajaxComment/pingjia/2
INFO: [ app_begin ] --START--
INFO: Run Behavior\ReadHtmlCacheBehavior [ RunTime:0.000890s ]
INFO: [ app_begin ] --END-- [ RunTime:0.001566s ]
SQL: SHOW COLUMNS FROM `cc_product_comment` [ RunTime:0.0046s ]
SQL: SELECT * FROM `cc_product_comment` WHERE ( degree=2 )  [ RunTime:0.0004s ]

[ 2017-08-15T11:18:06+08:00 ] 127.0.0.1 /thinkphp/Home/Product/ajaxComment/pingjia/0
INFO: [ app_begin ] --START--
INFO: Run Behavior\ReadHtmlCacheBehavior [ RunTime:0.000534s ]
INFO: [ app_begin ] --END-- [ RunTime:0.001329s ]
SQL: SHOW COLUMNS FROM `cc_product_comment` [ RunTime:0.0044s ]
SQL: SELECT * FROM `cc_product_comment` WHERE ( degree=0 )  [ RunTime:0.0003s ]

[ 2017-08-15T11:21:59+08:00 ] 127.0.0.1 /thinkphp/Home/Product/ajaxComment/pingjia/1
INFO: [ app_begin ] --START--
INFO: Run Behavior\ReadHtmlCacheBehavior [ RunTime:0.000420s ]
INFO: [ app_begin ] --END-- [ RunTime:0.000756s ]
SQL: SHOW COLUMNS FROM `cc_product_comment` [ RunTime:0.0047s ]
SQL: SELECT * FROM `cc_product_comment` WHERE ( degree=1 )  [ RunTime:0.0003s ]

[ 2017-08-15T11:22:01+08:00 ] 127.0.0.1 /thinkphp/Home/Product/ajaxComment/pingjia/3
INFO: [ app_begin ] --START--
INFO: Run Behavior\ReadHtmlCacheBehavior [ RunTime:0.000543s ]
INFO: [ app_begin ] --END-- [ RunTime:0.000914s ]
SQL: SHOW COLUMNS FROM `cc_product_comment` [ RunTime:0.0047s ]
SQL: SELECT * FROM `cc_product_comment` WHERE ( degree=3 )  [ RunTime:0.0004s ]

[ 2017-08-15T11:24:27+08:00 ] 127.0.0.1 /thinkphp/Home/Product/ajaxComment/pingjia/1
INFO: [ app_begin ] --START--
INFO: Run Behavior\ReadHtmlCacheBehavior [ RunTime:0.000547s ]
INFO: [ app_begin ] --END-- [ RunTime:0.000990s ]
SQL: SHOW COLUMNS FROM `cc_product_comment` [ RunTime:0.0041s ]
SQL: SELECT * FROM `cc_product_comment` WHERE ( degree=1 )  [ RunTime:0.0003s ]

[ 2017-08-15T11:24:31+08:00 ] 127.0.0.1 /thinkphp/Home/Product/ajaxComment/pingjia/3
INFO: [ app_begin ] --START--
INFO: Run Behavior\ReadHtmlCacheBehavior [ RunTime:0.000479s ]
INFO: [ app_begin ] --END-- [ RunTime:0.000906s ]
SQL: SHOW COLUMNS FROM `cc_product_comment` [ RunTime:0.0045s ]
SQL: SELECT * FROM `cc_product_comment` WHERE ( degree=3 )  [ RunTime:0.0003s ]

[ 2017-08-15T11:24:35+08:00 ] 127.0.0.1 /thinkphp/Home/Product/ajaxComment/pingjia/3
INFO: [ app_begin ] --START--
INFO: Run Behavior\ReadHtmlCacheBehavior [ RunTime:0.000821s ]
INFO: [ app_begin ] --END-- [ RunTime:0.001937s ]
SQL: SHOW COLUMNS FROM `cc_product_comment` [ RunTime:0.0044s ]
SQL: SELECT * FROM `cc_product_comment` WHERE ( degree=3 )  [ RunTime:0.0004s ]

[ 2017-08-15T11:24:38+08:00 ] 127.0.0.1 /thinkphp/Home/Product/ajaxComment/pingjia/0
INFO: [ app_begin ] --START--
INFO: Run Behavior\ReadHtmlCacheBehavior [ RunTime:0.001026s ]
INFO: [ app_begin ] --END-- [ RunTime:0.001642s ]
SQL: SHOW COLUMNS FROM `cc_product_comment` [ RunTime:0.0044s ]
SQL: SELECT * FROM `cc_product_comment` WHERE ( degree=0 )  [ RunTime:0.0003s ]

[ 2017-08-15T11:24:44+08:00 ] 127.0.0.1 /thinkphp/Home/Product/ajaxComment/pingjia/1
INFO: [ app_begin ] --START--
INFO: Run Behavior\ReadHtmlCacheBehavior [ RunTime:0.000480s ]
INFO: [ app_begin ] --END-- [ RunTime:0.000923s ]
SQL: SHOW COLUMNS FROM `cc_product_comment` [ RunTime:0.0042s ]
SQL: SELECT * FROM `cc_product_comment` WHERE ( degree=1 )  [ RunTime:0.0003s ]

[ 2017-08-15T11:24:47+08:00 ] 127.0.0.1 /thinkphp/Home/Product/ajaxComment/pingjia/3
INFO: [ app_begin ] --START--
INFO: Run Behavior\ReadHtmlCacheBehavior [ RunTime:0.000837s ]
INFO: [ app_begin ] --END-- [ RunTime:0.001434s ]
SQL: SHOW COLUMNS FROM `cc_product_comment` [ RunTime:0.0069s ]
SQL: SELECT * FROM `cc_product_comment` WHERE ( degree=3 )  [ RunTime:0.0004s ]

[ 2017-08-15T11:24:51+08:00 ] 127.0.0.1 /thinkphp/Home/Product/ajaxComment/pingjia/2
INFO: [ app_begin ] --START--
INFO: Run Behavior\ReadHtmlCacheBehavior [ RunTime:0.000936s ]
INFO: [ app_begin ] --END-- [ RunTime:0.001874s ]
SQL: SHOW COLUMNS FROM `cc_product_comment` [ RunTime:0.0043s ]
SQL: SELECT * FROM `cc_product_comment` WHERE ( degree=2 )  [ RunTime:0.0004s ]

[ 2017-08-15T11:24:54+08:00 ] 127.0.0.1 /thinkphp/Home/Product/ajaxComment/pingjia/1
INFO: [ app_begin ] --START--
INFO: Run Behavior\ReadHtmlCacheBehavior [ RunTime:0.001046s ]
INFO: [ app_begin ] --END-- [ RunTime:0.001958s ]
SQL: SHOW COLUMNS FROM `cc_product_comment` [ RunTime:0.0039s ]
SQL: SELECT * FROM `cc_product_comment` WHERE ( degree=1 )  [ RunTime:0.0003s ]

[ 2017-08-15T11:24:56+08:00 ] 127.0.0.1 /thinkphp/Home/Product/ajaxComment/pingjia/2
INFO: [ app_begin ] --START--
INFO: Run Behavior\ReadHtmlCacheBehavior [ RunTime:0.000710s ]
INFO: [ app_begin ] --END-- [ RunTime:0.001585s ]
SQL: SHOW COLUMNS FROM `cc_product_comment` [ RunTime:0.0046s ]
SQL: SELECT * FROM `cc_product_comment` WHERE ( degree=2 )  [ RunTime:0.0003s ]

[ 2017-08-15T11:24:58+08:00 ] 127.0.0.1 /thinkphp/Home/Product/ajaxComment/pingjia/3
INFO: [ app_begin ] --START--
INFO: Run Behavior\ReadHtmlCacheBehavior [ RunTime:0.000488s ]
INFO: [ app_begin ] --END-- [ RunTime:0.001445s ]
SQL: SHOW COLUMNS FROM `cc_product_comment` [ RunTime:0.0048s ]
SQL: SELECT * FROM `cc_product_comment` WHERE ( degree=3 )  [ RunTime:0.0004s ]

[ 2017-08-15T11:25:33+08:00 ] 127.0.0.1 /thinkphp/Home/Product/ajaxComment/pingjia/1
INFO: [ app_begin ] --START--
INFO: Run Behavior\ReadHtmlCacheBehavior [ RunTime:0.000499s ]
INFO: [ app_begin ] --END-- [ RunTime:0.001210s ]
SQL: SHOW COLUMNS FROM `cc_product_comment` [ RunTime:0.0040s ]
SQL: SELECT * FROM `cc_product_comment` WHERE ( degree=1 )  [ RunTime:0.0003s ]

[ 2017-08-15T11:25:35+08:00 ] 127.0.0.1 /thinkphp/Home/Product/ajaxComment/pingjia/2
INFO: [ app_begin ] --START--
INFO: Run Behavior\ReadHtmlCacheBehavior [ RunTime:0.001236s ]
INFO: [ app_begin ] --END-- [ RunTime:0.001990s ]
SQL: SHOW COLUMNS FROM `cc_product_comment` [ RunTime:0.0045s ]
SQL: SELECT * FROM `cc_product_comment` WHERE ( degree=2 )  [ RunTime:0.0003s ]

[ 2017-08-15T11:25:39+08:00 ] 127.0.0.1 /thinkphp/Home/Product/ajaxComment/pingjia/3
INFO: [ app_begin ] --START--
INFO: Run Behavior\ReadHtmlCacheBehavior [ RunTime:0.000760s ]
INFO: [ app_begin ] --END-- [ RunTime:0.001432s ]
SQL: SHOW COLUMNS FROM `cc_product_comment` [ RunTime:0.0045s ]
SQL: SELECT * FROM `cc_product_comment` WHERE ( degree=3 )  [ RunTime:0.0004s ]

[ 2017-08-15T11:30:10+08:00 ] 127.0.0.1 /thinkphp/Home/Product/ajaxComment/pingjia/1
INFO: [ app_begin ] --START--
INFO: Run Behavior\ReadHtmlCacheBehavior [ RunTime:0.000590s ]
INFO: [ app_begin ] --END-- [ RunTime:0.001018s ]
SQL: SHOW COLUMNS FROM `cc_product_comment` [ RunTime:0.0054s ]
SQL: SELECT * FROM `cc_product_comment` WHERE ( degree=1 )  [ RunTime:0.0003s ]

[ 2017-08-15T11:30:17+08:00 ] 127.0.0.1 /thinkphp/Home/Product/ajaxComment/pingjia/3
INFO: [ app_begin ] --START--
INFO: Run Behavior\ReadHtmlCacheBehavior [ RunTime:0.000488s ]
INFO: [ app_begin ] --END-- [ RunTime:0.000924s ]
SQL: SHOW COLUMNS FROM `cc_product_comment` [ RunTime:0.0042s ]
SQL: SELECT * FROM `cc_product_comment` WHERE ( degree=3 )  [ RunTime:0.0004s ]

[ 2017-08-15T11:31:33+08:00 ] 127.0.0.1 /thinkphp/Home/Product/ajaxComment/pingjia/1
INFO: [ app_begin ] --START--
INFO: Run Behavior\ReadHtmlCacheBehavior [ RunTime:0.000583s ]
INFO: [ app_begin ] --END-- [ RunTime:0.001027s ]
SQL: SHOW COLUMNS FROM `cc_product_comment` [ RunTime:0.0045s ]
SQL: SELECT * FROM `cc_product_comment` WHERE ( degree=1 )  [ RunTime:0.0005s ]

[ 2017-08-15T11:31:34+08:00 ] 127.0.0.1 /thinkphp/Home/Product/ajaxComment/pingjia/2
INFO: [ app_begin ] --START--
INFO: Run Behavior\ReadHtmlCacheBehavior [ RunTime:0.001274s ]
INFO: [ app_begin ] --END-- [ RunTime:0.002046s ]
SQL: SHOW COLUMNS FROM `cc_product_comment` [ RunTime:0.0047s ]
SQL: SELECT * FROM `cc_product_comment` WHERE ( degree=2 )  [ RunTime:0.0003s ]

[ 2017-08-15T11:31:36+08:00 ] 127.0.0.1 /thinkphp/Home/Product/ajaxComment/pingjia/3
INFO: [ app_begin ] --START--
INFO: Run Behavior\ReadHtmlCacheBehavior [ RunTime:0.000509s ]
INFO: [ app_begin ] --END-- [ RunTime:0.000902s ]
SQL: SHOW COLUMNS FROM `cc_product_comment` [ RunTime:0.0049s ]
SQL: SELECT * FROM `cc_product_comment` WHERE ( degree=3 )  [ RunTime:0.0003s ]

[ 2017-08-15T11:31:39+08:00 ] 127.0.0.1 /thinkphp/Home/Product/ajaxComment/pingjia/2
INFO: [ app_begin ] --START--
INFO: Run Behavior\ReadHtmlCacheBehavior [ RunTime:0.000499s ]
INFO: [ app_begin ] --END-- [ RunTime:0.001038s ]
SQL: SHOW COLUMNS FROM `cc_product_comment` [ RunTime:0.0054s ]
SQL: SELECT * FROM `cc_product_comment` WHERE ( degree=2 )  [ RunTime:0.0004s ]

[ 2017-08-15T11:31:42+08:00 ] 127.0.0.1 /thinkphp/Home/Product/ajaxComment/pingjia/1
INFO: [ app_begin ] --START--
INFO: Run Behavior\ReadHtmlCacheBehavior [ RunTime:0.000469s ]
INFO: [ app_begin ] --END-- [ RunTime:0.000856s ]
SQL: SHOW COLUMNS FROM `cc_product_comment` [ RunTime:0.0047s ]
SQL: SELECT * FROM `cc_product_comment` WHERE ( degree=1 )  [ RunTime:0.0003s ]

[ 2017-08-15T11:31:56+08:00 ] 127.0.0.1 /thinkphp/Home/Product/ajaxComment/pingjia/2
INFO: [ app_begin ] --START--
INFO: Run Behavior\ReadHtmlCacheBehavior [ RunTime:0.000467s ]
INFO: [ app_begin ] --END-- [ RunTime:0.000865s ]
SQL: SHOW COLUMNS FROM `cc_product_comment` [ RunTime:0.0049s ]
SQL: SELECT * FROM `cc_product_comment` WHERE ( degree=2 )  [ RunTime:0.0004s ]

[ 2017-08-15T11:32:08+08:00 ] 127.0.0.1 /thinkphp/Home/Product/ajaxComment/pingjia/3
INFO: [ app_begin ] --START--
INFO: Run Behavior\ReadHtmlCacheBehavior [ RunTime:0.000485s ]
INFO: [ app_begin ] --END-- [ RunTime:0.000878s ]
SQL: SHOW COLUMNS FROM `cc_product_comment` [ RunTime:0.0074s ]
SQL: SELECT * FROM `cc_product_comment` WHERE ( degree=3 )  [ RunTime:0.0003s ]

[ 2017-08-15T11:32:14+08:00 ] 127.0.0.1 /thinkphp/Home/Product/ajaxComment/pingjia/3
INFO: [ app_begin ] --START--
INFO: Run Behavior\ReadHtmlCacheBehavior [ RunTime:0.000450s ]
INFO: [ app_begin ] --END-- [ RunTime:0.000899s ]
SQL: SHOW COLUMNS FROM `cc_product_comment` [ RunTime:0.0048s ]
SQL: SELECT * FROM `cc_product_comment` WHERE ( degree=3 )  [ RunTime:0.0004s ]

[ 2017-08-15T11:33:34+08:00 ] 127.0.0.1 /thinkphp/Home/Product/ajaxComment/pingjia/1
INFO: [ app_begin ] --START--
INFO: Run Behavior\ReadHtmlCacheBehavior [ RunTime:0.000583s ]
INFO: [ app_begin ] --END-- [ RunTime:0.000998s ]
SQL: SHOW COLUMNS FROM `cc_product_comment` [ RunTime:0.0048s ]
SQL: SELECT * FROM `cc_product_comment` WHERE ( degree=1 )  [ RunTime:0.0003s ]

[ 2017-08-15T11:33:41+08:00 ] 127.0.0.1 /thinkphp/Home/Product/ajaxComment/pingjia/2
INFO: [ app_begin ] --START--
INFO: Run Behavior\ReadHtmlCacheBehavior [ RunTime:0.000467s ]
INFO: [ app_begin ] --END-- [ RunTime:0.000877s ]
SQL: SHOW COLUMNS FROM `cc_product_comment` [ RunTime:0.0042s ]
SQL: SELECT * FROM `cc_product_comment` WHERE ( degree=2 )  [ RunTime:0.0004s ]

[ 2017-08-15T11:33:44+08:00 ] 127.0.0.1 /thinkphp/Home/Product/ajaxComment/pingjia/3
INFO: [ app_begin ] --START--
INFO: Run Behavior\ReadHtmlCacheBehavior [ RunTime:0.000491s ]
INFO: [ app_begin ] --END-- [ RunTime:0.000903s ]
SQL: SHOW COLUMNS FROM `cc_product_comment` [ RunTime:0.0048s ]
SQL: SELECT * FROM `cc_product_comment` WHERE ( degree=3 )  [ RunTime:0.0004s ]

[ 2017-08-15T11:34:02+08:00 ] 127.0.0.1 /thinkphp/Home/Product/ajaxComment/pingjia/1
INFO: [ app_begin ] --START--
INFO: Run Behavior\ReadHtmlCacheBehavior [ RunTime:0.000562s ]
INFO: [ app_begin ] --END-- [ RunTime:0.001025s ]
SQL: SHOW COLUMNS FROM `cc_product_comment` [ RunTime:0.0047s ]
SQL: SELECT * FROM `cc_product_comment` WHERE ( degree=1 )  [ RunTime:0.0003s ]

[ 2017-08-15T11:34:23+08:00 ] 127.0.0.1 /thinkphp/Home/Product/ajaxComment/pingjia/1
INFO: [ app_begin ] --START--
INFO: Run Behavior\ReadHtmlCacheBehavior [ RunTime:0.000493s ]
INFO: [ app_begin ] --END-- [ RunTime:0.000867s ]
SQL: SHOW COLUMNS FROM `cc_product_comment` [ RunTime:0.0048s ]
SQL: SELECT * FROM `cc_product_comment` WHERE ( degree=1 )  [ RunTime:0.0004s ]

[ 2017-08-15T11:34:26+08:00 ] 127.0.0.1 /thinkphp/Home/Product/ajaxComment/pingjia/3
INFO: [ app_begin ] --START--
INFO: Run Behavior\ReadHtmlCacheBehavior [ RunTime:0.000527s ]
INFO: [ app_begin ] --END-- [ RunTime:0.000929s ]
SQL: SHOW COLUMNS FROM `cc_product_comment` [ RunTime:0.0049s ]
SQL: SELECT * FROM `cc_product_comment` WHERE ( degree=3 )  [ RunTime:0.0004s ]

[ 2017-08-15T11:39:59+08:00 ] 127.0.0.1 /thinkphp/Home/Product/ajaxComment/pingjia/3
INFO: [ app_begin ] --START--
INFO: Run Behavior\ReadHtmlCacheBehavior [ RunTime:0.000426s ]
INFO: [ app_begin ] --END-- [ RunTime:0.000775s ]
SQL: SHOW COLUMNS FROM `cc_product_comment` [ RunTime:0.0045s ]
SQL: SELECT * FROM `cc_product_comment` WHERE ( degree=3 )  [ RunTime:0.0003s ]

[ 2017-08-15T11:40:13+08:00 ] 127.0.0.1 /thinkphp/Home/Product/ajaxComment/pingjia/0
INFO: [ app_begin ] --START--
INFO: Run Behavior\ReadHtmlCacheBehavior [ RunTime:0.000578s ]
INFO: [ app_begin ] --END-- [ RunTime:0.001104s ]
SQL: SHOW COLUMNS FROM `cc_product_comment` [ RunTime:0.0044s ]
SQL: SELECT * FROM `cc_product_comment` WHERE ( degree=0 )  [ RunTime:0.0003s ]

[ 2017-08-15T11:40:19+08:00 ] 127.0.0.1 /thinkphp/Home/Product/ajaxComment/pingjia/0
INFO: [ app_begin ] --START--
INFO: Run Behavior\ReadHtmlCacheBehavior [ RunTime:0.000407s ]
INFO: [ app_begin ] --END-- [ RunTime:0.000739s ]
SQL: SHOW COLUMNS FROM `cc_product_comment` [ RunTime:0.0047s ]
SQL: SELECT * FROM `cc_product_comment` WHERE ( degree=0 )  [ RunTime:0.0003s ]

[ 2017-08-15T11:40:52+08:00 ] 127.0.0.1 /thinkphp/Home/Product/ajaxComment/pingjia/1
INFO: [ app_begin ] --START--
INFO: Run Behavior\ReadHtmlCacheBehavior [ RunTime:0.000657s ]
INFO: [ app_begin ] --END-- [ RunTime:0.001917s ]
SQL: SHOW COLUMNS FROM `cc_product_comment` [ RunTime:0.0043s ]
SQL: SELECT * FROM `cc_product_comment` WHERE ( degree=1 )  [ RunTime:0.0004s ]

[ 2017-08-15T11:40:55+08:00 ] 127.0.0.1 /thinkphp/Home/Product/ajaxComment/pingjia/2
INFO: [ app_begin ] --START--
INFO: Run Behavior\ReadHtmlCacheBehavior [ RunTime:0.000632s ]
INFO: [ app_begin ] --END-- [ RunTime:0.001377s ]
SQL: SHOW COLUMNS FROM `cc_product_comment` [ RunTime:0.0047s ]
SQL: SELECT * FROM `cc_product_comment` WHERE ( degree=2 )  [ RunTime:0.0004s ]

[ 2017-08-15T11:41:23+08:00 ] 127.0.0.1 /thinkphp/Home/Product/ajaxComment/pingjia/1
INFO: [ app_begin ] --START--
INFO: Run Behavior\ReadHtmlCacheBehavior [ RunTime:0.001337s ]
INFO: [ app_begin ] --END-- [ RunTime:0.002157s ]
SQL: SHOW COLUMNS FROM `cc_product_comment` [ RunTime:0.0050s ]
SQL: SELECT * FROM `cc_product_comment` WHERE ( degree=1 )  [ RunTime:0.0003s ]

[ 2017-08-15T11:41:25+08:00 ] 127.0.0.1 /thinkphp/Home/Product/ajaxComment/pingjia/3
INFO: [ app_begin ] --START--
INFO: Run Behavior\ReadHtmlCacheBehavior [ RunTime:0.000489s ]
INFO: [ app_begin ] --END-- [ RunTime:0.001388s ]
SQL: SHOW COLUMNS FROM `cc_product_comment` [ RunTime:0.0047s ]
SQL: SELECT * FROM `cc_product_comment` WHERE ( degree=3 )  [ RunTime:0.0004s ]

[ 2017-08-15T11:42:45+08:00 ] 127.0.0.1 /thinkphp/Home/Product/ajaxComment/pingjia/0
INFO: [ app_begin ] --START--
INFO: Run Behavior\ReadHtmlCacheBehavior [ RunTime:0.000547s ]
INFO: [ app_begin ] --END-- [ RunTime:0.000922s ]
SQL: SHOW COLUMNS FROM `cc_product_comment` [ RunTime:0.0048s ]
SQL: SELECT * FROM `cc_product_comment`  [ RunTime:0.0003s ]

[ 2017-08-15T11:43:00+08:00 ] 127.0.0.1 /thinkphp/Home/Product/ajaxComment/pingjia/1
INFO: [ app_begin ] --START--
INFO: Run Behavior\ReadHtmlCacheBehavior [ RunTime:0.000622s ]
INFO: [ app_begin ] --END-- [ RunTime:0.001078s ]
SQL: SHOW COLUMNS FROM `cc_product_comment` [ RunTime:0.0045s ]
SQL: SELECT * FROM `cc_product_comment` WHERE ( degree=1 )  [ RunTime:0.0003s ]

[ 2017-08-15T11:43:02+08:00 ] 127.0.0.1 /thinkphp/Home/Product/ajaxComment/pingjia/0
INFO: [ app_begin ] --START--
INFO: Run Behavior\ReadHtmlCacheBehavior [ RunTime:0.001024s ]
INFO: [ app_begin ] --END-- [ RunTime:0.001775s ]
SQL: SHOW COLUMNS FROM `cc_product_comment` [ RunTime:0.0045s ]
SQL: SELECT * FROM `cc_product_comment`  [ RunTime:0.0004s ]

[ 2017-08-15T11:43:06+08:00 ] 127.0.0.1 /thinkphp/Home/Product/ajaxComment/pingjia/2
INFO: [ app_begin ] --START--
INFO: Run Behavior\ReadHtmlCacheBehavior [ RunTime:0.001039s ]
INFO: [ app_begin ] --END-- [ RunTime:0.001807s ]
SQL: SHOW COLUMNS FROM `cc_product_comment` [ RunTime:0.0047s ]
SQL: SELECT * FROM `cc_product_comment` WHERE ( degree=2 )  [ RunTime:0.0004s ]

[ 2017-08-15T11:46:14+08:00 ] 127.0.0.1 /thinkphp/Home/Product/ajaxComment/pingjia/0
INFO: [ app_begin ] --START--
INFO: Run Behavior\ReadHtmlCacheBehavior [ RunTime:0.001704s ]
INFO: [ app_begin ] --END-- [ RunTime:0.002768s ]
SQL: SHOW COLUMNS FROM `cc_product_comment` [ RunTime:0.0044s ]
SQL: SELECT * FROM `cc_product_comment`  [ RunTime:0.0004s ]

[ 2017-08-15T11:46:50+08:00 ] 127.0.0.1 /thinkphp/Home/Product/ajaxComment/pingjia/0
INFO: [ app_begin ] --START--
INFO: Run Behavior\ReadHtmlCacheBehavior [ RunTime:0.000499s ]
INFO: [ app_begin ] --END-- [ RunTime:0.000844s ]
SQL: SHOW COLUMNS FROM `cc_product_comment` [ RunTime:0.0045s ]
SQL: SELECT * FROM cc_product_comment pc left join cc_user u on pc.user_id = u.user_id   [ RunTime:0.0004s ]

[ 2017-08-15T11:47:12+08:00 ] 127.0.0.1 /thinkphp/Home/Product/ajaxComment/pingjia/0
INFO: [ app_begin ] --START--
INFO: Run Behavior\ReadHtmlCacheBehavior [ RunTime:0.001043s ]
INFO: [ app_begin ] --END-- [ RunTime:0.002646s ]
SQL: SHOW COLUMNS FROM `cc_product_comment` [ RunTime:0.0039s ]
SQL: SELECT * FROM cc_product_comment pc left join cc_user u on pc.user_id = u.user_id   [ RunTime:0.0006s ]

[ 2017-08-15T11:47:38+08:00 ] 127.0.0.1 /thinkphp/Home/Product/ajaxComment/pingjia/1
INFO: [ app_begin ] --START--
INFO: Run Behavior\ReadHtmlCacheBehavior [ RunTime:0.001265s ]
INFO: [ app_begin ] --END-- [ RunTime:0.001936s ]
SQL: SHOW COLUMNS FROM `cc_product_comment` [ RunTime:0.0045s ]
SQL: SELECT * FROM cc_product_comment pc left join cc_user u on pc.user_id = u.user_id  WHERE ( pc.degree=1 )  [ RunTime:0.0004s ]

[ 2017-08-15T11:47:41+08:00 ] 127.0.0.1 /thinkphp/Home/Product/ajaxComment/pingjia/3
INFO: [ app_begin ] --START--
INFO: Run Behavior\ReadHtmlCacheBehavior [ RunTime:0.001647s ]
INFO: [ app_begin ] --END-- [ RunTime:0.002411s ]
SQL: SHOW COLUMNS FROM `cc_product_comment` [ RunTime:0.0047s ]
SQL: SELECT * FROM cc_product_comment pc left join cc_user u on pc.user_id = u.user_id  WHERE ( pc.degree=3 )  [ RunTime:0.0004s ]

[ 2017-08-15T11:47:43+08:00 ] 127.0.0.1 /thinkphp/Home/Product/ajaxComment/pingjia/2
INFO: [ app_begin ] --START--
INFO: Run Behavior\ReadHtmlCacheBehavior [ RunTime:0.000774s ]
INFO: [ app_begin ] --END-- [ RunTime:0.001385s ]
SQL: SHOW COLUMNS FROM `cc_product_comment` [ RunTime:0.0048s ]
SQL: SELECT * FROM cc_product_comment pc left join cc_user u on pc.user_id = u.user_id  WHERE ( pc.degree=2 )  [ RunTime:0.0004s ]

[ 2017-08-15T11:48:05+08:00 ] 127.0.0.1 /thinkphp/Home/Product/ajaxComment/pingjia/0
INFO: [ app_begin ] --START--
INFO: Run Behavior\ReadHtmlCacheBehavior [ RunTime:0.000947s ]
INFO: [ app_begin ] --END-- [ RunTime:0.001747s ]
SQL: SHOW COLUMNS FROM `cc_product_comment` [ RunTime:0.0263s ]
SQL: SELECT * FROM cc_product_comment pc left join cc_user u on pc.user_id = u.user_id   [ RunTime:0.0005s ]

[ 2017-08-15T11:48:28+08:00 ] 127.0.0.1 /thinkphp/Home/Product/ajaxComment/pingjia/1
INFO: [ app_begin ] --START--
INFO: Run Behavior\ReadHtmlCacheBehavior [ RunTime:0.000570s ]
INFO: [ app_begin ] --END-- [ RunTime:0.001023s ]
SQL: SHOW COLUMNS FROM `cc_product_comment` [ RunTime:0.0043s ]
SQL: SELECT * FROM cc_product_comment pc left join cc_user u on pc.user_id = u.user_id  WHERE ( pc.degree=1 )  [ RunTime:0.0004s ]

[ 2017-08-15T11:50:27+08:00 ] 127.0.0.1 /thinkphp/Home/Product/ajaxComment/pingjia/3
INFO: [ app_begin ] --START--
INFO: Run Behavior\ReadHtmlCacheBehavior [ RunTime:0.000543s ]
INFO: [ app_begin ] --END-- [ RunTime:0.000995s ]
SQL: SHOW COLUMNS FROM `cc_product_comment` [ RunTime:0.0051s ]
SQL: SELECT * FROM cc_product_comment pc left join cc_user u on pc.user_id = u.user_id  WHERE ( pc.degree=3 )  [ RunTime:0.0006s ]

[ 2017-08-15T11:52:01+08:00 ] 127.0.0.1 /thinkphp/Home/Product/ajaxComment/pingjia/1
INFO: [ app_begin ] --START--
INFO: Run Behavior\ReadHtmlCacheBehavior [ RunTime:0.000553s ]
INFO: [ app_begin ] --END-- [ RunTime:0.001032s ]
SQL: SHOW COLUMNS FROM `cc_product_comment` [ RunTime:0.0054s ]
ERR: 1054:Unknown column 'u.image' in 'field list'
 [ SQL语句 ] : SELECT u.user,u.image,pc.* FROM cc_product_comment pc left join cc_user u on pc.user_id = u.user_id  WHERE ( pc.degree=1 ) 
ERR: 1054:Unknown column 'u.image' in 'field list'
 [ SQL语句 ] : SELECT u.user,u.image,pc.* FROM cc_product_comment pc left join cc_user u on pc.user_id = u.user_id  WHERE ( pc.degree=1 ) 

[ 2017-08-15T11:52:32+08:00 ] 127.0.0.1 /thinkphp/Home/Product/ajaxComment/pingjia/3
INFO: [ app_begin ] --START--
INFO: Run Behavior\ReadHtmlCacheBehavior [ RunTime:0.001149s ]
INFO: [ app_begin ] --END-- [ RunTime:0.001969s ]
SQL: SHOW COLUMNS FROM `cc_product_comment` [ RunTime:0.0059s ]
SQL: SELECT * FROM cc_product_comment pc left join cc_user u on pc.user_id = u.user_id  WHERE ( pc.degree=3 )  [ RunTime:0.0004s ]

[ 2017-08-15T11:52:35+08:00 ] 127.0.0.1 /thinkphp/Home/Product/ajaxComment/pingjia/2
INFO: [ app_begin ] --START--
INFO: Run Behavior\ReadHtmlCacheBehavior [ RunTime:0.000400s ]
INFO: [ app_begin ] --END-- [ RunTime:0.000731s ]
SQL: SHOW COLUMNS FROM `cc_product_comment` [ RunTime:0.0053s ]
SQL: SELECT * FROM cc_product_comment pc left join cc_user u on pc.user_id = u.user_id  WHERE ( pc.degree=2 )  [ RunTime:0.0004s ]

[ 2017-08-15T11:52:38+08:00 ] 127.0.0.1 /thinkphp/Home/Product/ajaxComment/pingjia/1
INFO: [ app_begin ] --START--
INFO: Run Behavior\ReadHtmlCacheBehavior [ RunTime:0.000485s ]
INFO: [ app_begin ] --END-- [ RunTime:0.000871s ]
SQL: SHOW COLUMNS FROM `cc_product_comment` [ RunTime:0.0057s ]
SQL: SELECT * FROM cc_product_comment pc left join cc_user u on pc.user_id = u.user_id  WHERE ( pc.degree=1 )  [ RunTime:0.0004s ]

[ 2017-08-15T11:56:45+08:00 ] 127.0.0.1 /thinkphp/Home/Product/ajaxComment/pingjia/0
INFO: [ app_begin ] --START--
INFO: Run Behavior\ReadHtmlCacheBehavior [ RunTime:0.000589s ]
INFO: [ app_begin ] --END-- [ RunTime:0.001060s ]
SQL: SHOW COLUMNS FROM `cc_product_comment` [ RunTime:0.0052s ]
ERR: 1054:Unknown column 'u.image' in 'field list'
 [ SQL语句 ] : SELECT u.user,u.image,pc.* FROM cc_product_comment pc left join cc_user u on pc.user_id = u.user_id  
ERR: 1054:Unknown column 'u.image' in 'field list'
 [ SQL语句 ] : SELECT u.user,u.image,pc.* FROM cc_product_comment pc left join cc_user u on pc.user_id = u.user_id  

[ 2017-08-15T11:57:03+08:00 ] 127.0.0.1 /thinkphp/Home/Product/ajaxComment/pingjia/1
INFO: [ app_begin ] --START--
INFO: Run Behavior\ReadHtmlCacheBehavior [ RunTime:0.001119s ]
INFO: [ app_begin ] --END-- [ RunTime:0.001816s ]
SQL: SHOW COLUMNS FROM `cc_product_comment` [ RunTime:0.0044s ]
SQL: SELECT * FROM cc_product_comment pc left join cc_user u on pc.user_id = u.user_id  WHERE ( pc.degree=1 )  [ RunTime:0.0004s ]

[ 2017-08-15T11:57:06+08:00 ] 127.0.0.1 /thinkphp/Home/Product/ajaxComment/pingjia/3
INFO: [ app_begin ] --START--
INFO: Run Behavior\ReadHtmlCacheBehavior [ RunTime:0.000810s ]
INFO: [ app_begin ] --END-- [ RunTime:0.001515s ]
SQL: SHOW COLUMNS FROM `cc_product_comment` [ RunTime:0.0052s ]
SQL: SELECT * FROM cc_product_comment pc left join cc_user u on pc.user_id = u.user_id  WHERE ( pc.degree=3 )  [ RunTime:0.0004s ]

[ 2017-08-15T11:57:14+08:00 ] 127.0.0.1 /thinkphp/Home/Product/ajaxComment/pingjia/0
INFO: [ app_begin ] --START--
INFO: Run Behavior\ReadHtmlCacheBehavior [ RunTime:0.001038s ]
INFO: [ app_begin ] --END-- [ RunTime:0.002057s ]
SQL: SHOW COLUMNS FROM `cc_product_comment` [ RunTime:0.0049s ]
SQL: SELECT * FROM cc_product_comment pc left join cc_user u on pc.user_id = u.user_id   [ RunTime:0.0004s ]

[ 2017-08-15T11:57:17+08:00 ] 127.0.0.1 /thinkphp/Home/Product/ajaxComment/pingjia/0
INFO: [ app_begin ] --START--
INFO: Run Behavior\ReadHtmlCacheBehavior [ RunTime:0.000666s ]
INFO: [ app_begin ] --END-- [ RunTime:0.001069s ]
SQL: SHOW COLUMNS FROM `cc_product_comment` [ RunTime:0.0049s ]
SQL: SELECT * FROM cc_product_comment pc left join cc_user u on pc.user_id = u.user_id   [ RunTime:0.0005s ]

[ 2017-08-15T13:08:16+08:00 ] 127.0.0.1 /thinkphp/Home/Product/ajaxComment/pingjia/0
INFO: [ app_begin ] --START--
INFO: Run Behavior\ReadHtmlCacheBehavior [ RunTime:0.000601s ]
INFO: [ app_begin ] --END-- [ RunTime:0.001031s ]
SQL: SHOW COLUMNS FROM `cc_product_comment` [ RunTime:0.0049s ]
ERR: 1054:Unknown column 'u.avatar' in 'field list'
 [ SQL语句 ] : SELECT u.user,u.avatar,pc.* FROM cc_product_comment pc left join cc_user u on pc.user_id = u.user_id  
ERR: 1054:Unknown column 'u.avatar' in 'field list'
 [ SQL语句 ] : SELECT u.user,u.avatar,pc.* FROM cc_product_comment pc left join cc_user u on pc.user_id = u.user_id  

[ 2017-08-15T13:08:27+08:00 ] 127.0.0.1 /thinkphp/Home/Product/ajaxComment/pingjia/1
INFO: [ app_begin ] --START--
INFO: Run Behavior\ReadHtmlCacheBehavior [ RunTime:0.000496s ]
INFO: [ app_begin ] --END-- [ RunTime:0.000813s ]
SQL: SHOW COLUMNS FROM `cc_product_comment` [ RunTime:0.0051s ]
ERR: 1054:Unknown column 'u.avatar' in 'field list'
 [ SQL语句 ] : SELECT u.user,u.avatar,pc.* FROM cc_product_comment pc left join cc_user u on pc.user_id = u.user_id  WHERE ( pc.degree=1 ) 
ERR: 1054:Unknown column 'u.avatar' in 'field list'
 [ SQL语句 ] : SELECT u.user,u.avatar,pc.* FROM cc_product_comment pc left join cc_user u on pc.user_id = u.user_id  WHERE ( pc.degree=1 ) 

[ 2017-08-15T13:09:41+08:00 ] 127.0.0.1 /thinkphp/Home/Product/ajaxComment/pingjia/1
INFO: [ app_begin ] --START--
INFO: Run Behavior\ReadHtmlCacheBehavior [ RunTime:0.000566s ]
INFO: [ app_begin ] --END-- [ RunTime:0.000949s ]
SQL: SHOW COLUMNS FROM `cc_product_comment` [ RunTime:0.0051s ]
ERR: 1054:Unknown column 'u.avatar' in 'field list'
 [ SQL语句 ] : SELECT u.user,u.avatar,pc.* FROM cc_product_comment pc left join cc_user u on pc.user_id = u.user_id  WHERE ( pc.degree=1 ) 
ERR: 1054:Unknown column 'u.avatar' in 'field list'
 [ SQL语句 ] : SELECT u.user,u.avatar,pc.* FROM cc_product_comment pc left join cc_user u on pc.user_id = u.user_id  WHERE ( pc.degree=1 ) 

[ 2017-08-15T13:10:24+08:00 ] 127.0.0.1 /thinkphp/Home/Product/ajaxComment/pingjia/1
INFO: [ app_begin ] --START--
INFO: Run Behavior\ReadHtmlCacheBehavior [ RunTime:0.000585s ]
INFO: [ app_begin ] --END-- [ RunTime:0.001002s ]
SQL: SHOW COLUMNS FROM `cc_product_comment` [ RunTime:0.0055s ]
SQL: SELECT * FROM cc_product_comment pc left join cc_user u on pc.user_id = u.user_id  WHERE ( pc.degree=1 )  [ RunTime:0.0004s ]

[ 2017-08-15T13:43:30+08:00 ] 127.0.0.1 /thinkphp/Home/Product/ajaxComment/pingjia/1
INFO: [ app_begin ] --START--
INFO: Run Behavior\ReadHtmlCacheBehavior [ RunTime:0.001152s ]
INFO: [ app_begin ] --END-- [ RunTime:0.001919s ]
SQL: SHOW COLUMNS FROM `cc_product_comment` [ RunTime:0.0055s ]
SQL: SELECT u.user,u.avator,pc.* FROM cc_product_comment pc left join cc_user u on pc.user_id = u.user_id  WHERE ( pc.degree=1 )  [ RunTime:0.0004s ]

[ 2017-08-15T13:43:33+08:00 ] 127.0.0.1 /thinkphp/Home/Product/ajaxComment/pingjia/2
INFO: [ app_begin ] --START--
INFO: Run Behavior\ReadHtmlCacheBehavior [ RunTime:0.000509s ]
INFO: [ app_begin ] --END-- [ RunTime:0.001587s ]
SQL: SHOW COLUMNS FROM `cc_product_comment` [ RunTime:0.0064s ]
SQL: SELECT u.user,u.avator,pc.* FROM cc_product_comment pc left join cc_user u on pc.user_id = u.user_id  WHERE ( pc.degree=2 )  [ RunTime:0.0010s ]

[ 2017-08-15T13:43:49+08:00 ] 127.0.0.1 /thinkphp/Home/Product/ajaxComment/pingjia/1
INFO: [ app_begin ] --START--
INFO: Run Behavior\ReadHtmlCacheBehavior [ RunTime:0.000586s ]
INFO: [ app_begin ] --END-- [ RunTime:0.001048s ]
SQL: SHOW COLUMNS FROM `cc_product_comment` [ RunTime:0.0052s ]
SQL: SELECT u.user,u.avator,pc.* FROM cc_product_comment pc left join cc_user u on pc.user_id = u.user_id  WHERE ( pc.degree=1 )  [ RunTime:0.0004s ]

[ 2017-08-15T13:43:52+08:00 ] 127.0.0.1 /thinkphp/Home/Product/ajaxComment/pingjia/2
INFO: [ app_begin ] --START--
INFO: Run Behavior\ReadHtmlCacheBehavior [ RunTime:0.000896s ]
INFO: [ app_begin ] --END-- [ RunTime:0.001680s ]
SQL: SHOW COLUMNS FROM `cc_product_comment` [ RunTime:0.0053s ]
SQL: SELECT u.user,u.avator,pc.* FROM cc_product_comment pc left join cc_user u on pc.user_id = u.user_id  WHERE ( pc.degree=2 )  [ RunTime:0.0004s ]

[ 2017-08-15T13:43:55+08:00 ] 127.0.0.1 /thinkphp/Home/Product/ajaxComment/pingjia/3
INFO: [ app_begin ] --START--
INFO: Run Behavior\ReadHtmlCacheBehavior [ RunTime:0.000505s ]
INFO: [ app_begin ] --END-- [ RunTime:0.001529s ]
SQL: SHOW COLUMNS FROM `cc_product_comment` [ RunTime:0.0063s ]
SQL: SELECT u.user,u.avator,pc.* FROM cc_product_comment pc left join cc_user u on pc.user_id = u.user_id  WHERE ( pc.degree=3 )  [ RunTime:0.0004s ]

[ 2017-08-15T13:43:59+08:00 ] 127.0.0.1 /thinkphp/Home/Product/ajaxComment/pingjia/3
INFO: [ app_begin ] --START--
INFO: Run Behavior\ReadHtmlCacheBehavior [ RunTime:0.001136s ]
INFO: [ app_begin ] --END-- [ RunTime:0.001983s ]
SQL: SHOW COLUMNS FROM `cc_product_comment` [ RunTime:0.0049s ]
SQL: SELECT u.user,u.avator,pc.* FROM cc_product_comment pc left join cc_user u on pc.user_id = u.user_id  WHERE ( pc.degree=3 )  [ RunTime:0.0004s ]

[ 2017-08-15T13:44:45+08:00 ] 127.0.0.1 /thinkphp/Home/Product/ajaxComment/pingjia/0
INFO: [ app_begin ] --START--
INFO: Run Behavior\ReadHtmlCacheBehavior [ RunTime:0.000561s ]
INFO: [ app_begin ] --END-- [ RunTime:0.001073s ]
SQL: SHOW COLUMNS FROM `cc_product_comment` [ RunTime:0.0053s ]
SQL: SELECT u.user,u.avator,pc.* FROM cc_product_comment pc left join cc_user u on pc.user_id = u.user_id   [ RunTime:0.0004s ]

[ 2017-08-15T14:01:35+08:00 ] 127.0.0.1 /thinkphp/Home/Cart/add/product_id/2.html
ERR: 1146:Table 'demo2.cc_cart' doesn't exist
 [ SQL语句 ] : SHOW COLUMNS FROM `cc_cart`

[ 2017-08-15T14:01:56+08:00 ] 127.0.0.1 /thinkphp/Home/js/jquery.js
ERR: 无法加载控制器:Js

[ 2017-08-15T15:07:07+08:00 ] 127.0.0.1 /thinkphp/Home/Cart/index
ERR: 1146:Table 'demo2.cc_cart' doesn't exist
 [ SQL语句 ] : SHOW COLUMNS FROM `cc_cart`

[ 2017-08-15T15:21:11+08:00 ] 127.0.0.1 /thinkphp/Home/js/jquery.js
ERR: 无法加载控制器:Js

[ 2017-08-15T15:22:24+08:00 ] 127.0.0.1 /thinkphp/Home/js/jquery.js
ERR: 无法加载控制器:Js

[ 2017-08-15T15:23:57+08:00 ] 127.0.0.1 /thinkphp/Home/js/jquery.js
ERR: 无法加载控制器:Js

[ 2017-08-15T16:15:19+08:00 ] 127.0.0.1 /thinkphp/Home/js/jquery.js
ERR: 无法加载控制器:Js

[ 2017-08-15T16:20:08+08:00 ] 127.0.0.1 /thinkphp/Home/index/test
ERR: 不存在的图像文件

[ 2017-08-15T17:37:32+08:00 ] 127.0.0.1 /thinkphp/Home/js/jquery.js
ERR: 无法加载控制器:Js

[ 2017-08-15T17:37:55+08:00 ] 127.0.0.1 /thinkphp/Home/js/jquery.js
ERR: 无法加载控制器:Js

[ 2017-08-15T17:40:43+08:00 ] 127.0.0.1 /thinkphp/Home/js/jquery.js
ERR: 无法加载控制器:Js

[ 2017-08-15T17:42:49+08:00 ] 127.0.0.1 /thinkphp/Home/cart/index.html
ERR: 1146:Table 'demo2.cc_product_special' doesn't exist
 [ SQL语句 ] : SELECT p.product_name,p.price,p.product_id,p.image,ps.special_price,c.quantity,c.cart_id FROM cc_cart c left join cc_product p on c.product_id = p.product_id left join cc_product_special ps on p.product_id = ps.product_id  WHERE `user_id` = '26' ORDER BY cart_id desc 

[ 2017-08-15T17:48:41+08:00 ] 127.0.0.1 /thinkphp/Home/js/jquery.js
ERR: 无法加载控制器:Js

[ 2017-08-15T17:49:02+08:00 ] 127.0.0.1 /thinkphp/Home/js/jquery.js
ERR: 无法加载控制器:Js

[ 2017-08-15T17:49:13+08:00 ] 127.0.0.1 /thinkphp/Home/js/jquery.js
ERR: 无法加载控制器:Js

[ 2017-08-15T17:53:20+08:00 ] 127.0.0.1 /thinkphp/Home/js/jquery.js
ERR: 无法加载控制器:Js

[ 2017-08-15T17:54:26+08:00 ] 127.0.0.1 /thinkphp/Home/js/jquery.js
ERR: 无法加载控制器:Js

[ 2017-08-15T17:55:03+08:00 ] 127.0.0.1 /thinkphp/Home/js/jquery.js
ERR: 无法加载控制器:Js

[ 2017-08-15T17:55:32+08:00 ] 127.0.0.1 /thinkphp/Home/js/jquery.js
ERR: 无法加载控制器:Js

[ 2017-08-15T17:55:45+08:00 ] 127.0.0.1 /thinkphp/Home/js/jquery.js
ERR: 无法加载控制器:Js

[ 2017-08-15T17:57:16+08:00 ] 127.0.0.1 /thinkphp/Home/js/jquery.js
ERR: 无法加载控制器:Js

[ 2017-08-15T17:57:35+08:00 ] 127.0.0.1 /thinkphp/Home/js/jquery.js
ERR: 无法加载控制器:Js

[ 2017-08-15T17:58:55+08:00 ] 127.0.0.1 /thinkphp/Home/js/jquery.js
ERR: 无法加载控制器:Js

[ 2017-08-15T18:01:06+08:00 ] 127.0.0.1 /thinkphp/Home/js/jquery.js
ERR: 无法加载控制器:Js

[ 2017-08-15T18:02:01+08:00 ] 127.0.0.1 /thinkphp/Home/js/jquery.js
ERR: 无法加载控制器:Js

[ 2017-08-15T18:02:17+08:00 ] 127.0.0.1 /thinkphp/Home/js/jquery.js
ERR: 无法加载控制器:Js

[ 2017-08-15T18:02:48+08:00 ] 127.0.0.1 /thinkphp/Home/js/jquery.js
ERR: 无法加载控制器:Js

[ 2017-08-15T18:03:42+08:00 ] 127.0.0.1 /thinkphp/Home/js/jquery.js
ERR: 无法加载控制器:Js

[ 2017-08-15T18:04:29+08:00 ] 127.0.0.1 /thinkphp/Home/js/jquery.js
ERR: 无法加载控制器:Js

[ 2017-08-15T18:06:23+08:00 ] 127.0.0.1 /thinkphp/Home/js/jquery.js
ERR: 无法加载控制器:Js

[ 2017-08-15T18:06:44+08:00 ] 127.0.0.1 /thinkphp/Home/js/jquery.js
ERR: 无法加载控制器:Js

[ 2017-08-15T18:08:25+08:00 ] 127.0.0.1 /thinkphp/Home/js/jquery.js
ERR: 无法加载控制器:Js

[ 2017-08-15T18:23:21+08:00 ] 127.0.0.1 /thinkphp/Home/js/jquery.js
ERR: 无法加载控制器:Js

[ 2017-08-15T18:24:25+08:00 ] 127.0.0.1 /thinkphp/Home/js/jquery.js
ERR: 无法加载控制器:Js

[ 2017-08-15T18:24:39+08:00 ] 127.0.0.1 /thinkphp/Home/js/jquery.js
ERR: 无法加载控制器:Js

[ 2017-08-15T22:08:34+08:00 ] 127.0.0.1 /thinkphp/Home/Cart/ajaxCart/cart_id/undefined/quantity/4
INFO: [ app_begin ] --START--
INFO: Run Behavior\ReadHtmlCacheBehavior [ RunTime:0.000722s ]
INFO: [ app_begin ] --END-- [ RunTime:0.001237s ]
ERR: 非法操作:ajaxCart

[ 2017-08-15T22:08:35+08:00 ] 127.0.0.1 /thinkphp/Home/Cart/ajaxCart/cart_id/undefined/quantity/5
INFO: [ app_begin ] --START--
INFO: Run Behavior\ReadHtmlCacheBehavior [ RunTime:0.000634s ]
INFO: [ app_begin ] --END-- [ RunTime:0.001144s ]
ERR: 非法操作:ajaxCart

[ 2017-08-15T22:08:35+08:00 ] 127.0.0.1 /thinkphp/Home/Cart/ajaxCart/cart_id/undefined/quantity/6
INFO: [ app_begin ] --START--
INFO: Run Behavior\ReadHtmlCacheBehavior [ RunTime:0.000720s ]
INFO: [ app_begin ] --END-- [ RunTime:0.001306s ]
ERR: 非法操作:ajaxCart

[ 2017-08-15T22:08:35+08:00 ] 127.0.0.1 /thinkphp/Home/Cart/ajaxCart/cart_id/undefined/quantity/7
INFO: [ app_begin ] --START--
INFO: Run Behavior\ReadHtmlCacheBehavior [ RunTime:0.000733s ]
INFO: [ app_begin ] --END-- [ RunTime:0.001360s ]
ERR: 非法操作:ajaxCart

[ 2017-08-15T22:08:36+08:00 ] 127.0.0.1 /thinkphp/Home/Cart/ajaxCart/cart_id/undefined/quantity/6
INFO: [ app_begin ] --START--
INFO: Run Behavior\ReadHtmlCacheBehavior [ RunTime:0.000637s ]
INFO: [ app_begin ] --END-- [ RunTime:0.001224s ]
ERR: 非法操作:ajaxCart

[ 2017-08-15T22:08:36+08:00 ] 127.0.0.1 /thinkphp/Home/Cart/ajaxCart/cart_id/undefined/quantity/5
INFO: [ app_begin ] --START--
INFO: Run Behavior\ReadHtmlCacheBehavior [ RunTime:0.000712s ]
INFO: [ app_begin ] --END-- [ RunTime:0.001298s ]
ERR: 非法操作:ajaxCart

[ 2017-08-15T22:08:36+08:00 ] 127.0.0.1 /thinkphp/Home/Cart/ajaxCart/cart_id/undefined/quantity/4
INFO: [ app_begin ] --START--
INFO: Run Behavior\ReadHtmlCacheBehavior [ RunTime:0.000705s ]
INFO: [ app_begin ] --END-- [ RunTime:0.001313s ]
ERR: 非法操作:ajaxCart

[ 2017-08-15T22:08:37+08:00 ] 127.0.0.1 /thinkphp/Home/Cart/ajaxCart/cart_id/undefined/quantity/3
INFO: [ app_begin ] --START--
INFO: Run Behavior\ReadHtmlCacheBehavior [ RunTime:0.000764s ]
INFO: [ app_begin ] --END-- [ RunTime:0.001348s ]
ERR: 非法操作:ajaxCart

[ 2017-08-15T22:08:37+08:00 ] 127.0.0.1 /thinkphp/Home/Cart/ajaxCart/cart_id/undefined/quantity/2
INFO: [ app_begin ] --START--
INFO: Run Behavior\ReadHtmlCacheBehavior [ RunTime:0.000729s ]
INFO: [ app_begin ] --END-- [ RunTime:0.001323s ]
ERR: 非法操作:ajaxCart

[ 2017-08-15T22:08:37+08:00 ] 127.0.0.1 /thinkphp/Home/Cart/ajaxCart/cart_id/undefined/quantity/1
INFO: [ app_begin ] --START--
INFO: Run Behavior\ReadHtmlCacheBehavior [ RunTime:0.000754s ]
INFO: [ app_begin ] --END-- [ RunTime:0.001352s ]
ERR: 非法操作:ajaxCart

[ 2017-08-15T22:08:37+08:00 ] 127.0.0.1 /thinkphp/Home/Cart/ajaxCart/cart_id/undefined/quantity/1
INFO: [ app_begin ] --START--
INFO: Run Behavior\ReadHtmlCacheBehavior [ RunTime:0.000723s ]
INFO: [ app_begin ] --END-- [ RunTime:0.001309s ]
ERR: 非法操作:ajaxCart

[ 2017-08-15T22:08:37+08:00 ] 127.0.0.1 /thinkphp/Home/Cart/ajaxCart/cart_id/undefined/quantity/1
INFO: [ app_begin ] --START--
INFO: Run Behavior\ReadHtmlCacheBehavior [ RunTime:0.000724s ]
INFO: [ app_begin ] --END-- [ RunTime:0.001316s ]
ERR: 非法操作:ajaxCart

[ 2017-08-15T22:08:38+08:00 ] 127.0.0.1 /thinkphp/Home/Cart/ajaxCart/cart_id/undefined/quantity/1
INFO: [ app_begin ] --START--
INFO: Run Behavior\ReadHtmlCacheBehavior [ RunTime:0.000712s ]
INFO: [ app_begin ] --END-- [ RunTime:0.001222s ]
ERR: 非法操作:ajaxCart

[ 2017-08-15T22:08:38+08:00 ] 127.0.0.1 /thinkphp/Home/Cart/ajaxCart/cart_id/undefined/quantity/6
INFO: [ app_begin ] --START--
INFO: Run Behavior\ReadHtmlCacheBehavior [ RunTime:0.000730s ]
INFO: [ app_begin ] --END-- [ RunTime:0.001312s ]
ERR: 非法操作:ajaxCart

[ 2017-08-15T22:08:39+08:00 ] 127.0.0.1 /thinkphp/Home/Cart/ajaxCart/cart_id/undefined/quantity/7
INFO: [ app_begin ] --START--
INFO: Run Behavior\ReadHtmlCacheBehavior [ RunTime:0.000703s ]
INFO: [ app_begin ] --END-- [ RunTime:0.001264s ]
ERR: 非法操作:ajaxCart

[ 2017-08-15T22:08:39+08:00 ] 127.0.0.1 /thinkphp/Home/Cart/ajaxCart/cart_id/undefined/quantity/8
INFO: [ app_begin ] --START--
INFO: Run Behavior\ReadHtmlCacheBehavior [ RunTime:0.000725s ]
INFO: [ app_begin ] --END-- [ RunTime:0.001308s ]
ERR: 非法操作:ajaxCart

[ 2017-08-15T22:08:39+08:00 ] 127.0.0.1 /thinkphp/Home/Cart/ajaxCart/cart_id/undefined/quantity/9
INFO: [ app_begin ] --START--
INFO: Run Behavior\ReadHtmlCacheBehavior [ RunTime:0.000717s ]
INFO: [ app_begin ] --END-- [ RunTime:0.001299s ]
ERR: 非法操作:ajaxCart

[ 2017-08-15T22:08:39+08:00 ] 127.0.0.1 /thinkphp/Home/Cart/ajaxCart/cart_id/undefined/quantity/10
INFO: [ app_begin ] --START--
INFO: Run Behavior\ReadHtmlCacheBehavior [ RunTime:0.000650s ]
INFO: [ app_begin ] --END-- [ RunTime:0.001238s ]
ERR: 非法操作:ajaxCart

[ 2017-08-15T22:08:39+08:00 ] 127.0.0.1 /thinkphp/Home/Cart/ajaxCart/cart_id/undefined/quantity/11
INFO: [ app_begin ] --START--
INFO: Run Behavior\ReadHtmlCacheBehavior [ RunTime:0.001684s ]
INFO: [ app_begin ] --END-- [ RunTime:0.002957s ]
ERR: 非法操作:ajaxCart

[ 2017-08-15T22:08:41+08:00 ] 127.0.0.1 /thinkphp/Home/Cart/ajaxCart/cart_id/undefined/quantity/10
INFO: [ app_begin ] --START--
INFO: Run Behavior\ReadHtmlCacheBehavior [ RunTime:0.000995s ]
INFO: [ app_begin ] --END-- [ RunTime:0.001634s ]
ERR: 非法操作:ajaxCart

[ 2017-08-15T22:08:41+08:00 ] 127.0.0.1 /thinkphp/Home/Cart/ajaxCart/cart_id/undefined/quantity/9
INFO: [ app_begin ] --START--
INFO: Run Behavior\ReadHtmlCacheBehavior [ RunTime:0.000715s ]
INFO: [ app_begin ] --END-- [ RunTime:0.001310s ]
ERR: 非法操作:ajaxCart

[ 2017-08-15T22:08:41+08:00 ] 127.0.0.1 /thinkphp/Home/Cart/ajaxCart/cart_id/undefined/quantity/8
INFO: [ app_begin ] --START--
INFO: Run Behavior\ReadHtmlCacheBehavior [ RunTime:0.000728s ]
INFO: [ app_begin ] --END-- [ RunTime:0.001321s ]
ERR: 非法操作:ajaxCart

[ 2017-08-15T22:08:41+08:00 ] 127.0.0.1 /thinkphp/Home/Cart/ajaxCart/cart_id/undefined/quantity/7
INFO: [ app_begin ] --START--
INFO: Run Behavior\ReadHtmlCacheBehavior [ RunTime:0.000725s ]
INFO: [ app_begin ] --END-- [ RunTime:0.001296s ]
ERR: 非法操作:ajaxCart

[ 2017-08-15T22:08:41+08:00 ] 127.0.0.1 /thinkphp/Home/Cart/ajaxCart/cart_id/undefined/quantity/6
INFO: [ app_begin ] --START--
INFO: Run Behavior\ReadHtmlCacheBehavior [ RunTime:0.000717s ]
INFO: [ app_begin ] --END-- [ RunTime:0.001334s ]
ERR: 非法操作:ajaxCart

[ 2017-08-15T22:08:42+08:00 ] 127.0.0.1 /thinkphp/Home/Cart/ajaxCart/cart_id/undefined/quantity/5
INFO: [ app_begin ] --START--
INFO: Run Behavior\ReadHtmlCacheBehavior [ RunTime:0.000742s ]
INFO: [ app_begin ] --END-- [ RunTime:0.001383s ]
ERR: 非法操作:ajaxCart

[ 2017-08-15T22:08:42+08:00 ] 127.0.0.1 /thinkphp/Home/Cart/ajaxCart/cart_id/undefined/quantity/4
INFO: [ app_begin ] --START--
INFO: Run Behavior\ReadHtmlCacheBehavior [ RunTime:0.000711s ]
INFO: [ app_begin ] --END-- [ RunTime:0.001301s ]
ERR: 非法操作:ajaxCart

[ 2017-08-15T22:08:42+08:00 ] 127.0.0.1 /thinkphp/Home/Cart/ajaxCart/cart_id/undefined/quantity/3
INFO: [ app_begin ] --START--
INFO: Run Behavior\ReadHtmlCacheBehavior [ RunTime:0.000745s ]
INFO: [ app_begin ] --END-- [ RunTime:0.001320s ]
ERR: 非法操作:ajaxCart

[ 2017-08-15T22:08:42+08:00 ] 127.0.0.1 /thinkphp/Home/Cart/ajaxCart/cart_id/undefined/quantity/2
INFO: [ app_begin ] --START--
INFO: Run Behavior\ReadHtmlCacheBehavior [ RunTime:0.000660s ]
INFO: [ app_begin ] --END-- [ RunTime:0.001220s ]
ERR: 非法操作:ajaxCart

[ 2017-08-15T22:08:42+08:00 ] 127.0.0.1 /thinkphp/Home/Cart/ajaxCart/cart_id/undefined/quantity/1
INFO: [ app_begin ] --START--
INFO: Run Behavior\ReadHtmlCacheBehavior [ RunTime:0.000731s ]
INFO: [ app_begin ] --END-- [ RunTime:0.001317s ]
ERR: 非法操作:ajaxCart

[ 2017-08-15T22:08:42+08:00 ] 127.0.0.1 /thinkphp/Home/Cart/ajaxCart/cart_id/undefined/quantity/1
INFO: [ app_begin ] --START--
INFO: Run Behavior\ReadHtmlCacheBehavior [ RunTime:0.000714s ]
INFO: [ app_begin ] --END-- [ RunTime:0.001309s ]
ERR: 非法操作:ajaxCart

[ 2017-08-15T22:08:43+08:00 ] 127.0.0.1 /thinkphp/Home/Cart/ajaxCart/cart_id/undefined/quantity/1
INFO: [ app_begin ] --START--
INFO: Run Behavior\ReadHtmlCacheBehavior [ RunTime:0.000719s ]
INFO: [ app_begin ] --END-- [ RunTime:0.001320s ]
ERR: 非法操作:ajaxCart

[ 2017-08-15T22:08:43+08:00 ] 127.0.0.1 /thinkphp/Home/Cart/ajaxCart/cart_id/undefined/quantity/1
INFO: [ app_begin ] --START--
INFO: Run Behavior\ReadHtmlCacheBehavior [ RunTime:0.000751s ]
INFO: [ app_begin ] --END-- [ RunTime:0.001338s ]
ERR: 非法操作:ajaxCart

[ 2017-08-15T22:08:43+08:00 ] 127.0.0.1 /thinkphp/Home/Cart/ajaxCart/cart_id/undefined/quantity/1
INFO: [ app_begin ] --START--
INFO: Run Behavior\ReadHtmlCacheBehavior [ RunTime:0.000807s ]
INFO: [ app_begin ] --END-- [ RunTime:0.001400s ]
ERR: 非法操作:ajaxCart

[ 2017-08-15T22:08:43+08:00 ] 127.0.0.1 /thinkphp/Home/Cart/ajaxCart/cart_id/undefined/quantity/1
INFO: [ app_begin ] --START--
INFO: Run Behavior\ReadHtmlCacheBehavior [ RunTime:0.000718s ]
INFO: [ app_begin ] --END-- [ RunTime:0.001313s ]
ERR: 非法操作:ajaxCart

[ 2017-08-15T22:08:44+08:00 ] 127.0.0.1 /thinkphp/Home/Cart/ajaxCart/cart_id/undefined/quantity/1
INFO: [ app_begin ] --START--
INFO: Run Behavior\ReadHtmlCacheBehavior [ RunTime:0.000731s ]
INFO: [ app_begin ] --END-- [ RunTime:0.001324s ]
ERR: 非法操作:ajaxCart

[ 2017-08-15T22:08:44+08:00 ] 127.0.0.1 /thinkphp/Home/Cart/ajaxCart/cart_id/undefined/quantity/1
INFO: [ app_begin ] --START--
INFO: Run Behavior\ReadHtmlCacheBehavior [ RunTime:0.000646s ]
INFO: [ app_begin ] --END-- [ RunTime:0.001232s ]
ERR: 非法操作:ajaxCart

[ 2017-08-15T22:08:54+08:00 ] 127.0.0.1 /thinkphp/Home/Cart/ajaxCart/cart_id/undefined/quantity/2
INFO: [ app_begin ] --START--
INFO: Run Behavior\ReadHtmlCacheBehavior [ RunTime:0.000715s ]
INFO: [ app_begin ] --END-- [ RunTime:0.001309s ]
ERR: 非法操作:ajaxCart

[ 2017-08-15T22:08:54+08:00 ] 127.0.0.1 /thinkphp/Home/Cart/ajaxCart/cart_id/undefined/quantity/3
INFO: [ app_begin ] --START--
INFO: Run Behavior\ReadHtmlCacheBehavior [ RunTime:0.000735s ]
INFO: [ app_begin ] --END-- [ RunTime:0.001333s ]
ERR: 非法操作:ajaxCart

[ 2017-08-15T22:08:54+08:00 ] 127.0.0.1 /thinkphp/Home/Cart/ajaxCart/cart_id/undefined/quantity/4
INFO: [ app_begin ] --START--
INFO: Run Behavior\ReadHtmlCacheBehavior [ RunTime:0.000646s ]
INFO: [ app_begin ] --END-- [ RunTime:0.001242s ]
ERR: 非法操作:ajaxCart

[ 2017-08-15T22:08:54+08:00 ] 127.0.0.1 /thinkphp/Home/Cart/ajaxCart/cart_id/undefined/quantity/5
INFO: [ app_begin ] --START--
INFO: Run Behavior\ReadHtmlCacheBehavior [ RunTime:0.000720s ]
INFO: [ app_begin ] --END-- [ RunTime:0.001315s ]
ERR: 非法操作:ajaxCart

[ 2017-08-15T22:10:04+08:00 ] 127.0.0.1 /thinkphp/Home/Cart/ajaxCart/cart_id/undefined/quantity/6
INFO: [ app_begin ] --START--
INFO: Run Behavior\ReadHtmlCacheBehavior [ RunTime:0.000713s ]
INFO: [ app_begin ] --END-- [ RunTime:0.001242s ]
ERR: 非法操作:ajaxCart

[ 2017-08-15T22:10:06+08:00 ] 127.0.0.1 /thinkphp/Home/Cart/ajaxCart/cart_id/undefined/quantity/5
INFO: [ app_begin ] --START--
INFO: Run Behavior\ReadHtmlCacheBehavior [ RunTime:0.000686s ]
INFO: [ app_begin ] --END-- [ RunTime:0.001197s ]
ERR: 非法操作:ajaxCart

[ 2017-08-15T22:10:06+08:00 ] 127.0.0.1 /thinkphp/Home/Cart/ajaxCart/cart_id/undefined/quantity/4
INFO: [ app_begin ] --START--
INFO: Run Behavior\ReadHtmlCacheBehavior [ RunTime:0.000731s ]
INFO: [ app_begin ] --END-- [ RunTime:0.001301s ]
ERR: 非法操作:ajaxCart

[ 2017-08-15T22:10:06+08:00 ] 127.0.0.1 /thinkphp/Home/Cart/ajaxCart/cart_id/undefined/quantity/3
INFO: [ app_begin ] --START--
INFO: Run Behavior\ReadHtmlCacheBehavior [ RunTime:0.000644s ]
INFO: [ app_begin ] --END-- [ RunTime:0.001247s ]
ERR: 非法操作:ajaxCart

[ 2017-08-15T22:10:06+08:00 ] 127.0.0.1 /thinkphp/Home/Cart/ajaxCart/cart_id/undefined/quantity/2
INFO: [ app_begin ] --START--
INFO: Run Behavior\ReadHtmlCacheBehavior [ RunTime:0.000695s ]
INFO: [ app_begin ] --END-- [ RunTime:0.001281s ]
ERR: 非法操作:ajaxCart

[ 2017-08-15T22:10:06+08:00 ] 127.0.0.1 /thinkphp/Home/Cart/ajaxCart/cart_id/undefined/quantity/1
INFO: [ app_begin ] --START--
INFO: Run Behavior\ReadHtmlCacheBehavior [ RunTime:0.000625s ]
INFO: [ app_begin ] --END-- [ RunTime:0.001131s ]
ERR: 非法操作:ajaxCart

[ 2017-08-15T22:10:07+08:00 ] 127.0.0.1 /thinkphp/Home/Cart/ajaxCart/cart_id/undefined/quantity/1
INFO: [ app_begin ] --START--
INFO: Run Behavior\ReadHtmlCacheBehavior [ RunTime:0.000635s ]
INFO: [ app_begin ] --END-- [ RunTime:0.001232s ]
ERR: 非法操作:ajaxCart

[ 2017-08-15T22:13:23+08:00 ] 127.0.0.1 /thinkphp/Home/Cart/ajaxCart/cart_id/undefined/quantity/2
INFO: [ app_begin ] --START--
INFO: Run Behavior\ReadHtmlCacheBehavior [ RunTime:0.000859s ]
INFO: [ app_begin ] --END-- [ RunTime:0.001487s ]
ERR: 非法操作:ajaxCart

[ 2017-08-15T22:13:24+08:00 ] 127.0.0.1 /thinkphp/Home/Cart/ajaxCart/cart_id/undefined/quantity/3
INFO: [ app_begin ] --START--
INFO: Run Behavior\ReadHtmlCacheBehavior [ RunTime:0.000768s ]
INFO: [ app_begin ] --END-- [ RunTime:0.001394s ]
ERR: 非法操作:ajaxCart

[ 2017-08-15T22:15:01+08:00 ] 127.0.0.1 /thinkphp/Home/Cart/ajaxCart/cart_id/undefined/quantity/4
INFO: [ app_begin ] --START--
INFO: Run Behavior\ReadHtmlCacheBehavior [ RunTime:0.000843s ]
INFO: [ app_begin ] --END-- [ RunTime:0.001559s ]
ERR: 非法操作:ajaxCart

[ 2017-08-15T22:15:02+08:00 ] 127.0.0.1 /thinkphp/Home/Cart/ajaxCart/cart_id/undefined/quantity/5
INFO: [ app_begin ] --START--
INFO: Run Behavior\ReadHtmlCacheBehavior [ RunTime:0.000673s ]
INFO: [ app_begin ] --END-- [ RunTime:0.001235s ]
ERR: 非法操作:ajaxCart

[ 2017-08-15T22:15:02+08:00 ] 127.0.0.1 /thinkphp/Home/Cart/ajaxCart/cart_id/undefined/quantity/6
INFO: [ app_begin ] --START--
INFO: Run Behavior\ReadHtmlCacheBehavior [ RunTime:0.000639s ]
INFO: [ app_begin ] --END-- [ RunTime:0.001239s ]
ERR: 非法操作:ajaxCart

[ 2017-08-15T22:15:02+08:00 ] 127.0.0.1 /thinkphp/Home/Cart/ajaxCart/cart_id/undefined/quantity/7
INFO: [ app_begin ] --START--
INFO: Run Behavior\ReadHtmlCacheBehavior [ RunTime:0.000679s ]
INFO: [ app_begin ] --END-- [ RunTime:0.001399s ]
ERR: 非法操作:ajaxCart

[ 2017-08-15T22:15:02+08:00 ] 127.0.0.1 /thinkphp/Home/Cart/ajaxCart/cart_id/undefined/quantity/8
INFO: [ app_begin ] --START--
INFO: Run Behavior\ReadHtmlCacheBehavior [ RunTime:0.000721s ]
INFO: [ app_begin ] --END-- [ RunTime:0.001307s ]
ERR: 非法操作:ajaxCart

[ 2017-08-15T22:15:03+08:00 ] 127.0.0.1 /thinkphp/Home/Cart/ajaxCart/cart_id/undefined/quantity/9
INFO: [ app_begin ] --START--
INFO: Run Behavior\ReadHtmlCacheBehavior [ RunTime:0.000677s ]
INFO: [ app_begin ] --END-- [ RunTime:0.001304s ]
ERR: 非法操作:ajaxCart

[ 2017-08-15T22:29:10+08:00 ] 127.0.0.1 /thinkphp/Home/Cart/ajaxCart/cart_id/undefined/quantity/6
INFO: [ app_begin ] --START--
INFO: Run Behavior\ReadHtmlCacheBehavior [ RunTime:0.000814s ]
INFO: [ app_begin ] --END-- [ RunTime:0.001671s ]
ERR: 非法操作:ajaxCart

[ 2017-08-15T22:29:11+08:00 ] 127.0.0.1 /thinkphp/Home/Cart/ajaxCart/cart_id/undefined/quantity/7
INFO: [ app_begin ] --START--
INFO: Run Behavior\ReadHtmlCacheBehavior [ RunTime:0.000640s ]
INFO: [ app_begin ] --END-- [ RunTime:0.001184s ]
ERR: 非法操作:ajaxCart

[ 2017-08-15T22:29:11+08:00 ] 127.0.0.1 /thinkphp/Home/Cart/ajaxCart/cart_id/undefined/quantity/8
INFO: [ app_begin ] --START--
INFO: Run Behavior\ReadHtmlCacheBehavior [ RunTime:0.000676s ]
INFO: [ app_begin ] --END-- [ RunTime:0.001210s ]
ERR: 非法操作:ajaxCart

[ 2017-08-15T22:29:11+08:00 ] 127.0.0.1 /thinkphp/Home/Cart/ajaxCart/cart_id/undefined/quantity/9
INFO: [ app_begin ] --START--
INFO: Run Behavior\ReadHtmlCacheBehavior [ RunTime:0.000724s ]
INFO: [ app_begin ] --END-- [ RunTime:0.001318s ]
ERR: 非法操作:ajaxCart

[ 2017-08-15T22:29:12+08:00 ] 127.0.0.1 /thinkphp/Home/Cart/ajaxCart/cart_id/undefined/quantity/10
INFO: [ app_begin ] --START--
INFO: Run Behavior\ReadHtmlCacheBehavior [ RunTime:0.000649s ]
INFO: [ app_begin ] --END-- [ RunTime:0.001255s ]
ERR: 非法操作:ajaxCart

[ 2017-08-15T22:29:12+08:00 ] 127.0.0.1 /thinkphp/Home/Cart/ajaxCart/cart_id/undefined/quantity/11
INFO: [ app_begin ] --START--
INFO: Run Behavior\ReadHtmlCacheBehavior [ RunTime:0.000759s ]
INFO: [ app_begin ] --END-- [ RunTime:0.001400s ]
ERR: 非法操作:ajaxCart

[ 2017-08-15T22:29:12+08:00 ] 127.0.0.1 /thinkphp/Home/Cart/ajaxCart/cart_id/undefined/quantity/12
INFO: [ app_begin ] --START--
INFO: Run Behavior\ReadHtmlCacheBehavior [ RunTime:0.001059s ]
INFO: [ app_begin ] --END-- [ RunTime:0.001740s ]
ERR: 非法操作:ajaxCart

[ 2017-08-15T22:29:12+08:00 ] 127.0.0.1 /thinkphp/Home/Cart/ajaxCart/cart_id/undefined/quantity/13
INFO: [ app_begin ] --START--
INFO: Run Behavior\ReadHtmlCacheBehavior [ RunTime:0.000699s ]
INFO: [ app_begin ] --END-- [ RunTime:0.001283s ]
ERR: 非法操作:ajaxCart

[ 2017-08-15T22:29:12+08:00 ] 127.0.0.1 /thinkphp/Home/Cart/ajaxCart/cart_id/undefined/quantity/14
INFO: [ app_begin ] --START--
INFO: Run Behavior\ReadHtmlCacheBehavior [ RunTime:0.000717s ]
INFO: [ app_begin ] --END-- [ RunTime:0.001308s ]
ERR: 非法操作:ajaxCart

[ 2017-08-15T22:29:13+08:00 ] 127.0.0.1 /thinkphp/Home/Cart/ajaxCart/cart_id/undefined/quantity/15
INFO: [ app_begin ] --START--
INFO: Run Behavior\ReadHtmlCacheBehavior [ RunTime:0.000757s ]
INFO: [ app_begin ] --END-- [ RunTime:0.001342s ]
ERR: 非法操作:ajaxCart

[ 2017-08-15T22:29:13+08:00 ] 127.0.0.1 /thinkphp/Home/Cart/ajaxCart/cart_id/undefined/quantity/16
INFO: [ app_begin ] --START--
INFO: Run Behavior\ReadHtmlCacheBehavior [ RunTime:0.000761s ]
INFO: [ app_begin ] --END-- [ RunTime:0.001348s ]
ERR: 非法操作:ajaxCart

[ 2017-08-15T22:29:13+08:00 ] 127.0.0.1 /thinkphp/Home/Cart/ajaxCart/cart_id/undefined/quantity/17
INFO: [ app_begin ] --START--
INFO: Run Behavior\ReadHtmlCacheBehavior [ RunTime:0.000632s ]
INFO: [ app_begin ] --END-- [ RunTime:0.001138s ]
ERR: 非法操作:ajaxCart

[ 2017-08-15T22:29:13+08:00 ] 127.0.0.1 /thinkphp/Home/Cart/ajaxCart/cart_id/undefined/quantity/18
INFO: [ app_begin ] --START--
INFO: Run Behavior\ReadHtmlCacheBehavior [ RunTime:0.000736s ]
INFO: [ app_begin ] --END-- [ RunTime:0.001329s ]
ERR: 非法操作:ajaxCart

[ 2017-08-15T22:29:13+08:00 ] 127.0.0.1 /thinkphp/Home/Cart/ajaxCart/cart_id/undefined/quantity/19
INFO: [ app_begin ] --START--
INFO: Run Behavior\ReadHtmlCacheBehavior [ RunTime:0.000700s ]
INFO: [ app_begin ] --END-- [ RunTime:0.001252s ]
ERR: 非法操作:ajaxCart

[ 2017-08-15T22:29:14+08:00 ] 127.0.0.1 /thinkphp/Home/Cart/ajaxCart/cart_id/undefined/quantity/20
INFO: [ app_begin ] --START--
INFO: Run Behavior\ReadHtmlCacheBehavior [ RunTime:0.000715s ]
INFO: [ app_begin ] --END-- [ RunTime:0.001311s ]
ERR: 非法操作:ajaxCart

[ 2017-08-15T22:29:14+08:00 ] 127.0.0.1 /thinkphp/Home/Cart/ajaxCart/cart_id/undefined/quantity/21
INFO: [ app_begin ] --START--
INFO: Run Behavior\ReadHtmlCacheBehavior [ RunTime:0.000722s ]
INFO: [ app_begin ] --END-- [ RunTime:0.001305s ]
ERR: 非法操作:ajaxCart

[ 2017-08-15T22:29:15+08:00 ] 127.0.0.1 /thinkphp/Home/Cart/ajaxCart/cart_id/undefined/quantity/22
INFO: [ app_begin ] --START--
INFO: Run Behavior\ReadHtmlCacheBehavior [ RunTime:0.000734s ]
INFO: [ app_begin ] --END-- [ RunTime:0.001296s ]
ERR: 非法操作:ajaxCart

[ 2017-08-15T22:29:15+08:00 ] 127.0.0.1 /thinkphp/Home/Cart/ajaxCart/cart_id/undefined/quantity/23
INFO: [ app_begin ] --START--
INFO: Run Behavior\ReadHtmlCacheBehavior [ RunTime:0.000885s ]
INFO: [ app_begin ] --END-- [ RunTime:0.001542s ]
ERR: 非法操作:ajaxCart

[ 2017-08-15T22:29:16+08:00 ] 127.0.0.1 /thinkphp/Home/Cart/ajaxCart/cart_id/undefined/quantity/10
INFO: [ app_begin ] --START--
INFO: Run Behavior\ReadHtmlCacheBehavior [ RunTime:0.000713s ]
INFO: [ app_begin ] --END-- [ RunTime:0.001228s ]
ERR: 非法操作:ajaxCart

[ 2017-08-15T22:29:16+08:00 ] 127.0.0.1 /thinkphp/Home/Cart/ajaxCart/cart_id/undefined/quantity/11
INFO: [ app_begin ] --START--
INFO: Run Behavior\ReadHtmlCacheBehavior [ RunTime:0.000740s ]
INFO: [ app_begin ] --END-- [ RunTime:0.001331s ]
ERR: 非法操作:ajaxCart

[ 2017-08-15T22:29:16+08:00 ] 127.0.0.1 /thinkphp/Home/Cart/ajaxCart/cart_id/undefined/quantity/12
INFO: [ app_begin ] --START--
INFO: Run Behavior\ReadHtmlCacheBehavior [ RunTime:0.000717s ]
INFO: [ app_begin ] --END-- [ RunTime:0.001312s ]
ERR: 非法操作:ajaxCart

[ 2017-08-15T22:29:16+08:00 ] 127.0.0.1 /thinkphp/Home/Cart/ajaxCart/cart_id/undefined/quantity/13
INFO: [ app_begin ] --START--
INFO: Run Behavior\ReadHtmlCacheBehavior [ RunTime:0.000915s ]
INFO: [ app_begin ] --END-- [ RunTime:0.001643s ]
ERR: 非法操作:ajaxCart

[ 2017-08-15T22:29:16+08:00 ] 127.0.0.1 /thinkphp/Home/Cart/ajaxCart/cart_id/undefined/quantity/14
INFO: [ app_begin ] --START--
INFO: Run Behavior\ReadHtmlCacheBehavior [ RunTime:0.000731s ]
INFO: [ app_begin ] --END-- [ RunTime:0.001316s ]
ERR: 非法操作:ajaxCart

[ 2017-08-15T22:29:17+08:00 ] 127.0.0.1 /thinkphp/Home/Cart/ajaxCart/cart_id/undefined/quantity/15
INFO: [ app_begin ] --START--
INFO: Run Behavior\ReadHtmlCacheBehavior [ RunTime:0.000728s ]
INFO: [ app_begin ] --END-- [ RunTime:0.001357s ]
ERR: 非法操作:ajaxCart

[ 2017-08-15T22:29:17+08:00 ] 127.0.0.1 /thinkphp/Home/Cart/ajaxCart/cart_id/undefined/quantity/16
INFO: [ app_begin ] --START--
INFO: Run Behavior\ReadHtmlCacheBehavior [ RunTime:0.000687s ]
INFO: [ app_begin ] --END-- [ RunTime:0.001350s ]
ERR: 非法操作:ajaxCart

[ 2017-08-15T22:29:17+08:00 ] 127.0.0.1 /thinkphp/Home/Cart/ajaxCart/cart_id/undefined/quantity/17
INFO: [ app_begin ] --START--
INFO: Run Behavior\ReadHtmlCacheBehavior [ RunTime:0.000641s ]
INFO: [ app_begin ] --END-- [ RunTime:0.001232s ]
ERR: 非法操作:ajaxCart

[ 2017-08-15T22:35:11+08:00 ] 127.0.0.1 /thinkphp/Home/Cart/ajaxCart/cart_id/undefined/quantity/4
INFO: [ app_begin ] --START--
INFO: Run Behavior\ReadHtmlCacheBehavior [ RunTime:0.000636s ]
INFO: [ app_begin ] --END-- [ RunTime:0.001156s ]
ERR: 非法操作:ajaxCart

[ 2017-08-15T22:35:12+08:00 ] 127.0.0.1 /thinkphp/Home/Cart/ajaxCart/cart_id/undefined/quantity/5
INFO: [ app_begin ] --START--
INFO: Run Behavior\ReadHtmlCacheBehavior [ RunTime:0.000629s ]
INFO: [ app_begin ] --END-- [ RunTime:0.001133s ]
ERR: 非法操作:ajaxCart

[ 2017-08-15T22:35:12+08:00 ] 127.0.0.1 /thinkphp/Home/Cart/ajaxCart/cart_id/undefined/quantity/6
INFO: [ app_begin ] --START--
INFO: Run Behavior\ReadHtmlCacheBehavior [ RunTime:0.000814s ]
INFO: [ app_begin ] --END-- [ RunTime:0.001401s ]
ERR: 非法操作:ajaxCart

[ 2017-08-15T22:35:12+08:00 ] 127.0.0.1 /thinkphp/Home/Cart/ajaxCart/cart_id/undefined/quantity/7
INFO: [ app_begin ] --START--
INFO: Run Behavior\ReadHtmlCacheBehavior [ RunTime:0.000720s ]
INFO: [ app_begin ] --END-- [ RunTime:0.001322s ]
ERR: 非法操作:ajaxCart

[ 2017-08-15T22:35:12+08:00 ] 127.0.0.1 /thinkphp/Home/Cart/ajaxCart/cart_id/undefined/quantity/8
INFO: [ app_begin ] --START--
INFO: Run Behavior\ReadHtmlCacheBehavior [ RunTime:0.000722s ]
INFO: [ app_begin ] --END-- [ RunTime:0.001318s ]
ERR: 非法操作:ajaxCart

[ 2017-08-15T22:35:12+08:00 ] 127.0.0.1 /thinkphp/Home/Cart/ajaxCart/cart_id/undefined/quantity/9
INFO: [ app_begin ] --START--
INFO: Run Behavior\ReadHtmlCacheBehavior [ RunTime:0.000655s ]
INFO: [ app_begin ] --END-- [ RunTime:0.001241s ]
ERR: 非法操作:ajaxCart

[ 2017-08-15T22:35:13+08:00 ] 127.0.0.1 /thinkphp/Home/Cart/ajaxCart/cart_id/undefined/quantity/10
INFO: [ app_begin ] --START--
INFO: Run Behavior\ReadHtmlCacheBehavior [ RunTime:0.000930s ]
INFO: [ app_begin ] --END-- [ RunTime:0.001585s ]
ERR: 非法操作:ajaxCart

[ 2017-08-15T22:35:13+08:00 ] 127.0.0.1 /thinkphp/Home/Cart/ajaxCart/cart_id/undefined/quantity/9
INFO: [ app_begin ] --START--
INFO: Run Behavior\ReadHtmlCacheBehavior [ RunTime:0.000731s ]
INFO: [ app_begin ] --END-- [ RunTime:0.001321s ]
ERR: 非法操作:ajaxCart

[ 2017-08-15T22:35:13+08:00 ] 127.0.0.1 /thinkphp/Home/Cart/ajaxCart/cart_id/undefined/quantity/8
INFO: [ app_begin ] --START--
INFO: Run Behavior\ReadHtmlCacheBehavior [ RunTime:0.000630s ]
INFO: [ app_begin ] --END-- [ RunTime:0.001226s ]
ERR: 非法操作:ajaxCart

[ 2017-08-15T22:35:14+08:00 ] 127.0.0.1 /thinkphp/Home/Cart/ajaxCart/cart_id/undefined/quantity/7
INFO: [ app_begin ] --START--
INFO: Run Behavior\ReadHtmlCacheBehavior [ RunTime:0.000720s ]
INFO: [ app_begin ] --END-- [ RunTime:0.001229s ]
ERR: 非法操作:ajaxCart

[ 2017-08-15T22:35:14+08:00 ] 127.0.0.1 /thinkphp/Home/Cart/ajaxCart/cart_id/undefined/quantity/6
INFO: [ app_begin ] --START--
INFO: Run Behavior\ReadHtmlCacheBehavior [ RunTime:0.000647s ]
INFO: [ app_begin ] --END-- [ RunTime:0.001238s ]
ERR: 非法操作:ajaxCart

[ 2017-08-15T22:35:14+08:00 ] 127.0.0.1 /thinkphp/Home/Cart/ajaxCart/cart_id/undefined/quantity/5
INFO: [ app_begin ] --START--
INFO: Run Behavior\ReadHtmlCacheBehavior [ RunTime:0.000695s ]
INFO: [ app_begin ] --END-- [ RunTime:0.001285s ]
ERR: 非法操作:ajaxCart

[ 2017-08-15T22:35:14+08:00 ] 127.0.0.1 /thinkphp/Home/Cart/ajaxCart/cart_id/undefined/quantity/4
INFO: [ app_begin ] --START--
INFO: Run Behavior\ReadHtmlCacheBehavior [ RunTime:0.000684s ]
INFO: [ app_begin ] --END-- [ RunTime:0.001207s ]
ERR: 非法操作:ajaxCart

[ 2017-08-15T22:35:14+08:00 ] 127.0.0.1 /thinkphp/Home/Cart/ajaxCart/cart_id/undefined/quantity/3
INFO: [ app_begin ] --START--
INFO: Run Behavior\ReadHtmlCacheBehavior [ RunTime:0.000721s ]
INFO: [ app_begin ] --END-- [ RunTime:0.001281s ]
ERR: 非法操作:ajaxCart

[ 2017-08-15T22:35:15+08:00 ] 127.0.0.1 /thinkphp/Home/Cart/ajaxCart/cart_id/undefined/quantity/2
INFO: [ app_begin ] --START--
INFO: Run Behavior\ReadHtmlCacheBehavior [ RunTime:0.000717s ]
INFO: [ app_begin ] --END-- [ RunTime:0.001266s ]
ERR: 非法操作:ajaxCart

[ 2017-08-15T22:35:15+08:00 ] 127.0.0.1 /thinkphp/Home/Cart/ajaxCart/cart_id/undefined/quantity/1
INFO: [ app_begin ] --START--
INFO: Run Behavior\ReadHtmlCacheBehavior [ RunTime:0.000736s ]
INFO: [ app_begin ] --END-- [ RunTime:0.001317s ]
ERR: 非法操作:ajaxCart

[ 2017-08-15T22:35:15+08:00 ] 127.0.0.1 /thinkphp/Home/Cart/ajaxCart/cart_id/undefined/quantity/1
INFO: [ app_begin ] --START--
INFO: Run Behavior\ReadHtmlCacheBehavior [ RunTime:0.000683s ]
INFO: [ app_begin ] --END-- [ RunTime:0.001192s ]
ERR: 非法操作:ajaxCart

[ 2017-08-15T22:35:15+08:00 ] 127.0.0.1 /thinkphp/Home/Cart/ajaxCart/cart_id/undefined/quantity/1
INFO: [ app_begin ] --START--
INFO: Run Behavior\ReadHtmlCacheBehavior [ RunTime:0.000907s ]
INFO: [ app_begin ] --END-- [ RunTime:0.001572s ]
ERR: 非法操作:ajaxCart

[ 2017-08-15T22:35:15+08:00 ] 127.0.0.1 /thinkphp/Home/Cart/ajaxCart/cart_id/undefined/quantity/1
INFO: [ app_begin ] --START--
INFO: Run Behavior\ReadHtmlCacheBehavior [ RunTime:0.000639s ]
INFO: [ app_begin ] --END-- [ RunTime:0.001148s ]
ERR: 非法操作:ajaxCart

[ 2017-08-15T22:35:16+08:00 ] 127.0.0.1 /thinkphp/Home/Cart/ajaxCart/cart_id/undefined/quantity/1
INFO: [ app_begin ] --START--
INFO: Run Behavior\ReadHtmlCacheBehavior [ RunTime:0.000721s ]
INFO: [ app_begin ] --END-- [ RunTime:0.001323s ]
ERR: 非法操作:ajaxCart

[ 2017-08-15T22:38:09+08:00 ] 127.0.0.1 /thinkphp/Home/Cart/ajaxCart/cart_id/undefined/quantity/2
INFO: [ app_begin ] --START--
INFO: Run Behavior\ReadHtmlCacheBehavior [ RunTime:0.000661s ]
INFO: [ app_begin ] --END-- [ RunTime:0.001608s ]
ERR: 非法操作:ajaxCart

[ 2017-08-15T22:38:10+08:00 ] 127.0.0.1 /thinkphp/Home/Cart/ajaxCart/cart_id/undefined/quantity/1
INFO: [ app_begin ] --START--
INFO: Run Behavior\ReadHtmlCacheBehavior [ RunTime:0.000629s ]
INFO: [ app_begin ] --END-- [ RunTime:0.001158s ]
ERR: 非法操作:ajaxCart

[ 2017-08-15T22:38:10+08:00 ] 127.0.0.1 /thinkphp/Home/Cart/ajaxCart/cart_id/undefined/quantity/1
INFO: [ app_begin ] --START--
INFO: Run Behavior\ReadHtmlCacheBehavior [ RunTime:0.000716s ]
INFO: [ app_begin ] --END-- [ RunTime:0.001278s ]
ERR: 非法操作:ajaxCart

[ 2017-08-15T22:38:11+08:00 ] 127.0.0.1 /thinkphp/Home/Cart/ajaxCart/cart_id/undefined/quantity/1
INFO: [ app_begin ] --START--
INFO: Run Behavior\ReadHtmlCacheBehavior [ RunTime:0.000749s ]
INFO: [ app_begin ] --END-- [ RunTime:0.001563s ]
ERR: 非法操作:ajaxCart

[ 2017-08-15T22:38:11+08:00 ] 127.0.0.1 /thinkphp/Home/Cart/ajaxCart/cart_id/undefined/quantity/1
INFO: [ app_begin ] --START--
INFO: Run Behavior\ReadHtmlCacheBehavior [ RunTime:0.000682s ]
INFO: [ app_begin ] --END-- [ RunTime:0.001297s ]
ERR: 非法操作:ajaxCart

[ 2017-08-15T22:38:11+08:00 ] 127.0.0.1 /thinkphp/Home/Cart/ajaxCart/cart_id/undefined/quantity/1
INFO: [ app_begin ] --START--
INFO: Run Behavior\ReadHtmlCacheBehavior [ RunTime:0.000723s ]
INFO: [ app_begin ] --END-- [ RunTime:0.001320s ]
ERR: 非法操作:ajaxCart

[ 2017-08-15T22:38:11+08:00 ] 127.0.0.1 /thinkphp/Home/Cart/ajaxCart/cart_id/undefined/quantity/1
INFO: [ app_begin ] --START--
INFO: Run Behavior\ReadHtmlCacheBehavior [ RunTime:0.000735s ]
INFO: [ app_begin ] --END-- [ RunTime:0.001310s ]
ERR: 非法操作:ajaxCart

[ 2017-08-15T22:38:11+08:00 ] 127.0.0.1 /thinkphp/Home/Cart/ajaxCart/cart_id/undefined/quantity/1
INFO: [ app_begin ] --START--
INFO: Run Behavior\ReadHtmlCacheBehavior [ RunTime:0.000711s ]
INFO: [ app_begin ] --END-- [ RunTime:0.001245s ]
ERR: 非法操作:ajaxCart

[ 2017-08-15T22:38:12+08:00 ] 127.0.0.1 /thinkphp/Home/Cart/ajaxCart/cart_id/undefined/quantity/2
INFO: [ app_begin ] --START--
INFO: Run Behavior\ReadHtmlCacheBehavior [ RunTime:0.000738s ]
INFO: [ app_begin ] --END-- [ RunTime:0.001326s ]
ERR: 非法操作:ajaxCart

[ 2017-08-15T22:38:12+08:00 ] 127.0.0.1 /thinkphp/Home/Cart/ajaxCart/cart_id/undefined/quantity/3
INFO: [ app_begin ] --START--
INFO: Run Behavior\ReadHtmlCacheBehavior [ RunTime:0.000716s ]
INFO: [ app_begin ] --END-- [ RunTime:0.001311s ]
ERR: 非法操作:ajaxCart

[ 2017-08-15T22:38:13+08:00 ] 127.0.0.1 /thinkphp/Home/Cart/ajaxCart/cart_id/undefined/quantity/4
INFO: [ app_begin ] --START--
INFO: Run Behavior\ReadHtmlCacheBehavior [ RunTime:0.000688s ]
INFO: [ app_begin ] --END-- [ RunTime:0.001288s ]
ERR: 非法操作:ajaxCart

[ 2017-08-15T22:38:13+08:00 ] 127.0.0.1 /thinkphp/Home/Cart/ajaxCart/cart_id/undefined/quantity/5
INFO: [ app_begin ] --START--
INFO: Run Behavior\ReadHtmlCacheBehavior [ RunTime:0.000724s ]
INFO: [ app_begin ] --END-- [ RunTime:0.001300s ]
ERR: 非法操作:ajaxCart

[ 2017-08-15T22:38:13+08:00 ] 127.0.0.1 /thinkphp/Home/Cart/ajaxCart/cart_id/undefined/quantity/6
INFO: [ app_begin ] --START--
INFO: Run Behavior\ReadHtmlCacheBehavior [ RunTime:0.000981s ]
INFO: [ app_begin ] --END-- [ RunTime:0.001535s ]
ERR: 非法操作:ajaxCart

[ 2017-08-15T22:38:13+08:00 ] 127.0.0.1 /thinkphp/Home/Cart/ajaxCart/cart_id/undefined/quantity/7
INFO: [ app_begin ] --START--
INFO: Run Behavior\ReadHtmlCacheBehavior [ RunTime:0.000721s ]
INFO: [ app_begin ] --END-- [ RunTime:0.001315s ]
ERR: 非法操作:ajaxCart

[ 2017-08-15T22:38:13+08:00 ] 127.0.0.1 /thinkphp/Home/Cart/ajaxCart/cart_id/undefined/quantity/8
INFO: [ app_begin ] --START--
INFO: Run Behavior\ReadHtmlCacheBehavior [ RunTime:0.000684s ]
INFO: [ app_begin ] --END-- [ RunTime:0.001196s ]
ERR: 非法操作:ajaxCart

[ 2017-08-15T22:38:14+08:00 ] 127.0.0.1 /thinkphp/Home/Cart/ajaxCart/cart_id/undefined/quantity/9
INFO: [ app_begin ] --START--
INFO: Run Behavior\ReadHtmlCacheBehavior [ RunTime:0.000695s ]
INFO: [ app_begin ] --END-- [ RunTime:0.001205s ]
ERR: 非法操作:ajaxCart

[ 2017-08-15T22:38:14+08:00 ] 127.0.0.1 /thinkphp/Home/Cart/ajaxCart/cart_id/undefined/quantity/10
INFO: [ app_begin ] --START--
INFO: Run Behavior\ReadHtmlCacheBehavior [ RunTime:0.000738s ]
INFO: [ app_begin ] --END-- [ RunTime:0.001313s ]
ERR: 非法操作:ajaxCart

[ 2017-08-15T22:38:14+08:00 ] 127.0.0.1 /thinkphp/Home/Cart/ajaxCart/cart_id/undefined/quantity/11
INFO: [ app_begin ] --START--
INFO: Run Behavior\ReadHtmlCacheBehavior [ RunTime:0.000723s ]
INFO: [ app_begin ] --END-- [ RunTime:0.001225s ]
ERR: 非法操作:ajaxCart

[ 2017-08-15T22:39:39+08:00 ] 127.0.0.1 /thinkphp/Home/Cart/ajaxCart/cart_id/undefined/quantity/2
INFO: [ app_begin ] --START--
INFO: Run Behavior\ReadHtmlCacheBehavior [ RunTime:0.000645s ]
INFO: [ app_begin ] --END-- [ RunTime:0.001150s ]
ERR: 非法操作:ajaxCart

[ 2017-08-15T22:39:39+08:00 ] 127.0.0.1 /thinkphp/Home/Cart/ajaxCart/cart_id/undefined/quantity/1
INFO: [ app_begin ] --START--
INFO: Run Behavior\ReadHtmlCacheBehavior [ RunTime:0.000649s ]
INFO: [ app_begin ] --END-- [ RunTime:0.001169s ]
ERR: 非法操作:ajaxCart

[ 2017-08-15T22:39:39+08:00 ] 127.0.0.1 /thinkphp/Home/Cart/ajaxCart/cart_id/undefined/quantity/1
INFO: [ app_begin ] --START--
INFO: Run Behavior\ReadHtmlCacheBehavior [ RunTime:0.000729s ]
INFO: [ app_begin ] --END-- [ RunTime:0.001320s ]
ERR: 非法操作:ajaxCart

[ 2017-08-15T22:39:40+08:00 ] 127.0.0.1 /thinkphp/Home/Cart/ajaxCart/cart_id/undefined/quantity/1
INFO: [ app_begin ] --START--
INFO: Run Behavior\ReadHtmlCacheBehavior [ RunTime:0.000633s ]
INFO: [ app_begin ] --END-- [ RunTime:0.001149s ]
ERR: 非法操作:ajaxCart

[ 2017-08-15T22:39:40+08:00 ] 127.0.0.1 /thinkphp/Home/Cart/ajaxCart/cart_id/undefined/quantity/1
INFO: [ app_begin ] --START--
INFO: Run Behavior\ReadHtmlCacheBehavior [ RunTime:0.000729s ]
INFO: [ app_begin ] --END-- [ RunTime:0.001340s ]
ERR: 非法操作:ajaxCart

[ 2017-08-15T22:39:40+08:00 ] 127.0.0.1 /thinkphp/Home/Cart/ajaxCart/cart_id/undefined/quantity/1
INFO: [ app_begin ] --START--
INFO: Run Behavior\ReadHtmlCacheBehavior [ RunTime:0.000716s ]
INFO: [ app_begin ] --END-- [ RunTime:0.001303s ]
ERR: 非法操作:ajaxCart

[ 2017-08-15T22:39:40+08:00 ] 127.0.0.1 /thinkphp/Home/Cart/ajaxCart/cart_id/undefined/quantity/1
INFO: [ app_begin ] --START--
INFO: Run Behavior\ReadHtmlCacheBehavior [ RunTime:0.000714s ]
INFO: [ app_begin ] --END-- [ RunTime:0.001234s ]
ERR: 非法操作:ajaxCart

[ 2017-08-15T22:39:40+08:00 ] 127.0.0.1 /thinkphp/Home/Cart/ajaxCart/cart_id/undefined/quantity/1
INFO: [ app_begin ] --START--
INFO: Run Behavior\ReadHtmlCacheBehavior [ RunTime:0.000775s ]
INFO: [ app_begin ] --END-- [ RunTime:0.001369s ]
ERR: 非法操作:ajaxCart

[ 2017-08-15T22:39:41+08:00 ] 127.0.0.1 /thinkphp/Home/Cart/ajaxCart/cart_id/undefined/quantity/1
INFO: [ app_begin ] --START--
INFO: Run Behavior\ReadHtmlCacheBehavior [ RunTime:0.000778s ]
INFO: [ app_begin ] --END-- [ RunTime:0.001375s ]
ERR: 非法操作:ajaxCart

[ 2017-08-15T22:39:41+08:00 ] 127.0.0.1 /thinkphp/Home/Cart/ajaxCart/cart_id/undefined/quantity/1
INFO: [ app_begin ] --START--
INFO: Run Behavior\ReadHtmlCacheBehavior [ RunTime:0.000726s ]
INFO: [ app_begin ] --END-- [ RunTime:0.001318s ]
ERR: 非法操作:ajaxCart

[ 2017-08-15T22:39:41+08:00 ] 127.0.0.1 /thinkphp/Home/Cart/ajaxCart/cart_id/undefined/quantity/1
INFO: [ app_begin ] --START--
INFO: Run Behavior\ReadHtmlCacheBehavior [ RunTime:0.000727s ]
INFO: [ app_begin ] --END-- [ RunTime:0.001321s ]
ERR: 非法操作:ajaxCart

[ 2017-08-15T22:39:43+08:00 ] 127.0.0.1 /thinkphp/Home/Cart/ajaxCart/cart_id/undefined/quantity/1
INFO: [ app_begin ] --START--
INFO: Run Behavior\ReadHtmlCacheBehavior [ RunTime:0.000768s ]
INFO: [ app_begin ] --END-- [ RunTime:0.001358s ]
ERR: 非法操作:ajaxCart

[ 2017-08-15T22:39:43+08:00 ] 127.0.0.1 /thinkphp/Home/Cart/ajaxCart/cart_id/undefined/quantity/1
INFO: [ app_begin ] --START--
INFO: Run Behavior\ReadHtmlCacheBehavior [ RunTime:0.000731s ]
INFO: [ app_begin ] --END-- [ RunTime:0.001318s ]
ERR: 非法操作:ajaxCart

[ 2017-08-15T22:39:43+08:00 ] 127.0.0.1 /thinkphp/Home/Cart/ajaxCart/cart_id/undefined/quantity/1
INFO: [ app_begin ] --START--
INFO: Run Behavior\ReadHtmlCacheBehavior [ RunTime:0.000636s ]
INFO: [ app_begin ] --END-- [ RunTime:0.001234s ]
ERR: 非法操作:ajaxCart

[ 2017-08-15T22:39:44+08:00 ] 127.0.0.1 /thinkphp/Home/Cart/ajaxCart/cart_id/undefined/quantity/2
INFO: [ app_begin ] --START--
INFO: Run Behavior\ReadHtmlCacheBehavior [ RunTime:0.000723s ]
INFO: [ app_begin ] --END-- [ RunTime:0.001319s ]
ERR: 非法操作:ajaxCart

[ 2017-08-15T22:39:44+08:00 ] 127.0.0.1 /thinkphp/Home/Cart/ajaxCart/cart_id/undefined/quantity/3
INFO: [ app_begin ] --START--
INFO: Run Behavior\ReadHtmlCacheBehavior [ RunTime:0.000645s ]
INFO: [ app_begin ] --END-- [ RunTime:0.001173s ]
ERR: 非法操作:ajaxCart

[ 2017-08-15T22:39:45+08:00 ] 127.0.0.1 /thinkphp/Home/Cart/ajaxCart/cart_id/undefined/quantity/4
INFO: [ app_begin ] --START--
INFO: Run Behavior\ReadHtmlCacheBehavior [ RunTime:0.000715s ]
INFO: [ app_begin ] --END-- [ RunTime:0.001318s ]
ERR: 非法操作:ajaxCart

[ 2017-08-15T22:39:45+08:00 ] 127.0.0.1 /thinkphp/Home/Cart/ajaxCart/cart_id/undefined/quantity/5
INFO: [ app_begin ] --START--
INFO: Run Behavior\ReadHtmlCacheBehavior [ RunTime:0.000726s ]
INFO: [ app_begin ] --END-- [ RunTime:0.001293s ]
ERR: 非法操作:ajaxCart

[ 2017-08-15T22:39:45+08:00 ] 127.0.0.1 /thinkphp/Home/Cart/ajaxCart/cart_id/undefined/quantity/6
INFO: [ app_begin ] --START--
INFO: Run Behavior\ReadHtmlCacheBehavior [ RunTime:0.000628s ]
INFO: [ app_begin ] --END-- [ RunTime:0.001148s ]
ERR: 非法操作:ajaxCart

[ 2017-08-15T22:39:45+08:00 ] 127.0.0.1 /thinkphp/Home/Cart/ajaxCart/cart_id/undefined/quantity/7
INFO: [ app_begin ] --START--
INFO: Run Behavior\ReadHtmlCacheBehavior [ RunTime:0.000737s ]
INFO: [ app_begin ] --END-- [ RunTime:0.001325s ]
ERR: 非法操作:ajaxCart

[ 2017-08-15T22:39:46+08:00 ] 127.0.0.1 /thinkphp/Home/Cart/ajaxCart/cart_id/undefined/quantity/8
INFO: [ app_begin ] --START--
INFO: Run Behavior\ReadHtmlCacheBehavior [ RunTime:0.000639s ]
INFO: [ app_begin ] --END-- [ RunTime:0.001240s ]
ERR: 非法操作:ajaxCart

[ 2017-08-15T22:39:46+08:00 ] 127.0.0.1 /thinkphp/Home/Cart/ajaxCart/cart_id/undefined/quantity/9
INFO: [ app_begin ] --START--
INFO: Run Behavior\ReadHtmlCacheBehavior [ RunTime:0.000733s ]
INFO: [ app_begin ] --END-- [ RunTime:0.001356s ]
ERR: 非法操作:ajaxCart

[ 2017-08-15T22:39:46+08:00 ] 127.0.0.1 /thinkphp/Home/Cart/ajaxCart/cart_id/undefined/quantity/10
INFO: [ app_begin ] --START--
INFO: Run Behavior\ReadHtmlCacheBehavior [ RunTime:0.000651s ]
INFO: [ app_begin ] --END-- [ RunTime:0.001240s ]
ERR: 非法操作:ajaxCart

[ 2017-08-15T22:39:46+08:00 ] 127.0.0.1 /thinkphp/Home/Cart/ajaxCart/cart_id/undefined/quantity/11
INFO: [ app_begin ] --START--
INFO: Run Behavior\ReadHtmlCacheBehavior [ RunTime:0.000736s ]
INFO: [ app_begin ] --END-- [ RunTime:0.001357s ]
ERR: 非法操作:ajaxCart

[ 2017-08-15T22:39:47+08:00 ] 127.0.0.1 /thinkphp/Home/Cart/ajaxCart/cart_id/undefined/quantity/12
INFO: [ app_begin ] --START--
INFO: Run Behavior\ReadHtmlCacheBehavior [ RunTime:0.000629s ]
INFO: [ app_begin ] --END-- [ RunTime:0.001146s ]
ERR: 非法操作:ajaxCart

