[ 2017-09-04T08:19:58+08:00 ] 127.0.0.1 /thinkphp/Home/Cart/ajaxDel/cart_id/6
INFO: [ app_begin ] --START--
INFO: Run Behavior\ReadHtmlCacheBehavior [ RunTime:0.000550s ]
INFO: Run Behavior\CheckLangBehavior [ RunTime:0.000859s ]
INFO: [ app_begin ] --END-- [ RunTime:0.001836s ]
SQL: SHOW COLUMNS FROM `cc_cart` [ RunTime:0.0641s ]
SQL: DELETE FROM `cc_cart` WHERE ( cart_id=6 ) [ RunTime:0.0472s ]

[ 2017-09-04T08:20:35+08:00 ] 127.0.0.1 /thinkphp/Home/Cart/ajaxCart/cart_id/6/quantity/6
INFO: [ app_begin ] --START--
INFO: Run Behavior\ReadHtmlCacheBehavior [ RunTime:0.000537s ]
INFO: Run Behavior\CheckLangBehavior [ RunTime:0.000906s ]
INFO: [ app_begin ] --END-- [ RunTime:0.001882s ]
SQL: SHOW COLUMNS FROM `cc_cart` [ RunTime:0.0054s ]
SQL: UPDATE `cc_cart` SET `quantity`='6' WHERE ( cart_id=6 ) [ RunTime:0.0004s ]

[ 2017-09-04T08:20:36+08:00 ] 127.0.0.1 /thinkphp/Home/Cart/ajaxCart/cart_id/6/quantity/7
INFO: [ app_begin ] --START--
INFO: Run Behavior\ReadHtmlCacheBehavior [ RunTime:0.000675s ]
INFO: Run Behavior\CheckLangBehavior [ RunTime:0.001175s ]
INFO: [ app_begin ] --END-- [ RunTime:0.002318s ]
SQL: SHOW COLUMNS FROM `cc_cart` [ RunTime:0.0083s ]
SQL: UPDATE `cc_cart` SET `quantity`='7' WHERE ( cart_id=6 ) [ RunTime:0.0006s ]

[ 2017-09-04T08:20:37+08:00 ] 127.0.0.1 /thinkphp/Home/Cart/ajaxCart/cart_id/7/quantity/2
INFO: [ app_begin ] --START--
INFO: Run Behavior\ReadHtmlCacheBehavior [ RunTime:0.000468s ]
INFO: Run Behavior\CheckLangBehavior [ RunTime:0.000727s ]
INFO: [ app_begin ] --END-- [ RunTime:0.001609s ]
SQL: SHOW COLUMNS FROM `cc_cart` [ RunTime:0.0043s ]
SQL: UPDATE `cc_cart` SET `quantity`='2' WHERE ( cart_id=7 ) [ RunTime:0.0970s ]

[ 2017-09-04T08:20:38+08:00 ] 127.0.0.1 /thinkphp/Home/Cart/ajaxCart/cart_id/7/quantity/3
INFO: [ app_begin ] --START--
INFO: Run Behavior\ReadHtmlCacheBehavior [ RunTime:0.000540s ]
INFO: Run Behavior\CheckLangBehavior [ RunTime:0.000826s ]
INFO: [ app_begin ] --END-- [ RunTime:0.001798s ]
SQL: SHOW COLUMNS FROM `cc_cart` [ RunTime:0.0795s ]
SQL: UPDATE `cc_cart` SET `quantity`='3' WHERE ( cart_id=7 ) [ RunTime:0.0710s ]

[ 2017-09-04T08:20:39+08:00 ] 127.0.0.1 /thinkphp/Home/Cart/ajaxCart/cart_id/7/quantity/4
INFO: [ app_begin ] --START--
INFO: Run Behavior\ReadHtmlCacheBehavior [ RunTime:0.000488s ]
INFO: Run Behavior\CheckLangBehavior [ RunTime:0.000732s ]
INFO: [ app_begin ] --END-- [ RunTime:0.001640s ]
SQL: SHOW COLUMNS FROM `cc_cart` [ RunTime:0.0127s ]
SQL: UPDATE `cc_cart` SET `quantity`='4' WHERE ( cart_id=7 ) [ RunTime:0.0861s ]

[ 2017-09-04T08:20:40+08:00 ] 127.0.0.1 /thinkphp/Home/Cart/ajaxCart/cart_id/7/quantity/5
INFO: [ app_begin ] --START--
INFO: Run Behavior\ReadHtmlCacheBehavior [ RunTime:0.000491s ]
INFO: Run Behavior\CheckLangBehavior [ RunTime:0.000732s ]
INFO: [ app_begin ] --END-- [ RunTime:0.001683s ]
SQL: SHOW COLUMNS FROM `cc_cart` [ RunTime:0.1215s ]
SQL: UPDATE `cc_cart` SET `quantity`='5' WHERE ( cart_id=7 ) [ RunTime:0.0407s ]

[ 2017-09-04T08:20:42+08:00 ] 127.0.0.1 /thinkphp/Home/Cart/ajaxCart/cart_id/6/quantity/8
INFO: [ app_begin ] --START--
INFO: Run Behavior\ReadHtmlCacheBehavior [ RunTime:0.000470s ]
INFO: Run Behavior\CheckLangBehavior [ RunTime:0.000747s ]
INFO: [ app_begin ] --END-- [ RunTime:0.001637s ]
SQL: SHOW COLUMNS FROM `cc_cart` [ RunTime:0.0962s ]
SQL: UPDATE `cc_cart` SET `quantity`='8' WHERE ( cart_id=6 ) [ RunTime:0.0003s ]

[ 2017-09-04T08:20:43+08:00 ] 127.0.0.1 /thinkphp/Home/Cart/ajaxCart/cart_id/5/quantity/2
INFO: [ app_begin ] --START--
INFO: Run Behavior\ReadHtmlCacheBehavior [ RunTime:0.000528s ]
INFO: Run Behavior\CheckLangBehavior [ RunTime:0.000753s ]
INFO: [ app_begin ] --END-- [ RunTime:0.001784s ]
SQL: SHOW COLUMNS FROM `cc_cart` [ RunTime:0.0043s ]
SQL: UPDATE `cc_cart` SET `quantity`='2' WHERE ( cart_id=5 ) [ RunTime:0.0960s ]

[ 2017-09-04T08:20:44+08:00 ] 127.0.0.1 /thinkphp/Home/Cart/ajaxCart/cart_id/4/quantity/15
INFO: [ app_begin ] --START--
INFO: Run Behavior\ReadHtmlCacheBehavior [ RunTime:0.000452s ]
INFO: Run Behavior\CheckLangBehavior [ RunTime:0.000697s ]
INFO: [ app_begin ] --END-- [ RunTime:0.001571s ]
SQL: SHOW COLUMNS FROM `cc_cart` [ RunTime:0.0054s ]
SQL: UPDATE `cc_cart` SET `quantity`='15' WHERE ( cart_id=4 ) [ RunTime:0.0686s ]

[ 2017-09-04T08:20:45+08:00 ] 127.0.0.1 /thinkphp/Home/Cart/ajaxCart/cart_id/4/quantity/14
INFO: [ app_begin ] --START--
INFO: Run Behavior\ReadHtmlCacheBehavior [ RunTime:0.000477s ]
INFO: Run Behavior\CheckLangBehavior [ RunTime:0.000750s ]
INFO: [ app_begin ] --END-- [ RunTime:0.001638s ]
SQL: SHOW COLUMNS FROM `cc_cart` [ RunTime:0.0037s ]
SQL: UPDATE `cc_cart` SET `quantity`='14' WHERE ( cart_id=4 ) [ RunTime:0.0638s ]

[ 2017-09-04T08:20:46+08:00 ] 127.0.0.1 /thinkphp/Home/Cart/ajaxCart/cart_id/4/quantity/13
INFO: [ app_begin ] --START--
INFO: Run Behavior\ReadHtmlCacheBehavior [ RunTime:0.000511s ]
INFO: Run Behavior\CheckLangBehavior [ RunTime:0.000661s ]
INFO: [ app_begin ] --END-- [ RunTime:0.001589s ]
SQL: SHOW COLUMNS FROM `cc_cart` [ RunTime:0.0055s ]
SQL: UPDATE `cc_cart` SET `quantity`='13' WHERE ( cart_id=4 ) [ RunTime:0.0951s ]

[ 2017-09-04T08:20:47+08:00 ] 127.0.0.1 /thinkphp/Home/Cart/ajaxCart/cart_id/4/quantity/12
INFO: [ app_begin ] --START--
INFO: Run Behavior\ReadHtmlCacheBehavior [ RunTime:0.000423s ]
INFO: Run Behavior\CheckLangBehavior [ RunTime:0.000748s ]
INFO: [ app_begin ] --END-- [ RunTime:0.001708s ]
SQL: SHOW COLUMNS FROM `cc_cart` [ RunTime:0.0065s ]
SQL: UPDATE `cc_cart` SET `quantity`='12' WHERE ( cart_id=4 ) [ RunTime:0.0973s ]

[ 2017-09-04T08:20:48+08:00 ] 127.0.0.1 /thinkphp/Home/Cart/ajaxCart/cart_id/4/quantity/11
INFO: [ app_begin ] --START--
INFO: Run Behavior\ReadHtmlCacheBehavior [ RunTime:0.000495s ]
INFO: Run Behavior\CheckLangBehavior [ RunTime:0.000730s ]
INFO: [ app_begin ] --END-- [ RunTime:0.001654s ]
SQL: SHOW COLUMNS FROM `cc_cart` [ RunTime:0.0063s ]
SQL: UPDATE `cc_cart` SET `quantity`='11' WHERE ( cart_id=4 ) [ RunTime:0.0952s ]

[ 2017-09-04T08:20:50+08:00 ] 127.0.0.1 /thinkphp/Home/Cart/ajaxCart/cart_id/4/quantity/10
INFO: [ app_begin ] --START--
INFO: Run Behavior\ReadHtmlCacheBehavior [ RunTime:0.000468s ]
INFO: Run Behavior\CheckLangBehavior [ RunTime:0.000720s ]
INFO: [ app_begin ] --END-- [ RunTime:0.001599s ]
SQL: SHOW COLUMNS FROM `cc_cart` [ RunTime:0.0050s ]
SQL: UPDATE `cc_cart` SET `quantity`='10' WHERE ( cart_id=4 ) [ RunTime:0.0988s ]

[ 2017-09-04T08:20:51+08:00 ] 127.0.0.1 /thinkphp/Home/Cart/ajaxCart/cart_id/4/quantity/9
INFO: [ app_begin ] --START--
INFO: Run Behavior\ReadHtmlCacheBehavior [ RunTime:0.000470s ]
INFO: Run Behavior\CheckLangBehavior [ RunTime:0.000686s ]
INFO: [ app_begin ] --END-- [ RunTime:0.001615s ]
SQL: SHOW COLUMNS FROM `cc_cart` [ RunTime:0.0077s ]
SQL: UPDATE `cc_cart` SET `quantity`='9' WHERE ( cart_id=4 ) [ RunTime:0.0867s ]

[ 2017-09-04T08:20:52+08:00 ] 127.0.0.1 /thinkphp/Home/Cart/ajaxCart/cart_id/4/quantity/8
INFO: [ app_begin ] --START--
INFO: Run Behavior\ReadHtmlCacheBehavior [ RunTime:0.000480s ]
INFO: Run Behavior\CheckLangBehavior [ RunTime:0.000703s ]
INFO: [ app_begin ] --END-- [ RunTime:0.001604s ]
SQL: SHOW COLUMNS FROM `cc_cart` [ RunTime:0.0038s ]
SQL: UPDATE `cc_cart` SET `quantity`='8' WHERE ( cart_id=4 ) [ RunTime:0.0616s ]

[ 2017-09-04T08:20:53+08:00 ] 127.0.0.1 /thinkphp/Home/Cart/ajaxCart/cart_id/4/quantity/7
INFO: [ app_begin ] --START--
INFO: Run Behavior\ReadHtmlCacheBehavior [ RunTime:0.000466s ]
INFO: Run Behavior\CheckLangBehavior [ RunTime:0.000741s ]
INFO: [ app_begin ] --END-- [ RunTime:0.001648s ]
SQL: SHOW COLUMNS FROM `cc_cart` [ RunTime:0.0051s ]
SQL: UPDATE `cc_cart` SET `quantity`='7' WHERE ( cart_id=4 ) [ RunTime:0.1071s ]

[ 2017-09-04T08:20:54+08:00 ] 127.0.0.1 /thinkphp/Home/Cart/ajaxCart/cart_id/4/quantity/6
INFO: [ app_begin ] --START--
INFO: Run Behavior\ReadHtmlCacheBehavior [ RunTime:0.000468s ]
INFO: Run Behavior\CheckLangBehavior [ RunTime:0.000884s ]
INFO: [ app_begin ] --END-- [ RunTime:0.001783s ]
SQL: SHOW COLUMNS FROM `cc_cart` [ RunTime:0.0087s ]
SQL: UPDATE `cc_cart` SET `quantity`='6' WHERE ( cart_id=4 ) [ RunTime:0.0937s ]

[ 2017-09-04T08:20:55+08:00 ] 127.0.0.1 /thinkphp/Home/Cart/ajaxCart/cart_id/4/quantity/5
INFO: [ app_begin ] --START--
INFO: Run Behavior\ReadHtmlCacheBehavior [ RunTime:0.000473s ]
INFO: Run Behavior\CheckLangBehavior [ RunTime:0.000729s ]
INFO: [ app_begin ] --END-- [ RunTime:0.001617s ]
SQL: SHOW COLUMNS FROM `cc_cart` [ RunTime:0.0090s ]
SQL: UPDATE `cc_cart` SET `quantity`='5' WHERE ( cart_id=4 ) [ RunTime:0.1036s ]

[ 2017-09-04T08:20:56+08:00 ] 127.0.0.1 /thinkphp/Home/Cart/ajaxCart/cart_id/4/quantity/4
INFO: [ app_begin ] --START--
INFO: Run Behavior\ReadHtmlCacheBehavior [ RunTime:0.000468s ]
INFO: Run Behavior\CheckLangBehavior [ RunTime:0.000721s ]
INFO: [ app_begin ] --END-- [ RunTime:0.001598s ]
SQL: SHOW COLUMNS FROM `cc_cart` [ RunTime:0.0049s ]
SQL: UPDATE `cc_cart` SET `quantity`='4' WHERE ( cart_id=4 ) [ RunTime:0.0409s ]

[ 2017-09-04T08:26:30+08:00 ] 127.0.0.1 /thinkphp/Home/Cart/ajaxDel/cart_id/4
INFO: [ app_begin ] --START--
INFO: Run Behavior\ReadHtmlCacheBehavior [ RunTime:0.000547s ]
INFO: Run Behavior\CheckLangBehavior [ RunTime:0.000828s ]
INFO: [ app_begin ] --END-- [ RunTime:0.001848s ]
SQL: SHOW COLUMNS FROM `cc_cart` [ RunTime:0.0087s ]
SQL: DELETE FROM `cc_cart` WHERE ( cart_id=4 ) [ RunTime:0.1030s ]

[ 2017-09-04T08:26:32+08:00 ] 127.0.0.1 /thinkphp/Home/Cart/ajaxDel/cart_id/5
INFO: [ app_begin ] --START--
INFO: Run Behavior\ReadHtmlCacheBehavior [ RunTime:0.000484s ]
INFO: Run Behavior\CheckLangBehavior [ RunTime:0.000739s ]
INFO: [ app_begin ] --END-- [ RunTime:0.001649s ]
SQL: SHOW COLUMNS FROM `cc_cart` [ RunTime:0.0048s ]
SQL: DELETE FROM `cc_cart` WHERE ( cart_id=5 ) [ RunTime:0.1168s ]

[ 2017-09-04T08:26:33+08:00 ] 127.0.0.1 /thinkphp/Home/Cart/ajaxDel/cart_id/6
INFO: [ app_begin ] --START--
INFO: Run Behavior\ReadHtmlCacheBehavior [ RunTime:0.000471s ]
INFO: Run Behavior\CheckLangBehavior [ RunTime:0.000725s ]
INFO: [ app_begin ] --END-- [ RunTime:0.001609s ]
SQL: SHOW COLUMNS FROM `cc_cart` [ RunTime:0.0055s ]
SQL: DELETE FROM `cc_cart` WHERE ( cart_id=6 ) [ RunTime:0.0003s ]

[ 2017-09-04T08:27:14+08:00 ] 127.0.0.1 /thinkphp/Home/Cart/ajaxDel/cart_id/8
INFO: [ app_begin ] --START--
INFO: Run Behavior\ReadHtmlCacheBehavior [ RunTime:0.000414s ]
INFO: Run Behavior\CheckLangBehavior [ RunTime:0.000566s ]
INFO: [ app_begin ] --END-- [ RunTime:0.001406s ]
SQL: SHOW COLUMNS FROM `cc_cart` [ RunTime:0.0060s ]
SQL: DELETE FROM `cc_cart` WHERE ( cart_id=8 ) [ RunTime:0.0924s ]

[ 2017-09-04T09:02:26+08:00 ] 127.0.0.1 /thinkphp/Home/Cart/ajaxDel/cart_id/10
INFO: [ app_begin ] --START--
INFO: Run Behavior\ReadHtmlCacheBehavior [ RunTime:0.000417s ]
INFO: Run Behavior\CheckLangBehavior [ RunTime:0.000566s ]
INFO: [ app_begin ] --END-- [ RunTime:0.001325s ]
SQL: SHOW COLUMNS FROM `cc_cart` [ RunTime:0.0039s ]
SQL: DELETE FROM `cc_cart` WHERE ( cart_id=10 ) [ RunTime:0.0919s ]

[ 2017-09-04T09:02:28+08:00 ] 127.0.0.1 /thinkphp/Home/Cart/ajaxDel/cart_id/9
INFO: [ app_begin ] --START--
INFO: Run Behavior\ReadHtmlCacheBehavior [ RunTime:0.000474s ]
INFO: Run Behavior\CheckLangBehavior [ RunTime:0.000762s ]
INFO: [ app_begin ] --END-- [ RunTime:0.001600s ]
SQL: SHOW COLUMNS FROM `cc_cart` [ RunTime:0.0042s ]
SQL: DELETE FROM `cc_cart` WHERE ( cart_id=9 ) [ RunTime:0.0969s ]

[ 2017-09-04T09:03:24+08:00 ] 127.0.0.1 /thinkphp/Home/Cart/ajaxDel/cart_id/7
INFO: [ app_begin ] --START--
INFO: Run Behavior\ReadHtmlCacheBehavior [ RunTime:0.000475s ]
INFO: Run Behavior\CheckLangBehavior [ RunTime:0.000755s ]
INFO: [ app_begin ] --END-- [ RunTime:0.001680s ]
SQL: SHOW COLUMNS FROM `cc_cart` [ RunTime:0.0050s ]
SQL: DELETE FROM `cc_cart` WHERE ( cart_id=7 ) [ RunTime:0.0954s ]

[ 2017-09-04T09:03:26+08:00 ] 127.0.0.1 /thinkphp/Home/Cart/ajaxDel/cart_id/1
INFO: [ app_begin ] --START--
INFO: Run Behavior\ReadHtmlCacheBehavior [ RunTime:0.000553s ]
INFO: Run Behavior\CheckLangBehavior [ RunTime:0.000756s ]
INFO: [ app_begin ] --END-- [ RunTime:0.001802s ]
SQL: SHOW COLUMNS FROM `cc_cart` [ RunTime:0.0611s ]
SQL: DELETE FROM `cc_cart` WHERE ( cart_id=1 ) [ RunTime:0.0628s ]

[ 2017-09-04T09:10:28+08:00 ] 127.0.0.1 /thinkphp/Home/Cart/ajaxDel/cart_id/12
INFO: [ app_begin ] --START--
INFO: Run Behavior\ReadHtmlCacheBehavior [ RunTime:0.000914s ]
INFO: Run Behavior\CheckLangBehavior [ RunTime:0.001224s ]
INFO: [ app_begin ] --END-- [ RunTime:0.003045s ]
SQL: SHOW COLUMNS FROM `cc_cart` [ RunTime:0.0043s ]
SQL: DELETE FROM `cc_cart` WHERE ( cart_id=12 ) [ RunTime:0.0973s ]

[ 2017-09-04T09:10:29+08:00 ] 127.0.0.1 /thinkphp/Home/Cart/ajaxDel/cart_id/11
INFO: [ app_begin ] --START--
INFO: Run Behavior\ReadHtmlCacheBehavior [ RunTime:0.000923s ]
INFO: Run Behavior\CheckLangBehavior [ RunTime:0.001384s ]
INFO: [ app_begin ] --END-- [ RunTime:0.003045s ]
SQL: SHOW COLUMNS FROM `cc_cart` [ RunTime:0.0044s ]
SQL: DELETE FROM `cc_cart` WHERE ( cart_id=11 ) [ RunTime:0.0937s ]

[ 2017-09-04T09:11:02+08:00 ] 127.0.0.1 /thinkphp/Home/Cart/ajaxCart/cart_id/13/quantity/2
INFO: [ app_begin ] --START--
INFO: Run Behavior\ReadHtmlCacheBehavior [ RunTime:0.000539s ]
INFO: Run Behavior\CheckLangBehavior [ RunTime:0.000695s ]
INFO: [ app_begin ] --END-- [ RunTime:0.001657s ]
SQL: SHOW COLUMNS FROM `cc_cart` [ RunTime:0.0044s ]
SQL: UPDATE `cc_cart` SET `quantity`='2' WHERE ( cart_id=13 ) [ RunTime:0.0864s ]

[ 2017-09-04T09:11:03+08:00 ] 127.0.0.1 /thinkphp/Home/Cart/ajaxCart/cart_id/13/quantity/3
INFO: [ app_begin ] --START--
INFO: Run Behavior\ReadHtmlCacheBehavior [ RunTime:0.000420s ]
INFO: Run Behavior\CheckLangBehavior [ RunTime:0.000738s ]
INFO: [ app_begin ] --END-- [ RunTime:0.001567s ]
SQL: SHOW COLUMNS FROM `cc_cart` [ RunTime:0.0615s ]
SQL: UPDATE `cc_cart` SET `quantity`='3' WHERE ( cart_id=13 ) [ RunTime:0.0700s ]

[ 2017-09-04T09:11:05+08:00 ] 127.0.0.1 /thinkphp/Home/Cart/ajaxCart/cart_id/13/quantity/4
INFO: [ app_begin ] --START--
INFO: Run Behavior\ReadHtmlCacheBehavior [ RunTime:0.000500s ]
INFO: Run Behavior\CheckLangBehavior [ RunTime:0.000634s ]
INFO: [ app_begin ] --END-- [ RunTime:0.001485s ]
SQL: SHOW COLUMNS FROM `cc_cart` [ RunTime:0.0044s ]
SQL: UPDATE `cc_cart` SET `quantity`='4' WHERE ( cart_id=13 ) [ RunTime:0.1220s ]

[ 2017-09-04T09:29:36+08:00 ] 127.0.0.1 /thinkphp/Home/Cart/ajaxCart/cart_id/2/quantity/2
INFO: [ app_begin ] --START--
INFO: Run Behavior\ReadHtmlCacheBehavior [ RunTime:0.000501s ]
INFO: Run Behavior\CheckLangBehavior [ RunTime:0.000570s ]
INFO: [ app_begin ] --END-- [ RunTime:0.001489s ]
SQL: SHOW COLUMNS FROM `cc_cart` [ RunTime:0.0043s ]
SQL: UPDATE `cc_cart` SET `quantity`='2' WHERE ( cart_id=2 ) [ RunTime:0.0003s ]

[ 2017-09-04T09:32:13+08:00 ] 127.0.0.1 /thinkphp/Home/Cart/ajaxCart/cart_id/2/quantity/2
INFO: [ app_begin ] --START--
INFO: Run Behavior\ReadHtmlCacheBehavior [ RunTime:0.001022s ]
INFO: Run Behavior\CheckLangBehavior [ RunTime:0.001248s ]
INFO: [ app_begin ] --END-- [ RunTime:0.002830s ]
SQL: SHOW COLUMNS FROM `cc_cart` [ RunTime:0.0040s ]
SQL: UPDATE `cc_cart` SET `quantity`='2' WHERE ( cart_id=2 ) [ RunTime:0.0003s ]

[ 2017-09-04T09:32:20+08:00 ] 127.0.0.1 /thinkphp/Home/Cart/ajaxCart/cart_id/2/quantity/3
INFO: [ app_begin ] --START--
INFO: Run Behavior\ReadHtmlCacheBehavior [ RunTime:0.000475s ]
INFO: Run Behavior\CheckLangBehavior [ RunTime:0.000722s ]
INFO: [ app_begin ] --END-- [ RunTime:0.001588s ]
SQL: SHOW COLUMNS FROM `cc_cart` [ RunTime:0.0053s ]
SQL: UPDATE `cc_cart` SET `quantity`='3' WHERE ( cart_id=2 ) [ RunTime:0.0003s ]

[ 2017-09-04T09:32:21+08:00 ] 127.0.0.1 /thinkphp/Home/Cart/ajaxCart/cart_id/2/quantity/4
INFO: [ app_begin ] --START--
INFO: Run Behavior\ReadHtmlCacheBehavior [ RunTime:0.000640s ]
INFO: Run Behavior\CheckLangBehavior [ RunTime:0.000864s ]
INFO: [ app_begin ] --END-- [ RunTime:0.002007s ]
SQL: SHOW COLUMNS FROM `cc_cart` [ RunTime:0.0048s ]
SQL: UPDATE `cc_cart` SET `quantity`='4' WHERE ( cart_id=2 ) [ RunTime:0.0003s ]

[ 2017-09-04T09:32:22+08:00 ] 127.0.0.1 /thinkphp/Home/Cart/ajaxCart/cart_id/2/quantity/5
INFO: [ app_begin ] --START--
INFO: Run Behavior\ReadHtmlCacheBehavior [ RunTime:0.000584s ]
INFO: Run Behavior\CheckLangBehavior [ RunTime:0.000774s ]
INFO: [ app_begin ] --END-- [ RunTime:0.001817s ]
SQL: SHOW COLUMNS FROM `cc_cart` [ RunTime:0.0039s ]
SQL: UPDATE `cc_cart` SET `quantity`='5' WHERE ( cart_id=2 ) [ RunTime:0.0003s ]

[ 2017-09-04T09:32:28+08:00 ] 127.0.0.1 /thinkphp/Home/Cart/ajaxCart/cart_id/4/quantity/6
INFO: [ app_begin ] --START--
INFO: Run Behavior\ReadHtmlCacheBehavior [ RunTime:0.000616s ]
INFO: Run Behavior\CheckLangBehavior [ RunTime:0.000722s ]
INFO: [ app_begin ] --END-- [ RunTime:0.001827s ]
SQL: SHOW COLUMNS FROM `cc_cart` [ RunTime:0.0051s ]
SQL: UPDATE `cc_cart` SET `quantity`='6' WHERE ( cart_id=4 ) [ RunTime:0.0003s ]

[ 2017-09-04T09:32:29+08:00 ] 127.0.0.1 /thinkphp/Home/Cart/ajaxCart/cart_id/4/quantity/7
INFO: [ app_begin ] --START--
INFO: Run Behavior\ReadHtmlCacheBehavior [ RunTime:0.000470s ]
INFO: Run Behavior\CheckLangBehavior [ RunTime:0.000737s ]
INFO: [ app_begin ] --END-- [ RunTime:0.001652s ]
SQL: SHOW COLUMNS FROM `cc_cart` [ RunTime:0.0057s ]
SQL: UPDATE `cc_cart` SET `quantity`='7' WHERE ( cart_id=4 ) [ RunTime:0.0004s ]

[ 2017-09-04T09:32:58+08:00 ] 127.0.0.1 /thinkphp/Home/Cart/ajaxCart/cart_id/7/quantity/2
INFO: [ app_begin ] --START--
INFO: Run Behavior\ReadHtmlCacheBehavior [ RunTime:0.000462s ]
INFO: Run Behavior\CheckLangBehavior [ RunTime:0.000733s ]
INFO: [ app_begin ] --END-- [ RunTime:0.001636s ]
SQL: SHOW COLUMNS FROM `cc_cart` [ RunTime:0.0047s ]
SQL: UPDATE `cc_cart` SET `quantity`='2' WHERE ( cart_id=7 ) [ RunTime:0.0003s ]

[ 2017-09-04T09:32:59+08:00 ] 127.0.0.1 /thinkphp/Home/Cart/ajaxCart/cart_id/7/quantity/3
INFO: [ app_begin ] --START--
INFO: Run Behavior\ReadHtmlCacheBehavior [ RunTime:0.000455s ]
INFO: Run Behavior\CheckLangBehavior [ RunTime:0.000676s ]
INFO: [ app_begin ] --END-- [ RunTime:0.001543s ]
SQL: SHOW COLUMNS FROM `cc_cart` [ RunTime:0.0041s ]
SQL: UPDATE `cc_cart` SET `quantity`='3' WHERE ( cart_id=7 ) [ RunTime:0.0003s ]

[ 2017-09-04T09:33:03+08:00 ] 127.0.0.1 /thinkphp/Home/Cart/ajaxCart/cart_id/7/quantity/2
INFO: [ app_begin ] --START--
INFO: Run Behavior\ReadHtmlCacheBehavior [ RunTime:0.000485s ]
INFO: Run Behavior\CheckLangBehavior [ RunTime:0.000551s ]
INFO: [ app_begin ] --END-- [ RunTime:0.001444s ]
SQL: SHOW COLUMNS FROM `cc_cart` [ RunTime:0.0042s ]
SQL: UPDATE `cc_cart` SET `quantity`='2' WHERE ( cart_id=7 ) [ RunTime:0.0003s ]

[ 2017-09-04T09:33:04+08:00 ] 127.0.0.1 /thinkphp/Home/Cart/ajaxCart/cart_id/7/quantity/3
INFO: [ app_begin ] --START--
INFO: Run Behavior\ReadHtmlCacheBehavior [ RunTime:0.000468s ]
INFO: Run Behavior\CheckLangBehavior [ RunTime:0.000732s ]
INFO: [ app_begin ] --END-- [ RunTime:0.001635s ]
SQL: SHOW COLUMNS FROM `cc_cart` [ RunTime:0.0055s ]
SQL: UPDATE `cc_cart` SET `quantity`='3' WHERE ( cart_id=7 ) [ RunTime:0.0003s ]

[ 2017-09-04T09:34:09+08:00 ] 127.0.0.1 /thinkphp/Home/Cart/ajaxCart/cart_id/2/quantity/2
INFO: [ app_begin ] --START--
INFO: Run Behavior\ReadHtmlCacheBehavior [ RunTime:0.000481s ]
INFO: Run Behavior\CheckLangBehavior [ RunTime:0.000751s ]
INFO: [ app_begin ] --END-- [ RunTime:0.001660s ]
SQL: SHOW COLUMNS FROM `cc_cart` [ RunTime:0.0041s ]
SQL: UPDATE `cc_cart` SET `quantity`='2' WHERE ( cart_id=2 ) [ RunTime:0.0003s ]

[ 2017-09-04T09:34:11+08:00 ] 127.0.0.1 /thinkphp/Home/Cart/ajaxCart/cart_id/2/quantity/3
INFO: [ app_begin ] --START--
INFO: Run Behavior\ReadHtmlCacheBehavior [ RunTime:0.000476s ]
INFO: Run Behavior\CheckLangBehavior [ RunTime:0.000747s ]
INFO: [ app_begin ] --END-- [ RunTime:0.001638s ]
SQL: SHOW COLUMNS FROM `cc_cart` [ RunTime:0.0044s ]
SQL: UPDATE `cc_cart` SET `quantity`='3' WHERE ( cart_id=2 ) [ RunTime:0.0003s ]

[ 2017-09-04T09:34:13+08:00 ] 127.0.0.1 /thinkphp/Home/Cart/ajaxCart/cart_id/2/quantity/4
INFO: [ app_begin ] --START--
INFO: Run Behavior\ReadHtmlCacheBehavior [ RunTime:0.000513s ]
INFO: Run Behavior\CheckLangBehavior [ RunTime:0.000690s ]
INFO: [ app_begin ] --END-- [ RunTime:0.001613s ]
SQL: SHOW COLUMNS FROM `cc_cart` [ RunTime:0.0041s ]
SQL: UPDATE `cc_cart` SET `quantity`='4' WHERE ( cart_id=2 ) [ RunTime:0.0003s ]

[ 2017-09-04T09:34:14+08:00 ] 127.0.0.1 /thinkphp/Home/Cart/ajaxCart/cart_id/2/quantity/5
INFO: [ app_begin ] --START--
INFO: Run Behavior\ReadHtmlCacheBehavior [ RunTime:0.001076s ]
INFO: Run Behavior\CheckLangBehavior [ RunTime:0.000868s ]
INFO: [ app_begin ] --END-- [ RunTime:0.002754s ]
SQL: SHOW COLUMNS FROM `cc_cart` [ RunTime:0.0048s ]
SQL: UPDATE `cc_cart` SET `quantity`='5' WHERE ( cart_id=2 ) [ RunTime:0.0003s ]

[ 2017-09-04T09:34:15+08:00 ] 127.0.0.1 /thinkphp/Home/Cart/ajaxCart/cart_id/2/quantity/6
INFO: [ app_begin ] --START--
INFO: Run Behavior\ReadHtmlCacheBehavior [ RunTime:0.000453s ]
INFO: Run Behavior\CheckLangBehavior [ RunTime:0.000732s ]
INFO: [ app_begin ] --END-- [ RunTime:0.001645s ]
SQL: SHOW COLUMNS FROM `cc_cart` [ RunTime:0.0039s ]
SQL: UPDATE `cc_cart` SET `quantity`='6' WHERE ( cart_id=2 ) [ RunTime:0.0003s ]

[ 2017-09-04T09:34:16+08:00 ] 127.0.0.1 /thinkphp/Home/Cart/ajaxCart/cart_id/2/quantity/7
INFO: [ app_begin ] --START--
INFO: Run Behavior\ReadHtmlCacheBehavior [ RunTime:0.000463s ]
INFO: Run Behavior\CheckLangBehavior [ RunTime:0.000666s ]
INFO: [ app_begin ] --END-- [ RunTime:0.001561s ]
SQL: SHOW COLUMNS FROM `cc_cart` [ RunTime:0.0049s ]
SQL: UPDATE `cc_cart` SET `quantity`='7' WHERE ( cart_id=2 ) [ RunTime:0.0003s ]

[ 2017-09-04T09:34:19+08:00 ] 127.0.0.1 /thinkphp/Home/Cart/ajaxCart/cart_id/7/quantity/2
INFO: [ app_begin ] --START--
INFO: Run Behavior\ReadHtmlCacheBehavior [ RunTime:0.000427s ]
INFO: Run Behavior\CheckLangBehavior [ RunTime:0.000548s ]
INFO: [ app_begin ] --END-- [ RunTime:0.001364s ]
SQL: SHOW COLUMNS FROM `cc_cart` [ RunTime:0.0044s ]
SQL: UPDATE `cc_cart` SET `quantity`='2' WHERE ( cart_id=7 ) [ RunTime:0.0004s ]

[ 2017-09-04T09:34:21+08:00 ] 127.0.0.1 /thinkphp/Home/Cart/ajaxCart/cart_id/4/quantity/6
INFO: [ app_begin ] --START--
INFO: Run Behavior\ReadHtmlCacheBehavior [ RunTime:0.000465s ]
INFO: Run Behavior\CheckLangBehavior [ RunTime:0.000676s ]
INFO: [ app_begin ] --END-- [ RunTime:0.001573s ]
SQL: SHOW COLUMNS FROM `cc_cart` [ RunTime:0.0047s ]
SQL: UPDATE `cc_cart` SET `quantity`='6' WHERE ( cart_id=4 ) [ RunTime:0.0003s ]

[ 2017-09-04T09:35:35+08:00 ] 127.0.0.1 /thinkphp/Home/Cart/ajaxCart/cart_id/4/quantity/6
INFO: [ app_begin ] --START--
INFO: Run Behavior\ReadHtmlCacheBehavior [ RunTime:0.000429s ]
INFO: Run Behavior\CheckLangBehavior [ RunTime:0.000572s ]
INFO: [ app_begin ] --END-- [ RunTime:0.001350s ]
SQL: SHOW COLUMNS FROM `cc_cart` [ RunTime:0.0041s ]
SQL: UPDATE `cc_cart` SET `quantity`='6' WHERE ( product_id=4 ) [ RunTime:0.0917s ]

[ 2017-09-04T09:35:39+08:00 ] 127.0.0.1 /thinkphp/Home/Cart/ajaxCart/cart_id/7/quantity/2
INFO: [ app_begin ] --START--
INFO: Run Behavior\ReadHtmlCacheBehavior [ RunTime:0.000492s ]
INFO: Run Behavior\CheckLangBehavior [ RunTime:0.000664s ]
INFO: [ app_begin ] --END-- [ RunTime:0.001567s ]
SQL: SHOW COLUMNS FROM `cc_cart` [ RunTime:0.0048s ]
SQL: UPDATE `cc_cart` SET `quantity`='2' WHERE ( product_id=7 ) [ RunTime:0.1040s ]

[ 2017-09-04T09:36:23+08:00 ] 127.0.0.1 /thinkphp/Home/Cart/ajaxDel/cart_id/7
INFO: [ app_begin ] --START--
INFO: Run Behavior\ReadHtmlCacheBehavior [ RunTime:0.000492s ]
INFO: Run Behavior\CheckLangBehavior [ RunTime:0.000673s ]
INFO: [ app_begin ] --END-- [ RunTime:0.001570s ]
SQL: SHOW COLUMNS FROM `cc_cart` [ RunTime:0.0042s ]
SQL: DELETE FROM `cc_cart` WHERE ( product_id=7 ) [ RunTime:0.0617s ]

[ 2017-09-04T09:38:29+08:00 ] 127.0.0.1 /thinkphp/Home/Cart/ajaxDel/cart_id/4
INFO: [ app_begin ] --START--
INFO: Run Behavior\ReadHtmlCacheBehavior [ RunTime:0.001375s ]
INFO: Run Behavior\CheckLangBehavior [ RunTime:0.000970s ]
INFO: [ app_begin ] --END-- [ RunTime:0.002891s ]
SQL: SHOW COLUMNS FROM `cc_cart` [ RunTime:0.0042s ]
SQL: DELETE FROM `cc_cart` WHERE ( product_id=4 ) [ RunTime:0.0979s ]

[ 2017-09-04T09:39:08+08:00 ] 127.0.0.1 /thinkphp/Home/Cart/ajaxDel/cart_id/2
INFO: [ app_begin ] --START--
INFO: Run Behavior\ReadHtmlCacheBehavior [ RunTime:0.000466s ]
INFO: Run Behavior\CheckLangBehavior [ RunTime:0.000601s ]
INFO: [ app_begin ] --END-- [ RunTime:0.001429s ]
SQL: SHOW COLUMNS FROM `cc_cart` [ RunTime:0.0046s ]
SQL: DELETE FROM `cc_cart` WHERE ( product_id=2 ) [ RunTime:0.1033s ]

[ 2017-09-04T09:39:09+08:00 ] 127.0.0.1 /thinkphp/Home/Cart/ajaxDel/cart_id/4
INFO: [ app_begin ] --START--
INFO: Run Behavior\ReadHtmlCacheBehavior [ RunTime:0.000608s ]
INFO: Run Behavior\CheckLangBehavior [ RunTime:0.001964s ]
INFO: [ app_begin ] --END-- [ RunTime:0.003045s ]
SQL: SHOW COLUMNS FROM `cc_cart` [ RunTime:0.0898s ]
SQL: DELETE FROM `cc_cart` WHERE ( product_id=4 ) [ RunTime:0.0003s ]

[ 2017-09-04T09:39:36+08:00 ] 127.0.0.1 /thinkphp/Home/Cart/ajaxDel/cart_id/3
INFO: [ app_begin ] --START--
INFO: Run Behavior\ReadHtmlCacheBehavior [ RunTime:0.000647s ]
INFO: Run Behavior\CheckLangBehavior [ RunTime:0.000908s ]
INFO: [ app_begin ] --END-- [ RunTime:0.002174s ]
SQL: SHOW COLUMNS FROM `cc_cart` [ RunTime:0.0044s ]
SQL: DELETE FROM `cc_cart` WHERE ( product_id=3 ) [ RunTime:0.0987s ]

[ 2017-09-04T09:39:37+08:00 ] 127.0.0.1 /thinkphp/Home/Cart/ajaxDel/cart_id/2
INFO: [ app_begin ] --START--
INFO: Run Behavior\ReadHtmlCacheBehavior [ RunTime:0.000579s ]
INFO: Run Behavior\CheckLangBehavior [ RunTime:0.000740s ]
INFO: [ app_begin ] --END-- [ RunTime:0.001802s ]
SQL: SHOW COLUMNS FROM `cc_cart` [ RunTime:0.0040s ]
SQL: DELETE FROM `cc_cart` WHERE ( product_id=2 ) [ RunTime:0.0477s ]

[ 2017-09-04T09:42:04+08:00 ] 127.0.0.1 /thinkphp/Home/Cart/ajaxCart/cart_id/5/quantity/2
INFO: [ app_begin ] --START--
INFO: Run Behavior\ReadHtmlCacheBehavior [ RunTime:0.000555s ]
INFO: Run Behavior\CheckLangBehavior [ RunTime:0.000831s ]
INFO: [ app_begin ] --END-- [ RunTime:0.001865s ]
SQL: SHOW COLUMNS FROM `cc_cart` [ RunTime:0.0046s ]
SQL: UPDATE `cc_cart` SET `quantity`='2' WHERE ( product_id=5 ) [ RunTime:0.0908s ]

[ 2017-09-04T09:42:06+08:00 ] 127.0.0.1 /thinkphp/Home/Cart/ajaxCart/cart_id/5/quantity/3
INFO: [ app_begin ] --START--
INFO: Run Behavior\ReadHtmlCacheBehavior [ RunTime:0.000643s ]
INFO: Run Behavior\CheckLangBehavior [ RunTime:0.000804s ]
INFO: [ app_begin ] --END-- [ RunTime:0.001948s ]
SQL: SHOW COLUMNS FROM `cc_cart` [ RunTime:0.0844s ]
SQL: UPDATE `cc_cart` SET `quantity`='3' WHERE ( product_id=5 ) [ RunTime:0.0842s ]

[ 2017-09-04T09:46:40+08:00 ] 127.0.0.1 /thinkphp/Home/Cart/ajaxCart/cart_id/5/quantity/4
INFO: [ app_begin ] --START--
INFO: Run Behavior\ReadHtmlCacheBehavior [ RunTime:0.000644s ]
INFO: Run Behavior\CheckLangBehavior [ RunTime:0.000986s ]
INFO: [ app_begin ] --END-- [ RunTime:0.002135s ]
SQL: SHOW COLUMNS FROM `cc_cart` [ RunTime:0.0043s ]
SQL: UPDATE `cc_cart` SET `quantity`='4' WHERE ( product_id=5 ) [ RunTime:0.0854s ]

[ 2017-09-04T09:46:41+08:00 ] 127.0.0.1 /thinkphp/Home/Cart/ajaxCart/cart_id/5/quantity/5
INFO: [ app_begin ] --START--
INFO: Run Behavior\ReadHtmlCacheBehavior [ RunTime:0.000774s ]
INFO: Run Behavior\CheckLangBehavior [ RunTime:0.000956s ]
INFO: [ app_begin ] --END-- [ RunTime:0.002246s ]
SQL: SHOW COLUMNS FROM `cc_cart` [ RunTime:0.0923s ]
SQL: UPDATE `cc_cart` SET `quantity`='5' WHERE ( product_id=5 ) [ RunTime:0.0776s ]

[ 2017-09-04T09:54:57+08:00 ] 127.0.0.1 /thinkphp/Home/Cart/ajaxCart/cart_id/3/quantity/2
INFO: [ app_begin ] --START--
INFO: Run Behavior\ReadHtmlCacheBehavior [ RunTime:0.000554s ]
INFO: Run Behavior\CheckLangBehavior [ RunTime:0.000858s ]
INFO: [ app_begin ] --END-- [ RunTime:0.001878s ]
SQL: SHOW COLUMNS FROM `cc_cart` [ RunTime:0.0045s ]
SQL: UPDATE `cc_cart` SET `quantity`='2' WHERE ( product_id=3 ) [ RunTime:0.0862s ]

[ 2017-09-04T10:30:56+08:00 ] 127.0.0.1 /thinkphp/Home/AmazeUI-2.4.2/assets/css/amazeui.css
ERR: 无法加载控制器:AmazeUI-2.4.2

[ 2017-09-04T10:30:56+08:00 ] 127.0.0.1 /thinkphp/Home/AmazeUI-2.4.2/assets/css/admin.css
ERR: 无法加载控制器:AmazeUI-2.4.2

[ 2017-09-04T10:30:56+08:00 ] 127.0.0.1 /thinkphp/Home/css/colstyle.css
ERR: 无法加载控制器:Css

[ 2017-09-04T10:30:56+08:00 ] 127.0.0.1 /thinkphp/Home/css/personal.css
ERR: 无法加载控制器:Css

[ 2017-09-04T10:32:48+08:00 ] 127.0.0.1 /thinkphp/Home/Person/information.html
ERR: 非法操作:information

[ 2017-09-04T10:49:16+08:00 ] 127.0.0.1 /thinkphp/Home/Person/collection.htmlArray
ERR: 非法操作:collection.htmlArray

[ 2017-09-04T10:50:01+08:00 ] 127.0.0.1 /thinkphp/Home/Person/collection.htmlArray
ERR: 非法操作:collection.htmlArray

[ 2017-09-04T11:01:38+08:00 ] 127.0.0.1 /thinkphp/Home/Person/collection/product_id/5.html
ERR: 1146:Table 'demo2.cc_person' doesn't exist
 [ SQL语句 ] : SHOW COLUMNS FROM `cc_person`

[ 2017-09-04T11:02:48+08:00 ] 127.0.0.1 /thinkphp/Home/Person/collection/product_id/5.html
ERR: Think\Model:addcol方法不存在！

[ 2017-09-04T11:03:31+08:00 ] 127.0.0.1 /thinkphp/Home/Person/collection/product_id/5.html
ERR: Think\Model:addcol方法不存在！

[ 2017-09-04T11:03:44+08:00 ] 127.0.0.1 /thinkphp/Home/Person/collection/product_id/5.html
ERR: Think\Model:addcol方法不存在！

[ 2017-09-04T11:04:53+08:00 ] 127.0.0.1 /thinkphp/Home/Person/collection/product_id/5.html
ERR: Think\Model:addcol方法不存在！

[ 2017-09-04T11:07:29+08:00 ] 127.0.0.1 /thinkphp/Home/Person/collection/product_id/5.html
ERR: Think\Model:addcol方法不存在！

[ 2017-09-04T11:07:34+08:00 ] 127.0.0.1 /thinkphp/Home/Person/collection/product_id/5.html
ERR: Think\Model:addcol方法不存在！

[ 2017-09-04T11:10:37+08:00 ] 127.0.0.1 /thinkphp/Home/Person/collection/product_id/5.html
ERR: 1146:Table 'demo2.cc_collection' doesn't exist
 [ SQL语句 ] : SHOW COLUMNS FROM `cc_collection`

[ 2017-09-04T11:10:49+08:00 ] 127.0.0.1 /thinkphp/Home/Person/collection/product_id/5.html
ERR: Think\Model:addcol方法不存在！

[ 2017-09-04T11:12:00+08:00 ] 127.0.0.1 /thinkphp/Home/Person/collection/product_id/5.html
ERR: Think\Model:addcol方法不存在！

[ 2017-09-04T11:12:10+08:00 ] 127.0.0.1 /thinkphp/Home/Person/collection/product_id/5.html
ERR: Think\Model:addcol方法不存在！

[ 2017-09-04T11:17:46+08:00 ] 127.0.0.1 /thinkphp/Home/Person/collection/product_id/5.html
ERR: Think\Model:addco方法不存在！

[ 2017-09-04T15:51:41+08:00 ] 127.0.0.1 /thinkphp/Home/Cart/ajaxCart/cart_id/10/quantity/2
INFO: [ app_begin ] --START--
INFO: Run Behavior\ReadHtmlCacheBehavior [ RunTime:0.000464s ]
INFO: Run Behavior\CheckLangBehavior [ RunTime:0.000731s ]
INFO: [ app_begin ] --END-- [ RunTime:0.001603s ]
SQL: SHOW COLUMNS FROM `cc_cart` [ RunTime:0.0056s ]
SQL: UPDATE `cc_cart` SET `quantity`='2' WHERE ( product_id=10 ) [ RunTime:0.2407s ]

[ 2017-09-04T15:51:42+08:00 ] 127.0.0.1 /thinkphp/Home/Cart/ajaxCart/cart_id/10/quantity/3
INFO: [ app_begin ] --START--
INFO: Run Behavior\ReadHtmlCacheBehavior [ RunTime:0.000544s ]
INFO: Run Behavior\CheckLangBehavior [ RunTime:0.000846s ]
INFO: [ app_begin ] --END-- [ RunTime:0.001818s ]
SQL: SHOW COLUMNS FROM `cc_cart` [ RunTime:0.0799s ]
SQL: UPDATE `cc_cart` SET `quantity`='3' WHERE ( product_id=10 ) [ RunTime:0.0868s ]

[ 2017-09-04T15:51:43+08:00 ] 127.0.0.1 /thinkphp/Home/Cart/ajaxCart/cart_id/10/quantity/4
INFO: [ app_begin ] --START--
INFO: Run Behavior\ReadHtmlCacheBehavior [ RunTime:0.000554s ]
INFO: Run Behavior\CheckLangBehavior [ RunTime:0.000835s ]
INFO: [ app_begin ] --END-- [ RunTime:0.001841s ]
SQL: SHOW COLUMNS FROM `cc_cart` [ RunTime:0.0059s ]
SQL: UPDATE `cc_cart` SET `quantity`='4' WHERE ( product_id=10 ) [ RunTime:0.1305s ]

[ 2017-09-04T15:51:44+08:00 ] 127.0.0.1 /thinkphp/Home/Cart/ajaxCart/cart_id/10/quantity/5
INFO: [ app_begin ] --START--
INFO: Run Behavior\ReadHtmlCacheBehavior [ RunTime:0.000534s ]
INFO: Run Behavior\CheckLangBehavior [ RunTime:0.000799s ]
INFO: [ app_begin ] --END-- [ RunTime:0.001783s ]
SQL: SHOW COLUMNS FROM `cc_cart` [ RunTime:0.0085s ]
SQL: UPDATE `cc_cart` SET `quantity`='5' WHERE ( product_id=10 ) [ RunTime:0.0825s ]

[ 2017-09-04T16:01:07+08:00 ] 127.0.0.1 /thinkphp/Home/Cart/ajaxCart/cart_id/10/quantity/4
INFO: [ app_begin ] --START--
INFO: Run Behavior\ReadHtmlCacheBehavior [ RunTime:0.000479s ]
INFO: Run Behavior\CheckLangBehavior [ RunTime:0.000751s ]
INFO: [ app_begin ] --END-- [ RunTime:0.001651s ]
SQL: SHOW COLUMNS FROM `cc_cart` [ RunTime:0.0063s ]
SQL: UPDATE `cc_cart` SET `quantity`='4' WHERE ( product_id=10 ) [ RunTime:0.0987s ]

[ 2017-09-04T16:01:09+08:00 ] 127.0.0.1 /thinkphp/Home/Cart/ajaxCart/cart_id/10/quantity/3
INFO: [ app_begin ] --START--
INFO: Run Behavior\ReadHtmlCacheBehavior [ RunTime:0.000450s ]
INFO: Run Behavior\CheckLangBehavior [ RunTime:0.000696s ]
INFO: [ app_begin ] --END-- [ RunTime:0.001539s ]
SQL: SHOW COLUMNS FROM `cc_cart` [ RunTime:0.0067s ]
SQL: UPDATE `cc_cart` SET `quantity`='3' WHERE ( product_id=10 ) [ RunTime:0.0901s ]

[ 2017-09-04T16:01:10+08:00 ] 127.0.0.1 /thinkphp/Home/Cart/ajaxCart/cart_id/10/quantity/4
INFO: [ app_begin ] --START--
INFO: Run Behavior\ReadHtmlCacheBehavior [ RunTime:0.000454s ]
INFO: Run Behavior\CheckLangBehavior [ RunTime:0.000706s ]
INFO: [ app_begin ] --END-- [ RunTime:0.001555s ]
SQL: SHOW COLUMNS FROM `cc_cart` [ RunTime:0.0048s ]
SQL: UPDATE `cc_cart` SET `quantity`='4' WHERE ( product_id=10 ) [ RunTime:0.0888s ]

[ 2017-09-04T16:01:11+08:00 ] 127.0.0.1 /thinkphp/Home/Cart/ajaxCart/cart_id/10/quantity/5
INFO: [ app_begin ] --START--
INFO: Run Behavior\ReadHtmlCacheBehavior [ RunTime:0.000547s ]
INFO: Run Behavior\CheckLangBehavior [ RunTime:0.000822s ]
INFO: [ app_begin ] --END-- [ RunTime:0.001809s ]
SQL: SHOW COLUMNS FROM `cc_cart` [ RunTime:0.0084s ]
SQL: UPDATE `cc_cart` SET `quantity`='5' WHERE ( product_id=10 ) [ RunTime:0.0650s ]

[ 2017-09-04T16:01:13+08:00 ] 127.0.0.1 /thinkphp/Home/Cart/ajaxCart/cart_id/10/quantity/6
INFO: [ app_begin ] --START--
INFO: Run Behavior\ReadHtmlCacheBehavior [ RunTime:0.000530s ]
INFO: Run Behavior\CheckLangBehavior [ RunTime:0.000822s ]
INFO: [ app_begin ] --END-- [ RunTime:0.001771s ]
SQL: SHOW COLUMNS FROM `cc_cart` [ RunTime:0.0044s ]
SQL: UPDATE `cc_cart` SET `quantity`='6' WHERE ( product_id=10 ) [ RunTime:0.0781s ]

[ 2017-09-04T16:02:12+08:00 ] 127.0.0.1 /thinkphp/Home/Cart/ajaxCart/cart_id/10/quantity/5
INFO: [ app_begin ] --START--
INFO: Run Behavior\ReadHtmlCacheBehavior [ RunTime:0.000516s ]
INFO: Run Behavior\CheckLangBehavior [ RunTime:0.000613s ]
INFO: [ app_begin ] --END-- [ RunTime:0.001590s ]
SQL: SHOW COLUMNS FROM `cc_cart` [ RunTime:0.0038s ]
SQL: UPDATE `cc_cart` SET `quantity`='5' WHERE ( product_id=10 ) [ RunTime:0.0668s ]

[ 2017-09-04T16:02:17+08:00 ] 127.0.0.1 /thinkphp/Home/Cart/ajaxCart/cart_id/10/quantity/4
INFO: [ app_begin ] --START--
INFO: Run Behavior\ReadHtmlCacheBehavior [ RunTime:0.000545s ]
INFO: Run Behavior\CheckLangBehavior [ RunTime:0.000872s ]
INFO: [ app_begin ] --END-- [ RunTime:0.001930s ]
SQL: SHOW COLUMNS FROM `cc_cart` [ RunTime:0.0089s ]
SQL: UPDATE `cc_cart` SET `quantity`='4' WHERE ( product_id=10 ) [ RunTime:0.0586s ]

[ 2017-09-04T16:02:20+08:00 ] 127.0.0.1 /thinkphp/Home/Cart/ajaxCart/cart_id/10/quantity/3
INFO: [ app_begin ] --START--
INFO: Run Behavior\ReadHtmlCacheBehavior [ RunTime:0.000467s ]
INFO: Run Behavior\CheckLangBehavior [ RunTime:0.000732s ]
INFO: [ app_begin ] --END-- [ RunTime:0.001641s ]
SQL: SHOW COLUMNS FROM `cc_cart` [ RunTime:0.0038s ]
SQL: UPDATE `cc_cart` SET `quantity`='3' WHERE ( product_id=10 ) [ RunTime:0.0479s ]

[ 2017-09-04T16:02:56+08:00 ] 127.0.0.1 /thinkphp/Home/Cart/ajaxCart/cart_id/10/quantity/2
INFO: [ app_begin ] --START--
INFO: Run Behavior\ReadHtmlCacheBehavior [ RunTime:0.000542s ]
INFO: Run Behavior\CheckLangBehavior [ RunTime:0.000805s ]
INFO: [ app_begin ] --END-- [ RunTime:0.001776s ]
SQL: SHOW COLUMNS FROM `cc_cart` [ RunTime:0.0057s ]
SQL: UPDATE `cc_cart` SET `quantity`='2' WHERE ( product_id=10 ) [ RunTime:0.0939s ]

[ 2017-09-04T16:02:58+08:00 ] 127.0.0.1 /thinkphp/Home/Cart/ajaxCart/cart_id/10/quantity/1
INFO: [ app_begin ] --START--
INFO: Run Behavior\ReadHtmlCacheBehavior [ RunTime:0.000484s ]
INFO: Run Behavior\CheckLangBehavior [ RunTime:0.000733s ]
INFO: [ app_begin ] --END-- [ RunTime:0.001690s ]
SQL: SHOW COLUMNS FROM `cc_cart` [ RunTime:0.0048s ]
SQL: UPDATE `cc_cart` SET `quantity`='1' WHERE ( product_id=10 ) [ RunTime:0.0904s ]

[ 2017-09-04T16:03:49+08:00 ] 127.0.0.1 /thinkphp/Home/Cart/ajaxCart/cart_id/10/quantity/2
INFO: [ app_begin ] --START--
INFO: Run Behavior\ReadHtmlCacheBehavior [ RunTime:0.000473s ]
INFO: Run Behavior\CheckLangBehavior [ RunTime:0.000753s ]
INFO: [ app_begin ] --END-- [ RunTime:0.001679s ]
SQL: SHOW COLUMNS FROM `cc_cart` [ RunTime:0.0044s ]
SQL: UPDATE `cc_cart` SET `quantity`='2' WHERE ( product_id=10 ) [ RunTime:0.1049s ]

[ 2017-09-04T16:03:50+08:00 ] 127.0.0.1 /thinkphp/Home/Cart/ajaxCart/cart_id/10/quantity/3
INFO: [ app_begin ] --START--
INFO: Run Behavior\ReadHtmlCacheBehavior [ RunTime:0.000496s ]
INFO: Run Behavior\CheckLangBehavior [ RunTime:0.000809s ]
INFO: [ app_begin ] --END-- [ RunTime:0.001692s ]
SQL: SHOW COLUMNS FROM `cc_cart` [ RunTime:0.0042s ]
SQL: UPDATE `cc_cart` SET `quantity`='3' WHERE ( product_id=10 ) [ RunTime:0.0992s ]

[ 2017-09-04T16:03:52+08:00 ] 127.0.0.1 /thinkphp/Home/Cart/ajaxCart/cart_id/10/quantity/4
INFO: [ app_begin ] --START--
INFO: Run Behavior\ReadHtmlCacheBehavior [ RunTime:0.000553s ]
INFO: Run Behavior\CheckLangBehavior [ RunTime:0.000832s ]
INFO: [ app_begin ] --END-- [ RunTime:0.001819s ]
SQL: SHOW COLUMNS FROM `cc_cart` [ RunTime:0.0039s ]
SQL: UPDATE `cc_cart` SET `quantity`='4' WHERE ( product_id=10 ) [ RunTime:0.0644s ]

[ 2017-09-04T16:03:53+08:00 ] 127.0.0.1 /thinkphp/Home/Cart/ajaxCart/cart_id/10/quantity/5
INFO: [ app_begin ] --START--
INFO: Run Behavior\ReadHtmlCacheBehavior [ RunTime:0.000534s ]
INFO: Run Behavior\CheckLangBehavior [ RunTime:0.000803s ]
INFO: [ app_begin ] --END-- [ RunTime:0.001789s ]
SQL: SHOW COLUMNS FROM `cc_cart` [ RunTime:0.0038s ]
SQL: UPDATE `cc_cart` SET `quantity`='5' WHERE ( product_id=10 ) [ RunTime:0.0883s ]

[ 2017-09-04T16:04:02+08:00 ] 127.0.0.1 /thinkphp/Home/Cart/ajaxCart/cart_id/10/quantity/4
INFO: [ app_begin ] --START--
INFO: Run Behavior\ReadHtmlCacheBehavior [ RunTime:0.000471s ]
INFO: Run Behavior\CheckLangBehavior [ RunTime:0.000742s ]
INFO: [ app_begin ] --END-- [ RunTime:0.001632s ]
SQL: SHOW COLUMNS FROM `cc_cart` [ RunTime:0.0090s ]
SQL: UPDATE `cc_cart` SET `quantity`='4' WHERE ( product_id=10 ) [ RunTime:0.0961s ]

[ 2017-09-04T16:04:26+08:00 ] 127.0.0.1 /thinkphp/Home/Cart/ajaxCart/cart_id/10/quantity/3
INFO: [ app_begin ] --START--
INFO: Run Behavior\ReadHtmlCacheBehavior [ RunTime:0.000473s ]
INFO: Run Behavior\CheckLangBehavior [ RunTime:0.000739s ]
INFO: [ app_begin ] --END-- [ RunTime:0.001624s ]
SQL: SHOW COLUMNS FROM `cc_cart` [ RunTime:0.0091s ]
SQL: UPDATE `cc_cart` SET `quantity`='3' WHERE ( product_id=10 ) [ RunTime:0.1060s ]

[ 2017-09-04T16:07:22+08:00 ] 127.0.0.1 /thinkphp/Home/Cart/ajaxCart/cart_id/10/quantity/2
INFO: [ app_begin ] --START--
INFO: Run Behavior\ReadHtmlCacheBehavior [ RunTime:0.000541s ]
INFO: Run Behavior\CheckLangBehavior [ RunTime:0.000855s ]
INFO: [ app_begin ] --END-- [ RunTime:0.001824s ]
SQL: SHOW COLUMNS FROM `cc_cart` [ RunTime:0.0089s ]
SQL: UPDATE `cc_cart` SET `quantity`='2' WHERE ( product_id=10 ) [ RunTime:0.1060s ]

[ 2017-09-04T16:07:23+08:00 ] 127.0.0.1 /thinkphp/Home/Cart/ajaxCart/cart_id/10/quantity/1
INFO: [ app_begin ] --START--
INFO: Run Behavior\ReadHtmlCacheBehavior [ RunTime:0.000477s ]
INFO: Run Behavior\CheckLangBehavior [ RunTime:0.000738s ]
INFO: [ app_begin ] --END-- [ RunTime:0.001644s ]
SQL: SHOW COLUMNS FROM `cc_cart` [ RunTime:0.0049s ]
SQL: UPDATE `cc_cart` SET `quantity`='1' WHERE ( product_id=10 ) [ RunTime:0.0914s ]

[ 2017-09-04T16:07:33+08:00 ] 127.0.0.1 /thinkphp/Home/Cart/ajaxCart/cart_id/10/quantity/2
INFO: [ app_begin ] --START--
INFO: Run Behavior\ReadHtmlCacheBehavior [ RunTime:0.000479s ]
INFO: Run Behavior\CheckLangBehavior [ RunTime:0.000792s ]
INFO: [ app_begin ] --END-- [ RunTime:0.001680s ]
SQL: SHOW COLUMNS FROM `cc_cart` [ RunTime:0.0047s ]
SQL: UPDATE `cc_cart` SET `quantity`='2' WHERE ( product_id=10 ) [ RunTime:0.1200s ]

[ 2017-09-04T16:07:34+08:00 ] 127.0.0.1 /thinkphp/Home/Cart/ajaxCart/cart_id/10/quantity/3
INFO: [ app_begin ] --START--
INFO: Run Behavior\ReadHtmlCacheBehavior [ RunTime:0.000477s ]
INFO: Run Behavior\CheckLangBehavior [ RunTime:0.000724s ]
INFO: [ app_begin ] --END-- [ RunTime:0.001658s ]
SQL: SHOW COLUMNS FROM `cc_cart` [ RunTime:0.0732s ]
SQL: UPDATE `cc_cart` SET `quantity`='3' WHERE ( product_id=10 ) [ RunTime:0.0729s ]

[ 2017-09-04T16:08:16+08:00 ] 127.0.0.1 /thinkphp/Home/Cart/ajaxCart/cart_id/10/quantity/2
INFO: [ app_begin ] --START--
INFO: Run Behavior\ReadHtmlCacheBehavior [ RunTime:0.000488s ]
INFO: Run Behavior\CheckLangBehavior [ RunTime:0.000778s ]
INFO: [ app_begin ] --END-- [ RunTime:0.001738s ]
SQL: SHOW COLUMNS FROM `cc_cart` [ RunTime:0.0051s ]
SQL: UPDATE `cc_cart` SET `quantity`='2' WHERE ( product_id=10 ) [ RunTime:0.1272s ]

[ 2017-09-04T16:08:29+08:00 ] 127.0.0.1 /thinkphp/Home/Cart/ajaxCart/cart_id/5/quantity/4
INFO: [ app_begin ] --START--
INFO: Run Behavior\ReadHtmlCacheBehavior [ RunTime:0.000397s ]
INFO: Run Behavior\CheckLangBehavior [ RunTime:0.000798s ]
INFO: [ app_begin ] --END-- [ RunTime:0.001593s ]
SQL: SHOW COLUMNS FROM `cc_cart` [ RunTime:0.0089s ]
SQL: UPDATE `cc_cart` SET `quantity`='4' WHERE ( product_id=5 ) [ RunTime:0.1005s ]

[ 2017-09-04T16:08:38+08:00 ] 127.0.0.1 /thinkphp/Home/Cart/ajaxCart/cart_id/10/quantity/1
INFO: [ app_begin ] --START--
INFO: Run Behavior\ReadHtmlCacheBehavior [ RunTime:0.000493s ]
INFO: Run Behavior\CheckLangBehavior [ RunTime:0.000756s ]
INFO: [ app_begin ] --END-- [ RunTime:0.001798s ]
SQL: SHOW COLUMNS FROM `cc_cart` [ RunTime:0.0090s ]
SQL: UPDATE `cc_cart` SET `quantity`='1' WHERE ( product_id=10 ) [ RunTime:0.0924s ]

[ 2017-09-04T16:08:44+08:00 ] 127.0.0.1 /thinkphp/Home/Cart/ajaxCart/cart_id/10/quantity/2
INFO: [ app_begin ] --START--
INFO: Run Behavior\ReadHtmlCacheBehavior [ RunTime:0.000526s ]
INFO: Run Behavior\CheckLangBehavior [ RunTime:0.000764s ]
INFO: [ app_begin ] --END-- [ RunTime:0.001764s ]
SQL: SHOW COLUMNS FROM `cc_cart` [ RunTime:0.0041s ]
SQL: UPDATE `cc_cart` SET `quantity`='2' WHERE ( product_id=10 ) [ RunTime:0.1126s ]

[ 2017-09-04T16:08:45+08:00 ] 127.0.0.1 /thinkphp/Home/Cart/ajaxCart/cart_id/10/quantity/3
INFO: [ app_begin ] --START--
INFO: Run Behavior\ReadHtmlCacheBehavior [ RunTime:0.000434s ]
INFO: Run Behavior\CheckLangBehavior [ RunTime:0.000754s ]
INFO: [ app_begin ] --END-- [ RunTime:0.001602s ]
SQL: SHOW COLUMNS FROM `cc_cart` [ RunTime:0.0037s ]
SQL: UPDATE `cc_cart` SET `quantity`='3' WHERE ( product_id=10 ) [ RunTime:0.0645s ]

[ 2017-09-04T16:08:46+08:00 ] 127.0.0.1 /thinkphp/Home/Cart/ajaxCart/cart_id/10/quantity/4
INFO: [ app_begin ] --START--
INFO: Run Behavior\ReadHtmlCacheBehavior [ RunTime:0.000559s ]
INFO: Run Behavior\CheckLangBehavior [ RunTime:0.000971s ]
INFO: [ app_begin ] --END-- [ RunTime:0.001984s ]
SQL: SHOW COLUMNS FROM `cc_cart` [ RunTime:0.0044s ]
SQL: UPDATE `cc_cart` SET `quantity`='4' WHERE ( product_id=10 ) [ RunTime:0.1093s ]

[ 2017-09-04T16:09:52+08:00 ] 127.0.0.1 /thinkphp/Home/Cart/ajaxCart/cart_id/10/quantity/3
INFO: [ app_begin ] --START--
INFO: Run Behavior\ReadHtmlCacheBehavior [ RunTime:0.000479s ]
INFO: Run Behavior\CheckLangBehavior [ RunTime:0.000833s ]
INFO: [ app_begin ] --END-- [ RunTime:0.001811s ]
SQL: SHOW COLUMNS FROM `cc_cart` [ RunTime:0.0058s ]
SQL: UPDATE `cc_cart` SET `quantity`='3' WHERE ( product_id=10 ) [ RunTime:0.0977s ]

[ 2017-09-04T16:22:51+08:00 ] 127.0.0.1 /thinkphp/Home/Cart/ajaxCart/cart_id/10/quantity/2
INFO: [ app_begin ] --START--
INFO: Run Behavior\ReadHtmlCacheBehavior [ RunTime:0.000555s ]
INFO: Run Behavior\CheckLangBehavior [ RunTime:0.000829s ]
INFO: [ app_begin ] --END-- [ RunTime:0.001844s ]
SQL: SHOW COLUMNS FROM `cc_cart` [ RunTime:0.0094s ]
SQL: UPDATE `cc_cart` SET `quantity`='2' WHERE ( product_id=10 ) [ RunTime:0.1005s ]

[ 2017-09-04T16:22:55+08:00 ] 127.0.0.1 /thinkphp/Home/Cart/ajaxCart/cart_id/10/quantity/3
INFO: [ app_begin ] --START--
INFO: Run Behavior\ReadHtmlCacheBehavior [ RunTime:0.000545s ]
INFO: Run Behavior\CheckLangBehavior [ RunTime:0.000935s ]
INFO: [ app_begin ] --END-- [ RunTime:0.001960s ]
SQL: SHOW COLUMNS FROM `cc_cart` [ RunTime:0.0043s ]
SQL: UPDATE `cc_cart` SET `quantity`='3' WHERE ( product_id=10 ) [ RunTime:0.0981s ]

[ 2017-09-04T16:23:02+08:00 ] 127.0.0.1 /thinkphp/Home/Cart/ajaxCart/cart_id/10/quantity/2
INFO: [ app_begin ] --START--
INFO: Run Behavior\ReadHtmlCacheBehavior [ RunTime:0.000454s ]
INFO: Run Behavior\CheckLangBehavior [ RunTime:0.000740s ]
INFO: [ app_begin ] --END-- [ RunTime:0.001590s ]
SQL: SHOW COLUMNS FROM `cc_cart` [ RunTime:0.0049s ]
SQL: UPDATE `cc_cart` SET `quantity`='2' WHERE ( product_id=10 ) [ RunTime:0.0989s ]

[ 2017-09-04T16:23:40+08:00 ] 127.0.0.1 /thinkphp/Home/Cart/ajaxCart/cart_id/10/quantity/1
INFO: [ app_begin ] --START--
INFO: Run Behavior\ReadHtmlCacheBehavior [ RunTime:0.000509s ]
INFO: Run Behavior\CheckLangBehavior [ RunTime:0.000697s ]
INFO: [ app_begin ] --END-- [ RunTime:0.001660s ]
SQL: SHOW COLUMNS FROM `cc_cart` [ RunTime:0.0846s ]
SQL: UPDATE `cc_cart` SET `quantity`='1' WHERE ( product_id=10 ) [ RunTime:0.0862s ]

[ 2017-09-04T16:23:43+08:00 ] 127.0.0.1 /thinkphp/Home/Cart/ajaxCart/cart_id/5/quantity/3
INFO: [ app_begin ] --START--
INFO: Run Behavior\ReadHtmlCacheBehavior [ RunTime:0.000470s ]
INFO: Run Behavior\CheckLangBehavior [ RunTime:0.000737s ]
INFO: [ app_begin ] --END-- [ RunTime:0.001650s ]
SQL: SHOW COLUMNS FROM `cc_cart` [ RunTime:0.0071s ]
SQL: UPDATE `cc_cart` SET `quantity`='3' WHERE ( product_id=5 ) [ RunTime:0.0470s ]

[ 2017-09-04T16:23:49+08:00 ] 127.0.0.1 /thinkphp/Home/Cart/ajaxCart/cart_id/3/quantity/1
INFO: [ app_begin ] --START--
INFO: Run Behavior\ReadHtmlCacheBehavior [ RunTime:0.000486s ]
INFO: Run Behavior\CheckLangBehavior [ RunTime:0.001033s ]
INFO: [ app_begin ] --END-- [ RunTime:0.001972s ]
SQL: SHOW COLUMNS FROM `cc_cart` [ RunTime:0.0044s ]
SQL: UPDATE `cc_cart` SET `quantity`='1' WHERE ( product_id=3 ) [ RunTime:0.0932s ]

[ 2017-09-04T16:23:52+08:00 ] 127.0.0.1 /thinkphp/Home/Cart/ajaxCart/cart_id/5/quantity/2
INFO: [ app_begin ] --START--
INFO: Run Behavior\ReadHtmlCacheBehavior [ RunTime:0.000579s ]
INFO: Run Behavior\CheckLangBehavior [ RunTime:0.000885s ]
INFO: [ app_begin ] --END-- [ RunTime:0.002010s ]
SQL: SHOW COLUMNS FROM `cc_cart` [ RunTime:0.0045s ]
SQL: UPDATE `cc_cart` SET `quantity`='2' WHERE ( product_id=5 ) [ RunTime:0.1035s ]

[ 2017-09-04T16:23:57+08:00 ] 127.0.0.1 /thinkphp/Home/Cart/ajaxCart/cart_id/5/quantity/1
INFO: [ app_begin ] --START--
INFO: Run Behavior\ReadHtmlCacheBehavior [ RunTime:0.000682s ]
INFO: Run Behavior\CheckLangBehavior [ RunTime:0.000764s ]
INFO: [ app_begin ] --END-- [ RunTime:0.001950s ]
SQL: SHOW COLUMNS FROM `cc_cart` [ RunTime:0.0072s ]
SQL: UPDATE `cc_cart` SET `quantity`='1' WHERE ( product_id=5 ) [ RunTime:0.0678s ]

[ 2017-09-04T16:24:24+08:00 ] 127.0.0.1 /thinkphp/Home/Cart/ajaxCart/cart_id/10/quantity/2
INFO: [ app_begin ] --START--
INFO: Run Behavior\ReadHtmlCacheBehavior [ RunTime:0.001209s ]
INFO: Run Behavior\CheckLangBehavior [ RunTime:0.001504s ]
INFO: [ app_begin ] --END-- [ RunTime:0.003659s ]
SQL: SHOW COLUMNS FROM `cc_cart` [ RunTime:0.0042s ]
SQL: UPDATE `cc_cart` SET `quantity`='2' WHERE ( product_id=10 ) [ RunTime:0.1045s ]

[ 2017-09-04T16:24:26+08:00 ] 127.0.0.1 /thinkphp/Home/Cart/ajaxCart/cart_id/10/quantity/3
INFO: [ app_begin ] --START--
INFO: Run Behavior\ReadHtmlCacheBehavior [ RunTime:0.000471s ]
INFO: Run Behavior\CheckLangBehavior [ RunTime:0.000712s ]
INFO: [ app_begin ] --END-- [ RunTime:0.001620s ]
SQL: SHOW COLUMNS FROM `cc_cart` [ RunTime:0.0045s ]
SQL: UPDATE `cc_cart` SET `quantity`='3' WHERE ( product_id=10 ) [ RunTime:0.0606s ]

[ 2017-09-04T16:24:28+08:00 ] 127.0.0.1 /thinkphp/Home/Cart/ajaxCart/cart_id/5/quantity/2
INFO: [ app_begin ] --START--
INFO: Run Behavior\ReadHtmlCacheBehavior [ RunTime:0.000473s ]
INFO: Run Behavior\CheckLangBehavior [ RunTime:0.000750s ]
INFO: [ app_begin ] --END-- [ RunTime:0.001635s ]
SQL: SHOW COLUMNS FROM `cc_cart` [ RunTime:0.0091s ]
SQL: UPDATE `cc_cart` SET `quantity`='2' WHERE ( product_id=5 ) [ RunTime:0.1111s ]

[ 2017-09-04T16:24:36+08:00 ] 127.0.0.1 /thinkphp/Home/Cart/ajaxCart/cart_id/5/quantity/3
INFO: [ app_begin ] --START--
INFO: Run Behavior\ReadHtmlCacheBehavior [ RunTime:0.000554s ]
INFO: Run Behavior\CheckLangBehavior [ RunTime:0.001061s ]
INFO: [ app_begin ] --END-- [ RunTime:0.002062s ]
SQL: SHOW COLUMNS FROM `cc_cart` [ RunTime:0.0058s ]
SQL: UPDATE `cc_cart` SET `quantity`='3' WHERE ( product_id=5 ) [ RunTime:0.0902s ]

[ 2017-09-04T16:24:42+08:00 ] 127.0.0.1 /thinkphp/Home/Cart/ajaxCart/cart_id/3/quantity/2
INFO: [ app_begin ] --START--
INFO: Run Behavior\ReadHtmlCacheBehavior [ RunTime:0.000479s ]
INFO: Run Behavior\CheckLangBehavior [ RunTime:0.000734s ]
INFO: [ app_begin ] --END-- [ RunTime:0.001640s ]
SQL: SHOW COLUMNS FROM `cc_cart` [ RunTime:0.0049s ]
SQL: UPDATE `cc_cart` SET `quantity`='2' WHERE ( product_id=3 ) [ RunTime:0.0789s ]

[ 2017-09-04T16:24:43+08:00 ] 127.0.0.1 /thinkphp/Home/Cart/ajaxCart/cart_id/3/quantity/3
INFO: [ app_begin ] --START--
INFO: Run Behavior\ReadHtmlCacheBehavior [ RunTime:0.000408s ]
INFO: Run Behavior\CheckLangBehavior [ RunTime:0.000672s ]
INFO: [ app_begin ] --END-- [ RunTime:0.001497s ]
SQL: SHOW COLUMNS FROM `cc_cart` [ RunTime:0.0971s ]
SQL: UPDATE `cc_cart` SET `quantity`='3' WHERE ( product_id=3 ) [ RunTime:0.0400s ]

[ 2017-09-04T16:24:46+08:00 ] 127.0.0.1 /thinkphp/Home/Cart/ajaxCart/cart_id/3/quantity/2
INFO: [ app_begin ] --START--
INFO: Run Behavior\ReadHtmlCacheBehavior [ RunTime:0.000453s ]
INFO: Run Behavior\CheckLangBehavior [ RunTime:0.000701s ]
INFO: [ app_begin ] --END-- [ RunTime:0.001548s ]
SQL: SHOW COLUMNS FROM `cc_cart` [ RunTime:0.0056s ]
SQL: UPDATE `cc_cart` SET `quantity`='2' WHERE ( product_id=3 ) [ RunTime:0.1012s ]

[ 2017-09-04T16:39:29+08:00 ] 127.0.0.1 /thinkphp/Home/Person/collection.html
ERR: Think\Model:coll方法不存在！

[ 2017-09-04T16:39:53+08:00 ] 127.0.0.1 /thinkphp/Home/Person/collection.html
ERR: Think\Model:coll方法不存在！

[ 2017-09-04T16:40:21+08:00 ] 127.0.0.1 /thinkphp/Home/Person/collection.html
ERR: Think\Model:coll方法不存在！

[ 2017-09-04T16:40:50+08:00 ] 127.0.0.1 /thinkphp/Home/Person/collection.html
ERR: Think\Model:coll方法不存在！

[ 2017-09-04T16:43:29+08:00 ] 127.0.0.1 /thinkphp/Home/Person/collection/product_id/5.html
ERR: Think\Model:coll方法不存在！

[ 2017-09-04T16:44:58+08:00 ] 127.0.0.1 /thinkphp/Home/Person/collection.html
ERR: Think\Model:coll方法不存在！

[ 2017-09-04T16:50:03+08:00 ] 127.0.0.1 /thinkphp/Home/Person/collection.html
ERR: Think\Model:coll方法不存在！

[ 2017-09-04T16:55:53+08:00 ] 127.0.0.1 /thinkphp/Home/Person/collection.html
ERR: 1064:You have an error in your SQL syntax; check the manual that corresponds to your MySQL server version for the right syntax to use near ')' at line 1
 [ SQL语句 ] : SELECT p.* FROM cc_product p left join cc_collect c on p.product_id = c.product_id  WHERE ( product_id= ) 

[ 2017-09-04T17:20:57+08:00 ] 127.0.0.1 /thinkphp/Home/Cart/pay/product_id/10
INFO: [ app_begin ] --START--
INFO: Run Behavior\ReadHtmlCacheBehavior [ RunTime:0.000711s ]
INFO: Run Behavior\CheckLangBehavior [ RunTime:0.000941s ]
INFO: [ app_begin ] --END-- [ RunTime:0.002275s ]
INFO: [ view_parse ] --START--
INFO: [ template_filter ] --START--
INFO: Run Behavior\ContentReplaceBehavior [ RunTime:0.000108s ]
INFO: [ template_filter ] --END-- [ RunTime:0.000143s ]
INFO: Run Behavior\ParseTemplateBehavior [ RunTime:0.008061s ]
INFO: [ view_parse ] --END-- [ RunTime:0.008102s ]
INFO: [ view_filter ] --START--
INFO: Run Behavior\WriteHtmlCacheBehavior [ RunTime:0.000331s ]
INFO: [ view_filter ] --END-- [ RunTime:0.000359s ]
INFO: [ app_end ] --START--
INFO: Run Behavior\ShowPageTraceBehavior [ RunTime:0.000512s ]
INFO: [ app_end ] --END-- [ RunTime:0.000563s ]

[ 2017-09-04T17:20:57+08:00 ] 127.0.0.1 /thinkphp/Home/Cart/pay/product_id/5
INFO: [ app_begin ] --START--
INFO: Run Behavior\ReadHtmlCacheBehavior [ RunTime:0.000689s ]
INFO: Run Behavior\CheckLangBehavior [ RunTime:0.000977s ]
INFO: [ app_begin ] --END-- [ RunTime:0.002191s ]
INFO: [ view_parse ] --START--
INFO: [ template_filter ] --START--
INFO: Run Behavior\ContentReplaceBehavior [ RunTime:0.000111s ]
INFO: [ template_filter ] --END-- [ RunTime:0.000154s ]
INFO: Run Behavior\ParseTemplateBehavior [ RunTime:0.008427s ]
INFO: [ view_parse ] --END-- [ RunTime:0.008482s ]
INFO: [ view_filter ] --START--
INFO: Run Behavior\WriteHtmlCacheBehavior [ RunTime:0.000307s ]
INFO: [ view_filter ] --END-- [ RunTime:0.000335s ]
INFO: [ app_end ] --START--
INFO: Run Behavior\ShowPageTraceBehavior [ RunTime:0.000757s ]
INFO: [ app_end ] --END-- [ RunTime:0.000870s ]

[ 2017-09-04T17:23:15+08:00 ] 127.0.0.1 /thinkphp/Home/Cart/pay/product_id/10
INFO: [ app_begin ] --START--
INFO: Run Behavior\ReadHtmlCacheBehavior [ RunTime:0.000782s ]
INFO: Run Behavior\CheckLangBehavior [ RunTime:0.001638s ]
INFO: [ app_begin ] --END-- [ RunTime:0.003053s ]
NOTIC: [8] Undefined variable: product_id E:\4.08\thinkphp\Application\Home\Controller\CartController.class.php 第 74 行.
INFO: [ view_parse ] --START--
INFO: [ template_filter ] --START--
INFO: Run Behavior\ContentReplaceBehavior [ RunTime:0.000178s ]
INFO: [ template_filter ] --END-- [ RunTime:0.000240s ]
INFO: Run Behavior\ParseTemplateBehavior [ RunTime:0.012590s ]
INFO: [ view_parse ] --END-- [ RunTime:0.012650s ]
INFO: [ view_filter ] --START--
INFO: Run Behavior\WriteHtmlCacheBehavior [ RunTime:0.000381s ]
INFO: [ view_filter ] --END-- [ RunTime:0.000426s ]
INFO: [ app_end ] --START--
INFO: Run Behavior\ShowPageTraceBehavior [ RunTime:0.000621s ]
INFO: [ app_end ] --END-- [ RunTime:0.000681s ]

[ 2017-09-04T17:23:15+08:00 ] 127.0.0.1 /thinkphp/Home/Cart/pay/product_id/5
INFO: [ app_begin ] --START--
INFO: Run Behavior\ReadHtmlCacheBehavior [ RunTime:0.000834s ]
INFO: Run Behavior\CheckLangBehavior [ RunTime:0.001465s ]
INFO: [ app_begin ] --END-- [ RunTime:0.002950s ]
NOTIC: [8] Undefined variable: product_id E:\4.08\thinkphp\Application\Home\Controller\CartController.class.php 第 74 行.
INFO: [ view_parse ] --START--
INFO: [ template_filter ] --START--
INFO: Run Behavior\ContentReplaceBehavior [ RunTime:0.001024s ]
INFO: [ template_filter ] --END-- [ RunTime:0.001120s ]
INFO: Run Behavior\ParseTemplateBehavior [ RunTime:0.028231s ]
INFO: [ view_parse ] --END-- [ RunTime:0.028338s ]
INFO: [ view_filter ] --START--
INFO: Run Behavior\WriteHtmlCacheBehavior [ RunTime:0.000695s ]
INFO: [ view_filter ] --END-- [ RunTime:0.000745s ]
INFO: [ app_end ] --START--
INFO: Run Behavior\ShowPageTraceBehavior [ RunTime:0.000693s ]
INFO: [ app_end ] --END-- [ RunTime:0.000747s ]

[ 2017-09-04T17:24:13+08:00 ] 127.0.0.1 /thinkphp/Home/Cart/pay/product_id/5
INFO: [ app_begin ] --START--
INFO: Run Behavior\ReadHtmlCacheBehavior [ RunTime:0.000712s ]
INFO: Run Behavior\CheckLangBehavior [ RunTime:0.001090s ]
INFO: [ app_begin ] --END-- [ RunTime:0.002423s ]
NOTIC: [8] Undefined variable: product_id E:\4.08\thinkphp\Application\Home\Controller\CartController.class.php 第 74 行.
INFO: [ view_parse ] --START--
INFO: [ template_filter ] --START--
INFO: Run Behavior\ContentReplaceBehavior [ RunTime:0.000110s ]
INFO: [ template_filter ] --END-- [ RunTime:0.000151s ]
INFO: Run Behavior\ParseTemplateBehavior [ RunTime:0.012260s ]
INFO: [ view_parse ] --END-- [ RunTime:0.012325s ]
INFO: [ view_filter ] --START--
INFO: Run Behavior\WriteHtmlCacheBehavior [ RunTime:0.000341s ]
INFO: [ view_filter ] --END-- [ RunTime:0.000367s ]
INFO: [ app_end ] --START--
INFO: Run Behavior\ShowPageTraceBehavior [ RunTime:0.000558s ]
INFO: [ app_end ] --END-- [ RunTime:0.000602s ]

[ 2017-09-04T17:24:13+08:00 ] 127.0.0.1 /thinkphp/Home/Cart/pay/product_id/10
INFO: [ app_begin ] --START--
INFO: Run Behavior\ReadHtmlCacheBehavior [ RunTime:0.000833s ]
INFO: Run Behavior\CheckLangBehavior [ RunTime:0.001204s ]
INFO: [ app_begin ] --END-- [ RunTime:0.002718s ]
NOTIC: [8] Undefined variable: product_id E:\4.08\thinkphp\Application\Home\Controller\CartController.class.php 第 74 行.
INFO: [ view_parse ] --START--
INFO: [ template_filter ] --START--
INFO: Run Behavior\ContentReplaceBehavior [ RunTime:0.000114s ]
INFO: [ template_filter ] --END-- [ RunTime:0.000154s ]
INFO: Run Behavior\ParseTemplateBehavior [ RunTime:0.008297s ]
INFO: [ view_parse ] --END-- [ RunTime:0.008341s ]
INFO: [ view_filter ] --START--
INFO: Run Behavior\WriteHtmlCacheBehavior [ RunTime:0.000290s ]
INFO: [ view_filter ] --END-- [ RunTime:0.000318s ]
INFO: [ app_end ] --START--
INFO: Run Behavior\ShowPageTraceBehavior [ RunTime:0.000680s ]
INFO: [ app_end ] --END-- [ RunTime:0.000732s ]

[ 2017-09-04T17:24:30+08:00 ] 127.0.0.1 /thinkphp/Home/Cart/pay/product_id/10
INFO: [ app_begin ] --START--
INFO: Run Behavior\ReadHtmlCacheBehavior [ RunTime:0.000592s ]
INFO: Run Behavior\CheckLangBehavior [ RunTime:0.000924s ]
INFO: [ app_begin ] --END-- [ RunTime:0.002041s ]
NOTIC: [8] Undefined variable: product_id E:\4.08\thinkphp\Application\Home\Controller\CartController.class.php 第 74 行.
INFO: [ view_parse ] --START--
INFO: [ template_filter ] --START--
INFO: Run Behavior\ContentReplaceBehavior [ RunTime:0.000140s ]
INFO: [ template_filter ] --END-- [ RunTime:0.000203s ]
INFO: Run Behavior\ParseTemplateBehavior [ RunTime:0.012366s ]
INFO: [ view_parse ] --END-- [ RunTime:0.012418s ]
INFO: [ view_filter ] --START--
INFO: Run Behavior\WriteHtmlCacheBehavior [ RunTime:0.000260s ]
INFO: [ view_filter ] --END-- [ RunTime:0.000289s ]
INFO: [ app_end ] --START--
INFO: Run Behavior\ShowPageTraceBehavior [ RunTime:0.000604s ]
INFO: [ app_end ] --END-- [ RunTime:0.000668s ]

[ 2017-09-04T17:24:30+08:00 ] 127.0.0.1 /thinkphp/Home/Cart/pay/product_id/5
INFO: [ app_begin ] --START--
INFO: Run Behavior\ReadHtmlCacheBehavior [ RunTime:0.000582s ]
INFO: Run Behavior\CheckLangBehavior [ RunTime:0.000820s ]
INFO: [ app_begin ] --END-- [ RunTime:0.001893s ]
NOTIC: [8] Undefined variable: product_id E:\4.08\thinkphp\Application\Home\Controller\CartController.class.php 第 74 行.
INFO: [ view_parse ] --START--
INFO: [ template_filter ] --START--
INFO: Run Behavior\ContentReplaceBehavior [ RunTime:0.000114s ]
INFO: [ template_filter ] --END-- [ RunTime:0.000161s ]
INFO: Run Behavior\ParseTemplateBehavior [ RunTime:0.009454s ]
INFO: [ view_parse ] --END-- [ RunTime:0.009506s ]
INFO: [ view_filter ] --START--
INFO: Run Behavior\WriteHtmlCacheBehavior [ RunTime:0.000346s ]
INFO: [ view_filter ] --END-- [ RunTime:0.000376s ]
INFO: [ app_end ] --START--
INFO: Run Behavior\ShowPageTraceBehavior [ RunTime:0.000580s ]
INFO: [ app_end ] --END-- [ RunTime:0.000635s ]

[ 2017-09-04T17:24:35+08:00 ] 127.0.0.1 /thinkphp/Home/Cart/pay/product_id/1
INFO: [ app_begin ] --START--
INFO: Run Behavior\ReadHtmlCacheBehavior [ RunTime:0.000467s ]
INFO: Run Behavior\CheckLangBehavior [ RunTime:0.000612s ]
INFO: [ app_begin ] --END-- [ RunTime:0.001503s ]
NOTIC: [8] Undefined variable: product_id E:\4.08\thinkphp\Application\Home\Controller\CartController.class.php 第 74 行.
INFO: [ view_parse ] --START--
INFO: [ template_filter ] --START--
INFO: Run Behavior\ContentReplaceBehavior [ RunTime:0.000118s ]
INFO: [ template_filter ] --END-- [ RunTime:0.000166s ]
INFO: Run Behavior\ParseTemplateBehavior [ RunTime:0.008345s ]
INFO: [ view_parse ] --END-- [ RunTime:0.008386s ]
INFO: [ view_filter ] --START--
INFO: Run Behavior\WriteHtmlCacheBehavior [ RunTime:0.000346s ]
INFO: [ view_filter ] --END-- [ RunTime:0.000376s ]
INFO: [ app_end ] --START--
INFO: Run Behavior\ShowPageTraceBehavior [ RunTime:0.000583s ]
INFO: [ app_end ] --END-- [ RunTime:0.000639s ]

