[ 2017-08-22T08:42:40+08:00 ] 127.0.0.1 /thinkphp/Home/Cart/ajaxDel/cart_id/3
INFO: [ app_begin ] --START--
INFO: Run Behavior\ReadHtmlCacheBehavior [ RunTime:0.000577s ]
INFO: Run Behavior\CheckLangBehavior [ RunTime:0.000837s ]
INFO: [ app_begin ] --END-- [ RunTime:0.001860s ]
ERR: 非法操作:ajaxDel

[ 2017-08-22T08:43:35+08:00 ] 127.0.0.1 /thinkphp/Home/Cart/ajaxDel/cart_id/3
INFO: [ app_begin ] --START--
INFO: Run Behavior\ReadHtmlCacheBehavior [ RunTime:0.000482s ]
INFO: Run Behavior\CheckLangBehavior [ RunTime:0.000789s ]
INFO: [ app_begin ] --END-- [ RunTime:0.001696s ]
ERR: 非法操作:ajaxDel

[ 2017-08-22T08:45:42+08:00 ] 127.0.0.1 /thinkphp/Home/Cart/ajaxDel/cart_id/3
INFO: [ app_begin ] --START--
INFO: Run Behavior\ReadHtmlCacheBehavior [ RunTime:0.000966s ]
INFO: Run Behavior\CheckLangBehavior [ RunTime:0.000922s ]
INFO: [ app_begin ] --END-- [ RunTime:0.002615s ]
SQL: SHOW COLUMNS FROM `cc_cart` [ RunTime:0.0046s ]
SQL: DELETE FROM `cc_cart` WHERE ( cart_id=3 ) [ RunTime:0.0891s ]

[ 2017-08-22T08:49:24+08:00 ] 127.0.0.1 /thinkphp/Home/Cart/ajaxDel/cart_id/2
INFO: [ app_begin ] --START--
INFO: Run Behavior\ReadHtmlCacheBehavior [ RunTime:0.000502s ]
INFO: Run Behavior\CheckLangBehavior [ RunTime:0.000739s ]
INFO: [ app_begin ] --END-- [ RunTime:0.001654s ]
SQL: SHOW COLUMNS FROM `cc_cart` [ RunTime:0.0048s ]
SQL: DELETE FROM `cc_cart` WHERE ( cart_id=2 ) [ RunTime:0.0786s ]

[ 2017-08-22T08:51:42+08:00 ] 127.0.0.1 /thinkphp/Home/Cart/ajaxCart/cart_id/1/quantity/11
INFO: [ app_begin ] --START--
INFO: Run Behavior\ReadHtmlCacheBehavior [ RunTime:0.000513s ]
INFO: Run Behavior\CheckLangBehavior [ RunTime:0.000767s ]
INFO: [ app_begin ] --END-- [ RunTime:0.001749s ]
SQL: SHOW COLUMNS FROM `cc_cart` [ RunTime:0.0048s ]
SQL: UPDATE `cc_cart` SET `quantity`='11' WHERE ( cart_id=1 ) [ RunTime:0.1121s ]

[ 2017-08-22T08:51:43+08:00 ] 127.0.0.1 /thinkphp/Home/Cart/ajaxCart/cart_id/1/quantity/12
INFO: [ app_begin ] --START--
INFO: Run Behavior\ReadHtmlCacheBehavior [ RunTime:0.000479s ]
INFO: Run Behavior\CheckLangBehavior [ RunTime:0.000738s ]
INFO: [ app_begin ] --END-- [ RunTime:0.001692s ]
SQL: SHOW COLUMNS FROM `cc_cart` [ RunTime:0.1102s ]
SQL: UPDATE `cc_cart` SET `quantity`='12' WHERE ( cart_id=1 ) [ RunTime:0.0778s ]

[ 2017-08-22T08:51:45+08:00 ] 127.0.0.1 /thinkphp/Home/Cart/ajaxCart/cart_id/1/quantity/11
INFO: [ app_begin ] --START--
INFO: Run Behavior\ReadHtmlCacheBehavior [ RunTime:0.000479s ]
INFO: Run Behavior\CheckLangBehavior [ RunTime:0.000763s ]
INFO: [ app_begin ] --END-- [ RunTime:0.001720s ]
SQL: SHOW COLUMNS FROM `cc_cart` [ RunTime:0.0042s ]
SQL: UPDATE `cc_cart` SET `quantity`='11' WHERE ( cart_id=1 ) [ RunTime:0.1296s ]

[ 2017-08-22T08:51:46+08:00 ] 127.0.0.1 /thinkphp/Home/Cart/ajaxCart/cart_id/1/quantity/10
INFO: [ app_begin ] --START--
INFO: Run Behavior\ReadHtmlCacheBehavior [ RunTime:0.000435s ]
INFO: Run Behavior\CheckLangBehavior [ RunTime:0.000609s ]
INFO: [ app_begin ] --END-- [ RunTime:0.001425s ]
SQL: SHOW COLUMNS FROM `cc_cart` [ RunTime:0.0037s ]
SQL: UPDATE `cc_cart` SET `quantity`='10' WHERE ( cart_id=1 ) [ RunTime:0.0578s ]

[ 2017-08-22T08:51:47+08:00 ] 127.0.0.1 /thinkphp/Home/Cart/ajaxCart/cart_id/1/quantity/9
INFO: [ app_begin ] --START--
INFO: Run Behavior\ReadHtmlCacheBehavior [ RunTime:0.000428s ]
INFO: Run Behavior\CheckLangBehavior [ RunTime:0.000709s ]
INFO: [ app_begin ] --END-- [ RunTime:0.001550s ]
SQL: SHOW COLUMNS FROM `cc_cart` [ RunTime:0.0047s ]
SQL: UPDATE `cc_cart` SET `quantity`='9' WHERE ( cart_id=1 ) [ RunTime:0.0876s ]

[ 2017-08-22T08:51:48+08:00 ] 127.0.0.1 /thinkphp/Home/Cart/ajaxCart/cart_id/1/quantity/8
INFO: [ app_begin ] --START--
INFO: Run Behavior\ReadHtmlCacheBehavior [ RunTime:0.000508s ]
INFO: Run Behavior\CheckLangBehavior [ RunTime:0.000780s ]
INFO: [ app_begin ] --END-- [ RunTime:0.001766s ]
SQL: SHOW COLUMNS FROM `cc_cart` [ RunTime:0.0045s ]
SQL: UPDATE `cc_cart` SET `quantity`='8' WHERE ( cart_id=1 ) [ RunTime:0.0781s ]

[ 2017-08-22T08:51:49+08:00 ] 127.0.0.1 /thinkphp/Home/Cart/ajaxCart/cart_id/1/quantity/7
INFO: [ app_begin ] --START--
INFO: Run Behavior\ReadHtmlCacheBehavior [ RunTime:0.000661s ]
INFO: Run Behavior\CheckLangBehavior [ RunTime:0.001181s ]
INFO: [ app_begin ] --END-- [ RunTime:0.002343s ]
SQL: SHOW COLUMNS FROM `cc_cart` [ RunTime:0.0047s ]
SQL: UPDATE `cc_cart` SET `quantity`='7' WHERE ( cart_id=1 ) [ RunTime:0.1101s ]

[ 2017-08-22T08:51:50+08:00 ] 127.0.0.1 /thinkphp/Home/Cart/ajaxCart/cart_id/1/quantity/6
INFO: [ app_begin ] --START--
INFO: Run Behavior\ReadHtmlCacheBehavior [ RunTime:0.000554s ]
INFO: Run Behavior\CheckLangBehavior [ RunTime:0.000844s ]
INFO: [ app_begin ] --END-- [ RunTime:0.001861s ]
SQL: SHOW COLUMNS FROM `cc_cart` [ RunTime:0.0043s ]
SQL: UPDATE `cc_cart` SET `quantity`='6' WHERE ( cart_id=1 ) [ RunTime:0.1046s ]

[ 2017-08-22T08:51:51+08:00 ] 127.0.0.1 /thinkphp/Home/Cart/ajaxCart/cart_id/1/quantity/5
INFO: [ app_begin ] --START--
INFO: Run Behavior\ReadHtmlCacheBehavior [ RunTime:0.000542s ]
INFO: Run Behavior\CheckLangBehavior [ RunTime:0.000786s ]
INFO: [ app_begin ] --END-- [ RunTime:0.001733s ]
SQL: SHOW COLUMNS FROM `cc_cart` [ RunTime:0.0041s ]
SQL: UPDATE `cc_cart` SET `quantity`='5' WHERE ( cart_id=1 ) [ RunTime:0.0615s ]

[ 2017-08-22T08:51:52+08:00 ] 127.0.0.1 /thinkphp/Home/Cart/ajaxCart/cart_id/1/quantity/4
INFO: [ app_begin ] --START--
INFO: Run Behavior\ReadHtmlCacheBehavior [ RunTime:0.000556s ]
INFO: Run Behavior\CheckLangBehavior [ RunTime:0.000954s ]
INFO: [ app_begin ] --END-- [ RunTime:0.001946s ]
SQL: SHOW COLUMNS FROM `cc_cart` [ RunTime:0.0050s ]
SQL: UPDATE `cc_cart` SET `quantity`='4' WHERE ( cart_id=1 ) [ RunTime:0.1018s ]

[ 2017-08-22T08:51:53+08:00 ] 127.0.0.1 /thinkphp/Home/Cart/ajaxCart/cart_id/1/quantity/3
INFO: [ app_begin ] --START--
INFO: Run Behavior\ReadHtmlCacheBehavior [ RunTime:0.000493s ]
INFO: Run Behavior\CheckLangBehavior [ RunTime:0.000780s ]
INFO: [ app_begin ] --END-- [ RunTime:0.001717s ]
SQL: SHOW COLUMNS FROM `cc_cart` [ RunTime:0.0038s ]
SQL: UPDATE `cc_cart` SET `quantity`='3' WHERE ( cart_id=1 ) [ RunTime:0.0402s ]

[ 2017-08-22T08:51:55+08:00 ] 127.0.0.1 /thinkphp/Home/Cart/ajaxCart/cart_id/1/quantity/8
INFO: [ app_begin ] --START--
INFO: Run Behavior\ReadHtmlCacheBehavior [ RunTime:0.000538s ]
INFO: Run Behavior\CheckLangBehavior [ RunTime:0.000838s ]
INFO: [ app_begin ] --END-- [ RunTime:0.001791s ]
SQL: SHOW COLUMNS FROM `cc_cart` [ RunTime:0.0047s ]
SQL: UPDATE `cc_cart` SET `quantity`='8' WHERE ( cart_id=1 ) [ RunTime:0.1040s ]

[ 2017-08-22T08:51:56+08:00 ] 127.0.0.1 /thinkphp/Home/Cart/ajaxCart/cart_id/1/quantity/9
INFO: [ app_begin ] --START--
INFO: Run Behavior\ReadHtmlCacheBehavior [ RunTime:0.000455s ]
INFO: Run Behavior\CheckLangBehavior [ RunTime:0.000736s ]
INFO: [ app_begin ] --END-- [ RunTime:0.001631s ]
SQL: SHOW COLUMNS FROM `cc_cart` [ RunTime:0.0046s ]
SQL: UPDATE `cc_cart` SET `quantity`='9' WHERE ( cart_id=1 ) [ RunTime:0.0840s ]

[ 2017-08-22T08:51:57+08:00 ] 127.0.0.1 /thinkphp/Home/Cart/ajaxCart/cart_id/1/quantity/7
INFO: [ app_begin ] --START--
INFO: Run Behavior\ReadHtmlCacheBehavior [ RunTime:0.000565s ]
INFO: Run Behavior\CheckLangBehavior [ RunTime:0.000840s ]
INFO: [ app_begin ] --END-- [ RunTime:0.001853s ]
SQL: SHOW COLUMNS FROM `cc_cart` [ RunTime:0.0045s ]
SQL: UPDATE `cc_cart` SET `quantity`='7' WHERE ( cart_id=1 ) [ RunTime:0.0471s ]

[ 2017-08-22T08:51:58+08:00 ] 127.0.0.1 /thinkphp/Home/Cart/ajaxCart/cart_id/1/quantity/10
INFO: [ app_begin ] --START--
INFO: Run Behavior\ReadHtmlCacheBehavior [ RunTime:0.000482s ]
INFO: Run Behavior\CheckLangBehavior [ RunTime:0.000741s ]
INFO: [ app_begin ] --END-- [ RunTime:0.001639s ]
SQL: SHOW COLUMNS FROM `cc_cart` [ RunTime:0.0042s ]
SQL: UPDATE `cc_cart` SET `quantity`='10' WHERE ( cart_id=1 ) [ RunTime:0.0602s ]

[ 2017-08-22T08:51:59+08:00 ] 127.0.0.1 /thinkphp/Home/Cart/ajaxCart/cart_id/1/quantity/11
INFO: [ app_begin ] --START--
INFO: Run Behavior\ReadHtmlCacheBehavior [ RunTime:0.000469s ]
INFO: Run Behavior\CheckLangBehavior [ RunTime:0.000794s ]
INFO: [ app_begin ] --END-- [ RunTime:0.001680s ]
SQL: SHOW COLUMNS FROM `cc_cart` [ RunTime:0.0046s ]
SQL: UPDATE `cc_cart` SET `quantity`='11' WHERE ( cart_id=1 ) [ RunTime:0.0942s ]

[ 2017-08-22T08:52:00+08:00 ] 127.0.0.1 /thinkphp/Home/Cart/ajaxCart/cart_id/1/quantity/6
INFO: [ app_begin ] --START--
INFO: Run Behavior\ReadHtmlCacheBehavior [ RunTime:0.000408s ]
INFO: Run Behavior\CheckLangBehavior [ RunTime:0.000569s ]
INFO: [ app_begin ] --END-- [ RunTime:0.001324s ]
SQL: SHOW COLUMNS FROM `cc_cart` [ RunTime:0.0047s ]
SQL: UPDATE `cc_cart` SET `quantity`='6' WHERE ( cart_id=1 ) [ RunTime:0.1105s ]

[ 2017-08-22T08:52:01+08:00 ] 127.0.0.1 /thinkphp/Home/Cart/ajaxCart/cart_id/1/quantity/5
INFO: [ app_begin ] --START--
INFO: Run Behavior\ReadHtmlCacheBehavior [ RunTime:0.000516s ]
INFO: Run Behavior\CheckLangBehavior [ RunTime:0.000747s ]
INFO: [ app_begin ] --END-- [ RunTime:0.001748s ]
SQL: SHOW COLUMNS FROM `cc_cart` [ RunTime:0.0047s ]
SQL: UPDATE `cc_cart` SET `quantity`='5' WHERE ( cart_id=1 ) [ RunTime:0.0992s ]

[ 2017-08-22T08:52:02+08:00 ] 127.0.0.1 /thinkphp/Home/Cart/ajaxCart/cart_id/1/quantity/4
INFO: [ app_begin ] --START--
INFO: Run Behavior\ReadHtmlCacheBehavior [ RunTime:0.000491s ]
INFO: Run Behavior\CheckLangBehavior [ RunTime:0.000747s ]
INFO: [ app_begin ] --END-- [ RunTime:0.001661s ]
SQL: SHOW COLUMNS FROM `cc_cart` [ RunTime:0.0041s ]
SQL: UPDATE `cc_cart` SET `quantity`='4' WHERE ( cart_id=1 ) [ RunTime:0.0618s ]

[ 2017-08-22T08:56:49+08:00 ] 127.0.0.1 /thinkphp/Home/AmazeUI-2.4.2/assets/css/amazeui.css
ERR: 无法加载控制器:AmazeUI-2.4.2

[ 2017-08-22T08:56:49+08:00 ] 127.0.0.1 /thinkphp/Home/css/cartstyle.css
ERR: 无法加载控制器:Css

[ 2017-08-22T08:56:49+08:00 ] 127.0.0.1 /thinkphp/Home/basic/css/demo.css
ERR: 无法加载控制器:Basic

[ 2017-08-22T08:56:49+08:00 ] 127.0.0.1 /thinkphp/Home/css/jsstyle.css
ERR: 无法加载控制器:Css

[ 2017-08-22T08:56:49+08:00 ] 127.0.0.1 /thinkphp/Home/js/address.js
ERR: 无法加载控制器:Js

[ 2017-08-22T09:00:50+08:00 ] 127.0.0.1 /thinkphp/Home/cart/__PUBLIC%EF%BC%BF/Home/AmazeUI-2.4.2/assets/css/amazeui.css
ERR: 非法操作:__PUBLIC＿

[ 2017-08-22T09:00:50+08:00 ] 127.0.0.1 /thinkphp/Home/cart/__PUBLIC%EF%BC%BF/Home/css/jsstyle.css
ERR: 非法操作:__PUBLIC＿

[ 2017-08-22T09:00:50+08:00 ] 127.0.0.1 /thinkphp/Home/cart/__PUBLIC%EF%BC%BF/Home/js/address.js
ERR: 非法操作:__PUBLIC＿

[ 2017-08-22T09:00:50+08:00 ] 127.0.0.1 /thinkphp/Home/cart/__PUBLIC%EF%BC%BF/Home/basic/css/demo.css
ERR: 非法操作:__PUBLIC＿

[ 2017-08-22T09:00:50+08:00 ] 127.0.0.1 /thinkphp/Home/cart/__PUBLIC%EF%BC%BF/Home/css/cartstyle.css
ERR: 非法操作:__PUBLIC＿

[ 2017-08-22T09:02:25+08:00 ] 127.0.0.1 /thinkphp/Home/cart/__PUBLIC%EF%BC%BF/Home/AmazeUI-2.4.2/assets/css/amazeui.css
ERR: 非法操作:__PUBLIC＿

[ 2017-08-22T09:02:25+08:00 ] 127.0.0.1 /thinkphp/Home/cart/__PUBLIC%EF%BC%BF/Home/basic/css/demo.css
ERR: 非法操作:__PUBLIC＿

[ 2017-08-22T09:02:25+08:00 ] 127.0.0.1 /thinkphp/Home/cart/__PUBLIC%EF%BC%BF/Home/css/cartstyle.css
ERR: 非法操作:__PUBLIC＿

[ 2017-08-22T09:02:25+08:00 ] 127.0.0.1 /thinkphp/Home/cart/__PUBLIC%EF%BC%BF/Home/css/jsstyle.css
ERR: 非法操作:__PUBLIC＿

[ 2017-08-22T09:02:26+08:00 ] 127.0.0.1 /thinkphp/Home/cart/__PUBLIC%EF%BC%BF/Home/js/address.js
ERR: 非法操作:__PUBLIC＿

[ 2017-08-22T09:04:50+08:00 ] 127.0.0.1 /thinkphp/Home/cart/__PUBLIC%EF%BC%BF/AmazeUI-2.4.2/assets/css/amazeui.css
ERR: 非法操作:__PUBLIC＿

[ 2017-08-22T09:04:50+08:00 ] 127.0.0.1 /thinkphp/Home/cart/__PUBLIC%EF%BC%BF/basic/css/demo.css
ERR: 非法操作:__PUBLIC＿

[ 2017-08-22T09:04:50+08:00 ] 127.0.0.1 /thinkphp/Home/cart/__PUBLIC%EF%BC%BF/Home/css/cartstyle.css
ERR: 非法操作:__PUBLIC＿

[ 2017-08-22T09:04:50+08:00 ] 127.0.0.1 /thinkphp/Home/cart/__PUBLIC%EF%BC%BF/Home/js/address.js
ERR: 非法操作:__PUBLIC＿

[ 2017-08-22T09:04:50+08:00 ] 127.0.0.1 /thinkphp/Home/cart/__PUBLIC%EF%BC%BF/css/jsstyle.css
ERR: 非法操作:__PUBLIC＿

[ 2017-08-22T09:05:18+08:00 ] 127.0.0.1 /thinkphp/Home/cart/__PUBLIC%EF%BC%BF/AmazeUI-2.4.2/assets/css/amazeui.css
ERR: 非法操作:__PUBLIC＿

[ 2017-08-22T09:05:18+08:00 ] 127.0.0.1 /thinkphp/Home/cart/__PUBLIC%EF%BC%BF/basic/css/demo.css
ERR: 非法操作:__PUBLIC＿

[ 2017-08-22T09:05:18+08:00 ] 127.0.0.1 /thinkphp/Home/cart/__PUBLIC%EF%BC%BF/Home/css/cartstyle.css
ERR: 非法操作:__PUBLIC＿

[ 2017-08-22T09:05:18+08:00 ] 127.0.0.1 /thinkphp/Home/cart/__PUBLIC%EF%BC%BF/css/jsstyle.css
ERR: 非法操作:__PUBLIC＿

[ 2017-08-22T09:05:18+08:00 ] 127.0.0.1 /thinkphp/Home/cart/__PUBLIC%EF%BC%BF/js/address.js
ERR: 非法操作:__PUBLIC＿

[ 2017-08-22T09:07:39+08:00 ] 127.0.0.1 /thinkphp/Home/cart/__PUBLIC%EF%BC%BF/AmazeUI-2.4.2/assets/css/amazeui.css
ERR: 非法操作:__PUBLIC＿

[ 2017-08-22T09:07:39+08:00 ] 127.0.0.1 /thinkphp/Home/cart/__PUBLIC%EF%BC%BF/Home/basic/css/demo.css
ERR: 非法操作:__PUBLIC＿

[ 2017-08-22T09:07:39+08:00 ] 127.0.0.1 /thinkphp/Home/cart/__PUBLIC%EF%BC%BF/Home/js/address.js
ERR: 非法操作:__PUBLIC＿

[ 2017-08-22T09:07:39+08:00 ] 127.0.0.1 /thinkphp/Home/cart/__PUBLIC%EF%BC%BF/Home/css/cartstyle.css
ERR: 非法操作:__PUBLIC＿

[ 2017-08-22T09:07:39+08:00 ] 127.0.0.1 /thinkphp/Home/cart/__PUBLIC%EF%BC%BF/Home/css/jsstyle.css
ERR: 非法操作:__PUBLIC＿

[ 2017-08-22T09:08:53+08:00 ] 127.0.0.1 /thinkphp/Home/cart/__PUBLIC%EF%BC%BF/Home/js/address.js
ERR: 非法操作:__PUBLIC＿

[ 2017-08-22T09:12:23+08:00 ] 127.0.0.1 /thinkphp/Home/Cart/ajaxCart/cart_id/1/quantity/5
INFO: [ app_begin ] --START--
INFO: Run Behavior\ReadHtmlCacheBehavior [ RunTime:0.000497s ]
INFO: Run Behavior\CheckLangBehavior [ RunTime:0.000863s ]
INFO: [ app_begin ] --END-- [ RunTime:0.001806s ]
SQL: SHOW COLUMNS FROM `cc_cart` [ RunTime:0.0046s ]
SQL: UPDATE `cc_cart` SET `quantity`='5' WHERE ( cart_id=1 ) [ RunTime:0.0995s ]

[ 2017-08-22T09:18:39+08:00 ] 127.0.0.1 /thinkphp/Home/Cart/ajaxCart/cart_id/1/quantity/6
INFO: [ app_begin ] --START--
INFO: Run Behavior\ReadHtmlCacheBehavior [ RunTime:0.000652s ]
INFO: Run Behavior\CheckLangBehavior [ RunTime:0.000855s ]
INFO: [ app_begin ] --END-- [ RunTime:0.001943s ]
SQL: SHOW COLUMNS FROM `cc_cart` [ RunTime:0.0048s ]
SQL: UPDATE `cc_cart` SET `quantity`='6' WHERE ( cart_id=1 ) [ RunTime:0.0960s ]

[ 2017-08-22T09:18:40+08:00 ] 127.0.0.1 /thinkphp/Home/Cart/ajaxCart/cart_id/1/quantity/7
INFO: [ app_begin ] --START--
INFO: Run Behavior\ReadHtmlCacheBehavior [ RunTime:0.000563s ]
INFO: Run Behavior\CheckLangBehavior [ RunTime:0.000702s ]
INFO: [ app_begin ] --END-- [ RunTime:0.001709s ]
SQL: SHOW COLUMNS FROM `cc_cart` [ RunTime:0.0586s ]
SQL: UPDATE `cc_cart` SET `quantity`='7' WHERE ( cart_id=1 ) [ RunTime:0.0662s ]

[ 2017-08-22T09:18:41+08:00 ] 127.0.0.1 /thinkphp/Home/Cart/ajaxCart/cart_id/1/quantity/8
INFO: [ app_begin ] --START--
INFO: Run Behavior\ReadHtmlCacheBehavior [ RunTime:0.000542s ]
INFO: Run Behavior\CheckLangBehavior [ RunTime:0.000746s ]
INFO: [ app_begin ] --END-- [ RunTime:0.001721s ]
SQL: SHOW COLUMNS FROM `cc_cart` [ RunTime:0.0039s ]
SQL: UPDATE `cc_cart` SET `quantity`='8' WHERE ( cart_id=1 ) [ RunTime:0.0586s ]

[ 2017-08-22T09:18:42+08:00 ] 127.0.0.1 /thinkphp/Home/Cart/ajaxCart/cart_id/1/quantity/9
INFO: [ app_begin ] --START--
INFO: Run Behavior\ReadHtmlCacheBehavior [ RunTime:0.000549s ]
INFO: Run Behavior\CheckLangBehavior [ RunTime:0.000845s ]
INFO: [ app_begin ] --END-- [ RunTime:0.001856s ]
SQL: SHOW COLUMNS FROM `cc_cart` [ RunTime:0.0042s ]
SQL: UPDATE `cc_cart` SET `quantity`='9' WHERE ( cart_id=1 ) [ RunTime:0.0899s ]

[ 2017-08-22T09:18:43+08:00 ] 127.0.0.1 /thinkphp/Home/Cart/ajaxCart/cart_id/1/quantity/10
INFO: [ app_begin ] --START--
INFO: Run Behavior\ReadHtmlCacheBehavior [ RunTime:0.000552s ]
INFO: Run Behavior\CheckLangBehavior [ RunTime:0.000799s ]
INFO: [ app_begin ] --END-- [ RunTime:0.001785s ]
SQL: SHOW COLUMNS FROM `cc_cart` [ RunTime:0.0046s ]
SQL: UPDATE `cc_cart` SET `quantity`='10' WHERE ( cart_id=1 ) [ RunTime:0.1041s ]

[ 2017-08-22T09:18:44+08:00 ] 127.0.0.1 /thinkphp/Home/Cart/ajaxCart/cart_id/1/quantity/11
INFO: [ app_begin ] --START--
INFO: Run Behavior\ReadHtmlCacheBehavior [ RunTime:0.000522s ]
INFO: Run Behavior\CheckLangBehavior [ RunTime:0.000705s ]
INFO: [ app_begin ] --END-- [ RunTime:0.001634s ]
SQL: SHOW COLUMNS FROM `cc_cart` [ RunTime:0.0046s ]
SQL: UPDATE `cc_cart` SET `quantity`='11' WHERE ( cart_id=1 ) [ RunTime:0.0890s ]

[ 2017-08-22T09:18:56+08:00 ] 127.0.0.1 /thinkphp/Home/Cart/ajaxCart/cart_id/4/quantity/2
INFO: [ app_begin ] --START--
INFO: Run Behavior\ReadHtmlCacheBehavior [ RunTime:0.000488s ]
INFO: Run Behavior\CheckLangBehavior [ RunTime:0.000735s ]
INFO: [ app_begin ] --END-- [ RunTime:0.001640s ]
SQL: SHOW COLUMNS FROM `cc_cart` [ RunTime:0.0048s ]
SQL: UPDATE `cc_cart` SET `quantity`='2' WHERE ( cart_id=4 ) [ RunTime:0.0933s ]

[ 2017-08-22T09:19:12+08:00 ] 127.0.0.1 /thinkphp/Home/Cart/ajaxCart/cart_id/1/quantity/12
INFO: [ app_begin ] --START--
INFO: Run Behavior\ReadHtmlCacheBehavior [ RunTime:0.000441s ]
INFO: Run Behavior\CheckLangBehavior [ RunTime:0.000619s ]
INFO: [ app_begin ] --END-- [ RunTime:0.001463s ]
SQL: SHOW COLUMNS FROM `cc_cart` [ RunTime:0.0046s ]
SQL: UPDATE `cc_cart` SET `quantity`='12' WHERE ( cart_id=1 ) [ RunTime:0.1104s ]

[ 2017-08-22T09:19:13+08:00 ] 127.0.0.1 /thinkphp/Home/Cart/ajaxCart/cart_id/1/quantity/13
INFO: [ app_begin ] --START--
INFO: Run Behavior\ReadHtmlCacheBehavior [ RunTime:0.000502s ]
INFO: Run Behavior\CheckLangBehavior [ RunTime:0.000719s ]
INFO: [ app_begin ] --END-- [ RunTime:0.001669s ]
SQL: SHOW COLUMNS FROM `cc_cart` [ RunTime:0.0038s ]
SQL: UPDATE `cc_cart` SET `quantity`='13' WHERE ( cart_id=1 ) [ RunTime:0.0566s ]

[ 2017-08-22T09:19:14+08:00 ] 127.0.0.1 /thinkphp/Home/Cart/ajaxCart/cart_id/1/quantity/14
INFO: [ app_begin ] --START--
INFO: Run Behavior\ReadHtmlCacheBehavior [ RunTime:0.000406s ]
INFO: Run Behavior\CheckLangBehavior [ RunTime:0.000781s ]
INFO: [ app_begin ] --END-- [ RunTime:0.001582s ]
SQL: SHOW COLUMNS FROM `cc_cart` [ RunTime:0.0046s ]
SQL: UPDATE `cc_cart` SET `quantity`='14' WHERE ( cart_id=1 ) [ RunTime:0.0999s ]

[ 2017-08-22T09:19:15+08:00 ] 127.0.0.1 /thinkphp/Home/Cart/ajaxCart/cart_id/1/quantity/15
INFO: [ app_begin ] --START--
INFO: Run Behavior\ReadHtmlCacheBehavior [ RunTime:0.000445s ]
INFO: Run Behavior\CheckLangBehavior [ RunTime:0.000569s ]
INFO: [ app_begin ] --END-- [ RunTime:0.001442s ]
SQL: SHOW COLUMNS FROM `cc_cart` [ RunTime:0.0043s ]
SQL: UPDATE `cc_cart` SET `quantity`='15' WHERE ( cart_id=1 ) [ RunTime:0.0422s ]

[ 2017-08-22T09:19:16+08:00 ] 127.0.0.1 /thinkphp/Home/Cart/ajaxCart/cart_id/1/quantity/16
INFO: [ app_begin ] --START--
INFO: Run Behavior\ReadHtmlCacheBehavior [ RunTime:0.000507s ]
INFO: Run Behavior\CheckLangBehavior [ RunTime:0.000756s ]
INFO: [ app_begin ] --END-- [ RunTime:0.001678s ]
SQL: SHOW COLUMNS FROM `cc_cart` [ RunTime:0.0041s ]
SQL: UPDATE `cc_cart` SET `quantity`='16' WHERE ( cart_id=1 ) [ RunTime:0.0665s ]

[ 2017-08-22T09:19:17+08:00 ] 127.0.0.1 /thinkphp/Home/Cart/ajaxCart/cart_id/1/quantity/17
INFO: [ app_begin ] --START--
INFO: Run Behavior\ReadHtmlCacheBehavior [ RunTime:0.000418s ]
INFO: Run Behavior\CheckLangBehavior [ RunTime:0.000638s ]
INFO: [ app_begin ] --END-- [ RunTime:0.001445s ]
SQL: SHOW COLUMNS FROM `cc_cart` [ RunTime:0.0046s ]
SQL: UPDATE `cc_cart` SET `quantity`='17' WHERE ( cart_id=1 ) [ RunTime:0.1094s ]

[ 2017-08-22T09:19:19+08:00 ] 127.0.0.1 /thinkphp/Home/Cart/ajaxCart/cart_id/1/quantity/18
INFO: [ app_begin ] --START--
INFO: Run Behavior\ReadHtmlCacheBehavior [ RunTime:0.000501s ]
INFO: Run Behavior\CheckLangBehavior [ RunTime:0.000775s ]
INFO: [ app_begin ] --END-- [ RunTime:0.001701s ]
SQL: SHOW COLUMNS FROM `cc_cart` [ RunTime:0.0052s ]
SQL: UPDATE `cc_cart` SET `quantity`='18' WHERE ( cart_id=1 ) [ RunTime:0.0844s ]

[ 2017-08-22T09:19:20+08:00 ] 127.0.0.1 /thinkphp/Home/Cart/ajaxCart/cart_id/1/quantity/19
INFO: [ app_begin ] --START--
INFO: Run Behavior\ReadHtmlCacheBehavior [ RunTime:0.000437s ]
INFO: Run Behavior\CheckLangBehavior [ RunTime:0.000748s ]
INFO: [ app_begin ] --END-- [ RunTime:0.001602s ]
SQL: SHOW COLUMNS FROM `cc_cart` [ RunTime:0.0046s ]
SQL: UPDATE `cc_cart` SET `quantity`='19' WHERE ( cart_id=1 ) [ RunTime:0.0980s ]

[ 2017-08-22T09:19:21+08:00 ] 127.0.0.1 /thinkphp/Home/Cart/ajaxCart/cart_id/1/quantity/20
INFO: [ app_begin ] --START--
INFO: Run Behavior\ReadHtmlCacheBehavior [ RunTime:0.000441s ]
INFO: Run Behavior\CheckLangBehavior [ RunTime:0.000780s ]
INFO: [ app_begin ] --END-- [ RunTime:0.001627s ]
SQL: SHOW COLUMNS FROM `cc_cart` [ RunTime:0.0046s ]
SQL: UPDATE `cc_cart` SET `quantity`='20' WHERE ( cart_id=1 ) [ RunTime:0.0886s ]

[ 2017-08-22T09:19:22+08:00 ] 127.0.0.1 /thinkphp/Home/Cart/ajaxCart/cart_id/1/quantity/21
INFO: [ app_begin ] --START--
INFO: Run Behavior\ReadHtmlCacheBehavior [ RunTime:0.000571s ]
INFO: Run Behavior\CheckLangBehavior [ RunTime:0.000771s ]
INFO: [ app_begin ] --END-- [ RunTime:0.001779s ]
SQL: SHOW COLUMNS FROM `cc_cart` [ RunTime:0.0040s ]
SQL: UPDATE `cc_cart` SET `quantity`='21' WHERE ( cart_id=1 ) [ RunTime:0.0748s ]

[ 2017-08-22T09:19:34+08:00 ] 127.0.0.1 /thinkphp/Home/Cart/ajaxCart/cart_id/1/quantity/22
INFO: [ app_begin ] --START--
INFO: Run Behavior\ReadHtmlCacheBehavior [ RunTime:0.000497s ]
INFO: Run Behavior\CheckLangBehavior [ RunTime:0.000770s ]
INFO: [ app_begin ] --END-- [ RunTime:0.001686s ]
SQL: SHOW COLUMNS FROM `cc_cart` [ RunTime:0.0051s ]
SQL: UPDATE `cc_cart` SET `quantity`='22' WHERE ( cart_id=1 ) [ RunTime:0.0892s ]

[ 2017-08-22T09:19:36+08:00 ] 127.0.0.1 /thinkphp/Home/Cart/ajaxCart/cart_id/1/quantity/23
INFO: [ app_begin ] --START--
INFO: Run Behavior\ReadHtmlCacheBehavior [ RunTime:0.000470s ]
INFO: Run Behavior\CheckLangBehavior [ RunTime:0.000773s ]
INFO: [ app_begin ] --END-- [ RunTime:0.001645s ]
SQL: SHOW COLUMNS FROM `cc_cart` [ RunTime:0.0047s ]
SQL: UPDATE `cc_cart` SET `quantity`='23' WHERE ( cart_id=1 ) [ RunTime:0.1033s ]

[ 2017-08-22T09:19:38+08:00 ] 127.0.0.1 /thinkphp/Home/Cart/ajaxCart/cart_id/1/quantity/24
INFO: [ app_begin ] --START--
INFO: Run Behavior\ReadHtmlCacheBehavior [ RunTime:0.000515s ]
INFO: Run Behavior\CheckLangBehavior [ RunTime:0.000765s ]
INFO: [ app_begin ] --END-- [ RunTime:0.001731s ]
SQL: SHOW COLUMNS FROM `cc_cart` [ RunTime:0.0936s ]
SQL: UPDATE `cc_cart` SET `quantity`='24' WHERE ( cart_id=1 ) [ RunTime:0.0762s ]

[ 2017-08-22T09:23:57+08:00 ] 127.0.0.1 /thinkphp/Home/Cart/ajaxCart/cart_id/4/quantity/3
INFO: [ app_begin ] --START--
INFO: Run Behavior\ReadHtmlCacheBehavior [ RunTime:0.000542s ]
INFO: Run Behavior\CheckLangBehavior [ RunTime:0.000759s ]
INFO: [ app_begin ] --END-- [ RunTime:0.001785s ]
SQL: SHOW COLUMNS FROM `cc_cart` [ RunTime:0.0053s ]
SQL: UPDATE `cc_cart` SET `quantity`='3' WHERE ( cart_id=4 ) [ RunTime:0.0893s ]

[ 2017-08-22T09:25:03+08:00 ] 127.0.0.1 /thinkphp/Home/Cart/ajaxCart/cart_id/1/quantity/23
INFO: [ app_begin ] --START--
INFO: Run Behavior\ReadHtmlCacheBehavior [ RunTime:0.000489s ]
INFO: Run Behavior\CheckLangBehavior [ RunTime:0.000752s ]
INFO: [ app_begin ] --END-- [ RunTime:0.001701s ]
SQL: SHOW COLUMNS FROM `cc_cart` [ RunTime:0.0052s ]
SQL: UPDATE `cc_cart` SET `quantity`='23' WHERE ( cart_id=1 ) [ RunTime:0.1041s ]

[ 2017-08-22T09:25:04+08:00 ] 127.0.0.1 /thinkphp/Home/Cart/ajaxCart/cart_id/1/quantity/22
INFO: [ app_begin ] --START--
INFO: Run Behavior\ReadHtmlCacheBehavior [ RunTime:0.000493s ]
INFO: Run Behavior\CheckLangBehavior [ RunTime:0.000868s ]
INFO: [ app_begin ] --END-- [ RunTime:0.001783s ]
SQL: SHOW COLUMNS FROM `cc_cart` [ RunTime:0.0644s ]
SQL: UPDATE `cc_cart` SET `quantity`='22' WHERE ( cart_id=1 ) [ RunTime:0.0684s ]

[ 2017-08-22T09:25:05+08:00 ] 127.0.0.1 /thinkphp/Home/Cart/ajaxCart/cart_id/1/quantity/21
INFO: [ app_begin ] --START--
INFO: Run Behavior\ReadHtmlCacheBehavior [ RunTime:0.000526s ]
INFO: Run Behavior\CheckLangBehavior [ RunTime:0.000881s ]
INFO: [ app_begin ] --END-- [ RunTime:0.001790s ]
SQL: SHOW COLUMNS FROM `cc_cart` [ RunTime:0.0053s ]
SQL: UPDATE `cc_cart` SET `quantity`='21' WHERE ( cart_id=1 ) [ RunTime:0.0949s ]

[ 2017-08-22T09:25:06+08:00 ] 127.0.0.1 /thinkphp/Home/Cart/ajaxCart/cart_id/1/quantity/20
INFO: [ app_begin ] --START--
INFO: Run Behavior\ReadHtmlCacheBehavior [ RunTime:0.000562s ]
INFO: Run Behavior\CheckLangBehavior [ RunTime:0.000845s ]
INFO: [ app_begin ] --END-- [ RunTime:0.001864s ]
SQL: SHOW COLUMNS FROM `cc_cart` [ RunTime:0.0053s ]
SQL: UPDATE `cc_cart` SET `quantity`='20' WHERE ( cart_id=1 ) [ RunTime:0.0798s ]

[ 2017-08-22T09:25:07+08:00 ] 127.0.0.1 /thinkphp/Home/Cart/ajaxCart/cart_id/1/quantity/19
INFO: [ app_begin ] --START--
INFO: Run Behavior\ReadHtmlCacheBehavior [ RunTime:0.000619s ]
INFO: Run Behavior\CheckLangBehavior [ RunTime:0.000866s ]
INFO: [ app_begin ] --END-- [ RunTime:0.001945s ]
SQL: SHOW COLUMNS FROM `cc_cart` [ RunTime:0.0049s ]
SQL: UPDATE `cc_cart` SET `quantity`='19' WHERE ( cart_id=1 ) [ RunTime:0.0505s ]

[ 2017-08-22T09:25:08+08:00 ] 127.0.0.1 /thinkphp/Home/Cart/ajaxCart/cart_id/1/quantity/18
INFO: [ app_begin ] --START--
INFO: Run Behavior\ReadHtmlCacheBehavior [ RunTime:0.000657s ]
INFO: Run Behavior\CheckLangBehavior [ RunTime:0.000922s ]
INFO: [ app_begin ] --END-- [ RunTime:0.002083s ]
SQL: SHOW COLUMNS FROM `cc_cart` [ RunTime:0.0053s ]
SQL: UPDATE `cc_cart` SET `quantity`='18' WHERE ( cart_id=1 ) [ RunTime:0.0970s ]

[ 2017-08-22T09:25:10+08:00 ] 127.0.0.1 /thinkphp/Home/Cart/ajaxCart/cart_id/1/quantity/17
INFO: [ app_begin ] --START--
INFO: Run Behavior\ReadHtmlCacheBehavior [ RunTime:0.000474s ]
INFO: Run Behavior\CheckLangBehavior [ RunTime:0.000709s ]
INFO: [ app_begin ] --END-- [ RunTime:0.001595s ]
SQL: SHOW COLUMNS FROM `cc_cart` [ RunTime:0.0054s ]
SQL: UPDATE `cc_cart` SET `quantity`='17' WHERE ( cart_id=1 ) [ RunTime:0.1016s ]

[ 2017-08-22T09:25:11+08:00 ] 127.0.0.1 /thinkphp/Home/Cart/ajaxCart/cart_id/1/quantity/16
INFO: [ app_begin ] --START--
INFO: Run Behavior\ReadHtmlCacheBehavior [ RunTime:0.000485s ]
INFO: Run Behavior\CheckLangBehavior [ RunTime:0.000791s ]
INFO: [ app_begin ] --END-- [ RunTime:0.001700s ]
SQL: SHOW COLUMNS FROM `cc_cart` [ RunTime:0.0053s ]
SQL: UPDATE `cc_cart` SET `quantity`='16' WHERE ( cart_id=1 ) [ RunTime:0.0934s ]

[ 2017-08-22T09:25:12+08:00 ] 127.0.0.1 /thinkphp/Home/Cart/ajaxCart/cart_id/1/quantity/15
INFO: [ app_begin ] --START--
INFO: Run Behavior\ReadHtmlCacheBehavior [ RunTime:0.000513s ]
INFO: Run Behavior\CheckLangBehavior [ RunTime:0.000906s ]
INFO: [ app_begin ] --END-- [ RunTime:0.001834s ]
SQL: SHOW COLUMNS FROM `cc_cart` [ RunTime:0.0051s ]
SQL: UPDATE `cc_cart` SET `quantity`='15' WHERE ( cart_id=1 ) [ RunTime:0.1030s ]

[ 2017-08-22T09:25:13+08:00 ] 127.0.0.1 /thinkphp/Home/Cart/ajaxCart/cart_id/1/quantity/14
INFO: [ app_begin ] --START--
INFO: Run Behavior\ReadHtmlCacheBehavior [ RunTime:0.000500s ]
INFO: Run Behavior\CheckLangBehavior [ RunTime:0.000770s ]
INFO: [ app_begin ] --END-- [ RunTime:0.001691s ]
SQL: SHOW COLUMNS FROM `cc_cart` [ RunTime:0.0046s ]
SQL: UPDATE `cc_cart` SET `quantity`='14' WHERE ( cart_id=1 ) [ RunTime:0.0744s ]

[ 2017-08-22T09:25:14+08:00 ] 127.0.0.1 /thinkphp/Home/Cart/ajaxCart/cart_id/1/quantity/13
INFO: [ app_begin ] --START--
INFO: Run Behavior\ReadHtmlCacheBehavior [ RunTime:0.000474s ]
INFO: Run Behavior\CheckLangBehavior [ RunTime:0.000818s ]
INFO: [ app_begin ] --END-- [ RunTime:0.001707s ]
SQL: SHOW COLUMNS FROM `cc_cart` [ RunTime:0.0044s ]
SQL: UPDATE `cc_cart` SET `quantity`='13' WHERE ( cart_id=1 ) [ RunTime:0.0891s ]

[ 2017-08-22T09:25:15+08:00 ] 127.0.0.1 /thinkphp/Home/Cart/ajaxCart/cart_id/1/quantity/12
INFO: [ app_begin ] --START--
INFO: Run Behavior\ReadHtmlCacheBehavior [ RunTime:0.000487s ]
INFO: Run Behavior\CheckLangBehavior [ RunTime:0.000719s ]
INFO: [ app_begin ] --END-- [ RunTime:0.001613s ]
SQL: SHOW COLUMNS FROM `cc_cart` [ RunTime:0.0045s ]
SQL: UPDATE `cc_cart` SET `quantity`='12' WHERE ( cart_id=1 ) [ RunTime:0.0618s ]

[ 2017-08-22T09:25:16+08:00 ] 127.0.0.1 /thinkphp/Home/Cart/ajaxCart/cart_id/1/quantity/11
INFO: [ app_begin ] --START--
INFO: Run Behavior\ReadHtmlCacheBehavior [ RunTime:0.000541s ]
INFO: Run Behavior\CheckLangBehavior [ RunTime:0.000772s ]
INFO: [ app_begin ] --END-- [ RunTime:0.001782s ]
SQL: SHOW COLUMNS FROM `cc_cart` [ RunTime:0.0051s ]
SQL: UPDATE `cc_cart` SET `quantity`='11' WHERE ( cart_id=1 ) [ RunTime:0.0772s ]

[ 2017-08-22T09:25:17+08:00 ] 127.0.0.1 /thinkphp/Home/Cart/ajaxCart/cart_id/1/quantity/10
INFO: [ app_begin ] --START--
INFO: Run Behavior\ReadHtmlCacheBehavior [ RunTime:0.000451s ]
INFO: Run Behavior\CheckLangBehavior [ RunTime:0.000796s ]
INFO: [ app_begin ] --END-- [ RunTime:0.001610s ]
SQL: SHOW COLUMNS FROM `cc_cart` [ RunTime:0.0055s ]
SQL: UPDATE `cc_cart` SET `quantity`='10' WHERE ( cart_id=1 ) [ RunTime:0.1060s ]

[ 2017-08-22T09:25:18+08:00 ] 127.0.0.1 /thinkphp/Home/Cart/ajaxCart/cart_id/1/quantity/9
INFO: [ app_begin ] --START--
INFO: Run Behavior\ReadHtmlCacheBehavior [ RunTime:0.000485s ]
INFO: Run Behavior\CheckLangBehavior [ RunTime:0.000800s ]
INFO: [ app_begin ] --END-- [ RunTime:0.001735s ]
SQL: SHOW COLUMNS FROM `cc_cart` [ RunTime:0.0052s ]
SQL: UPDATE `cc_cart` SET `quantity`='9' WHERE ( cart_id=1 ) [ RunTime:0.0893s ]

[ 2017-08-22T09:25:20+08:00 ] 127.0.0.1 /thinkphp/Home/Cart/ajaxCart/cart_id/1/quantity/8
INFO: [ app_begin ] --START--
INFO: Run Behavior\ReadHtmlCacheBehavior [ RunTime:0.000561s ]
INFO: Run Behavior\CheckLangBehavior [ RunTime:0.000798s ]
INFO: [ app_begin ] --END-- [ RunTime:0.001797s ]
SQL: SHOW COLUMNS FROM `cc_cart` [ RunTime:0.0047s ]
SQL: UPDATE `cc_cart` SET `quantity`='8' WHERE ( cart_id=1 ) [ RunTime:0.1214s ]

[ 2017-08-22T09:25:21+08:00 ] 127.0.0.1 /thinkphp/Home/Cart/ajaxCart/cart_id/1/quantity/7
INFO: [ app_begin ] --START--
INFO: Run Behavior\ReadHtmlCacheBehavior [ RunTime:0.000416s ]
INFO: Run Behavior\CheckLangBehavior [ RunTime:0.000661s ]
INFO: [ app_begin ] --END-- [ RunTime:0.001437s ]
SQL: SHOW COLUMNS FROM `cc_cart` [ RunTime:0.0054s ]
SQL: UPDATE `cc_cart` SET `quantity`='7' WHERE ( cart_id=1 ) [ RunTime:0.1011s ]

[ 2017-08-22T09:25:22+08:00 ] 127.0.0.1 /thinkphp/Home/Cart/ajaxCart/cart_id/1/quantity/6
INFO: [ app_begin ] --START--
INFO: Run Behavior\ReadHtmlCacheBehavior [ RunTime:0.000416s ]
INFO: Run Behavior\CheckLangBehavior [ RunTime:0.000722s ]
INFO: [ app_begin ] --END-- [ RunTime:0.001541s ]
SQL: SHOW COLUMNS FROM `cc_cart` [ RunTime:0.0052s ]
SQL: UPDATE `cc_cart` SET `quantity`='6' WHERE ( cart_id=1 ) [ RunTime:0.1081s ]

[ 2017-08-22T09:25:23+08:00 ] 127.0.0.1 /thinkphp/Home/Cart/ajaxCart/cart_id/1/quantity/5
INFO: [ app_begin ] --START--
INFO: Run Behavior\ReadHtmlCacheBehavior [ RunTime:0.000459s ]
INFO: Run Behavior\CheckLangBehavior [ RunTime:0.000746s ]
INFO: [ app_begin ] --END-- [ RunTime:0.001602s ]
SQL: SHOW COLUMNS FROM `cc_cart` [ RunTime:0.0058s ]
SQL: UPDATE `cc_cart` SET `quantity`='5' WHERE ( cart_id=1 ) [ RunTime:0.1072s ]

[ 2017-08-22T09:25:24+08:00 ] 127.0.0.1 /thinkphp/Home/Cart/ajaxCart/cart_id/1/quantity/4
INFO: [ app_begin ] --START--
INFO: Run Behavior\ReadHtmlCacheBehavior [ RunTime:0.000472s ]
INFO: Run Behavior\CheckLangBehavior [ RunTime:0.000715s ]
INFO: [ app_begin ] --END-- [ RunTime:0.001658s ]
SQL: SHOW COLUMNS FROM `cc_cart` [ RunTime:0.0049s ]
SQL: UPDATE `cc_cart` SET `quantity`='4' WHERE ( cart_id=1 ) [ RunTime:0.1022s ]

[ 2017-08-22T09:25:25+08:00 ] 127.0.0.1 /thinkphp/Home/Cart/ajaxCart/cart_id/1/quantity/3
INFO: [ app_begin ] --START--
INFO: Run Behavior\ReadHtmlCacheBehavior [ RunTime:0.000507s ]
INFO: Run Behavior\CheckLangBehavior [ RunTime:0.000770s ]
INFO: [ app_begin ] --END-- [ RunTime:0.001698s ]
SQL: SHOW COLUMNS FROM `cc_cart` [ RunTime:0.0046s ]
SQL: UPDATE `cc_cart` SET `quantity`='3' WHERE ( cart_id=1 ) [ RunTime:0.0475s ]

[ 2017-08-22T09:25:26+08:00 ] 127.0.0.1 /thinkphp/Home/Cart/ajaxCart/cart_id/1/quantity/2
INFO: [ app_begin ] --START--
INFO: Run Behavior\ReadHtmlCacheBehavior [ RunTime:0.000494s ]
INFO: Run Behavior\CheckLangBehavior [ RunTime:0.000679s ]
INFO: [ app_begin ] --END-- [ RunTime:0.001593s ]
SQL: SHOW COLUMNS FROM `cc_cart` [ RunTime:0.0055s ]
SQL: UPDATE `cc_cart` SET `quantity`='2' WHERE ( cart_id=1 ) [ RunTime:0.1499s ]

[ 2017-08-22T09:25:27+08:00 ] 127.0.0.1 /thinkphp/Home/Cart/ajaxCart/cart_id/1/quantity/1
INFO: [ app_begin ] --START--
INFO: Run Behavior\ReadHtmlCacheBehavior [ RunTime:0.000489s ]
INFO: Run Behavior\CheckLangBehavior [ RunTime:0.000769s ]
INFO: [ app_begin ] --END-- [ RunTime:0.001719s ]
SQL: SHOW COLUMNS FROM `cc_cart` [ RunTime:0.0053s ]
SQL: UPDATE `cc_cart` SET `quantity`='1' WHERE ( cart_id=1 ) [ RunTime:0.1024s ]

[ 2017-08-22T09:25:29+08:00 ] 127.0.0.1 /thinkphp/Home/Cart/ajaxCart/cart_id/4/quantity/2
INFO: [ app_begin ] --START--
INFO: Run Behavior\ReadHtmlCacheBehavior [ RunTime:0.000479s ]
INFO: Run Behavior\CheckLangBehavior [ RunTime:0.000790s ]
INFO: [ app_begin ] --END-- [ RunTime:0.001648s ]
SQL: SHOW COLUMNS FROM `cc_cart` [ RunTime:0.0051s ]
SQL: UPDATE `cc_cart` SET `quantity`='2' WHERE ( cart_id=4 ) [ RunTime:0.1018s ]

[ 2017-08-22T09:25:30+08:00 ] 127.0.0.1 /thinkphp/Home/Cart/ajaxCart/cart_id/4/quantity/1
INFO: [ app_begin ] --START--
INFO: Run Behavior\ReadHtmlCacheBehavior [ RunTime:0.000473s ]
INFO: Run Behavior\CheckLangBehavior [ RunTime:0.000688s ]
INFO: [ app_begin ] --END-- [ RunTime:0.001601s ]
SQL: SHOW COLUMNS FROM `cc_cart` [ RunTime:0.0609s ]
SQL: UPDATE `cc_cart` SET `quantity`='1' WHERE ( cart_id=4 ) [ RunTime:0.0784s ]

[ 2017-08-22T10:10:06+08:00 ] 127.0.0.1 /thinkphp/Home/Cart/ajaxCart/cart_id/1/quantity/2
INFO: [ app_begin ] --START--
INFO: Run Behavior\ReadHtmlCacheBehavior [ RunTime:0.000564s ]
INFO: Run Behavior\CheckLangBehavior [ RunTime:0.000759s ]
INFO: [ app_begin ] --END-- [ RunTime:0.001751s ]
SQL: SHOW COLUMNS FROM `cc_cart` [ RunTime:0.0056s ]
SQL: UPDATE `cc_cart` SET `quantity`='2' WHERE ( cart_id=1 ) [ RunTime:0.0940s ]

[ 2017-08-22T11:49:02+08:00 ] 127.0.0.1 /thinkphp/Home/Cart/ajaxCart/cart_id/1/quantity/3
INFO: [ app_begin ] --START--
INFO: Run Behavior\ReadHtmlCacheBehavior [ RunTime:0.000473s ]
INFO: Run Behavior\CheckLangBehavior [ RunTime:0.000744s ]
INFO: [ app_begin ] --END-- [ RunTime:0.001644s ]
SQL: SHOW COLUMNS FROM `cc_cart` [ RunTime:0.0053s ]
SQL: UPDATE `cc_cart` SET `quantity`='3' WHERE ( cart_id=1 ) [ RunTime:0.1032s ]

[ 2017-08-22T11:49:35+08:00 ] 127.0.0.1 /thinkphp/Home/Cart/ajaxCart/cart_id/4/quantity/2
INFO: [ app_begin ] --START--
INFO: Run Behavior\ReadHtmlCacheBehavior [ RunTime:0.000666s ]
INFO: Run Behavior\CheckLangBehavior [ RunTime:0.000986s ]
INFO: [ app_begin ] --END-- [ RunTime:0.002059s ]
SQL: SHOW COLUMNS FROM `cc_cart` [ RunTime:0.0054s ]
SQL: UPDATE `cc_cart` SET `quantity`='2' WHERE ( cart_id=4 ) [ RunTime:0.1224s ]

[ 2017-08-22T11:49:39+08:00 ] 127.0.0.1 /thinkphp/Home/Cart/ajaxCart/cart_id/4/quantity/3
INFO: [ app_begin ] --START--
INFO: Run Behavior\ReadHtmlCacheBehavior [ RunTime:0.000799s ]
INFO: Run Behavior\CheckLangBehavior [ RunTime:0.000799s ]
INFO: [ app_begin ] --END-- [ RunTime:0.001971s ]
SQL: SHOW COLUMNS FROM `cc_cart` [ RunTime:0.0047s ]
SQL: UPDATE `cc_cart` SET `quantity`='3' WHERE ( cart_id=4 ) [ RunTime:0.0513s ]

[ 2017-08-22T11:49:40+08:00 ] 127.0.0.1 /thinkphp/Home/Cart/ajaxCart/cart_id/4/quantity/4
INFO: [ app_begin ] --START--
INFO: Run Behavior\ReadHtmlCacheBehavior [ RunTime:0.000509s ]
INFO: Run Behavior\CheckLangBehavior [ RunTime:0.000850s ]
INFO: [ app_begin ] --END-- [ RunTime:0.001782s ]
SQL: SHOW COLUMNS FROM `cc_cart` [ RunTime:0.1001s ]
SQL: UPDATE `cc_cart` SET `quantity`='4' WHERE ( cart_id=4 ) [ RunTime:0.0910s ]

[ 2017-08-22T11:49:42+08:00 ] 127.0.0.1 /thinkphp/Home/Cart/ajaxCart/cart_id/4/quantity/5
INFO: [ app_begin ] --START--
INFO: Run Behavior\ReadHtmlCacheBehavior [ RunTime:0.000486s ]
INFO: Run Behavior\CheckLangBehavior [ RunTime:0.000647s ]
INFO: [ app_begin ] --END-- [ RunTime:0.001559s ]
SQL: SHOW COLUMNS FROM `cc_cart` [ RunTime:0.0058s ]
SQL: UPDATE `cc_cart` SET `quantity`='5' WHERE ( cart_id=4 ) [ RunTime:0.0973s ]

[ 2017-08-22T11:49:43+08:00 ] 127.0.0.1 /thinkphp/Home/Cart/ajaxCart/cart_id/4/quantity/6
INFO: [ app_begin ] --START--
INFO: Run Behavior\ReadHtmlCacheBehavior [ RunTime:0.000758s ]
INFO: Run Behavior\CheckLangBehavior [ RunTime:0.000861s ]
INFO: [ app_begin ] --END-- [ RunTime:0.002032s ]
SQL: SHOW COLUMNS FROM `cc_cart` [ RunTime:0.0056s ]
SQL: UPDATE `cc_cart` SET `quantity`='6' WHERE ( cart_id=4 ) [ RunTime:0.0513s ]

[ 2017-08-22T11:49:44+08:00 ] 127.0.0.1 /thinkphp/Home/Cart/ajaxCart/cart_id/4/quantity/7
INFO: [ app_begin ] --START--
INFO: Run Behavior\ReadHtmlCacheBehavior [ RunTime:0.000552s ]
INFO: Run Behavior\CheckLangBehavior [ RunTime:0.000793s ]
INFO: [ app_begin ] --END-- [ RunTime:0.001816s ]
SQL: SHOW COLUMNS FROM `cc_cart` [ RunTime:0.0054s ]
SQL: UPDATE `cc_cart` SET `quantity`='7' WHERE ( cart_id=4 ) [ RunTime:0.0896s ]

[ 2017-08-22T15:58:55+08:00 ] 127.0.0.1 /thinkphp/Home/Cart/ajaxCart/cart_id/4/quantity/8
INFO: [ app_begin ] --START--
INFO: Run Behavior\ReadHtmlCacheBehavior [ RunTime:0.000446s ]
INFO: Run Behavior\CheckLangBehavior [ RunTime:0.000629s ]
INFO: [ app_begin ] --END-- [ RunTime:0.001459s ]
SQL: SHOW COLUMNS FROM `cc_cart` [ RunTime:0.0049s ]
SQL: UPDATE `cc_cart` SET `quantity`='8' WHERE ( cart_id=4 ) [ RunTime:0.1070s ]

[ 2017-08-22T15:58:56+08:00 ] 127.0.0.1 /thinkphp/Home/Cart/ajaxCart/cart_id/4/quantity/9
INFO: [ app_begin ] --START--
INFO: Run Behavior\ReadHtmlCacheBehavior [ RunTime:0.000812s ]
INFO: Run Behavior\CheckLangBehavior [ RunTime:0.000882s ]
INFO: [ app_begin ] --END-- [ RunTime:0.002102s ]
SQL: SHOW COLUMNS FROM `cc_cart` [ RunTime:0.0946s ]
SQL: UPDATE `cc_cart` SET `quantity`='9' WHERE ( cart_id=4 ) [ RunTime:0.0839s ]

[ 2017-08-22T15:58:58+08:00 ] 127.0.0.1 /thinkphp/Home/Cart/ajaxCart/cart_id/4/quantity/10
INFO: [ app_begin ] --START--
INFO: Run Behavior\ReadHtmlCacheBehavior [ RunTime:0.000485s ]
INFO: Run Behavior\CheckLangBehavior [ RunTime:0.000716s ]
INFO: [ app_begin ] --END-- [ RunTime:0.001630s ]
SQL: SHOW COLUMNS FROM `cc_cart` [ RunTime:0.0054s ]
SQL: UPDATE `cc_cart` SET `quantity`='10' WHERE ( cart_id=4 ) [ RunTime:0.1094s ]

[ 2017-08-22T15:58:59+08:00 ] 127.0.0.1 /thinkphp/Home/Cart/ajaxCart/cart_id/4/quantity/11
INFO: [ app_begin ] --START--
INFO: Run Behavior\ReadHtmlCacheBehavior [ RunTime:0.000594s ]
INFO: Run Behavior\CheckLangBehavior [ RunTime:0.000791s ]
INFO: [ app_begin ] --END-- [ RunTime:0.001953s ]
SQL: SHOW COLUMNS FROM `cc_cart` [ RunTime:0.0054s ]
SQL: UPDATE `cc_cart` SET `quantity`='11' WHERE ( cart_id=4 ) [ RunTime:0.1078s ]

[ 2017-08-22T15:59:11+08:00 ] 127.0.0.1 /thinkphp/Home/Cart/ajaxCart/cart_id/1/quantity/4
INFO: [ app_begin ] --START--
INFO: Run Behavior\ReadHtmlCacheBehavior [ RunTime:0.000456s ]
INFO: Run Behavior\CheckLangBehavior [ RunTime:0.000679s ]
INFO: [ app_begin ] --END-- [ RunTime:0.001514s ]
SQL: SHOW COLUMNS FROM `cc_cart` [ RunTime:0.0052s ]
SQL: UPDATE `cc_cart` SET `quantity`='4' WHERE ( cart_id=1 ) [ RunTime:0.0532s ]

[ 2017-08-22T15:59:12+08:00 ] 127.0.0.1 /thinkphp/Home/Cart/ajaxCart/cart_id/1/quantity/5
INFO: [ app_begin ] --START--
INFO: Run Behavior\ReadHtmlCacheBehavior [ RunTime:0.000505s ]
INFO: Run Behavior\CheckLangBehavior [ RunTime:0.000779s ]
INFO: [ app_begin ] --END-- [ RunTime:0.001802s ]
SQL: SHOW COLUMNS FROM `cc_cart` [ RunTime:0.0588s ]
SQL: UPDATE `cc_cart` SET `quantity`='5' WHERE ( cart_id=1 ) [ RunTime:0.0880s ]

[ 2017-08-22T16:24:48+08:00 ] 127.0.0.1 /thinkphp/Home/Cart/ajaxCart/cart_id/4/quantity/12
INFO: [ app_begin ] --START--
INFO: Run Behavior\ReadHtmlCacheBehavior [ RunTime:0.000589s ]
INFO: Run Behavior\CheckLangBehavior [ RunTime:0.000787s ]
INFO: [ app_begin ] --END-- [ RunTime:0.001835s ]
SQL: SHOW COLUMNS FROM `cc_cart` [ RunTime:0.0068s ]
SQL: UPDATE `cc_cart` SET `quantity`='12' WHERE ( cart_id=4 ) [ RunTime:0.0912s ]

[ 2017-08-22T16:24:49+08:00 ] 127.0.0.1 /thinkphp/Home/Cart/ajaxCart/cart_id/4/quantity/13
INFO: [ app_begin ] --START--
INFO: Run Behavior\ReadHtmlCacheBehavior [ RunTime:0.000564s ]
INFO: Run Behavior\CheckLangBehavior [ RunTime:0.000694s ]
INFO: [ app_begin ] --END-- [ RunTime:0.001684s ]
SQL: SHOW COLUMNS FROM `cc_cart` [ RunTime:0.1036s ]
SQL: UPDATE `cc_cart` SET `quantity`='13' WHERE ( cart_id=4 ) [ RunTime:0.0766s ]

[ 2017-08-22T16:24:50+08:00 ] 127.0.0.1 /thinkphp/Home/Cart/ajaxCart/cart_id/4/quantity/14
INFO: [ app_begin ] --START--
INFO: Run Behavior\ReadHtmlCacheBehavior [ RunTime:0.000677s ]
INFO: Run Behavior\CheckLangBehavior [ RunTime:0.000863s ]
INFO: [ app_begin ] --END-- [ RunTime:0.002043s ]
SQL: SHOW COLUMNS FROM `cc_cart` [ RunTime:0.0054s ]
SQL: UPDATE `cc_cart` SET `quantity`='14' WHERE ( cart_id=4 ) [ RunTime:0.0972s ]

[ 2017-08-22T16:24:51+08:00 ] 127.0.0.1 /thinkphp/Home/Cart/ajaxCart/cart_id/4/quantity/15
INFO: [ app_begin ] --START--
INFO: Run Behavior\ReadHtmlCacheBehavior [ RunTime:0.000561s ]
INFO: Run Behavior\CheckLangBehavior [ RunTime:0.000770s ]
INFO: [ app_begin ] --END-- [ RunTime:0.001760s ]
SQL: SHOW COLUMNS FROM `cc_cart` [ RunTime:0.0055s ]
SQL: UPDATE `cc_cart` SET `quantity`='15' WHERE ( cart_id=4 ) [ RunTime:0.0872s ]

[ 2017-08-22T16:24:52+08:00 ] 127.0.0.1 /thinkphp/Home/Cart/ajaxCart/cart_id/4/quantity/16
INFO: [ app_begin ] --START--
INFO: Run Behavior\ReadHtmlCacheBehavior [ RunTime:0.000507s ]
INFO: Run Behavior\CheckLangBehavior [ RunTime:0.000739s ]
INFO: [ app_begin ] --END-- [ RunTime:0.001668s ]
SQL: SHOW COLUMNS FROM `cc_cart` [ RunTime:0.0048s ]
SQL: UPDATE `cc_cart` SET `quantity`='16' WHERE ( cart_id=4 ) [ RunTime:0.0534s ]

[ 2017-08-22T17:03:54+08:00 ] 127.0.0.1 /thinkphp/Home/Product/add/product_id/$product['product_id']/quantity/5
INFO: [ app_begin ] --START--
INFO: Run Behavior\ReadHtmlCacheBehavior [ RunTime:0.000527s ]
INFO: Run Behavior\CheckLangBehavior [ RunTime:0.000743s ]
INFO: [ app_begin ] --END-- [ RunTime:0.001646s ]
ERR: 非法操作:add

[ 2017-08-22T17:05:34+08:00 ] 127.0.0.1 /thinkphp/Home/Product/detail/product_id/cart/add/product_id/$product['product_id']/quantity/5
INFO: [ app_begin ] --START--
INFO: Run Behavior\ReadHtmlCacheBehavior [ RunTime:0.000462s ]
INFO: Run Behavior\CheckLangBehavior [ RunTime:0.001277s ]
INFO: [ app_begin ] --END-- [ RunTime:0.002229s ]
SQL: SHOW COLUMNS FROM `cc_product` [ RunTime:0.0055s ]
SQL: SELECT p.*,s.special_price FROM cc_product p left join cc_special s on p.product_id = s.product_id  WHERE p.product_id = 1 LIMIT 1   [ RunTime:0.0004s ]
SQL: SHOW COLUMNS FROM `cc_productimage` [ RunTime:0.0045s ]
SQL: SELECT * FROM `cc_productimage` WHERE ( product_id=1 )  [ RunTime:0.0003s ]
INFO: [ view_parse ] --START--
INFO: [ template_filter ] --START--
INFO: Run Behavior\ContentReplaceBehavior [ RunTime:0.000190s ]
INFO: [ template_filter ] --END-- [ RunTime:0.000288s ]
NOTIC: [8] Undefined offset: 0 E:\4.08\thinkphp\Application\Runtime\Cache\Home\f63daca541365d43e0e0013fdf66e7d5.php 第 141 行.
NOTIC: [8] Undefined offset: 0 E:\4.08\thinkphp\Application\Runtime\Cache\Home\f63daca541365d43e0e0013fdf66e7d5.php 第 141 行.
SQL: SHOW COLUMNS FROM `cc_product` [ RunTime:0.0060s ]
SQL: SELECT `category_id` FROM `cc_product` WHERE `product_id` = 1 LIMIT 1   [ RunTime:0.0003s ]
SQL: SELECT * FROM `cc_product` WHERE `category_id` = 6 AND `product_id` <> '1' LIMIT 5   [ RunTime:0.0003s ]
INFO: [ view_parse ] --START--
INFO: [ template_filter ] --START--
INFO: Run Behavior\ContentReplaceBehavior [ RunTime:0.000027s ]
INFO: [ template_filter ] --END-- [ RunTime:-0.010628s ]
INFO: Run Behavior\ParseTemplateBehavior [ RunTime:0.002609s ]
INFO: [ view_parse ] --END-- [ RunTime:0.002665s ]
INFO: [ view_filter ] --START--
INFO: Run Behavior\WriteHtmlCacheBehavior [ RunTime:0.000402s ]
INFO: [ view_filter ] --END-- [ RunTime:0.000435s ]
SQL: SHOW COLUMNS FROM `cc_product` [ RunTime:0.0049s ]
SQL: SHOW COLUMNS FROM `cc_product_comment` [ RunTime:0.0048s ]
SQL: SELECT COUNT(*) AS tp_count FROM `cc_product_comment` WHERE `product_id` = 1 LIMIT 1   [ RunTime:0.0003s ]
SQL: SHOW COLUMNS FROM `cc_product_comment` [ RunTime:0.0045s ]
SQL: SELECT `degree`,count(*) as sum FROM `cc_product_comment` WHERE `product_id` = 1 GROUP BY degree  [ RunTime:0.0004s ]
SQL: SELECT pc.*,u.avator,u.user FROM cc_product_comment pc left join cc_user u on pc.user_id = u.user_id  WHERE `product_id` = '1'  [ RunTime:0.0002s ]
SQL: SHOW COLUMNS FROM `cc_product_tag` [ RunTime:0.0047s ]
SQL: SELECT * FROM `cc_product_tag`  [ RunTime:0.0003s ]
INFO: [ view_parse ] --START--
INFO: [ template_filter ] --START--
INFO: Run Behavior\ContentReplaceBehavior [ RunTime:0.000044s ]
INFO: [ template_filter ] --END-- [ RunTime:-0.037211s ]
INFO: Run Behavior\ParseTemplateBehavior [ RunTime:0.004589s ]
INFO: [ view_parse ] --END-- [ RunTime:-0.022280s ]
INFO: [ view_filter ] --START--
INFO: Run Behavior\WriteHtmlCacheBehavior [ RunTime:0.000008s ]
INFO: [ view_filter ] --END-- [ RunTime:-0.026468s ]
INFO: Run Behavior\ParseTemplateBehavior [ RunTime:0.033079s ]
INFO: [ view_parse ] --END-- [ RunTime:-0.022280s ]
INFO: [ view_filter ] --START--
INFO: Run Behavior\WriteHtmlCacheBehavior [ RunTime:0.000011s ]
INFO: [ view_filter ] --END-- [ RunTime:-0.054978s ]
INFO: [ app_end ] --START--
INFO: Run Behavior\ShowPageTraceBehavior [ RunTime:0.000806s ]
INFO: [ app_end ] --END-- [ RunTime:0.000887s ]

[ 2017-08-22T17:07:39+08:00 ] 127.0.0.1 /thinkphp/Home/cart/add/product_id/$product['product_id']/quantity/5
INFO: [ app_begin ] --START--
INFO: Run Behavior\ReadHtmlCacheBehavior [ RunTime:0.000442s ]
INFO: Run Behavior\CheckLangBehavior [ RunTime:0.000638s ]
INFO: [ app_begin ] --END-- [ RunTime:0.001442s ]
SQL: SHOW COLUMNS FROM `cc_cart` [ RunTime:0.0057s ]
SQL: SELECT * FROM `cc_cart` WHERE ( product_id=0  and user_id =26 ) LIMIT 1   [ RunTime:0.0003s ]
SQL: INSERT INTO `cc_cart` (`product_id`,`quantity`,`user_id`) VALUES ('0','5','26') [ RunTime:0.1044s ]

[ 2017-08-22T17:18:02+08:00 ] 127.0.0.1 /thinkphp/Home/cart/add/product_id/$product['product_id']/quantity/1
INFO: [ app_begin ] --START--
INFO: Run Behavior\ReadHtmlCacheBehavior [ RunTime:0.000413s ]
INFO: Run Behavior\CheckLangBehavior [ RunTime:0.000690s ]
INFO: [ app_begin ] --END-- [ RunTime:0.001493s ]
SQL: SHOW COLUMNS FROM `cc_cart` [ RunTime:0.0053s ]
ERR: 1064:You have an error in your SQL syntax; check the manual that corresponds to your MySQL server version for the right syntax to use near '['product_id']  and user_id =26 ) LIMIT 1' at line 1
 [ SQL语句 ] : SELECT * FROM `cc_cart` WHERE ( product_id=$product['product_id']  and user_id =26 ) LIMIT 1  
ERR: 1064:You have an error in your SQL syntax; check the manual that corresponds to your MySQL server version for the right syntax to use near '['product_id']  and user_id =26 ) LIMIT 1' at line 1
 [ SQL语句 ] : SELECT * FROM `cc_cart` WHERE ( product_id=$product['product_id']  and user_id =26 ) LIMIT 1  

[ 2017-08-22T17:19:00+08:00 ] 127.0.0.1 /thinkphp/Home/cart/add/product_id/$product['product_id']/quantity/5
INFO: [ app_begin ] --START--
INFO: Run Behavior\ReadHtmlCacheBehavior [ RunTime:0.000612s ]
INFO: Run Behavior\CheckLangBehavior [ RunTime:0.000890s ]
INFO: [ app_begin ] --END-- [ RunTime:0.002016s ]
SQL: SHOW COLUMNS FROM `cc_cart` [ RunTime:0.0051s ]
ERR: 1064:You have an error in your SQL syntax; check the manual that corresponds to your MySQL server version for the right syntax to use near '['product_id']  and user_id =26 ) LIMIT 1' at line 1
 [ SQL语句 ] : SELECT * FROM `cc_cart` WHERE ( product_id=$product['product_id']  and user_id =26 ) LIMIT 1  
ERR: 1064:You have an error in your SQL syntax; check the manual that corresponds to your MySQL server version for the right syntax to use near '['product_id']  and user_id =26 ) LIMIT 1' at line 1
 [ SQL语句 ] : SELECT * FROM `cc_cart` WHERE ( product_id=$product['product_id']  and user_id =26 ) LIMIT 1  

[ 2017-08-22T17:19:10+08:00 ] 127.0.0.1 /thinkphp/Home/cart/add/product_id/$product['product_id']/quantity/1
INFO: [ app_begin ] --START--
INFO: Run Behavior\ReadHtmlCacheBehavior [ RunTime:0.000645s ]
INFO: Run Behavior\CheckLangBehavior [ RunTime:0.000881s ]
INFO: [ app_begin ] --END-- [ RunTime:0.002022s ]
SQL: SHOW COLUMNS FROM `cc_cart` [ RunTime:0.0058s ]
ERR: 1064:You have an error in your SQL syntax; check the manual that corresponds to your MySQL server version for the right syntax to use near '['product_id']  and user_id =26 ) LIMIT 1' at line 1
 [ SQL语句 ] : SELECT * FROM `cc_cart` WHERE ( product_id=$product['product_id']  and user_id =26 ) LIMIT 1  
ERR: 1064:You have an error in your SQL syntax; check the manual that corresponds to your MySQL server version for the right syntax to use near '['product_id']  and user_id =26 ) LIMIT 1' at line 1
 [ SQL语句 ] : SELECT * FROM `cc_cart` WHERE ( product_id=$product['product_id']  and user_id =26 ) LIMIT 1  

[ 2017-08-22T17:19:33+08:00 ] 127.0.0.1 /thinkphp/Home/cart/add/product_id/$product['product_id']/quantity/1
INFO: [ app_begin ] --START--
INFO: Run Behavior\ReadHtmlCacheBehavior [ RunTime:0.000610s ]
INFO: Run Behavior\CheckLangBehavior [ RunTime:0.000874s ]
INFO: [ app_begin ] --END-- [ RunTime:0.001897s ]
SQL: SHOW COLUMNS FROM `cc_cart` [ RunTime:0.0053s ]
ERR: 1064:You have an error in your SQL syntax; check the manual that corresponds to your MySQL server version for the right syntax to use near '['product_id']  and user_id =26 ) LIMIT 1' at line 1
 [ SQL语句 ] : SELECT * FROM `cc_cart` WHERE ( product_id=$product['product_id']  and user_id =26 ) LIMIT 1  
ERR: 1064:You have an error in your SQL syntax; check the manual that corresponds to your MySQL server version for the right syntax to use near '['product_id']  and user_id =26 ) LIMIT 1' at line 1
 [ SQL语句 ] : SELECT * FROM `cc_cart` WHERE ( product_id=$product['product_id']  and user_id =26 ) LIMIT 1  

